nohup: 忽略输入
{'n_cpu': 0, 'device': device(type='cuda', index=3), 'batch_size_test': 40, 'batch_size': 2, 'lr': 0.001, 'weight_decay': 0, 'display_interval': 250, 'num_epochs': 50, 'early_stopping': True, 'patience': 20, 'gradient_clipping': True, 'clipping_threshold': 1.0, 'input_dim': 8, 'output_dim': 2, 'input_length': 12, 'output_length': 24, 'input_gap': 1, 'pred_shift': 24, 'model_i': 0, 'kernel_size': (3, 3), 'bias': True, 'hidden_dim_1': (32, 32, 32, 32), 'd_attn_1': 32, 'ssr_decay_rate': 8e-05, 'hidden_dim_2': (32, 32, 32, 32), 'd_attn_2': 16, 'hidden_dim_3': (32, 32, 32, 32), 'd_attn_3': 16, 'hidden_dim_4': (32, 32, 32, 32), 'd_attn_4': 16, 'hidden_dim_5': (32, 32, 32, 32), 'd_attn_5': 16, 'use_hc': 1, 'time': 'hybrid', 'save_last': 0}

reading data
(1692, 24, 48, 21, 4) (432, 24, 48, 1, 4)
(1692, 21, 3) (432, 1, 3)
processing training set
(237, 38, 24, 48, 21, 4)
(4977, 38, 24, 48, 4)
(4977, 38, 3)
predData.shape= (4977, 38, 2, 24, 48)
{'sst': (4977, 38, 24, 48, 6), 'nino target': (4977, 38, 3)}
processing eval set
(395, 38, 24, 48, 1, 4)
(395, 38, 24, 48, 4)
(395, 38, 3)
predData.shape= (395, 38, 2, 24, 48)
{'sst': (395, 38, 24, 48, 6), 'nino target': (395, 38, 3)}
Total params num: 537282
*****************Finish Parameter****************
loading train dataloader
loading eval dataloader

epoch: 1
batch training loss: 1023.33, 170.87, score: -31.5310, ssr ratio: 0.9999
batch training loss: 530.94, 43.28, score: 103.3627, ssr ratio: 0.9799
batch training loss: 387.80, 22.00, score: 78.4726, ssr ratio: 0.9599
batch training loss: 461.55, 30.22, score: 88.0119, ssr ratio: 0.9399
batch training loss: 381.93, 13.06, score: 101.1661, ssr ratio: 0.9199
batch training loss: 396.22, 29.34, score: 104.3200, ssr ratio: 0.8999
batch training loss: 374.72, 22.30, score: 64.2002, ssr ratio: 0.8799
batch training loss: 375.45, 29.10, score: 102.3616, ssr ratio: 0.8599
batch training loss: 446.59, 18.17, score: 101.8125, ssr ratio: 0.8399
batch training loss: 507.06, 14.15, score: 106.6915, ssr ratio: 0.8199
tensor([0.9392, 0.8912, 0.8457, 0.8059, 0.7728, 0.7434, 0.7178, 0.6957, 0.6755,
        0.6546, 0.6360, 0.6239, 0.6196, 0.6198, 0.6179, 0.6073, 0.5836, 0.5513,
        0.5234, 0.5077, 0.4980, 0.4929, 0.4919, 0.4946], device='cuda:3')
epoch eval loss:
sst: 611.16, nino: 127.09, sc: 46.3971
eval score is improved from -inf to 46.39706, saving model

epoch: 2
batch training loss: 401.08, 13.96, score: 106.5275, ssr ratio: 0.8008
batch training loss: 395.95, 24.49, score: 93.0978, ssr ratio: 0.7808
batch training loss: 502.38, 16.96, score: 106.0779, ssr ratio: 0.7608
batch training loss: 359.15, 10.87, score: 91.4567, ssr ratio: 0.7408
batch training loss: 455.59, 39.54, score: 74.3447, ssr ratio: 0.7208
batch training loss: 400.35, 18.26, score: 89.9827, ssr ratio: 0.7008
batch training loss: 375.31, 27.30, score: 94.5731, ssr ratio: 0.6808
batch training loss: 439.93, 25.56, score: 73.1087, ssr ratio: 0.6608
batch training loss: 354.10, 12.02, score: 100.6742, ssr ratio: 0.6408
batch training loss: 381.66, 33.79, score: 104.2396, ssr ratio: 0.6208
tensor([0.9366, 0.8906, 0.8485, 0.8118, 0.7795, 0.7475, 0.7175, 0.6904, 0.6656,
        0.6413, 0.6223, 0.6126, 0.6132, 0.6171, 0.6164, 0.6044, 0.5801, 0.5506,
        0.5294, 0.5213, 0.5178, 0.5172, 0.5182, 0.5186], device='cuda:3')
epoch eval loss:
sst: 598.84, nino: 123.93, sc: 46.9299
eval score is improved from 46.39706 to 46.92993, saving model

epoch: 3
batch training loss: 425.64, 16.54, score: 67.8213, ssr ratio: 0.6017
batch training loss: 387.28, 24.17, score: 104.4943, ssr ratio: 0.5817
batch training loss: 390.56, 23.14, score: 71.6594, ssr ratio: 0.5617
batch training loss: 396.04, 15.19, score: 75.5235, ssr ratio: 0.5417
batch training loss: 413.48, 16.70, score: 106.5381, ssr ratio: 0.5217
batch training loss: 389.18, 24.99, score: 104.1887, ssr ratio: 0.5017
batch training loss: 375.15, 43.56, score: 96.0677, ssr ratio: 0.4817
batch training loss: 394.75, 27.35, score: 105.4708, ssr ratio: 0.4617
batch training loss: 444.09, 29.94, score: 98.6812, ssr ratio: 0.4417
batch training loss: 427.06, 48.15, score: 8.2803, ssr ratio: 0.4217
tensor([0.9341, 0.8864, 0.8421, 0.8019, 0.7636, 0.7250, 0.6903, 0.6612, 0.6368,
        0.6150, 0.6007, 0.5960, 0.6012, 0.6074, 0.6064, 0.5919, 0.5649, 0.5338,
        0.5131, 0.5067, 0.5050, 0.5064, 0.5100, 0.5130], device='cuda:3')
epoch eval loss:
sst: 590.20, nino: 125.40, sc: 45.0998
Epoch 00003: reducing learning rate of group 0 to 3.0000e-04.
eval score is not improved for 1 epoch

epoch: 4
batch training loss: 417.73, 26.56, score: 87.5458, ssr ratio: 0.4026
batch training loss: 393.66, 24.93, score: 84.8751, ssr ratio: 0.3826
batch training loss: 399.63, 16.43, score: 97.1216, ssr ratio: 0.3626
batch training loss: 443.58, 20.80, score: 106.1320, ssr ratio: 0.3426
batch training loss: 444.72, 22.13, score: 93.7783, ssr ratio: 0.3226
batch training loss: 462.75, 30.78, score: 98.2800, ssr ratio: 0.3026
batch training loss: 446.49, 37.24, score: 104.6468, ssr ratio: 0.2826
batch training loss: 453.61, 44.14, score: 102.5932, ssr ratio: 0.2626
batch training loss: 417.50, 33.85, score: 12.4911, ssr ratio: 0.2426
batch training loss: 473.13, 25.51, score: 102.8857, ssr ratio: 0.2226
tensor([0.9392, 0.8929, 0.8493, 0.8100, 0.7733, 0.7366, 0.7036, 0.6756, 0.6513,
        0.6285, 0.6124, 0.6056, 0.6088, 0.6139, 0.6129, 0.5991, 0.5724, 0.5410,
        0.5190, 0.5109, 0.5076, 0.5075, 0.5098, 0.5124], device='cuda:3')
epoch eval loss:
sst: 589.65, nino: 124.19, sc: 46.0792
Epoch 00004: reducing learning rate of group 0 to 1.0000e-04.
eval score is not improved for 2 epoch

epoch: 5
batch training loss: 499.13, 34.76, score: 86.5398, ssr ratio: 0.2034
batch training loss: 540.28, 61.15, score: 95.0911, ssr ratio: 0.1834
batch training loss: 515.40, 30.12, score: 104.4677, ssr ratio: 0.1634
batch training loss: 567.61, 31.47, score: 58.4033, ssr ratio: 0.1434
batch training loss: 478.11, 39.56, score: 86.2952, ssr ratio: 0.1234
batch training loss: 474.51, 21.31, score: 29.4804, ssr ratio: 0.1034
batch training loss: 493.14, 46.83, score: 81.6253, ssr ratio: 0.0834
batch training loss: 492.54, 33.85, score: 22.8114, ssr ratio: 0.0634
batch training loss: 458.49, 34.28, score: 104.4564, ssr ratio: 0.0434
batch training loss: 570.09, 71.81, score: -2.0010, ssr ratio: 0.0234
tensor([0.9369, 0.8899, 0.8464, 0.8075, 0.7716, 0.7361, 0.7046, 0.6779, 0.6544,
        0.6319, 0.6155, 0.6081, 0.6101, 0.6138, 0.6119, 0.5975, 0.5699, 0.5380,
        0.5156, 0.5071, 0.5035, 0.5032, 0.5050, 0.5070], device='cuda:3')
epoch eval loss:
sst: 595.00, nino: 123.22, sc: 46.0379
eval score is not improved for 3 epoch

epoch: 6
batch training loss: 539.28, 38.00, score: 78.3625, ssr ratio: 0.0043
batch training loss: 550.77, 52.06, score: 100.5559, ssr ratio: 0.0000
batch training loss: 553.45, 39.55, score: 98.8133, ssr ratio: 0.0000
batch training loss: 532.05, 35.68, score: 103.5242, ssr ratio: 0.0000
batch training loss: 541.49, 110.56, score: 80.2136, ssr ratio: 0.0000
batch training loss: 456.61, 39.88, score: 65.0099, ssr ratio: 0.0000
batch training loss: 538.61, 65.67, score: 95.7518, ssr ratio: 0.0000
batch training loss: 520.46, 52.36, score: 79.7643, ssr ratio: 0.0000
batch training loss: 604.57, 53.42, score: 67.2876, ssr ratio: 0.0000
batch training loss: 502.77, 48.45, score: 30.3839, ssr ratio: 0.0000
tensor([0.9362, 0.8887, 0.8451, 0.8063, 0.7701, 0.7342, 0.7028, 0.6767, 0.6542,
        0.6325, 0.6165, 0.6090, 0.6106, 0.6137, 0.6116, 0.5974, 0.5706, 0.5393,
        0.5178, 0.5100, 0.5071, 0.5073, 0.5094, 0.5112], device='cuda:3')
epoch eval loss:
sst: 593.68, nino: 123.58, sc: 46.1865
eval score is not improved for 4 epoch

epoch: 7
batch training loss: 520.95, 52.92, score: 91.2698, ssr ratio: 0.0000
batch training loss: 492.17, 39.61, score: 90.5026, ssr ratio: 0.0000
batch training loss: 529.43, 42.49, score: 103.3217, ssr ratio: 0.0000
batch training loss: 493.18, 40.38, score: 102.5114, ssr ratio: 0.0000
batch training loss: 563.11, 33.07, score: 103.0279, ssr ratio: 0.0000
batch training loss: 545.54, 42.95, score: 103.6739, ssr ratio: 0.0000
batch training loss: 575.10, 38.15, score: 102.6110, ssr ratio: 0.0000
batch training loss: 509.52, 44.52, score: 97.5943, ssr ratio: 0.0000
batch training loss: 594.00, 34.44, score: 97.1609, ssr ratio: 0.0000
batch training loss: 460.86, 33.99, score: 104.7853, ssr ratio: 0.0000
tensor([0.9354, 0.8882, 0.8444, 0.8050, 0.7683, 0.7320, 0.6998, 0.6731, 0.6506,
        0.6294, 0.6142, 0.6074, 0.6093, 0.6127, 0.6103, 0.5954, 0.5674, 0.5350,
        0.5125, 0.5038, 0.5001, 0.4997, 0.5014, 0.5032], device='cuda:3')
epoch eval loss:
sst: 593.12, nino: 123.73, sc: 45.7136
eval score is not improved for 5 epoch

epoch: 8
batch training loss: 617.14, 50.30, score: -28.3362, ssr ratio: 0.0000
batch training loss: 523.34, 49.60, score: 67.6944, ssr ratio: 0.0000
batch training loss: 597.59, 54.39, score: 70.1017, ssr ratio: 0.0000
batch training loss: 512.66, 35.70, score: 103.0978, ssr ratio: 0.0000
batch training loss: 541.62, 47.28, score: 85.4330, ssr ratio: 0.0000
batch training loss: 503.74, 80.21, score: 77.8576, ssr ratio: 0.0000
batch training loss: 514.25, 33.78, score: 60.6474, ssr ratio: 0.0000
batch training loss: 532.91, 43.48, score: 100.9436, ssr ratio: 0.0000
batch training loss: 503.08, 43.21, score: 3.7022, ssr ratio: 0.0000
batch training loss: 551.83, 55.53, score: 84.5007, ssr ratio: 0.0000
tensor([0.9370, 0.8902, 0.8464, 0.8074, 0.7714, 0.7357, 0.7039, 0.6770, 0.6534,
        0.6311, 0.6151, 0.6080, 0.6101, 0.6138, 0.6119, 0.5973, 0.5693, 0.5365,
        0.5139, 0.5052, 0.5015, 0.5013, 0.5034, 0.5055], device='cuda:3')
epoch eval loss:
sst: 591.96, nino: 124.64, sc: 45.7384
eval score is not improved for 6 epoch

epoch: 9
batch training loss: 533.60, 53.75, score: 91.5349, ssr ratio: 0.0000
batch training loss: 567.50, 61.29, score: 100.1846, ssr ratio: 0.0000
batch training loss: 581.65, 46.58, score: 92.6014, ssr ratio: 0.0000
batch training loss: 599.64, 32.99, score: 56.3866, ssr ratio: 0.0000
batch training loss: 461.13, 50.34, score: 75.1805, ssr ratio: 0.0000
batch training loss: 553.00, 66.73, score: 97.2023, ssr ratio: 0.0000
batch training loss: 596.52, 35.71, score: 103.8104, ssr ratio: 0.0000
batch training loss: 514.31, 71.63, score: 89.1482, ssr ratio: 0.0000
batch training loss: 611.09, 61.25, score: 98.2114, ssr ratio: 0.0000
batch training loss: 550.97, 67.89, score: 45.1905, ssr ratio: 0.0000
tensor([0.9377, 0.8908, 0.8467, 0.8070, 0.7692, 0.7315, 0.6981, 0.6704, 0.6467,
        0.6247, 0.6093, 0.6029, 0.6056, 0.6094, 0.6074, 0.5928, 0.5654, 0.5339,
        0.5130, 0.5062, 0.5039, 0.5047, 0.5073, 0.5096], device='cuda:3')
epoch eval loss:
sst: 594.10, nino: 124.67, sc: 45.5935
eval score is not improved for 7 epoch

epoch: 10
batch training loss: 576.82, 61.64, score: 36.5998, ssr ratio: 0.0000
batch training loss: 588.56, 30.57, score: 55.0441, ssr ratio: 0.0000
batch training loss: 624.60, 68.95, score: 78.9766, ssr ratio: 0.0000
batch training loss: 475.64, 43.57, score: 20.7610, ssr ratio: 0.0000
batch training loss: 551.81, 74.17, score: 39.2141, ssr ratio: 0.0000
batch training loss: 499.39, 48.34, score: 88.8955, ssr ratio: 0.0000
batch training loss: 532.96, 24.79, score: 94.9097, ssr ratio: 0.0000
batch training loss: 485.16, 35.59, score: 85.6373, ssr ratio: 0.0000
batch training loss: 564.72, 99.87, score: 15.8988, ssr ratio: 0.0000
batch training loss: 629.58, 31.99, score: 60.2039, ssr ratio: 0.0000
tensor([0.9390, 0.8924, 0.8477, 0.8069, 0.7687, 0.7308, 0.6975, 0.6702, 0.6473,
        0.6262, 0.6116, 0.6055, 0.6084, 0.6124, 0.6103, 0.5955, 0.5676, 0.5353,
        0.5135, 0.5062, 0.5037, 0.5044, 0.5072, 0.5098], device='cuda:3')
epoch eval loss:
sst: 593.40, nino: 123.83, sc: 45.8041
eval score is not improved for 8 epoch

epoch: 11
batch training loss: 467.05, 26.89, score: 61.8963, ssr ratio: 0.0000
batch training loss: 548.97, 47.21, score: 85.1748, ssr ratio: 0.0000
batch training loss: 508.19, 42.88, score: 103.6310, ssr ratio: 0.0000
batch training loss: 543.08, 59.51, score: -8.1823, ssr ratio: 0.0000
batch training loss: 562.59, 27.74, score: 104.9732, ssr ratio: 0.0000
batch training loss: 544.71, 50.01, score: 86.1565, ssr ratio: 0.0000
batch training loss: 521.82, 64.41, score: 83.2155, ssr ratio: 0.0000
batch training loss: 514.59, 48.29, score: 92.9573, ssr ratio: 0.0000
batch training loss: 538.37, 55.84, score: 99.6244, ssr ratio: 0.0000
batch training loss: 473.48, 52.59, score: 102.2473, ssr ratio: 0.0000
tensor([0.9385, 0.8919, 0.8477, 0.8077, 0.7703, 0.7333, 0.7001, 0.6719, 0.6476,
        0.6254, 0.6099, 0.6033, 0.6056, 0.6095, 0.6078, 0.5937, 0.5662, 0.5342,
        0.5122, 0.5040, 0.5007, 0.5006, 0.5024, 0.5041], device='cuda:3')
epoch eval loss:
sst: 591.43, nino: 123.99, sc: 45.5437
eval score is not improved for 9 epoch

epoch: 12
batch training loss: 569.69, 97.26, score: 34.7108, ssr ratio: 0.0000
batch training loss: 549.55, 74.37, score: 55.9438, ssr ratio: 0.0000
batch training loss: 551.93, 53.11, score: -1.2781, ssr ratio: 0.0000
batch training loss: 582.01, 45.18, score: 64.0362, ssr ratio: 0.0000
batch training loss: 537.77, 30.32, score: 103.9054, ssr ratio: 0.0000
batch training loss: 533.81, 44.13, score: 91.1759, ssr ratio: 0.0000
batch training loss: 549.14, 28.49, score: 82.9325, ssr ratio: 0.0000
batch training loss: 487.21, 43.61, score: 37.5334, ssr ratio: 0.0000
batch training loss: 562.65, 32.20, score: 93.5748, ssr ratio: 0.0000
batch training loss: 496.04, 67.92, score: 95.3805, ssr ratio: 0.0000
tensor([0.9406, 0.8945, 0.8508, 0.8112, 0.7739, 0.7365, 0.7030, 0.6747, 0.6506,
        0.6286, 0.6135, 0.6075, 0.6104, 0.6143, 0.6125, 0.5981, 0.5703, 0.5380,
        0.5163, 0.5089, 0.5066, 0.5073, 0.5099, 0.5121], device='cuda:3')
epoch eval loss:
sst: 592.85, nino: 123.64, sc: 46.1707
eval score is not improved for 10 epoch

epoch: 13
batch training loss: 538.30, 46.03, score: 103.1847, ssr ratio: 0.0000
batch training loss: 537.05, 32.67, score: 49.9841, ssr ratio: 0.0000
batch training loss: 507.43, 31.85, score: 103.8848, ssr ratio: 0.0000
batch training loss: 515.16, 43.69, score: 104.0142, ssr ratio: 0.0000
batch training loss: 479.44, 40.38, score: 13.9433, ssr ratio: 0.0000
batch training loss: 557.28, 30.59, score: 105.1503, ssr ratio: 0.0000
batch training loss: 504.28, 38.40, score: 104.3483, ssr ratio: 0.0000
batch training loss: 554.70, 51.61, score: 32.2322, ssr ratio: 0.0000
batch training loss: 611.37, 42.70, score: 74.2828, ssr ratio: 0.0000
batch training loss: 553.20, 34.17, score: 103.8592, ssr ratio: 0.0000
tensor([0.9419, 0.8978, 0.8562, 0.8185, 0.7826, 0.7460, 0.7126, 0.6836, 0.6586,
        0.6361, 0.6208, 0.6146, 0.6171, 0.6202, 0.6171, 0.6010, 0.5719, 0.5390,
        0.5171, 0.5096, 0.5071, 0.5079, 0.5109, 0.5135], device='cuda:3')
epoch eval loss:
sst: 593.22, nino: 122.97, sc: 46.6727
eval score is not improved for 11 epoch

epoch: 14
batch training loss: 571.75, 55.72, score: 43.3251, ssr ratio: 0.0000
batch training loss: 495.97, 82.02, score: 94.4066, ssr ratio: 0.0000
batch training loss: 538.62, 39.74, score: 72.0128, ssr ratio: 0.0000
batch training loss: 522.35, 45.17, score: 85.3095, ssr ratio: 0.0000
batch training loss: 575.81, 35.87, score: 70.4332, ssr ratio: 0.0000
batch training loss: 568.19, 79.90, score: 74.1849, ssr ratio: 0.0000
batch training loss: 587.35, 42.95, score: 92.1149, ssr ratio: 0.0000
batch training loss: 502.32, 35.29, score: 66.2798, ssr ratio: 0.0000
batch training loss: 497.00, 60.23, score: 101.1670, ssr ratio: 0.0000
batch training loss: 514.80, 52.02, score: 29.4086, ssr ratio: 0.0000
tensor([0.9378, 0.8911, 0.8473, 0.8077, 0.7704, 0.7332, 0.6997, 0.6715, 0.6472,
        0.6250, 0.6098, 0.6038, 0.6066, 0.6103, 0.6080, 0.5929, 0.5644, 0.5317,
        0.5095, 0.5018, 0.4992, 0.5000, 0.5027, 0.5050], device='cuda:3')
epoch eval loss:
sst: 592.96, nino: 123.99, sc: 45.4952
eval score is not improved for 12 epoch

epoch: 15
batch training loss: 557.07, 58.25, score: 45.6654, ssr ratio: 0.0000
batch training loss: 497.86, 47.05, score: 102.8208, ssr ratio: 0.0000
batch training loss: 532.68, 57.39, score: 41.0738, ssr ratio: 0.0000
batch training loss: 504.98, 63.04, score: 67.7674, ssr ratio: 0.0000
batch training loss: 536.45, 37.22, score: 79.7445, ssr ratio: 0.0000
batch training loss: 558.34, 32.44, score: -20.0112, ssr ratio: 0.0000
batch training loss: 636.00, 70.63, score: 97.1185, ssr ratio: 0.0000
batch training loss: 519.01, 75.38, score: 101.0687, ssr ratio: 0.0000
batch training loss: 569.75, 90.40, score: -29.0755, ssr ratio: 0.0000
batch training loss: 627.59, 39.04, score: 83.9035, ssr ratio: 0.0000
tensor([0.9390, 0.8928, 0.8495, 0.8101, 0.7726, 0.7346, 0.7003, 0.6716, 0.6472,
        0.6249, 0.6098, 0.6042, 0.6077, 0.6120, 0.6101, 0.5951, 0.5664, 0.5334,
        0.5114, 0.5042, 0.5022, 0.5034, 0.5067, 0.5095], device='cuda:3')
epoch eval loss:
sst: 593.60, nino: 123.39, sc: 45.8472
eval score is not improved for 13 epoch

epoch: 16
batch training loss: 508.23, 52.33, score: 98.3425, ssr ratio: 0.0000
batch training loss: 593.83, 46.68, score: 101.9381, ssr ratio: 0.0000
batch training loss: 521.21, 56.04, score: 64.2806, ssr ratio: 0.0000
batch training loss: 528.08, 27.08, score: 55.3067, ssr ratio: 0.0000
batch training loss: 608.28, 41.02, score: 75.7061, ssr ratio: 0.0000
batch training loss: 516.87, 44.71, score: 52.5668, ssr ratio: 0.0000
batch training loss: 546.35, 20.53, score: 106.2279, ssr ratio: 0.0000
batch training loss: 580.68, 38.17, score: 93.6107, ssr ratio: 0.0000
batch training loss: 523.73, 81.09, score: 83.4633, ssr ratio: 0.0000
batch training loss: 596.90, 47.40, score: 91.8549, ssr ratio: 0.0000
tensor([0.9407, 0.8958, 0.8532, 0.8147, 0.7785, 0.7421, 0.7088, 0.6799, 0.6549,
        0.6321, 0.6165, 0.6099, 0.6123, 0.6160, 0.6142, 0.5998, 0.5717, 0.5388,
        0.5158, 0.5072, 0.5040, 0.5042, 0.5065, 0.5088], device='cuda:3')
epoch eval loss:
sst: 593.98, nino: 123.13, sc: 46.3093
eval score is not improved for 14 epoch

epoch: 17
batch training loss: 524.42, 57.01, score: 51.2509, ssr ratio: 0.0000
batch training loss: 584.06, 53.72, score: 79.8601, ssr ratio: 0.0000
batch training loss: 538.66, 28.32, score: 6.8090, ssr ratio: 0.0000
batch training loss: 552.79, 31.38, score: 91.4642, ssr ratio: 0.0000
batch training loss: 596.95, 45.60, score: 95.6510, ssr ratio: 0.0000
batch training loss: 474.10, 46.41, score: 85.8989, ssr ratio: 0.0000
batch training loss: 589.29, 62.97, score: 88.9814, ssr ratio: 0.0000
batch training loss: 466.15, 28.61, score: 104.8331, ssr ratio: 0.0000
batch training loss: 518.76, 48.33, score: 35.9123, ssr ratio: 0.0000
batch training loss: 492.57, 19.41, score: 106.1335, ssr ratio: 0.0000
tensor([0.9395, 0.8937, 0.8505, 0.8115, 0.7749, 0.7379, 0.7042, 0.6754, 0.6510,
        0.6290, 0.6141, 0.6080, 0.6104, 0.6137, 0.6110, 0.5957, 0.5669, 0.5337,
        0.5110, 0.5029, 0.4999, 0.5001, 0.5022, 0.5041], device='cuda:3')
epoch eval loss:
sst: 592.12, nino: 123.80, sc: 45.7651
eval score is not improved for 15 epoch

epoch: 18
batch training loss: 575.45, 49.63, score: 79.4225, ssr ratio: 0.0000
batch training loss: 526.43, 89.03, score: 93.0559, ssr ratio: 0.0000
batch training loss: 520.90, 50.08, score: 65.2248, ssr ratio: 0.0000
batch training loss: 577.59, 60.28, score: -14.3624, ssr ratio: 0.0000
batch training loss: 561.17, 34.23, score: 102.9862, ssr ratio: 0.0000
batch training loss: 545.61, 55.65, score: 18.2005, ssr ratio: 0.0000
batch training loss: 468.54, 30.64, score: 83.0862, ssr ratio: 0.0000
batch training loss: 531.99, 31.03, score: 42.0781, ssr ratio: 0.0000
batch training loss: 595.99, 50.96, score: 101.6122, ssr ratio: 0.0000
batch training loss: 508.39, 49.49, score: -29.3137, ssr ratio: 0.0000
tensor([0.9418, 0.8974, 0.8548, 0.8152, 0.7770, 0.7382, 0.7031, 0.6735, 0.6490,
        0.6278, 0.6142, 0.6094, 0.6128, 0.6165, 0.6135, 0.5974, 0.5682, 0.5352,
        0.5134, 0.5064, 0.5044, 0.5056, 0.5091, 0.5123], device='cuda:3')
epoch eval loss:
sst: 593.65, nino: 123.77, sc: 46.0796
eval score is not improved for 16 epoch

epoch: 19
batch training loss: 528.33, 57.94, score: 98.8555, ssr ratio: 0.0000
batch training loss: 544.70, 41.61, score: 98.5457, ssr ratio: 0.0000
batch training loss: 546.43, 92.22, score: -27.1939, ssr ratio: 0.0000
batch training loss: 576.21, 26.33, score: 94.0230, ssr ratio: 0.0000
batch training loss: 512.85, 56.35, score: 62.5290, ssr ratio: 0.0000
batch training loss: 573.26, 25.52, score: 94.8795, ssr ratio: 0.0000
batch training loss: 552.11, 24.91, score: 93.9582, ssr ratio: 0.0000
batch training loss: 527.72, 52.05, score: 101.7674, ssr ratio: 0.0000
batch training loss: 524.84, 53.68, score: 81.4146, ssr ratio: 0.0000
batch training loss: 542.75, 28.82, score: 93.0783, ssr ratio: 0.0000
tensor([0.9392, 0.8930, 0.8494, 0.8102, 0.7732, 0.7357, 0.7017, 0.6729, 0.6487,
        0.6275, 0.6136, 0.6085, 0.6115, 0.6148, 0.6118, 0.5961, 0.5673, 0.5348,
        0.5136, 0.5069, 0.5050, 0.5060, 0.5089, 0.5116], device='cuda:3')
epoch eval loss:
sst: 592.54, nino: 124.02, sc: 45.9301
eval score is not improved for 17 epoch

epoch: 20
batch training loss: 543.92, 63.05, score: 99.5242, ssr ratio: 0.0000
batch training loss: 572.29, 37.75, score: 51.5499, ssr ratio: 0.0000
batch training loss: 563.56, 54.66, score: 91.2425, ssr ratio: 0.0000
batch training loss: 558.35, 67.45, score: 61.4104, ssr ratio: 0.0000
batch training loss: 538.81, 61.41, score: 92.7711, ssr ratio: 0.0000
batch training loss: 519.63, 46.07, score: 82.1463, ssr ratio: 0.0000
batch training loss: 580.31, 29.01, score: 100.7960, ssr ratio: 0.0000
batch training loss: 545.57, 39.83, score: 103.7779, ssr ratio: 0.0000
batch training loss: 476.02, 24.12, score: 105.6133, ssr ratio: 0.0000
batch training loss: 587.70, 51.40, score: 58.3943, ssr ratio: 0.0000
tensor([0.9408, 0.8961, 0.8541, 0.8160, 0.7801, 0.7436, 0.7101, 0.6808, 0.6553,
        0.6327, 0.6178, 0.6124, 0.6152, 0.6186, 0.6159, 0.6003, 0.5711, 0.5378,
        0.5154, 0.5078, 0.5053, 0.5060, 0.5087, 0.5111], device='cuda:3')
epoch eval loss:
sst: 593.66, nino: 123.13, sc: 46.4541
eval score is not improved for 18 epoch

epoch: 21
batch training loss: 564.65, 29.42, score: 70.4473, ssr ratio: 0.0000
batch training loss: 593.11, 22.79, score: 105.4780, ssr ratio: 0.0000
batch training loss: 525.44, 61.79, score: 76.0726, ssr ratio: 0.0000
batch training loss: 577.52, 68.93, score: 93.1983, ssr ratio: 0.0000
batch training loss: 479.86, 45.52, score: 93.0712, ssr ratio: 0.0000
batch training loss: 593.56, 46.67, score: 103.3009, ssr ratio: 0.0000
batch training loss: 653.42, 62.35, score: 100.8899, ssr ratio: 0.0000
batch training loss: 600.72, 37.50, score: 88.0946, ssr ratio: 0.0000
batch training loss: 550.04, 29.69, score: 93.4867, ssr ratio: 0.0000
batch training loss: 471.17, 55.43, score: 99.0707, ssr ratio: 0.0000
tensor([0.9346, 0.8869, 0.8433, 0.8045, 0.7680, 0.7314, 0.6983, 0.6702, 0.6458,
        0.6238, 0.6090, 0.6035, 0.6064, 0.6102, 0.6081, 0.5934, 0.5650, 0.5322,
        0.5100, 0.5023, 0.4996, 0.5002, 0.5029, 0.5054], device='cuda:3')
epoch eval loss:
sst: 594.10, nino: 124.15, sc: 45.4725
eval score is not improved for 19 epoch

epoch: 22
batch training loss: 525.72, 40.28, score: 103.5131, ssr ratio: 0.0000
batch training loss: 564.81, 43.07, score: 80.5182, ssr ratio: 0.0000
batch training loss: 599.61, 45.52, score: 91.7325, ssr ratio: 0.0000
batch training loss: 589.66, 118.66, score: 76.2544, ssr ratio: 0.0000
batch training loss: 502.09, 43.95, score: 70.7594, ssr ratio: 0.0000
batch training loss: 519.76, 48.97, score: 70.3961, ssr ratio: 0.0000
batch training loss: 547.32, 55.25, score: 72.5332, ssr ratio: 0.0000
batch training loss: 578.88, 68.15, score: 3.7752, ssr ratio: 0.0000
batch training loss: 546.94, 30.97, score: 105.5384, ssr ratio: 0.0000
batch training loss: 574.93, 51.50, score: 101.6952, ssr ratio: 0.0000
tensor([0.9395, 0.8936, 0.8503, 0.8113, 0.7748, 0.7380, 0.7049, 0.6771, 0.6535,
        0.6325, 0.6189, 0.6137, 0.6163, 0.6191, 0.6154, 0.5988, 0.5691, 0.5359,
        0.5141, 0.5073, 0.5056, 0.5074, 0.5113, 0.5150], device='cuda:3')
epoch eval loss:
sst: 593.38, nino: 123.20, sc: 46.3557
eval score is not improved for 20 epoch
early stopping reached, best score is 46.929931

----- training finished -----

processing test set
(395, 38, 24, 48, 1, 4)
(395, 38, 24, 48, 4)
(395, 38, 3)
predData.shape= (395, 38, 2, 24, 48)
{'sst': (395, 38, 24, 48, 6), 'nino target': (395, 38, 3)}
loading test dataloader
Traceback (most recent call last):
  File "trainer.py", line 264, in <module>
    trainer.network.load_state_dict(chk['net'])
  File "/home/ruichuang/anaconda3/envs/AGCRN_env/lib/python3.8/site-packages/torch/nn/modules/module.py", line 1604, in load_state_dict
    raise RuntimeError('Error(s) in loading state_dict for {}:\n\t{}'.format(
RuntimeError: Error(s) in loading state_dict for SAConvLSTM:
	size mismatch for layers.0.conv.weight: copying a param with shape torch.Size([512, 136, 3, 3]) from checkpoint, the shape in current model is torch.Size([128, 40, 3, 3]).
	size mismatch for layers.0.conv.bias: copying a param with shape torch.Size([512]) from checkpoint, the shape in current model is torch.Size([128]).
	size mismatch for layers.0.sa.conv_h.weight: copying a param with shape torch.Size([384, 128, 1, 1]) from checkpoint, the shape in current model is torch.Size([96, 32, 1, 1]).
	size mismatch for layers.0.sa.conv_h.bias: copying a param with shape torch.Size([384]) from checkpoint, the shape in current model is torch.Size([96]).
	size mismatch for layers.0.sa.conv_m.weight: copying a param with shape torch.Size([256, 128, 1, 1]) from checkpoint, the shape in current model is torch.Size([64, 32, 1, 1]).
	size mismatch for layers.0.sa.conv_m.bias: copying a param with shape torch.Size([256]) from checkpoint, the shape in current model is torch.Size([64]).
	size mismatch for layers.0.sa.conv_z.weight: copying a param with shape torch.Size([128, 256, 1, 1]) from checkpoint, the shape in current model is torch.Size([32, 64, 1, 1]).
	size mismatch for layers.0.sa.conv_z.bias: copying a param with shape torch.Size([128]) from checkpoint, the shape in current model is torch.Size([32]).
	size mismatch for layers.0.sa.conv_output.weight: copying a param with shape torch.Size([384, 256, 3, 3]) from checkpoint, the shape in current model is torch.Size([96, 64, 3, 3]).
	size mismatch for layers.0.sa.conv_output.bias: copying a param with shape torch.Size([384]) from checkpoint, the shape in current model is torch.Size([96]).
	size mismatch for layers.1.conv.weight: copying a param with shape torch.Size([512, 256, 3, 3]) from checkpoint, the shape in current model is torch.Size([128, 64, 3, 3]).
	size mismatch for layers.1.conv.bias: copying a param with shape torch.Size([512]) from checkpoint, the shape in current model is torch.Size([128]).
	size mismatch for layers.1.sa.conv_h.weight: copying a param with shape torch.Size([384, 128, 1, 1]) from checkpoint, the shape in current model is torch.Size([96, 32, 1, 1]).
	size mismatch for layers.1.sa.conv_h.bias: copying a param with shape torch.Size([384]) from checkpoint, the shape in current model is torch.Size([96]).
	size mismatch for layers.1.sa.conv_m.weight: copying a param with shape torch.Size([256, 128, 1, 1]) from checkpoint, the shape in current model is torch.Size([64, 32, 1, 1]).
	size mismatch for layers.1.sa.conv_m.bias: copying a param with shape torch.Size([256]) from checkpoint, the shape in current model is torch.Size([64]).
	size mismatch for layers.1.sa.conv_z.weight: copying a param with shape torch.Size([128, 256, 1, 1]) from checkpoint, the shape in current model is torch.Size([32, 64, 1, 1]).
	size mismatch for layers.1.sa.conv_z.bias: copying a param with shape torch.Size([128]) from checkpoint, the shape in current model is torch.Size([32]).
	size mismatch for layers.1.sa.conv_output.weight: copying a param with shape torch.Size([384, 256, 3, 3]) from checkpoint, the shape in current model is torch.Size([96, 64, 3, 3]).
	size mismatch for layers.1.sa.conv_output.bias: copying a param with shape torch.Size([384]) from checkpoint, the shape in current model is torch.Size([96]).
	size mismatch for layers.2.conv.weight: copying a param with shape torch.Size([512, 256, 3, 3]) from checkpoint, the shape in current model is torch.Size([128, 64, 3, 3]).
	size mismatch for layers.2.conv.bias: copying a param with shape torch.Size([512]) from checkpoint, the shape in current model is torch.Size([128]).
	size mismatch for layers.2.sa.conv_h.weight: copying a param with shape torch.Size([384, 128, 1, 1]) from checkpoint, the shape in current model is torch.Size([96, 32, 1, 1]).
	size mismatch for layers.2.sa.conv_h.bias: copying a param with shape torch.Size([384]) from checkpoint, the shape in current model is torch.Size([96]).
	size mismatch for layers.2.sa.conv_m.weight: copying a param with shape torch.Size([256, 128, 1, 1]) from checkpoint, the shape in current model is torch.Size([64, 32, 1, 1]).
	size mismatch for layers.2.sa.conv_m.bias: copying a param with shape torch.Size([256]) from checkpoint, the shape in current model is torch.Size([64]).
	size mismatch for layers.2.sa.conv_z.weight: copying a param with shape torch.Size([128, 256, 1, 1]) from checkpoint, the shape in current model is torch.Size([32, 64, 1, 1]).
	size mismatch for layers.2.sa.conv_z.bias: copying a param with shape torch.Size([128]) from checkpoint, the shape in current model is torch.Size([32]).
	size mismatch for layers.2.sa.conv_output.weight: copying a param with shape torch.Size([384, 256, 3, 3]) from checkpoint, the shape in current model is torch.Size([96, 64, 3, 3]).
	size mismatch for layers.2.sa.conv_output.bias: copying a param with shape torch.Size([384]) from checkpoint, the shape in current model is torch.Size([96]).
	size mismatch for layers.3.conv.weight: copying a param with shape torch.Size([512, 256, 3, 3]) from checkpoint, the shape in current model is torch.Size([128, 64, 3, 3]).
	size mismatch for layers.3.conv.bias: copying a param with shape torch.Size([512]) from checkpoint, the shape in current model is torch.Size([128]).
	size mismatch for layers.3.sa.conv_h.weight: copying a param with shape torch.Size([384, 128, 1, 1]) from checkpoint, the shape in current model is torch.Size([96, 32, 1, 1]).
	size mismatch for layers.3.sa.conv_h.bias: copying a param with shape torch.Size([384]) from checkpoint, the shape in current model is torch.Size([96]).
	size mismatch for layers.3.sa.conv_m.weight: copying a param with shape torch.Size([256, 128, 1, 1]) from checkpoint, the shape in current model is torch.Size([64, 32, 1, 1]).
	size mismatch for layers.3.sa.conv_m.bias: copying a param with shape torch.Size([256]) from checkpoint, the shape in current model is torch.Size([64]).
	size mismatch for layers.3.sa.conv_z.weight: copying a param with shape torch.Size([128, 256, 1, 1]) from checkpoint, the shape in current model is torch.Size([32, 64, 1, 1]).
	size mismatch for layers.3.sa.conv_z.bias: copying a param with shape torch.Size([128]) from checkpoint, the shape in current model is torch.Size([32]).
	size mismatch for layers.3.sa.conv_output.weight: copying a param with shape torch.Size([384, 256, 3, 3]) from checkpoint, the shape in current model is torch.Size([96, 64, 3, 3]).
	size mismatch for layers.3.sa.conv_output.bias: copying a param with shape torch.Size([384]) from checkpoint, the shape in current model is torch.Size([96]).
	size mismatch for conv_output.weight: copying a param with shape torch.Size([2, 128, 1, 1]) from checkpoint, the shape in current model is torch.Size([2, 32, 1, 1]).
