nohup: 忽略输入
{'n_cpu': 0, 'device': device(type='cuda', index=3), 'batch_size_test': 40, 'batch_size': 2, 'lr': 0.001, 'weight_decay': 0, 'display_interval': 250, 'num_epochs': 50, 'early_stopping': True, 'patience': 20, 'gradient_clipping': True, 'clipping_threshold': 1.0, 'input_dim': 8, 'output_dim': 2, 'input_length': 12, 'output_length': 24, 'input_gap': 1, 'pred_shift': 24, 'model_i': 0, 'kernel_size': (3, 3), 'bias': True, 'hidden_dim_1': (64, 64, 64, 64), 'd_attn_1': 128, 'ssr_decay_rate': 8e-05, 'hidden_dim_2': (32, 32, 32, 32), 'd_attn_2': 16, 'hidden_dim_3': (32, 32, 32, 32), 'd_attn_3': 16, 'hidden_dim_4': (32, 32, 32, 32), 'd_attn_4': 16, 'hidden_dim_5': (32, 32, 32, 32), 'd_attn_5': 16, 'use_hc': 1, 'time': 'hybrid', 'save_last': 0}

reading data
(1692, 24, 48, 21, 4) (432, 24, 48, 1, 4)
(1692, 21, 3) (432, 1, 3)
processing training set
(237, 38, 24, 48, 21, 4)
(4977, 38, 24, 48, 4)
(4977, 38, 3)
predData.shape= (4977, 38, 2, 24, 48)
{'sst': (4977, 38, 24, 48, 6), 'nino target': (4977, 38, 3)}
processing eval set
(395, 38, 24, 48, 1, 4)
(395, 38, 24, 48, 4)
(395, 38, 3)
predData.shape= (395, 38, 2, 24, 48)
{'sst': (395, 38, 24, 48, 6), 'nino target': (395, 38, 3)}
Total params num: 2696066
*****************Finish Parameter****************
loading train dataloader
loading eval dataloader

epoch: 1
batch training loss: 1065.25, 181.93, score: 9.5498, ssr ratio: 0.9999
batch training loss: 450.58, 29.92, score: 100.4206, ssr ratio: 0.9799
batch training loss: 379.49, 21.82, score: 78.5813, ssr ratio: 0.9599
batch training loss: 449.32, 30.50, score: 104.7676, ssr ratio: 0.9399
batch training loss: 376.09, 13.94, score: 101.1024, ssr ratio: 0.9199
batch training loss: 387.60, 24.36, score: 105.0684, ssr ratio: 0.8999
batch training loss: 370.01, 20.59, score: 64.4967, ssr ratio: 0.8799
batch training loss: 373.98, 29.41, score: 104.9835, ssr ratio: 0.8599
batch training loss: 445.53, 21.13, score: 106.5971, ssr ratio: 0.8399
batch training loss: 503.12, 11.36, score: 107.1862, ssr ratio: 0.8199
tensor([0.9380, 0.8902, 0.8471, 0.8119, 0.7843, 0.7595, 0.7370, 0.7164, 0.6970,
        0.6765, 0.6582, 0.6470, 0.6443, 0.6451, 0.6424, 0.6302, 0.6056, 0.5736,
        0.5471, 0.5330, 0.5251, 0.5219, 0.5219, 0.5228], device='cuda:3')
epoch eval loss:
sst: 617.66, nino: 122.51, sc: 49.4713
eval score is improved from -inf to 49.47132, saving model

epoch: 2
batch training loss: 398.90, 14.02, score: 106.5157, ssr ratio: 0.8008
batch training loss: 391.73, 24.49, score: 92.7029, ssr ratio: 0.7808
batch training loss: 501.14, 15.13, score: 89.6413, ssr ratio: 0.7608
batch training loss: 356.93, 9.91, score: 91.5132, ssr ratio: 0.7408
batch training loss: 453.45, 43.03, score: 73.5863, ssr ratio: 0.7208
batch training loss: 396.89, 19.13, score: 80.0118, ssr ratio: 0.7008
batch training loss: 372.96, 28.97, score: 94.4636, ssr ratio: 0.6808
batch training loss: 436.38, 32.00, score: 72.4831, ssr ratio: 0.6608
batch training loss: 354.22, 13.58, score: 100.4700, ssr ratio: 0.6408
batch training loss: 377.54, 30.73, score: 104.7307, ssr ratio: 0.6208
tensor([0.9403, 0.8957, 0.8535, 0.8141, 0.7787, 0.7449, 0.7142, 0.6867, 0.6614,
        0.6367, 0.6174, 0.6080, 0.6089, 0.6129, 0.6126, 0.6015, 0.5773, 0.5463,
        0.5230, 0.5133, 0.5092, 0.5091, 0.5112, 0.5122], device='cuda:3')
epoch eval loss:
sst: 608.38, nino: 130.74, sc: 45.4081
Epoch 00002: reducing learning rate of group 0 to 3.0000e-04.
eval score is not improved for 1 epoch

epoch: 3
batch training loss: 427.91, 18.59, score: 83.6529, ssr ratio: 0.6017
batch training loss: 383.28, 19.44, score: 104.9975, ssr ratio: 0.5817
batch training loss: 387.30, 23.22, score: 68.8593, ssr ratio: 0.5617
batch training loss: 391.07, 19.97, score: 64.3438, ssr ratio: 0.5417
batch training loss: 409.84, 21.40, score: 105.8493, ssr ratio: 0.5217
batch training loss: 377.14, 28.15, score: 102.7802, ssr ratio: 0.5017
batch training loss: 366.90, 37.54, score: 96.8561, ssr ratio: 0.4817
batch training loss: 390.30, 26.38, score: 92.8536, ssr ratio: 0.4617
batch training loss: 435.90, 32.68, score: 104.2356, ssr ratio: 0.4417
batch training loss: 421.76, 56.32, score: 5.1066, ssr ratio: 0.4217
tensor([0.9351, 0.8875, 0.8434, 0.8029, 0.7654, 0.7289, 0.6973, 0.6723, 0.6516,
        0.6311, 0.6150, 0.6076, 0.6100, 0.6144, 0.6128, 0.5999, 0.5747, 0.5444,
        0.5231, 0.5159, 0.5130, 0.5125, 0.5143, 0.5164], device='cuda:3')
epoch eval loss:
sst: 587.91, nino: 124.05, sc: 46.2716
Epoch 00003: reducing learning rate of group 0 to 1.0000e-04.
eval score is not improved for 2 epoch

epoch: 4
batch training loss: 409.59, 26.93, score: 87.5180, ssr ratio: 0.4026
batch training loss: 387.27, 24.28, score: 84.9520, ssr ratio: 0.3826
batch training loss: 397.65, 16.25, score: 97.4045, ssr ratio: 0.3626
batch training loss: 438.96, 20.35, score: 106.1832, ssr ratio: 0.3426
batch training loss: 439.84, 20.15, score: 93.9482, ssr ratio: 0.3226
batch training loss: 457.54, 27.51, score: 98.5745, ssr ratio: 0.3026
batch training loss: 440.21, 31.96, score: 105.2442, ssr ratio: 0.2826
batch training loss: 450.66, 43.50, score: 102.8513, ssr ratio: 0.2626
batch training loss: 414.52, 31.65, score: 12.7796, ssr ratio: 0.2426
batch training loss: 469.16, 22.83, score: 103.1343, ssr ratio: 0.2226
tensor([0.9399, 0.8952, 0.8537, 0.8157, 0.7804, 0.7456, 0.7147, 0.6889, 0.6664,
        0.6437, 0.6260, 0.6175, 0.6187, 0.6222, 0.6207, 0.6077, 0.5817, 0.5505,
        0.5283, 0.5201, 0.5166, 0.5159, 0.5175, 0.5196], device='cuda:3')
epoch eval loss:
sst: 586.67, nino: 123.05, sc: 47.2582
eval score is not improved for 3 epoch

epoch: 5
batch training loss: 493.06, 37.87, score: 86.1383, ssr ratio: 0.2034
batch training loss: 533.11, 60.02, score: 95.0913, ssr ratio: 0.1834
batch training loss: 511.01, 27.74, score: 104.9078, ssr ratio: 0.1634
batch training loss: 563.52, 29.12, score: 81.3709, ssr ratio: 0.1434
batch training loss: 473.55, 38.31, score: 86.4900, ssr ratio: 0.1234
batch training loss: 471.21, 21.01, score: 29.5503, ssr ratio: 0.1034
batch training loss: 491.17, 50.60, score: 81.2643, ssr ratio: 0.0834
batch training loss: 490.63, 31.48, score: 22.9717, ssr ratio: 0.0634
batch training loss: 456.50, 34.27, score: 104.5202, ssr ratio: 0.0434
batch training loss: 567.02, 67.82, score: 19.6971, ssr ratio: 0.0234
tensor([0.9401, 0.8951, 0.8527, 0.8134, 0.7763, 0.7396, 0.7076, 0.6811, 0.6578,
        0.6346, 0.6170, 0.6092, 0.6109, 0.6145, 0.6123, 0.5977, 0.5698, 0.5375,
        0.5150, 0.5068, 0.5039, 0.5042, 0.5068, 0.5102], device='cuda:3')
epoch eval loss:
sst: 594.84, nino: 122.97, sc: 46.2536
eval score is not improved for 4 epoch

epoch: 6
batch training loss: 535.58, 34.41, score: 78.7929, ssr ratio: 0.0043
batch training loss: 548.78, 53.87, score: 100.2261, ssr ratio: 0.0000
batch training loss: 551.95, 40.27, score: 102.2765, ssr ratio: 0.0000
batch training loss: 530.02, 35.11, score: 103.5847, ssr ratio: 0.0000
batch training loss: 540.50, 111.01, score: 80.0888, ssr ratio: 0.0000
batch training loss: 455.53, 37.81, score: 65.3957, ssr ratio: 0.0000
batch training loss: 536.59, 64.05, score: 95.9045, ssr ratio: 0.0000
batch training loss: 520.15, 54.74, score: 79.4282, ssr ratio: 0.0000
batch training loss: 600.69, 53.02, score: 67.3679, ssr ratio: 0.0000
batch training loss: 500.68, 46.02, score: 42.3658, ssr ratio: 0.0000
tensor([0.9399, 0.8942, 0.8515, 0.8123, 0.7757, 0.7403, 0.7100, 0.6850, 0.6624,
        0.6397, 0.6228, 0.6157, 0.6178, 0.6210, 0.6188, 0.6044, 0.5765, 0.5439,
        0.5216, 0.5139, 0.5109, 0.5109, 0.5129, 0.5150], device='cuda:3')
epoch eval loss:
sst: 593.25, nino: 123.09, sc: 46.8766
eval score is not improved for 5 epoch

epoch: 7
batch training loss: 518.69, 56.28, score: 90.7783, ssr ratio: 0.0000
batch training loss: 491.37, 39.39, score: 85.1914, ssr ratio: 0.0000
batch training loss: 525.90, 41.90, score: 92.2368, ssr ratio: 0.0000
batch training loss: 489.72, 37.93, score: 102.7484, ssr ratio: 0.0000
batch training loss: 561.71, 33.74, score: 102.9334, ssr ratio: 0.0000
batch training loss: 543.36, 41.44, score: 103.9174, ssr ratio: 0.0000
batch training loss: 572.50, 38.93, score: 102.5357, ssr ratio: 0.0000
batch training loss: 507.49, 40.80, score: 97.7476, ssr ratio: 0.0000
batch training loss: 589.88, 34.74, score: 103.3072, ssr ratio: 0.0000
batch training loss: 459.09, 32.67, score: 104.8518, ssr ratio: 0.0000
tensor([0.9376, 0.8913, 0.8478, 0.8073, 0.7692, 0.7324, 0.7009, 0.6755, 0.6537,
        0.6332, 0.6190, 0.6144, 0.6180, 0.6223, 0.6203, 0.6055, 0.5768, 0.5435,
        0.5202, 0.5115, 0.5077, 0.5071, 0.5090, 0.5119], device='cuda:3')
epoch eval loss:
sst: 593.51, nino: 122.83, sc: 46.6448
eval score is not improved for 6 epoch

epoch: 8
batch training loss: 613.70, 49.14, score: -28.0166, ssr ratio: 0.0000
batch training loss: 518.40, 47.66, score: 101.6094, ssr ratio: 0.0000
batch training loss: 594.37, 52.92, score: 70.4460, ssr ratio: 0.0000
batch training loss: 510.21, 33.68, score: 103.2685, ssr ratio: 0.0000
batch training loss: 538.86, 47.88, score: 85.4031, ssr ratio: 0.0000
batch training loss: 502.83, 80.71, score: 77.8157, ssr ratio: 0.0000
batch training loss: 511.71, 35.22, score: 56.6332, ssr ratio: 0.0000
batch training loss: 529.19, 42.87, score: 100.9946, ssr ratio: 0.0000
batch training loss: 502.59, 44.28, score: 3.4930, ssr ratio: 0.0000
batch training loss: 549.62, 55.60, score: 84.4525, ssr ratio: 0.0000
tensor([0.9413, 0.8972, 0.8550, 0.8156, 0.7782, 0.7414, 0.7091, 0.6827, 0.6595,
        0.6373, 0.6213, 0.6150, 0.6176, 0.6213, 0.6193, 0.6046, 0.5759, 0.5426,
        0.5195, 0.5108, 0.5072, 0.5069, 0.5093, 0.5123], device='cuda:3')
epoch eval loss:
sst: 590.86, nino: 124.52, sc: 46.4870
eval score is not improved for 7 epoch

epoch: 9
batch training loss: 531.02, 54.29, score: 91.4622, ssr ratio: 0.0000
batch training loss: 562.30, 59.59, score: 100.3299, ssr ratio: 0.0000
batch training loss: 578.17, 41.30, score: 86.5803, ssr ratio: 0.0000
batch training loss: 596.94, 33.90, score: 56.3608, ssr ratio: 0.0000
batch training loss: 458.03, 48.93, score: 75.3263, ssr ratio: 0.0000
batch training loss: 550.79, 72.69, score: 96.3725, ssr ratio: 0.0000
batch training loss: 593.79, 37.42, score: 103.5161, ssr ratio: 0.0000
batch training loss: 512.43, 69.58, score: 89.4572, ssr ratio: 0.0000
batch training loss: 607.36, 62.58, score: 98.1433, ssr ratio: 0.0000
batch training loss: 545.64, 64.87, score: 45.7095, ssr ratio: 0.0000
tensor([0.9410, 0.8967, 0.8546, 0.8148, 0.7761, 0.7380, 0.7048, 0.6778, 0.6541,
        0.6314, 0.6160, 0.6111, 0.6153, 0.6200, 0.6184, 0.6038, 0.5753, 0.5426,
        0.5207, 0.5136, 0.5113, 0.5117, 0.5144, 0.5175], device='cuda:3')
epoch eval loss:
sst: 593.26, nino: 123.79, sc: 46.6372
eval score is not improved for 8 epoch

epoch: 10
batch training loss: 572.38, 62.60, score: 37.8391, ssr ratio: 0.0000
batch training loss: 585.37, 29.40, score: 55.1213, ssr ratio: 0.0000
batch training loss: 619.80, 70.98, score: 78.7948, ssr ratio: 0.0000
batch training loss: 469.99, 36.82, score: 21.5393, ssr ratio: 0.0000
batch training loss: 547.90, 70.99, score: 39.4407, ssr ratio: 0.0000
batch training loss: 498.64, 46.93, score: 99.3418, ssr ratio: 0.0000
batch training loss: 529.63, 23.76, score: 94.9690, ssr ratio: 0.0000
batch training loss: 482.80, 34.14, score: 85.8344, ssr ratio: 0.0000
batch training loss: 562.28, 100.99, score: 15.8069, ssr ratio: 0.0000
batch training loss: 624.47, 28.77, score: 71.8838, ssr ratio: 0.0000
tensor([0.9412, 0.8960, 0.8507, 0.8078, 0.7678, 0.7292, 0.6958, 0.6692, 0.6464,
        0.6256, 0.6125, 0.6098, 0.6151, 0.6198, 0.6172, 0.6013, 0.5715, 0.5375,
        0.5146, 0.5071, 0.5050, 0.5062, 0.5101, 0.5147], device='cuda:3')
epoch eval loss:
sst: 593.84, nino: 123.38, sc: 46.1978
eval score is not improved for 9 epoch

epoch: 11
batch training loss: 464.60, 26.76, score: 52.5148, ssr ratio: 0.0000
batch training loss: 544.79, 41.90, score: 85.8058, ssr ratio: 0.0000
batch training loss: 508.67, 41.78, score: 103.7115, ssr ratio: 0.0000
batch training loss: 539.35, 59.26, score: -18.1570, ssr ratio: 0.0000
batch training loss: 559.32, 25.89, score: 104.8985, ssr ratio: 0.0000
batch training loss: 540.94, 52.39, score: 102.6265, ssr ratio: 0.0000
batch training loss: 514.10, 60.67, score: 83.6700, ssr ratio: 0.0000
batch training loss: 511.31, 47.08, score: 93.0220, ssr ratio: 0.0000
batch training loss: 534.33, 52.94, score: 100.3168, ssr ratio: 0.0000
batch training loss: 472.10, 52.01, score: 96.5997, ssr ratio: 0.0000
tensor([0.9412, 0.8963, 0.8524, 0.8115, 0.7732, 0.7360, 0.7034, 0.6766, 0.6534,
        0.6321, 0.6179, 0.6136, 0.6176, 0.6218, 0.6195, 0.6047, 0.5762, 0.5430,
        0.5199, 0.5114, 0.5081, 0.5078, 0.5097, 0.5121], device='cuda:3')
epoch eval loss:
sst: 591.22, nino: 123.45, sc: 46.5344
eval score is not improved for 10 epoch

epoch: 12
batch training loss: 564.14, 96.85, score: 34.9932, ssr ratio: 0.0000
batch training loss: 545.69, 73.10, score: 66.5222, ssr ratio: 0.0000
batch training loss: 548.20, 52.26, score: -1.3488, ssr ratio: 0.0000
batch training loss: 579.26, 46.14, score: 63.8946, ssr ratio: 0.0000
batch training loss: 532.74, 25.91, score: 104.7519, ssr ratio: 0.0000
batch training loss: 529.39, 40.84, score: 102.6658, ssr ratio: 0.0000
batch training loss: 545.83, 35.99, score: 93.0654, ssr ratio: 0.0000
batch training loss: 487.87, 43.49, score: 16.7994, ssr ratio: 0.0000
batch training loss: 558.26, 28.44, score: 93.9415, ssr ratio: 0.0000
batch training loss: 491.57, 71.23, score: 95.0679, ssr ratio: 0.0000
tensor([0.9452, 0.9027, 0.8612, 0.8220, 0.7841, 0.7459, 0.7119, 0.6841, 0.6603,
        0.6388, 0.6249, 0.6215, 0.6265, 0.6314, 0.6296, 0.6146, 0.5856, 0.5522,
        0.5294, 0.5214, 0.5186, 0.5189, 0.5218, 0.5252], device='cuda:3')
epoch eval loss:
sst: 592.86, nino: 122.13, sc: 47.8416
eval score is not improved for 11 epoch

epoch: 13
batch training loss: 531.76, 47.73, score: 102.9797, ssr ratio: 0.0000
batch training loss: 533.07, 33.22, score: 72.4078, ssr ratio: 0.0000
batch training loss: 504.12, 26.21, score: 104.3708, ssr ratio: 0.0000
batch training loss: 512.52, 44.04, score: 98.1273, ssr ratio: 0.0000
batch training loss: 476.54, 38.16, score: 14.4022, ssr ratio: 0.0000
batch training loss: 555.71, 26.26, score: 105.4351, ssr ratio: 0.0000
batch training loss: 501.18, 41.04, score: 104.1170, ssr ratio: 0.0000
batch training loss: 551.49, 51.80, score: 15.7416, ssr ratio: 0.0000
batch training loss: 603.22, 39.75, score: 86.4337, ssr ratio: 0.0000
batch training loss: 552.53, 35.81, score: 103.8507, ssr ratio: 0.0000
tensor([0.9431, 0.9008, 0.8601, 0.8223, 0.7859, 0.7491, 0.7160, 0.6882, 0.6637,
        0.6414, 0.6264, 0.6221, 0.6259, 0.6286, 0.6235, 0.6054, 0.5742, 0.5398,
        0.5166, 0.5091, 0.5072, 0.5085, 0.5117, 0.5144], device='cuda:3')
epoch eval loss:
sst: 592.08, nino: 122.66, sc: 47.0514
eval score is not improved for 12 epoch

epoch: 14
batch training loss: 565.59, 53.95, score: 21.8770, ssr ratio: 0.0000
batch training loss: 483.21, 80.67, score: 94.4112, ssr ratio: 0.0000
batch training loss: 536.63, 39.04, score: 65.6207, ssr ratio: 0.0000
batch training loss: 516.57, 48.06, score: 96.5039, ssr ratio: 0.0000
batch training loss: 568.35, 38.63, score: 87.3269, ssr ratio: 0.0000
batch training loss: 560.70, 74.38, score: 74.9958, ssr ratio: 0.0000
batch training loss: 583.51, 37.89, score: 98.2030, ssr ratio: 0.0000
batch training loss: 497.60, 31.39, score: 66.7346, ssr ratio: 0.0000
batch training loss: 494.62, 56.92, score: 101.3899, ssr ratio: 0.0000
batch training loss: 511.08, 52.31, score: 10.9791, ssr ratio: 0.0000
tensor([0.9412, 0.8970, 0.8547, 0.8151, 0.7766, 0.7387, 0.7053, 0.6781, 0.6546,
        0.6336, 0.6207, 0.6189, 0.6251, 0.6305, 0.6279, 0.6118, 0.5813, 0.5465,
        0.5223, 0.5136, 0.5108, 0.5110, 0.5133, 0.5158], device='cuda:3')
epoch eval loss:
sst: 592.80, nino: 122.90, sc: 47.0290
eval score is not improved for 13 epoch

epoch: 15
batch training loss: 551.29, 59.08, score: 45.6786, ssr ratio: 0.0000
batch training loss: 493.58, 44.23, score: 93.1554, ssr ratio: 0.0000
batch training loss: 528.17, 54.88, score: 41.2503, ssr ratio: 0.0000
batch training loss: 499.50, 62.68, score: 67.5678, ssr ratio: 0.0000
batch training loss: 532.68, 39.04, score: 79.1018, ssr ratio: 0.0000
batch training loss: 550.69, 29.73, score: 56.9163, ssr ratio: 0.0000
batch training loss: 629.53, 75.61, score: 96.7338, ssr ratio: 0.0000
batch training loss: 513.56, 73.67, score: 101.3387, ssr ratio: 0.0000
batch training loss: 564.37, 90.35, score: -24.2419, ssr ratio: 0.0000
batch training loss: 622.11, 39.16, score: 73.1673, ssr ratio: 0.0000
tensor([0.9399, 0.8937, 0.8488, 0.8080, 0.7704, 0.7339, 0.7017, 0.6753, 0.6520,
        0.6306, 0.6173, 0.6150, 0.6209, 0.6256, 0.6230, 0.6070, 0.5770, 0.5429,
        0.5201, 0.5131, 0.5114, 0.5126, 0.5159, 0.5194], device='cuda:3')
epoch eval loss:
sst: 593.02, nino: 122.52, sc: 46.9030
eval score is not improved for 14 epoch

epoch: 16
batch training loss: 504.10, 49.07, score: 98.8402, ssr ratio: 0.0000
batch training loss: 589.13, 46.69, score: 101.9843, ssr ratio: 0.0000
batch training loss: 517.91, 54.74, score: 64.6068, ssr ratio: 0.0000
batch training loss: 521.77, 27.01, score: 55.3452, ssr ratio: 0.0000
batch training loss: 604.86, 40.63, score: 75.8910, ssr ratio: 0.0000
batch training loss: 509.37, 43.13, score: 38.6501, ssr ratio: 0.0000
batch training loss: 542.57, 22.20, score: 105.9190, ssr ratio: 0.0000
batch training loss: 574.88, 45.62, score: 92.8605, ssr ratio: 0.0000
batch training loss: 520.65, 80.56, score: 83.4947, ssr ratio: 0.0000
batch training loss: 587.15, 45.25, score: 80.8811, ssr ratio: 0.0000
tensor([0.9439, 0.9019, 0.8618, 0.8250, 0.7905, 0.7565, 0.7257, 0.6998, 0.6772,
        0.6566, 0.6428, 0.6389, 0.6437, 0.6489, 0.6466, 0.6305, 0.6002, 0.5655,
        0.5408, 0.5307, 0.5257, 0.5241, 0.5256, 0.5282], device='cuda:3')
epoch eval loss:
sst: 593.55, nino: 120.82, sc: 49.2368
eval score is not improved for 15 epoch

epoch: 17
batch training loss: 519.49, 61.58, score: 50.5350, ssr ratio: 0.0000
batch training loss: 578.41, 53.76, score: 75.0492, ssr ratio: 0.0000
batch training loss: 537.05, 27.69, score: 0.8777, ssr ratio: 0.0000
batch training loss: 547.06, 34.29, score: 91.0855, ssr ratio: 0.0000
batch training loss: 590.41, 42.68, score: 94.7475, ssr ratio: 0.0000
batch training loss: 469.33, 44.74, score: 101.9554, ssr ratio: 0.0000
batch training loss: 584.54, 63.49, score: 73.4525, ssr ratio: 0.0000
batch training loss: 460.74, 28.37, score: 105.1406, ssr ratio: 0.0000
batch training loss: 515.29, 44.17, score: 36.5171, ssr ratio: 0.0000
batch training loss: 488.02, 16.74, score: 106.3846, ssr ratio: 0.0000
tensor([0.9429, 0.8994, 0.8573, 0.8180, 0.7802, 0.7431, 0.7096, 0.6825, 0.6603,
        0.6409, 0.6288, 0.6270, 0.6329, 0.6380, 0.6350, 0.6185, 0.5877, 0.5523,
        0.5276, 0.5189, 0.5160, 0.5157, 0.5170, 0.5180], device='cuda:3')
epoch eval loss:
sst: 592.57, nino: 122.45, sc: 47.7060
eval score is not improved for 16 epoch

epoch: 18
batch training loss: 569.05, 45.31, score: 80.0005, ssr ratio: 0.0000
batch training loss: 518.74, 88.13, score: 93.3004, ssr ratio: 0.0000
batch training loss: 514.94, 44.79, score: 54.1281, ssr ratio: 0.0000
batch training loss: 573.46, 62.76, score: -8.7175, ssr ratio: 0.0000
batch training loss: 556.72, 33.43, score: 102.9612, ssr ratio: 0.0000
batch training loss: 540.79, 52.63, score: 7.6803, ssr ratio: 0.0000
batch training loss: 464.04, 32.39, score: 99.3207, ssr ratio: 0.0000
batch training loss: 526.70, 34.16, score: 26.1767, ssr ratio: 0.0000
batch training loss: 588.95, 55.81, score: 94.8162, ssr ratio: 0.0000
batch training loss: 504.54, 47.15, score: -28.9405, ssr ratio: 0.0000
tensor([0.9457, 0.9057, 0.8665, 0.8281, 0.7894, 0.7491, 0.7122, 0.6818, 0.6573,
        0.6373, 0.6262, 0.6259, 0.6333, 0.6390, 0.6355, 0.6173, 0.5857, 0.5517,
        0.5305, 0.5253, 0.5248, 0.5268, 0.5305, 0.5339], device='cuda:3')
epoch eval loss:
sst: 594.56, nino: 121.99, sc: 48.2757
eval score is not improved for 17 epoch

epoch: 19
batch training loss: 525.22, 53.01, score: 101.8843, ssr ratio: 0.0000
batch training loss: 537.96, 38.58, score: 93.6362, ssr ratio: 0.0000
batch training loss: 529.86, 71.98, score: -13.4219, ssr ratio: 0.0000
batch training loss: 570.26, 20.99, score: 94.6390, ssr ratio: 0.0000
batch training loss: 507.54, 60.11, score: 62.0209, ssr ratio: 0.0000
batch training loss: 563.57, 22.66, score: 106.2043, ssr ratio: 0.0000
batch training loss: 547.21, 27.63, score: 104.5527, ssr ratio: 0.0000
batch training loss: 523.37, 55.90, score: 85.8242, ssr ratio: 0.0000
batch training loss: 520.34, 54.70, score: 81.2262, ssr ratio: 0.0000
batch training loss: 539.45, 26.47, score: 93.0191, ssr ratio: 0.0000
tensor([0.9445, 0.9030, 0.8624, 0.8228, 0.7832, 0.7436, 0.7085, 0.6806, 0.6584,
        0.6388, 0.6265, 0.6247, 0.6304, 0.6342, 0.6291, 0.6106, 0.5791, 0.5444,
        0.5216, 0.5153, 0.5154, 0.5187, 0.5232, 0.5267], device='cuda:3')
epoch eval loss:
sst: 592.10, nino: 123.25, sc: 47.4233
eval score is not improved for 18 epoch

epoch: 20
batch training loss: 529.26, 57.18, score: 100.3791, ssr ratio: 0.0000
batch training loss: 566.27, 39.16, score: 51.4193, ssr ratio: 0.0000
batch training loss: 555.91, 48.85, score: 102.8228, ssr ratio: 0.0000
batch training loss: 551.53, 63.81, score: 61.8731, ssr ratio: 0.0000
batch training loss: 534.12, 50.70, score: 93.4981, ssr ratio: 0.0000
batch training loss: 505.40, 35.87, score: 87.2506, ssr ratio: 0.0000
batch training loss: 573.83, 24.69, score: 101.4101, ssr ratio: 0.0000
batch training loss: 538.36, 40.42, score: 59.8055, ssr ratio: 0.0000
batch training loss: 472.03, 26.34, score: 105.3121, ssr ratio: 0.0000
batch training loss: 579.46, 46.85, score: 69.6064, ssr ratio: 0.0000
tensor([0.9436, 0.9007, 0.8594, 0.8212, 0.7845, 0.7472, 0.7130, 0.6852, 0.6628,
        0.6444, 0.6342, 0.6339, 0.6399, 0.6437, 0.6384, 0.6189, 0.5855, 0.5498,
        0.5271, 0.5211, 0.5205, 0.5216, 0.5235, 0.5251], device='cuda:3')
epoch eval loss:
sst: 594.06, nino: 121.93, sc: 48.1873
eval score is not improved for 19 epoch

epoch: 21
batch training loss: 554.01, 31.39, score: 60.3251, ssr ratio: 0.0000
batch training loss: 584.05, 31.69, score: 104.9829, ssr ratio: 0.0000
batch training loss: 521.73, 61.57, score: 76.2515, ssr ratio: 0.0000
batch training loss: 568.72, 66.23, score: 93.8279, ssr ratio: 0.0000
batch training loss: 467.13, 43.31, score: 103.3874, ssr ratio: 0.0000
batch training loss: 590.33, 42.12, score: 103.5356, ssr ratio: 0.0000
batch training loss: 642.35, 58.26, score: 101.1886, ssr ratio: 0.0000
batch training loss: 594.32, 39.04, score: 87.8661, ssr ratio: 0.0000
batch training loss: 544.52, 31.18, score: 93.2619, ssr ratio: 0.0000
batch training loss: 465.59, 56.50, score: 99.3404, ssr ratio: 0.0000
tensor([0.9382, 0.8931, 0.8508, 0.8116, 0.7745, 0.7371, 0.7036, 0.6767, 0.6548,
        0.6361, 0.6246, 0.6230, 0.6286, 0.6324, 0.6273, 0.6089, 0.5782, 0.5449,
        0.5238, 0.5185, 0.5189, 0.5223, 0.5262, 0.5285], device='cuda:3')
epoch eval loss:
sst: 594.04, nino: 123.06, sc: 47.4214
eval score is not improved for 20 epoch
early stopping reached, best score is 49.471320

----- training finished -----

processing test set
(395, 38, 24, 48, 1, 4)
(395, 38, 24, 48, 4)
(395, 38, 3)
predData.shape= (395, 38, 2, 24, 48)
{'sst': (395, 38, 24, 48, 6), 'nino target': (395, 38, 3)}
loading test dataloader
Traceback (most recent call last):
  File "trainer.py", line 264, in <module>
    trainer.network.load_state_dict(chk['net'])
  File "/home/ruichuang/anaconda3/envs/AGCRN_env/lib/python3.8/site-packages/torch/nn/modules/module.py", line 1604, in load_state_dict
    raise RuntimeError('Error(s) in loading state_dict for {}:\n\t{}'.format(
RuntimeError: Error(s) in loading state_dict for SAConvLSTM:
	size mismatch for layers.0.conv.weight: copying a param with shape torch.Size([512, 136, 3, 3]) from checkpoint, the shape in current model is torch.Size([256, 72, 3, 3]).
	size mismatch for layers.0.conv.bias: copying a param with shape torch.Size([512]) from checkpoint, the shape in current model is torch.Size([256]).
	size mismatch for layers.0.sa.conv_h.weight: copying a param with shape torch.Size([384, 128, 1, 1]) from checkpoint, the shape in current model is torch.Size([384, 64, 1, 1]).
	size mismatch for layers.0.sa.conv_m.weight: copying a param with shape torch.Size([256, 128, 1, 1]) from checkpoint, the shape in current model is torch.Size([256, 64, 1, 1]).
	size mismatch for layers.0.sa.conv_output.weight: copying a param with shape torch.Size([384, 256, 3, 3]) from checkpoint, the shape in current model is torch.Size([192, 192, 3, 3]).
	size mismatch for layers.0.sa.conv_output.bias: copying a param with shape torch.Size([384]) from checkpoint, the shape in current model is torch.Size([192]).
	size mismatch for layers.1.conv.weight: copying a param with shape torch.Size([512, 256, 3, 3]) from checkpoint, the shape in current model is torch.Size([256, 128, 3, 3]).
	size mismatch for layers.1.conv.bias: copying a param with shape torch.Size([512]) from checkpoint, the shape in current model is torch.Size([256]).
	size mismatch for layers.1.sa.conv_h.weight: copying a param with shape torch.Size([384, 128, 1, 1]) from checkpoint, the shape in current model is torch.Size([384, 64, 1, 1]).
	size mismatch for layers.1.sa.conv_m.weight: copying a param with shape torch.Size([256, 128, 1, 1]) from checkpoint, the shape in current model is torch.Size([256, 64, 1, 1]).
	size mismatch for layers.1.sa.conv_output.weight: copying a param with shape torch.Size([384, 256, 3, 3]) from checkpoint, the shape in current model is torch.Size([192, 192, 3, 3]).
	size mismatch for layers.1.sa.conv_output.bias: copying a param with shape torch.Size([384]) from checkpoint, the shape in current model is torch.Size([192]).
	size mismatch for layers.2.conv.weight: copying a param with shape torch.Size([512, 256, 3, 3]) from checkpoint, the shape in current model is torch.Size([256, 128, 3, 3]).
	size mismatch for layers.2.conv.bias: copying a param with shape torch.Size([512]) from checkpoint, the shape in current model is torch.Size([256]).
	size mismatch for layers.2.sa.conv_h.weight: copying a param with shape torch.Size([384, 128, 1, 1]) from checkpoint, the shape in current model is torch.Size([384, 64, 1, 1]).
	size mismatch for layers.2.sa.conv_m.weight: copying a param with shape torch.Size([256, 128, 1, 1]) from checkpoint, the shape in current model is torch.Size([256, 64, 1, 1]).
	size mismatch for layers.2.sa.conv_output.weight: copying a param with shape torch.Size([384, 256, 3, 3]) from checkpoint, the shape in current model is torch.Size([192, 192, 3, 3]).
	size mismatch for layers.2.sa.conv_output.bias: copying a param with shape torch.Size([384]) from checkpoint, the shape in current model is torch.Size([192]).
	size mismatch for layers.3.conv.weight: copying a param with shape torch.Size([512, 256, 3, 3]) from checkpoint, the shape in current model is torch.Size([256, 128, 3, 3]).
	size mismatch for layers.3.conv.bias: copying a param with shape torch.Size([512]) from checkpoint, the shape in current model is torch.Size([256]).
	size mismatch for layers.3.sa.conv_h.weight: copying a param with shape torch.Size([384, 128, 1, 1]) from checkpoint, the shape in current model is torch.Size([384, 64, 1, 1]).
	size mismatch for layers.3.sa.conv_m.weight: copying a param with shape torch.Size([256, 128, 1, 1]) from checkpoint, the shape in current model is torch.Size([256, 64, 1, 1]).
	size mismatch for layers.3.sa.conv_output.weight: copying a param with shape torch.Size([384, 256, 3, 3]) from checkpoint, the shape in current model is torch.Size([192, 192, 3, 3]).
	size mismatch for layers.3.sa.conv_output.bias: copying a param with shape torch.Size([384]) from checkpoint, the shape in current model is torch.Size([192]).
	size mismatch for conv_output.weight: copying a param with shape torch.Size([2, 128, 1, 1]) from checkpoint, the shape in current model is torch.Size([2, 64, 1, 1]).
