nohup: 忽略输入
{'n_cpu': 0, 'device': device(type='cuda', index=1), 'batch_size_test': 40, 'batch_size': 2, 'lr': 0.001, 'weight_decay': 0, 'display_interval': 250, 'num_epochs': 50, 'early_stopping': True, 'patience': 20, 'gradient_clipping': True, 'clipping_threshold': 1.0, 'input_dim': 8, 'output_dim': 2, 'input_length': 12, 'output_length': 24, 'input_gap': 1, 'pred_shift': 24, 'model_i': 0, 'kernel_size': (3, 3), 'bias': True, 'hidden_dim_1': (64, 64, 64, 64), 'd_attn_1': 16, 'ssr_decay_rate': 8e-05, 'hidden_dim_2': (32, 32, 32, 32), 'd_attn_2': 16, 'hidden_dim_3': (32, 32, 32, 32), 'd_attn_3': 16, 'hidden_dim_4': (32, 32, 32, 32), 'd_attn_4': 16, 'hidden_dim_5': (32, 32, 32, 32), 'd_attn_5': 16, 'use_hc': 1, 'time': 'hybrid', 'save_last': 0}

reading data
(1692, 24, 48, 21, 4) (432, 24, 48, 1, 4)
(1692, 21, 3) (432, 1, 3)
processing training set
(237, 38, 24, 48, 21, 4)
(4977, 38, 24, 48, 4)
(4977, 38, 3)
predData.shape= (4977, 38, 2, 24, 48)
{'sst': (4977, 38, 24, 48, 6), 'nino target': (4977, 38, 3)}
processing eval set
(395, 38, 24, 48, 1, 4)
(395, 38, 24, 48, 4)
(395, 38, 3)
predData.shape= (395, 38, 2, 24, 48)
{'sst': (395, 38, 24, 48, 6), 'nino target': (395, 38, 3)}
Total params num: 1646850
*****************Finish Parameter****************
loading train dataloader
loading eval dataloader

epoch: 1
batch training loss: 1109.41, 189.60, score: -5.5961, ssr ratio: 0.9999
batch training loss: 445.51, 24.02, score: 101.1056, ssr ratio: 0.9799
batch training loss: 382.95, 23.76, score: 66.2879, ssr ratio: 0.9599
batch training loss: 450.90, 32.75, score: 104.4093, ssr ratio: 0.9399
batch training loss: 378.36, 12.06, score: 101.2906, ssr ratio: 0.9199
batch training loss: 389.48, 30.20, score: 104.2675, ssr ratio: 0.8999
batch training loss: 369.46, 20.63, score: 64.5065, ssr ratio: 0.8799
batch training loss: 373.45, 34.38, score: 103.9642, ssr ratio: 0.8599
batch training loss: 442.93, 22.08, score: 101.3039, ssr ratio: 0.8399
batch training loss: 503.46, 14.02, score: 106.9761, ssr ratio: 0.8199
tensor([0.9382, 0.8922, 0.8520, 0.8193, 0.7922, 0.7665, 0.7421, 0.7192, 0.6970,
        0.6738, 0.6547, 0.6440, 0.6423, 0.6443, 0.6441, 0.6348, 0.6138, 0.5861,
        0.5636, 0.5524, 0.5446, 0.5393, 0.5373, 0.5363], device='cuda:1')
epoch eval loss:
sst: 651.20, nino: 121.16, sc: 50.4139
eval score is improved from -inf to 50.41391, saving model

epoch: 2
batch training loss: 397.37, 14.36, score: 106.6106, ssr ratio: 0.8008
batch training loss: 391.36, 26.70, score: 92.6252, ssr ratio: 0.7808
batch training loss: 499.63, 14.82, score: 89.8936, ssr ratio: 0.7608
batch training loss: 358.08, 10.54, score: 91.5169, ssr ratio: 0.7408
batch training loss: 454.13, 44.51, score: 73.6149, ssr ratio: 0.7208
batch training loss: 395.96, 19.75, score: 79.8704, ssr ratio: 0.7008
batch training loss: 373.38, 24.05, score: 105.7319, ssr ratio: 0.6808
batch training loss: 435.93, 27.61, score: 72.9999, ssr ratio: 0.6608
batch training loss: 353.42, 14.67, score: 100.4151, ssr ratio: 0.6408
batch training loss: 378.28, 33.34, score: 104.4686, ssr ratio: 0.6208
tensor([0.9327, 0.8838, 0.8388, 0.7983, 0.7630, 0.7305, 0.7020, 0.6778, 0.6564,
        0.6345, 0.6164, 0.6066, 0.6066, 0.6101, 0.6104, 0.6012, 0.5797, 0.5515,
        0.5304, 0.5219, 0.5172, 0.5153, 0.5154, 0.5159], device='cuda:1')
epoch eval loss:
sst: 599.09, nino: 124.60, sc: 46.2796
Epoch 00002: reducing learning rate of group 0 to 3.0000e-04.
eval score is not improved for 1 epoch

epoch: 3
batch training loss: 424.93, 16.46, score: 67.8296, ssr ratio: 0.6017
batch training loss: 383.40, 19.54, score: 104.9119, ssr ratio: 0.5817
batch training loss: 388.43, 22.20, score: 71.8055, ssr ratio: 0.5617
batch training loss: 390.55, 19.57, score: 79.8090, ssr ratio: 0.5417
batch training loss: 410.25, 20.52, score: 105.9083, ssr ratio: 0.5217
batch training loss: 378.91, 29.92, score: 86.6356, ssr ratio: 0.5017
batch training loss: 366.21, 37.34, score: 96.9740, ssr ratio: 0.4817
batch training loss: 390.11, 24.58, score: 83.2767, ssr ratio: 0.4617
batch training loss: 434.90, 27.98, score: 104.7517, ssr ratio: 0.4417
batch training loss: 421.80, 54.47, score: 5.3217, ssr ratio: 0.4217
tensor([0.9336, 0.8852, 0.8416, 0.8027, 0.7672, 0.7328, 0.7025, 0.6777, 0.6567,
        0.6362, 0.6200, 0.6119, 0.6130, 0.6166, 0.6147, 0.6015, 0.5758, 0.5447,
        0.5219, 0.5130, 0.5091, 0.5080, 0.5093, 0.5117], device='cuda:1')
epoch eval loss:
sst: 589.24, nino: 124.52, sc: 46.2475
Epoch 00003: reducing learning rate of group 0 to 1.0000e-04.
eval score is not improved for 2 epoch

epoch: 4
batch training loss: 410.73, 26.63, score: 91.2830, ssr ratio: 0.4026
batch training loss: 388.20, 24.94, score: 84.8517, ssr ratio: 0.3826
batch training loss: 397.32, 16.17, score: 97.2336, ssr ratio: 0.3626
batch training loss: 439.83, 19.48, score: 106.2283, ssr ratio: 0.3426
batch training loss: 439.17, 16.92, score: 94.3498, ssr ratio: 0.3226
batch training loss: 458.13, 30.32, score: 98.3078, ssr ratio: 0.3026
batch training loss: 441.54, 36.40, score: 104.7860, ssr ratio: 0.2826
batch training loss: 450.75, 44.60, score: 102.5392, ssr ratio: 0.2626
batch training loss: 415.30, 31.99, score: 2.8311, ssr ratio: 0.2426
batch training loss: 468.40, 23.02, score: 103.1866, ssr ratio: 0.2226
tensor([0.9372, 0.8913, 0.8494, 0.8123, 0.7786, 0.7454, 0.7158, 0.6912, 0.6692,
        0.6463, 0.6278, 0.6183, 0.6186, 0.6215, 0.6197, 0.6068, 0.5812, 0.5501,
        0.5275, 0.5186, 0.5145, 0.5135, 0.5147, 0.5167], device='cuda:1')
epoch eval loss:
sst: 587.65, nino: 123.15, sc: 47.1502
eval score is not improved for 3 epoch

epoch: 5
batch training loss: 493.52, 35.89, score: 86.4125, ssr ratio: 0.2034
batch training loss: 534.15, 58.26, score: 95.4058, ssr ratio: 0.1834
batch training loss: 511.15, 28.42, score: 104.6961, ssr ratio: 0.1634
batch training loss: 566.74, 30.19, score: 75.4304, ssr ratio: 0.1434
batch training loss: 475.55, 40.68, score: 86.2396, ssr ratio: 0.1234
batch training loss: 472.24, 19.89, score: 29.6916, ssr ratio: 0.1034
batch training loss: 490.94, 48.40, score: 81.5878, ssr ratio: 0.0834
batch training loss: 490.53, 32.57, score: 23.0557, ssr ratio: 0.0634
batch training loss: 456.98, 35.36, score: 104.3619, ssr ratio: 0.0434
batch training loss: 567.52, 69.18, score: 13.9122, ssr ratio: 0.0234
tensor([0.9362, 0.8901, 0.8482, 0.8100, 0.7744, 0.7397, 0.7095, 0.6847, 0.6631,
        0.6406, 0.6223, 0.6128, 0.6130, 0.6159, 0.6137, 0.5990, 0.5709, 0.5378,
        0.5141, 0.5046, 0.5003, 0.4992, 0.5002, 0.5023], device='cuda:1')
epoch eval loss:
sst: 595.80, nino: 123.03, sc: 46.1423
eval score is not improved for 4 epoch

epoch: 6
batch training loss: 536.49, 35.28, score: 73.3169, ssr ratio: 0.0043
batch training loss: 549.38, 54.88, score: 100.2201, ssr ratio: 0.0000
batch training loss: 553.06, 40.57, score: 100.0066, ssr ratio: 0.0000
batch training loss: 530.77, 36.03, score: 103.4368, ssr ratio: 0.0000
batch training loss: 540.40, 109.01, score: 80.4016, ssr ratio: 0.0000
batch training loss: 456.29, 37.47, score: 65.4057, ssr ratio: 0.0000
batch training loss: 537.40, 65.24, score: 95.6597, ssr ratio: 0.0000
batch training loss: 519.25, 52.48, score: 79.7460, ssr ratio: 0.0000
batch training loss: 602.08, 54.21, score: 67.1153, ssr ratio: 0.0000
batch training loss: 501.80, 45.84, score: 30.8502, ssr ratio: 0.0000
tensor([0.9367, 0.8906, 0.8482, 0.8098, 0.7746, 0.7410, 0.7123, 0.6889, 0.6678,
        0.6460, 0.6289, 0.6202, 0.6206, 0.6228, 0.6201, 0.6054, 0.5777, 0.5453,
        0.5231, 0.5149, 0.5117, 0.5113, 0.5127, 0.5143], device='cuda:1')
epoch eval loss:
sst: 593.62, nino: 122.90, sc: 47.0672
eval score is not improved for 5 epoch

epoch: 7
batch training loss: 519.37, 53.17, score: 91.2487, ssr ratio: 0.0000
batch training loss: 491.62, 40.10, score: 90.4698, ssr ratio: 0.0000
batch training loss: 526.18, 41.16, score: 92.3447, ssr ratio: 0.0000
batch training loss: 490.16, 38.51, score: 102.8309, ssr ratio: 0.0000
batch training loss: 561.69, 33.51, score: 102.9773, ssr ratio: 0.0000
batch training loss: 543.90, 41.10, score: 103.9076, ssr ratio: 0.0000
batch training loss: 572.21, 37.18, score: 102.7039, ssr ratio: 0.0000
batch training loss: 508.11, 41.00, score: 97.8014, ssr ratio: 0.0000
batch training loss: 590.48, 34.42, score: 103.4749, ssr ratio: 0.0000
batch training loss: 459.44, 33.67, score: 104.7845, ssr ratio: 0.0000
tensor([0.9355, 0.8886, 0.8456, 0.8064, 0.7702, 0.7350, 0.7046, 0.6799, 0.6585,
        0.6375, 0.6221, 0.6155, 0.6177, 0.6211, 0.6191, 0.6042, 0.5758, 0.5427,
        0.5198, 0.5111, 0.5074, 0.5067, 0.5080, 0.5100], device='cuda:1')
epoch eval loss:
sst: 593.66, nino: 122.89, sc: 46.6528
eval score is not improved for 6 epoch

epoch: 8
batch training loss: 613.34, 49.53, score: -28.1337, ssr ratio: 0.0000
batch training loss: 518.68, 50.54, score: 101.2306, ssr ratio: 0.0000
batch training loss: 595.50, 52.84, score: 70.4161, ssr ratio: 0.0000
batch training loss: 510.48, 35.26, score: 103.0206, ssr ratio: 0.0000
batch training loss: 540.35, 48.80, score: 85.2826, ssr ratio: 0.0000
batch training loss: 503.94, 82.62, score: 77.5445, ssr ratio: 0.0000
batch training loss: 512.36, 33.99, score: 66.7479, ssr ratio: 0.0000
batch training loss: 530.68, 43.79, score: 101.0009, ssr ratio: 0.0000
batch training loss: 502.38, 44.29, score: 3.5199, ssr ratio: 0.0000
batch training loss: 549.13, 55.67, score: 84.5012, ssr ratio: 0.0000
tensor([0.9378, 0.8919, 0.8494, 0.8106, 0.7744, 0.7387, 0.7073, 0.6810, 0.6575,
        0.6345, 0.6175, 0.6101, 0.6119, 0.6152, 0.6131, 0.5984, 0.5699, 0.5369,
        0.5144, 0.5064, 0.5033, 0.5034, 0.5053, 0.5076], device='cuda:1')
epoch eval loss:
sst: 591.89, nino: 124.65, sc: 45.9651
eval score is not improved for 7 epoch

epoch: 9
batch training loss: 531.73, 54.83, score: 91.3956, ssr ratio: 0.0000
batch training loss: 564.09, 61.47, score: 101.5523, ssr ratio: 0.0000
batch training loss: 578.94, 43.23, score: 92.9433, ssr ratio: 0.0000
batch training loss: 599.01, 33.56, score: 56.4564, ssr ratio: 0.0000
batch training loss: 460.41, 49.12, score: 75.3488, ssr ratio: 0.0000
batch training loss: 549.80, 67.71, score: 96.9859, ssr ratio: 0.0000
batch training loss: 594.29, 36.56, score: 103.7093, ssr ratio: 0.0000
batch training loss: 513.24, 72.02, score: 89.1296, ssr ratio: 0.0000
batch training loss: 607.30, 63.49, score: 98.0592, ssr ratio: 0.0000
batch training loss: 549.85, 69.50, score: 44.7658, ssr ratio: 0.0000
tensor([0.9377, 0.8909, 0.8480, 0.8089, 0.7720, 0.7352, 0.7034, 0.6772, 0.6538,
        0.6308, 0.6144, 0.6079, 0.6103, 0.6137, 0.6115, 0.5963, 0.5677, 0.5351,
        0.5139, 0.5075, 0.5059, 0.5070, 0.5096, 0.5125], device='cuda:1')
epoch eval loss:
sst: 594.22, nino: 124.41, sc: 45.9833
eval score is not improved for 8 epoch

epoch: 10
batch training loss: 573.07, 61.39, score: 38.0631, ssr ratio: 0.0000
batch training loss: 585.37, 28.71, score: 55.0807, ssr ratio: 0.0000
batch training loss: 621.24, 72.46, score: 78.5038, ssr ratio: 0.0000
batch training loss: 472.74, 39.90, score: 21.1474, ssr ratio: 0.0000
batch training loss: 549.15, 73.95, score: 39.2101, ssr ratio: 0.0000
batch training loss: 497.88, 45.60, score: 89.1552, ssr ratio: 0.0000
batch training loss: 530.44, 25.23, score: 94.7774, ssr ratio: 0.0000
batch training loss: 483.54, 35.07, score: 68.8370, ssr ratio: 0.0000
batch training loss: 562.67, 99.13, score: 16.0192, ssr ratio: 0.0000
batch training loss: 626.15, 31.67, score: 71.5876, ssr ratio: 0.0000
tensor([0.9383, 0.8910, 0.8457, 0.8038, 0.7644, 0.7261, 0.6938, 0.6686, 0.6472,
        0.6267, 0.6126, 0.6079, 0.6116, 0.6156, 0.6133, 0.5978, 0.5688, 0.5362,
        0.5153, 0.5096, 0.5084, 0.5100, 0.5135, 0.5176], device='cuda:1')
epoch eval loss:
sst: 593.78, nino: 123.47, sc: 46.1449
eval score is not improved for 9 epoch

epoch: 11
batch training loss: 464.52, 26.77, score: 56.9414, ssr ratio: 0.0000
batch training loss: 543.52, 42.36, score: 85.8643, ssr ratio: 0.0000
batch training loss: 507.34, 41.83, score: 103.8047, ssr ratio: 0.0000
batch training loss: 539.77, 58.65, score: -8.0359, ssr ratio: 0.0000
batch training loss: 560.64, 25.30, score: 105.2068, ssr ratio: 0.0000
batch training loss: 542.22, 49.53, score: 103.1090, ssr ratio: 0.0000
batch training loss: 518.01, 62.85, score: 83.3785, ssr ratio: 0.0000
batch training loss: 511.37, 47.74, score: 93.2285, ssr ratio: 0.0000
batch training loss: 535.67, 54.90, score: 99.9894, ssr ratio: 0.0000
batch training loss: 472.21, 51.98, score: 96.5960, ssr ratio: 0.0000
tensor([0.9385, 0.8926, 0.8498, 0.8109, 0.7744, 0.7382, 0.7064, 0.6799, 0.6564,
        0.6335, 0.6170, 0.6106, 0.6130, 0.6161, 0.6133, 0.5979, 0.5695, 0.5371,
        0.5155, 0.5084, 0.5061, 0.5068, 0.5089, 0.5110], device='cuda:1')
epoch eval loss:
sst: 591.08, nino: 123.48, sc: 46.2601
eval score is not improved for 10 epoch

epoch: 12
batch training loss: 566.88, 96.15, score: 24.0747, ssr ratio: 0.0000
batch training loss: 545.94, 73.48, score: 66.3014, ssr ratio: 0.0000
batch training loss: 548.41, 48.73, score: -1.0234, ssr ratio: 0.0000
batch training loss: 579.69, 44.51, score: 48.1960, ssr ratio: 0.0000
batch training loss: 534.21, 27.69, score: 104.5773, ssr ratio: 0.0000
batch training loss: 531.54, 40.76, score: 102.6370, ssr ratio: 0.0000
batch training loss: 544.72, 33.55, score: 82.2643, ssr ratio: 0.0000
batch training loss: 486.79, 42.61, score: 18.2240, ssr ratio: 0.0000
batch training loss: 559.45, 27.79, score: 104.6767, ssr ratio: 0.0000
batch training loss: 493.13, 67.42, score: 95.3422, ssr ratio: 0.0000
tensor([0.9412, 0.8964, 0.8542, 0.8156, 0.7789, 0.7418, 0.7092, 0.6820, 0.6579,
        0.6348, 0.6189, 0.6135, 0.6169, 0.6213, 0.6199, 0.6049, 0.5762, 0.5433,
        0.5217, 0.5147, 0.5126, 0.5135, 0.5158, 0.5183], device='cuda:1')
epoch eval loss:
sst: 592.49, nino: 122.88, sc: 46.9453
eval score is not improved for 11 epoch

epoch: 13
batch training loss: 534.41, 43.71, score: 103.5078, ssr ratio: 0.0000
batch training loss: 534.07, 35.44, score: 49.7659, ssr ratio: 0.0000
batch training loss: 505.15, 26.98, score: 104.3286, ssr ratio: 0.0000
batch training loss: 511.41, 41.27, score: 98.5161, ssr ratio: 0.0000
batch training loss: 477.81, 39.21, score: 14.4054, ssr ratio: 0.0000
batch training loss: 557.57, 29.17, score: 105.0269, ssr ratio: 0.0000
batch training loss: 502.92, 40.58, score: 104.1504, ssr ratio: 0.0000
batch training loss: 553.55, 53.91, score: 31.8862, ssr ratio: 0.0000
batch training loss: 605.89, 38.16, score: 81.3755, ssr ratio: 0.0000
batch training loss: 552.33, 36.08, score: 103.8265, ssr ratio: 0.0000
tensor([0.9422, 0.8992, 0.8596, 0.8239, 0.7899, 0.7544, 0.7221, 0.6943, 0.6688,
        0.6442, 0.6271, 0.6209, 0.6237, 0.6267, 0.6224, 0.6040, 0.5722, 0.5375,
        0.5153, 0.5088, 0.5076, 0.5096, 0.5134, 0.5171], device='cuda:1')
epoch eval loss:
sst: 591.73, nino: 122.60, sc: 47.1148
eval score is not improved for 12 epoch

epoch: 14
batch training loss: 566.25, 54.57, score: 43.4879, ssr ratio: 0.0000
batch training loss: 489.79, 85.36, score: 93.8747, ssr ratio: 0.0000
batch training loss: 537.09, 40.49, score: 71.9695, ssr ratio: 0.0000
batch training loss: 519.55, 44.87, score: 96.7556, ssr ratio: 0.0000
batch training loss: 570.36, 36.29, score: 70.5379, ssr ratio: 0.0000
batch training loss: 563.50, 76.39, score: 74.5837, ssr ratio: 0.0000
batch training loss: 584.43, 38.21, score: 98.1535, ssr ratio: 0.0000
batch training loss: 496.88, 32.67, score: 66.5162, ssr ratio: 0.0000
batch training loss: 495.47, 58.05, score: 91.1581, ssr ratio: 0.0000
batch training loss: 512.93, 53.02, score: 29.3494, ssr ratio: 0.0000
tensor([0.9391, 0.8946, 0.8533, 0.8153, 0.7789, 0.7419, 0.7095, 0.6829, 0.6594,
        0.6365, 0.6205, 0.6152, 0.6182, 0.6214, 0.6179, 0.6013, 0.5708, 0.5365,
        0.5138, 0.5071, 0.5061, 0.5082, 0.5121, 0.5165], device='cuda:1')
epoch eval loss:
sst: 592.70, nino: 123.28, sc: 46.5576
eval score is not improved for 13 epoch

epoch: 15
batch training loss: 551.60, 60.89, score: 45.3674, ssr ratio: 0.0000
batch training loss: 495.80, 45.89, score: 92.9514, ssr ratio: 0.0000
batch training loss: 529.46, 53.92, score: 41.4017, ssr ratio: 0.0000
batch training loss: 501.45, 61.60, score: 67.8698, ssr ratio: 0.0000
batch training loss: 533.23, 34.65, score: 91.3809, ssr ratio: 0.0000
batch training loss: 553.33, 31.13, score: 23.9154, ssr ratio: 0.0000
batch training loss: 631.23, 75.06, score: 96.7519, ssr ratio: 0.0000
batch training loss: 514.70, 75.35, score: 101.2105, ssr ratio: 0.0000
batch training loss: 565.85, 92.13, score: -24.3791, ssr ratio: 0.0000
batch training loss: 624.15, 41.21, score: 83.6312, ssr ratio: 0.0000
tensor([0.9372, 0.8906, 0.8472, 0.8083, 0.7717, 0.7342, 0.7012, 0.6751, 0.6529,
        0.6311, 0.6158, 0.6111, 0.6154, 0.6196, 0.6166, 0.5997, 0.5688, 0.5345,
        0.5126, 0.5067, 0.5063, 0.5089, 0.5134, 0.5187], device='cuda:1')
epoch eval loss:
sst: 592.89, nino: 122.95, sc: 46.4067
eval score is not improved for 14 epoch

epoch: 16
batch training loss: 505.31, 48.68, score: 98.7904, ssr ratio: 0.0000
batch training loss: 589.30, 47.63, score: 101.8601, ssr ratio: 0.0000
batch training loss: 518.98, 55.99, score: 64.5146, ssr ratio: 0.0000
batch training loss: 523.43, 26.12, score: 55.5219, ssr ratio: 0.0000
batch training loss: 605.99, 42.45, score: 75.5845, ssr ratio: 0.0000
batch training loss: 513.86, 43.74, score: 37.1053, ssr ratio: 0.0000
batch training loss: 543.81, 24.13, score: 105.7551, ssr ratio: 0.0000
batch training loss: 576.75, 40.93, score: 93.0545, ssr ratio: 0.0000
batch training loss: 522.15, 84.20, score: 83.0734, ssr ratio: 0.0000
batch training loss: 589.45, 43.45, score: 97.0389, ssr ratio: 0.0000
tensor([0.9382, 0.8940, 0.8538, 0.8177, 0.7839, 0.7497, 0.7192, 0.6933, 0.6695,
        0.6455, 0.6277, 0.6205, 0.6227, 0.6260, 0.6231, 0.6070, 0.5770, 0.5430,
        0.5198, 0.5118, 0.5096, 0.5107, 0.5139, 0.5182], device='cuda:1')
epoch eval loss:
sst: 593.72, nino: 122.23, sc: 47.2791
eval score is not improved for 15 epoch

epoch: 17
batch training loss: 520.67, 56.68, score: 51.2977, ssr ratio: 0.0000
batch training loss: 580.95, 56.95, score: 79.6239, ssr ratio: 0.0000
batch training loss: 536.28, 26.81, score: 12.6260, ssr ratio: 0.0000
batch training loss: 548.89, 30.65, score: 91.4181, ssr ratio: 0.0000
batch training loss: 592.24, 44.48, score: 94.6174, ssr ratio: 0.0000
batch training loss: 469.72, 44.96, score: 86.0637, ssr ratio: 0.0000
batch training loss: 584.11, 63.42, score: 88.8207, ssr ratio: 0.0000
batch training loss: 461.95, 26.54, score: 105.4281, ssr ratio: 0.0000
batch training loss: 516.14, 43.18, score: 36.4366, ssr ratio: 0.0000
batch training loss: 488.50, 19.00, score: 106.1187, ssr ratio: 0.0000
tensor([0.9394, 0.8946, 0.8531, 0.8158, 0.7808, 0.7450, 0.7123, 0.6849, 0.6606,
        0.6371, 0.6204, 0.6142, 0.6166, 0.6192, 0.6150, 0.5975, 0.5658, 0.5300,
        0.5056, 0.4974, 0.4950, 0.4962, 0.4999, 0.5053], device='cuda:1')
epoch eval loss:
sst: 592.00, nino: 123.61, sc: 45.9215
eval score is not improved for 16 epoch

epoch: 18
batch training loss: 571.57, 47.32, score: 79.8099, ssr ratio: 0.0000
batch training loss: 520.21, 90.58, score: 98.3636, ssr ratio: 0.0000
batch training loss: 516.14, 47.37, score: 65.4867, ssr ratio: 0.0000
batch training loss: 575.28, 60.14, score: -8.3883, ssr ratio: 0.0000
batch training loss: 556.38, 33.09, score: 103.1953, ssr ratio: 0.0000
batch training loss: 542.22, 54.04, score: 68.3456, ssr ratio: 0.0000
batch training loss: 464.97, 30.34, score: 82.8007, ssr ratio: 0.0000
batch training loss: 528.42, 31.00, score: 32.5231, ssr ratio: 0.0000
batch training loss: 590.33, 49.58, score: 102.0175, ssr ratio: 0.0000
batch training loss: 506.63, 47.51, score: -29.0010, ssr ratio: 0.0000
tensor([0.9409, 0.8988, 0.8599, 0.8236, 0.7879, 0.7503, 0.7158, 0.6861, 0.6600,
        0.6357, 0.6192, 0.6141, 0.6186, 0.6233, 0.6196, 0.6012, 0.5694, 0.5348,
        0.5121, 0.5054, 0.5043, 0.5066, 0.5111, 0.5169], device='cuda:1')
epoch eval loss:
sst: 593.54, nino: 123.24, sc: 46.6003
eval score is not improved for 17 epoch

epoch: 19
batch training loss: 525.96, 58.46, score: 101.2102, ssr ratio: 0.0000
batch training loss: 541.39, 42.63, score: 93.1014, ssr ratio: 0.0000
batch training loss: 537.27, 83.47, score: -26.6401, ssr ratio: 0.0000
batch training loss: 572.39, 27.11, score: 93.9779, ssr ratio: 0.0000
batch training loss: 511.10, 60.71, score: 61.8966, ssr ratio: 0.0000
batch training loss: 565.90, 23.82, score: 94.8933, ssr ratio: 0.0000
batch training loss: 546.62, 25.06, score: 105.2398, ssr ratio: 0.0000
batch training loss: 525.21, 56.56, score: 85.8451, ssr ratio: 0.0000
batch training loss: 519.40, 51.55, score: 81.5540, ssr ratio: 0.0000
batch training loss: 539.80, 25.03, score: 93.5036, ssr ratio: 0.0000
tensor([0.9395, 0.8957, 0.8551, 0.8179, 0.7813, 0.7427, 0.7076, 0.6785, 0.6535,
        0.6305, 0.6147, 0.6092, 0.6123, 0.6148, 0.6087, 0.5889, 0.5572, 0.5250,
        0.5066, 0.5038, 0.5047, 0.5073, 0.5118, 0.5173], device='cuda:1')
epoch eval loss:
sst: 592.42, nino: 124.13, sc: 45.8965
eval score is not improved for 18 epoch

epoch: 20
batch training loss: 531.96, 57.04, score: 100.2165, ssr ratio: 0.0000
batch training loss: 569.73, 36.06, score: 56.8685, ssr ratio: 0.0000
batch training loss: 558.94, 50.16, score: 102.6727, ssr ratio: 0.0000
batch training loss: 553.45, 65.90, score: 56.5490, ssr ratio: 0.0000
batch training loss: 536.30, 60.33, score: 69.8607, ssr ratio: 0.0000
batch training loss: 509.34, 37.14, score: 78.9561, ssr ratio: 0.0000
batch training loss: 575.72, 26.49, score: 101.0735, ssr ratio: 0.0000
batch training loss: 539.09, 35.53, score: 78.2281, ssr ratio: 0.0000
batch training loss: 473.67, 24.86, score: 105.5715, ssr ratio: 0.0000
batch training loss: 582.21, 43.98, score: 69.6692, ssr ratio: 0.0000
tensor([0.9392, 0.8959, 0.8565, 0.8213, 0.7880, 0.7531, 0.7211, 0.6940, 0.6703,
        0.6479, 0.6322, 0.6266, 0.6293, 0.6317, 0.6263, 0.6073, 0.5749, 0.5398,
        0.5173, 0.5110, 0.5101, 0.5121, 0.5158, 0.5204], device='cuda:1')
epoch eval loss:
sst: 593.02, nino: 122.31, sc: 47.4348
eval score is not improved for 19 epoch

epoch: 21
batch training loss: 555.64, 24.54, score: 72.4426, ssr ratio: 0.0000
batch training loss: 588.86, 22.48, score: 105.6600, ssr ratio: 0.0000
batch training loss: 521.77, 63.55, score: 69.9339, ssr ratio: 0.0000
batch training loss: 572.73, 70.84, score: 93.1207, ssr ratio: 0.0000
batch training loss: 473.68, 43.82, score: 93.0932, ssr ratio: 0.0000
batch training loss: 590.18, 45.31, score: 32.5809, ssr ratio: 0.0000
batch training loss: 644.83, 61.29, score: 100.9569, ssr ratio: 0.0000
batch training loss: 594.25, 36.21, score: 104.7498, ssr ratio: 0.0000
batch training loss: 545.17, 29.53, score: 93.3963, ssr ratio: 0.0000
batch training loss: 467.90, 56.28, score: 88.8466, ssr ratio: 0.0000
tensor([0.9313, 0.8834, 0.8408, 0.8036, 0.7683, 0.7321, 0.7006, 0.6753, 0.6527,
        0.6297, 0.6127, 0.6066, 0.6095, 0.6117, 0.6062, 0.5873, 0.5557, 0.5214,
        0.4996, 0.4938, 0.4933, 0.4953, 0.4991, 0.5041], device='cuda:1')
epoch eval loss:
sst: 593.47, nino: 124.69, sc: 45.0612
eval score is not improved for 20 epoch
early stopping reached, best score is 50.413907

----- training finished -----

processing test set
(395, 38, 24, 48, 1, 4)
(395, 38, 24, 48, 4)
(395, 38, 3)
predData.shape= (395, 38, 2, 24, 48)
{'sst': (395, 38, 24, 48, 6), 'nino target': (395, 38, 3)}
loading test dataloader
Traceback (most recent call last):
  File "trainer.py", line 264, in <module>
    trainer.network.load_state_dict(chk['net'])
  File "/home/ruichuang/anaconda3/envs/AGCRN_env/lib/python3.8/site-packages/torch/nn/modules/module.py", line 1604, in load_state_dict
    raise RuntimeError('Error(s) in loading state_dict for {}:\n\t{}'.format(
RuntimeError: Error(s) in loading state_dict for SAConvLSTM:
	size mismatch for layers.0.conv.weight: copying a param with shape torch.Size([512, 136, 3, 3]) from checkpoint, the shape in current model is torch.Size([256, 72, 3, 3]).
	size mismatch for layers.0.conv.bias: copying a param with shape torch.Size([512]) from checkpoint, the shape in current model is torch.Size([256]).
	size mismatch for layers.0.sa.conv_h.weight: copying a param with shape torch.Size([384, 128, 1, 1]) from checkpoint, the shape in current model is torch.Size([48, 64, 1, 1]).
	size mismatch for layers.0.sa.conv_h.bias: copying a param with shape torch.Size([384]) from checkpoint, the shape in current model is torch.Size([48]).
	size mismatch for layers.0.sa.conv_m.weight: copying a param with shape torch.Size([256, 128, 1, 1]) from checkpoint, the shape in current model is torch.Size([32, 64, 1, 1]).
	size mismatch for layers.0.sa.conv_m.bias: copying a param with shape torch.Size([256]) from checkpoint, the shape in current model is torch.Size([32]).
	size mismatch for layers.0.sa.conv_z.weight: copying a param with shape torch.Size([128, 256, 1, 1]) from checkpoint, the shape in current model is torch.Size([16, 32, 1, 1]).
	size mismatch for layers.0.sa.conv_z.bias: copying a param with shape torch.Size([128]) from checkpoint, the shape in current model is torch.Size([16]).
	size mismatch for layers.0.sa.conv_output.weight: copying a param with shape torch.Size([384, 256, 3, 3]) from checkpoint, the shape in current model is torch.Size([192, 80, 3, 3]).
	size mismatch for layers.0.sa.conv_output.bias: copying a param with shape torch.Size([384]) from checkpoint, the shape in current model is torch.Size([192]).
	size mismatch for layers.1.conv.weight: copying a param with shape torch.Size([512, 256, 3, 3]) from checkpoint, the shape in current model is torch.Size([256, 128, 3, 3]).
	size mismatch for layers.1.conv.bias: copying a param with shape torch.Size([512]) from checkpoint, the shape in current model is torch.Size([256]).
	size mismatch for layers.1.sa.conv_h.weight: copying a param with shape torch.Size([384, 128, 1, 1]) from checkpoint, the shape in current model is torch.Size([48, 64, 1, 1]).
	size mismatch for layers.1.sa.conv_h.bias: copying a param with shape torch.Size([384]) from checkpoint, the shape in current model is torch.Size([48]).
	size mismatch for layers.1.sa.conv_m.weight: copying a param with shape torch.Size([256, 128, 1, 1]) from checkpoint, the shape in current model is torch.Size([32, 64, 1, 1]).
	size mismatch for layers.1.sa.conv_m.bias: copying a param with shape torch.Size([256]) from checkpoint, the shape in current model is torch.Size([32]).
	size mismatch for layers.1.sa.conv_z.weight: copying a param with shape torch.Size([128, 256, 1, 1]) from checkpoint, the shape in current model is torch.Size([16, 32, 1, 1]).
	size mismatch for layers.1.sa.conv_z.bias: copying a param with shape torch.Size([128]) from checkpoint, the shape in current model is torch.Size([16]).
	size mismatch for layers.1.sa.conv_output.weight: copying a param with shape torch.Size([384, 256, 3, 3]) from checkpoint, the shape in current model is torch.Size([192, 80, 3, 3]).
	size mismatch for layers.1.sa.conv_output.bias: copying a param with shape torch.Size([384]) from checkpoint, the shape in current model is torch.Size([192]).
	size mismatch for layers.2.conv.weight: copying a param with shape torch.Size([512, 256, 3, 3]) from checkpoint, the shape in current model is torch.Size([256, 128, 3, 3]).
	size mismatch for layers.2.conv.bias: copying a param with shape torch.Size([512]) from checkpoint, the shape in current model is torch.Size([256]).
	size mismatch for layers.2.sa.conv_h.weight: copying a param with shape torch.Size([384, 128, 1, 1]) from checkpoint, the shape in current model is torch.Size([48, 64, 1, 1]).
	size mismatch for layers.2.sa.conv_h.bias: copying a param with shape torch.Size([384]) from checkpoint, the shape in current model is torch.Size([48]).
	size mismatch for layers.2.sa.conv_m.weight: copying a param with shape torch.Size([256, 128, 1, 1]) from checkpoint, the shape in current model is torch.Size([32, 64, 1, 1]).
	size mismatch for layers.2.sa.conv_m.bias: copying a param with shape torch.Size([256]) from checkpoint, the shape in current model is torch.Size([32]).
	size mismatch for layers.2.sa.conv_z.weight: copying a param with shape torch.Size([128, 256, 1, 1]) from checkpoint, the shape in current model is torch.Size([16, 32, 1, 1]).
	size mismatch for layers.2.sa.conv_z.bias: copying a param with shape torch.Size([128]) from checkpoint, the shape in current model is torch.Size([16]).
	size mismatch for layers.2.sa.conv_output.weight: copying a param with shape torch.Size([384, 256, 3, 3]) from checkpoint, the shape in current model is torch.Size([192, 80, 3, 3]).
	size mismatch for layers.2.sa.conv_output.bias: copying a param with shape torch.Size([384]) from checkpoint, the shape in current model is torch.Size([192]).
	size mismatch for layers.3.conv.weight: copying a param with shape torch.Size([512, 256, 3, 3]) from checkpoint, the shape in current model is torch.Size([256, 128, 3, 3]).
	size mismatch for layers.3.conv.bias: copying a param with shape torch.Size([512]) from checkpoint, the shape in current model is torch.Size([256]).
	size mismatch for layers.3.sa.conv_h.weight: copying a param with shape torch.Size([384, 128, 1, 1]) from checkpoint, the shape in current model is torch.Size([48, 64, 1, 1]).
	size mismatch for layers.3.sa.conv_h.bias: copying a param with shape torch.Size([384]) from checkpoint, the shape in current model is torch.Size([48]).
	size mismatch for layers.3.sa.conv_m.weight: copying a param with shape torch.Size([256, 128, 1, 1]) from checkpoint, the shape in current model is torch.Size([32, 64, 1, 1]).
	size mismatch for layers.3.sa.conv_m.bias: copying a param with shape torch.Size([256]) from checkpoint, the shape in current model is torch.Size([32]).
	size mismatch for layers.3.sa.conv_z.weight: copying a param with shape torch.Size([128, 256, 1, 1]) from checkpoint, the shape in current model is torch.Size([16, 32, 1, 1]).
	size mismatch for layers.3.sa.conv_z.bias: copying a param with shape torch.Size([128]) from checkpoint, the shape in current model is torch.Size([16]).
	size mismatch for layers.3.sa.conv_output.weight: copying a param with shape torch.Size([384, 256, 3, 3]) from checkpoint, the shape in current model is torch.Size([192, 80, 3, 3]).
	size mismatch for layers.3.sa.conv_output.bias: copying a param with shape torch.Size([384]) from checkpoint, the shape in current model is torch.Size([192]).
	size mismatch for conv_output.weight: copying a param with shape torch.Size([2, 128, 1, 1]) from checkpoint, the shape in current model is torch.Size([2, 64, 1, 1]).
