nohup: 忽略输入
{'n_cpu': 0, 'device': device(type='cuda', index=4), 'batch_size_test': 40, 'batch_size': 2, 'lr': 0.001, 'weight_decay': 0, 'display_interval': 250, 'num_epochs': 50, 'early_stopping': True, 'patience': 20, 'gradient_clipping': True, 'clipping_threshold': 1.0, 'input_dim': 8, 'output_dim': 2, 'input_length': 12, 'output_length': 24, 'input_gap': 1, 'pred_shift': 24, 'model_i': 0, 'kernel_size': (3, 3), 'bias': True, 'hidden_dim_1': (64, 64, 64, 64), 'd_attn_1': 32, 'ssr_decay_rate': 8e-05, 'hidden_dim_2': (32, 32, 32, 32), 'd_attn_2': 16, 'hidden_dim_3': (32, 32, 32, 32), 'd_attn_3': 16, 'hidden_dim_4': (32, 32, 32, 32), 'd_attn_4': 16, 'hidden_dim_5': (32, 32, 32, 32), 'd_attn_5': 16, 'use_hc': 1, 'time': 'hybrid', 'save_last': 0}

reading data
(1692, 24, 48, 21, 4) (432, 24, 48, 1, 4)
(1692, 21, 3) (432, 1, 3)
processing training set
(237, 38, 24, 48, 21, 4)
(4977, 38, 24, 48, 4)
(4977, 38, 3)
predData.shape= (4977, 38, 2, 24, 48)
{'sst': (4977, 38, 24, 48, 6), 'nino target': (4977, 38, 3)}
processing eval set
(395, 38, 24, 48, 1, 4)
(395, 38, 24, 48, 4)
(395, 38, 3)
predData.shape= (395, 38, 2, 24, 48)
{'sst': (395, 38, 24, 48, 6), 'nino target': (395, 38, 3)}
Total params num: 1784450
*****************Finish Parameter****************
loading train dataloader
loading eval dataloader

epoch: 1
batch training loss: 1039.94, 177.88, score: -70.5603, ssr ratio: 0.9999
batch training loss: 506.00, 39.88, score: 103.5822, ssr ratio: 0.9799
batch training loss: 377.49, 22.35, score: 89.7794, ssr ratio: 0.9599
batch training loss: 450.67, 30.43, score: 104.7889, ssr ratio: 0.9399
batch training loss: 377.91, 9.89, score: 101.4909, ssr ratio: 0.9199
batch training loss: 391.38, 28.99, score: 104.4513, ssr ratio: 0.8999
batch training loss: 370.30, 20.65, score: 64.4550, ssr ratio: 0.8799
batch training loss: 373.59, 33.69, score: 101.4017, ssr ratio: 0.8599
batch training loss: 444.88, 21.83, score: 101.4073, ssr ratio: 0.8399
batch training loss: 504.67, 13.15, score: 106.9435, ssr ratio: 0.8199
tensor([0.9383, 0.8909, 0.8484, 0.8137, 0.7865, 0.7614, 0.7378, 0.7151, 0.6932,
        0.6708, 0.6520, 0.6407, 0.6377, 0.6382, 0.6356, 0.6235, 0.5996, 0.5697,
        0.5461, 0.5347, 0.5282, 0.5254, 0.5245, 0.5237], device='cuda:4')
epoch eval loss:
sst: 642.20, nino: 121.75, sc: 49.3507
eval score is improved from -inf to 49.35070, saving model

epoch: 2
batch training loss: 397.43, 16.98, score: 106.1990, ssr ratio: 0.8008
batch training loss: 393.93, 29.29, score: 91.9038, ssr ratio: 0.7808
batch training loss: 499.92, 14.04, score: 106.5032, ssr ratio: 0.7608
batch training loss: 356.31, 11.68, score: 91.4202, ssr ratio: 0.7408
batch training loss: 451.86, 44.41, score: 73.4078, ssr ratio: 0.7208
batch training loss: 396.39, 18.13, score: 90.1469, ssr ratio: 0.7008
batch training loss: 372.31, 28.73, score: 94.4897, ssr ratio: 0.6808
batch training loss: 435.39, 28.71, score: 72.9518, ssr ratio: 0.6608
batch training loss: 354.98, 15.78, score: 100.2127, ssr ratio: 0.6408
batch training loss: 377.56, 31.48, score: 88.0227, ssr ratio: 0.6208
tensor([0.9376, 0.8946, 0.8567, 0.8239, 0.7953, 0.7659, 0.7366, 0.7086, 0.6834,
        0.6593, 0.6400, 0.6289, 0.6277, 0.6295, 0.6265, 0.6123, 0.5868, 0.5565,
        0.5344, 0.5254, 0.5211, 0.5204, 0.5224, 0.5249], device='cuda:4')
epoch eval loss:
sst: 607.60, nino: 127.74, sc: 47.3816
Epoch 00002: reducing learning rate of group 0 to 3.0000e-04.
eval score is not improved for 1 epoch

epoch: 3
batch training loss: 425.32, 17.92, score: 77.3793, ssr ratio: 0.6017
batch training loss: 382.94, 20.11, score: 104.7795, ssr ratio: 0.5817
batch training loss: 388.89, 23.84, score: 57.8775, ssr ratio: 0.5617
batch training loss: 391.52, 19.87, score: 75.0827, ssr ratio: 0.5417
batch training loss: 411.23, 18.06, score: 106.2233, ssr ratio: 0.5217
batch training loss: 378.47, 27.95, score: 102.8904, ssr ratio: 0.5017
batch training loss: 367.03, 35.37, score: 97.0005, ssr ratio: 0.4817
batch training loss: 389.96, 25.45, score: 92.9427, ssr ratio: 0.4617
batch training loss: 435.15, 29.01, score: 104.7271, ssr ratio: 0.4417
batch training loss: 421.41, 50.78, score: 8.1205, ssr ratio: 0.4217
tensor([0.9321, 0.8833, 0.8392, 0.7993, 0.7615, 0.7235, 0.6896, 0.6626, 0.6413,
        0.6215, 0.6068, 0.5995, 0.6012, 0.6048, 0.6027, 0.5887, 0.5624, 0.5313,
        0.5091, 0.5009, 0.4973, 0.4965, 0.4981, 0.5004], device='cuda:4')
epoch eval loss:
sst: 588.66, nino: 126.28, sc: 44.6815
Epoch 00003: reducing learning rate of group 0 to 1.0000e-04.
eval score is not improved for 2 epoch

epoch: 4
batch training loss: 411.02, 31.61, score: 87.4130, ssr ratio: 0.4026
batch training loss: 388.91, 24.00, score: 84.9697, ssr ratio: 0.3826
batch training loss: 397.29, 15.58, score: 97.2859, ssr ratio: 0.3626
batch training loss: 440.29, 19.85, score: 100.0842, ssr ratio: 0.3426
batch training loss: 439.44, 19.60, score: 94.0278, ssr ratio: 0.3226
batch training loss: 459.56, 29.90, score: 98.3495, ssr ratio: 0.3026
batch training loss: 442.57, 30.87, score: 105.2477, ssr ratio: 0.2826
batch training loss: 451.56, 45.85, score: 102.4364, ssr ratio: 0.2626
batch training loss: 415.49, 31.23, score: 2.9471, ssr ratio: 0.2426
batch training loss: 470.04, 23.09, score: 100.2264, ssr ratio: 0.2226
tensor([0.9372, 0.8920, 0.8505, 0.8128, 0.7777, 0.7417, 0.7085, 0.6804, 0.6560,
        0.6324, 0.6143, 0.6050, 0.6057, 0.6090, 0.6077, 0.5945, 0.5681, 0.5369,
        0.5150, 0.5069, 0.5035, 0.5030, 0.5047, 0.5067], device='cuda:4')
epoch eval loss:
sst: 587.07, nino: 124.21, sc: 45.7798
eval score is not improved for 3 epoch

epoch: 5
batch training loss: 494.53, 38.94, score: 86.0600, ssr ratio: 0.2034
batch training loss: 535.09, 61.43, score: 94.9711, ssr ratio: 0.1834
batch training loss: 511.59, 28.90, score: 104.6804, ssr ratio: 0.1634
batch training loss: 566.03, 29.26, score: 75.4711, ssr ratio: 0.1434
batch training loss: 475.72, 38.63, score: 86.6850, ssr ratio: 0.1234
batch training loss: 472.50, 19.82, score: 29.6972, ssr ratio: 0.1034
batch training loss: 490.95, 44.80, score: 92.4446, ssr ratio: 0.0834
batch training loss: 490.47, 31.33, score: 23.1209, ssr ratio: 0.0634
batch training loss: 456.89, 32.34, score: 104.6856, ssr ratio: 0.0434
batch training loss: 568.20, 68.60, score: 19.6366, ssr ratio: 0.0234
tensor([0.9391, 0.8947, 0.8535, 0.8147, 0.7778, 0.7401, 0.7062, 0.6782, 0.6543,
        0.6308, 0.6128, 0.6046, 0.6069, 0.6117, 0.6109, 0.5965, 0.5678, 0.5342,
        0.5106, 0.5011, 0.4969, 0.4963, 0.4982, 0.5008], device='cuda:4')
epoch eval loss:
sst: 595.26, nino: 123.38, sc: 45.7116
eval score is not improved for 4 epoch

epoch: 6
batch training loss: 537.66, 33.62, score: 78.6412, ssr ratio: 0.0043
batch training loss: 549.62, 55.29, score: 100.1292, ssr ratio: 0.0000
batch training loss: 553.64, 39.77, score: 102.3934, ssr ratio: 0.0000
batch training loss: 530.70, 34.46, score: 103.6519, ssr ratio: 0.0000
batch training loss: 540.07, 109.80, score: 80.3246, ssr ratio: 0.0000
batch training loss: 455.69, 38.16, score: 65.4164, ssr ratio: 0.0000
batch training loss: 537.53, 66.68, score: 95.5213, ssr ratio: 0.0000
batch training loss: 519.92, 54.98, score: 79.5002, ssr ratio: 0.0000
batch training loss: 602.17, 52.28, score: 67.4538, ssr ratio: 0.0000
batch training loss: 501.58, 47.18, score: 30.5695, ssr ratio: 0.0000
tensor([0.9377, 0.8923, 0.8506, 0.8120, 0.7761, 0.7403, 0.7088, 0.6828, 0.6600,
        0.6377, 0.6214, 0.6148, 0.6178, 0.6220, 0.6205, 0.6051, 0.5758, 0.5423,
        0.5199, 0.5119, 0.5087, 0.5085, 0.5104, 0.5122], device='cuda:4')
epoch eval loss:
sst: 593.59, nino: 123.19, sc: 46.7156
eval score is not improved for 5 epoch

epoch: 7
batch training loss: 518.76, 55.57, score: 91.0109, ssr ratio: 0.0000
batch training loss: 491.51, 39.77, score: 85.2082, ssr ratio: 0.0000
batch training loss: 526.67, 41.41, score: 92.2483, ssr ratio: 0.0000
batch training loss: 490.88, 40.84, score: 102.5942, ssr ratio: 0.0000
batch training loss: 561.52, 31.93, score: 103.1908, ssr ratio: 0.0000
batch training loss: 544.29, 40.88, score: 103.8286, ssr ratio: 0.0000
batch training loss: 572.82, 38.99, score: 102.4777, ssr ratio: 0.0000
batch training loss: 508.15, 41.21, score: 97.8006, ssr ratio: 0.0000
batch training loss: 591.11, 33.63, score: 97.2505, ssr ratio: 0.0000
batch training loss: 459.44, 31.40, score: 104.8951, ssr ratio: 0.0000
tensor([0.9353, 0.8899, 0.8478, 0.8086, 0.7716, 0.7348, 0.7025, 0.6763, 0.6542,
        0.6332, 0.6185, 0.6133, 0.6172, 0.6221, 0.6205, 0.6043, 0.5738, 0.5391,
        0.5156, 0.5068, 0.5031, 0.5025, 0.5041, 0.5062], device='cuda:4')
epoch eval loss:
sst: 593.24, nino: 123.04, sc: 46.3335
eval score is not improved for 6 epoch

epoch: 8
batch training loss: 614.31, 49.73, score: -28.0969, ssr ratio: 0.0000
batch training loss: 519.62, 48.12, score: 101.4359, ssr ratio: 0.0000
batch training loss: 594.91, 53.69, score: 70.2797, ssr ratio: 0.0000
batch training loss: 510.29, 34.45, score: 103.1617, ssr ratio: 0.0000
batch training loss: 539.35, 48.09, score: 85.3613, ssr ratio: 0.0000
batch training loss: 503.89, 79.94, score: 77.7396, ssr ratio: 0.0000
batch training loss: 512.57, 35.13, score: 66.6838, ssr ratio: 0.0000
batch training loss: 530.14, 41.44, score: 101.2595, ssr ratio: 0.0000
batch training loss: 503.19, 43.17, score: 19.3551, ssr ratio: 0.0000
batch training loss: 550.22, 54.98, score: 84.6091, ssr ratio: 0.0000
tensor([0.9369, 0.8918, 0.8502, 0.8114, 0.7749, 0.7383, 0.7060, 0.6792, 0.6562,
        0.6341, 0.6188, 0.6132, 0.6170, 0.6218, 0.6202, 0.6039, 0.5730, 0.5382,
        0.5149, 0.5063, 0.5027, 0.5024, 0.5040, 0.5058], device='cuda:4')
epoch eval loss:
sst: 591.94, nino: 124.53, sc: 46.0867
eval score is not improved for 7 epoch

epoch: 9
batch training loss: 532.89, 52.51, score: 91.5995, ssr ratio: 0.0000
batch training loss: 564.51, 60.37, score: 100.2603, ssr ratio: 0.0000
batch training loss: 579.13, 42.49, score: 93.0562, ssr ratio: 0.0000
batch training loss: 598.02, 32.64, score: 56.5283, ssr ratio: 0.0000
batch training loss: 459.10, 49.29, score: 75.2930, ssr ratio: 0.0000
batch training loss: 549.00, 68.09, score: 96.9250, ssr ratio: 0.0000
batch training loss: 594.00, 36.22, score: 103.6333, ssr ratio: 0.0000
batch training loss: 513.22, 72.08, score: 89.2043, ssr ratio: 0.0000
batch training loss: 607.06, 64.25, score: 97.8662, ssr ratio: 0.0000
batch training loss: 548.46, 70.58, score: 28.8728, ssr ratio: 0.0000
tensor([0.9371, 0.8921, 0.8500, 0.8101, 0.7718, 0.7337, 0.7005, 0.6732, 0.6496,
        0.6274, 0.6125, 0.6076, 0.6118, 0.6168, 0.6158, 0.6004, 0.5708, 0.5372,
        0.5152, 0.5080, 0.5056, 0.5060, 0.5082, 0.5102], device='cuda:4')
epoch eval loss:
sst: 593.38, nino: 124.12, sc: 46.0241
eval score is not improved for 8 epoch

epoch: 10
batch training loss: 574.82, 60.31, score: 38.0275, ssr ratio: 0.0000
batch training loss: 585.46, 29.90, score: 55.0632, ssr ratio: 0.0000
batch training loss: 621.88, 71.44, score: 78.6537, ssr ratio: 0.0000
batch training loss: 472.42, 38.11, score: 15.5327, ssr ratio: 0.0000
batch training loss: 549.70, 73.37, score: 39.2484, ssr ratio: 0.0000
batch training loss: 497.61, 44.64, score: 89.2894, ssr ratio: 0.0000
batch training loss: 531.06, 25.45, score: 95.0093, ssr ratio: 0.0000
batch training loss: 483.14, 34.56, score: 85.8930, ssr ratio: 0.0000
batch training loss: 562.46, 98.28, score: 20.1936, ssr ratio: 0.0000
batch training loss: 625.65, 30.87, score: 77.2204, ssr ratio: 0.0000
tensor([0.9380, 0.8936, 0.8514, 0.8112, 0.7726, 0.7338, 0.6996, 0.6722, 0.6497,
        0.6291, 0.6155, 0.6117, 0.6168, 0.6220, 0.6204, 0.6038, 0.5729, 0.5386,
        0.5163, 0.5092, 0.5068, 0.5074, 0.5101, 0.5129], device='cuda:4')
epoch eval loss:
sst: 593.24, nino: 123.24, sc: 46.3971
eval score is not improved for 9 epoch

epoch: 11
batch training loss: 465.17, 27.86, score: 58.3784, ssr ratio: 0.0000
batch training loss: 544.09, 41.81, score: 85.8148, ssr ratio: 0.0000
batch training loss: 507.85, 45.38, score: 103.4458, ssr ratio: 0.0000
batch training loss: 540.09, 59.13, score: -8.0176, ssr ratio: 0.0000
batch training loss: 560.80, 25.56, score: 105.0530, ssr ratio: 0.0000
batch training loss: 542.51, 48.44, score: 103.1711, ssr ratio: 0.0000
batch training loss: 517.35, 63.27, score: 83.1609, ssr ratio: 0.0000
batch training loss: 511.15, 47.31, score: 93.1769, ssr ratio: 0.0000
batch training loss: 534.56, 53.31, score: 100.2385, ssr ratio: 0.0000
batch training loss: 472.77, 51.99, score: 96.5893, ssr ratio: 0.0000
tensor([0.9377, 0.8932, 0.8514, 0.8119, 0.7744, 0.7368, 0.7036, 0.6759, 0.6522,
        0.6304, 0.6155, 0.6105, 0.6143, 0.6192, 0.6178, 0.6024, 0.5729, 0.5392,
        0.5167, 0.5091, 0.5063, 0.5065, 0.5083, 0.5099], device='cuda:4')
epoch eval loss:
sst: 591.26, nino: 123.60, sc: 46.2533
eval score is not improved for 10 epoch

epoch: 12
batch training loss: 566.03, 93.44, score: 35.2903, ssr ratio: 0.0000
batch training loss: 545.83, 73.07, score: 66.3878, ssr ratio: 0.0000
batch training loss: 549.54, 47.92, score: -0.8953, ssr ratio: 0.0000
batch training loss: 579.30, 44.91, score: 63.8051, ssr ratio: 0.0000
batch training loss: 534.19, 29.72, score: 104.3209, ssr ratio: 0.0000
batch training loss: 532.44, 41.80, score: 91.5563, ssr ratio: 0.0000
batch training loss: 544.65, 30.62, score: 93.8647, ssr ratio: 0.0000
batch training loss: 486.15, 43.12, score: 33.3312, ssr ratio: 0.0000
batch training loss: 558.72, 31.23, score: 93.4077, ssr ratio: 0.0000
batch training loss: 492.53, 67.74, score: 95.1972, ssr ratio: 0.0000
tensor([0.9406, 0.8973, 0.8563, 0.8166, 0.7781, 0.7395, 0.7056, 0.6777, 0.6538,
        0.6315, 0.6166, 0.6121, 0.6169, 0.6229, 0.6228, 0.6077, 0.5779, 0.5440,
        0.5220, 0.5148, 0.5128, 0.5139, 0.5170, 0.5199], device='cuda:4')
epoch eval loss:
sst: 593.05, nino: 122.93, sc: 46.9348
eval score is not improved for 11 epoch

epoch: 13
batch training loss: 533.06, 43.16, score: 103.5729, ssr ratio: 0.0000
batch training loss: 535.03, 30.79, score: 50.1428, ssr ratio: 0.0000
batch training loss: 507.02, 26.37, score: 104.3229, ssr ratio: 0.0000
batch training loss: 511.29, 39.88, score: 104.2642, ssr ratio: 0.0000
batch training loss: 476.30, 37.81, score: 14.4164, ssr ratio: 0.0000
batch training loss: 556.87, 28.80, score: 105.2120, ssr ratio: 0.0000
batch training loss: 502.53, 38.97, score: 104.2964, ssr ratio: 0.0000
batch training loss: 553.48, 52.51, score: 32.1088, ssr ratio: 0.0000
batch training loss: 606.33, 40.31, score: 81.1785, ssr ratio: 0.0000
batch training loss: 552.65, 34.18, score: 103.7527, ssr ratio: 0.0000
tensor([0.9408, 0.8993, 0.8598, 0.8215, 0.7842, 0.7456, 0.7106, 0.6813, 0.6566,
        0.6347, 0.6207, 0.6168, 0.6214, 0.6259, 0.6226, 0.6040, 0.5717, 0.5365,
        0.5137, 0.5066, 0.5045, 0.5052, 0.5082, 0.5117], device='cuda:4')
epoch eval loss:
sst: 592.39, nino: 123.17, sc: 46.5783
eval score is not improved for 12 epoch

epoch: 14
batch training loss: 567.48, 53.12, score: 43.3527, ssr ratio: 0.0000
batch training loss: 487.92, 83.21, score: 94.2124, ssr ratio: 0.0000
batch training loss: 537.17, 40.58, score: 71.9171, ssr ratio: 0.0000
batch training loss: 520.91, 39.90, score: 85.7912, ssr ratio: 0.0000
batch training loss: 570.21, 38.20, score: 87.1344, ssr ratio: 0.0000
batch training loss: 563.25, 75.27, score: 74.8411, ssr ratio: 0.0000
batch training loss: 584.65, 41.31, score: 97.7238, ssr ratio: 0.0000
batch training loss: 498.35, 33.75, score: 66.4530, ssr ratio: 0.0000
batch training loss: 495.76, 58.19, score: 91.0111, ssr ratio: 0.0000
batch training loss: 512.54, 52.48, score: 18.3358, ssr ratio: 0.0000
tensor([0.9351, 0.8899, 0.8476, 0.8075, 0.7689, 0.7304, 0.6968, 0.6698, 0.6471,
        0.6261, 0.6126, 0.6092, 0.6140, 0.6189, 0.6166, 0.5994, 0.5678, 0.5330,
        0.5104, 0.5037, 0.5026, 0.5040, 0.5064, 0.5085], device='cuda:4')
epoch eval loss:
sst: 593.78, nino: 123.79, sc: 45.8452
eval score is not improved for 13 epoch

epoch: 15
batch training loss: 552.36, 62.35, score: 45.2757, ssr ratio: 0.0000
batch training loss: 495.18, 43.76, score: 93.4576, ssr ratio: 0.0000
batch training loss: 530.38, 54.14, score: 41.2376, ssr ratio: 0.0000
batch training loss: 500.63, 59.44, score: 67.9967, ssr ratio: 0.0000
batch training loss: 533.97, 35.65, score: 79.9774, ssr ratio: 0.0000
batch training loss: 554.58, 32.87, score: 38.9137, ssr ratio: 0.0000
batch training loss: 631.04, 70.48, score: 97.1566, ssr ratio: 0.0000
batch training loss: 514.58, 73.73, score: 101.2797, ssr ratio: 0.0000
batch training loss: 566.55, 91.44, score: -34.5671, ssr ratio: 0.0000
batch training loss: 624.44, 39.12, score: 72.9981, ssr ratio: 0.0000
tensor([0.9342, 0.8899, 0.8488, 0.8094, 0.7707, 0.7314, 0.6973, 0.6704, 0.6486,
        0.6285, 0.6155, 0.6121, 0.6173, 0.6227, 0.6207, 0.6031, 0.5710, 0.5358,
        0.5136, 0.5072, 0.5062, 0.5075, 0.5107, 0.5140], device='cuda:4')
epoch eval loss:
sst: 592.90, nino: 123.15, sc: 46.2780
eval score is not improved for 14 epoch

epoch: 16
batch training loss: 506.28, 50.46, score: 98.6381, ssr ratio: 0.0000
batch training loss: 590.09, 47.46, score: 103.9209, ssr ratio: 0.0000
batch training loss: 519.33, 53.81, score: 64.7468, ssr ratio: 0.0000
batch training loss: 524.47, 25.15, score: 55.6728, ssr ratio: 0.0000
batch training loss: 606.17, 41.11, score: 75.6307, ssr ratio: 0.0000
batch training loss: 512.63, 47.29, score: 53.0355, ssr ratio: 0.0000
batch training loss: 543.71, 22.70, score: 105.9558, ssr ratio: 0.0000
batch training loss: 575.73, 41.76, score: 93.1913, ssr ratio: 0.0000
batch training loss: 521.79, 80.81, score: 83.3644, ssr ratio: 0.0000
batch training loss: 590.41, 43.69, score: 97.2771, ssr ratio: 0.0000
tensor([0.9364, 0.8937, 0.8542, 0.8169, 0.7813, 0.7454, 0.7134, 0.6863, 0.6627,
        0.6408, 0.6262, 0.6213, 0.6250, 0.6299, 0.6285, 0.6129, 0.5826, 0.5480,
        0.5240, 0.5149, 0.5110, 0.5102, 0.5116, 0.5136], device='cuda:4')
epoch eval loss:
sst: 594.45, nino: 122.70, sc: 47.2223
eval score is not improved for 15 epoch

epoch: 17
batch training loss: 521.69, 61.72, score: 50.5332, ssr ratio: 0.0000
batch training loss: 581.45, 59.02, score: 74.2160, ssr ratio: 0.0000
batch training loss: 536.16, 28.00, score: -15.7817, ssr ratio: 0.0000
batch training loss: 548.95, 36.18, score: 90.7628, ssr ratio: 0.0000
batch training loss: 593.25, 43.00, score: 94.6715, ssr ratio: 0.0000
batch training loss: 470.33, 45.08, score: 85.9339, ssr ratio: 0.0000
batch training loss: 585.70, 60.87, score: 89.2090, ssr ratio: 0.0000
batch training loss: 461.66, 29.07, score: 104.9541, ssr ratio: 0.0000
batch training loss: 515.59, 41.88, score: 68.8563, ssr ratio: 0.0000
batch training loss: 489.81, 22.90, score: 105.6991, ssr ratio: 0.0000
tensor([0.9378, 0.8941, 0.8520, 0.8106, 0.7699, 0.7295, 0.6946, 0.6670, 0.6440,
        0.6235, 0.6112, 0.6086, 0.6136, 0.6187, 0.6170, 0.6007, 0.5696, 0.5349,
        0.5116, 0.5037, 0.5015, 0.5022, 0.5045, 0.5068], device='cuda:4')
epoch eval loss:
sst: 592.29, nino: 123.94, sc: 45.7823
eval score is not improved for 16 epoch

epoch: 18
batch training loss: 571.78, 45.29, score: 80.0438, ssr ratio: 0.0000
batch training loss: 517.85, 81.56, score: 99.0561, ssr ratio: 0.0000
batch training loss: 515.19, 41.76, score: 65.9303, ssr ratio: 0.0000
batch training loss: 574.93, 59.38, score: -8.3601, ssr ratio: 0.0000
batch training loss: 555.71, 33.70, score: 103.2317, ssr ratio: 0.0000
batch training loss: 542.65, 55.40, score: 57.2243, ssr ratio: 0.0000
batch training loss: 464.44, 32.38, score: 87.7093, ssr ratio: 0.0000
batch training loss: 528.74, 31.95, score: 32.3531, ssr ratio: 0.0000
batch training loss: 591.25, 51.75, score: 95.2422, ssr ratio: 0.0000
batch training loss: 506.54, 47.75, score: -28.8827, ssr ratio: 0.0000
tensor([0.9377, 0.8956, 0.8555, 0.8163, 0.7784, 0.7402, 0.7059, 0.6771, 0.6521,
        0.6289, 0.6139, 0.6096, 0.6147, 0.6206, 0.6192, 0.6020, 0.5708, 0.5373,
        0.5164, 0.5111, 0.5108, 0.5132, 0.5173, 0.5207], device='cuda:4')
epoch eval loss:
sst: 594.88, nino: 123.34, sc: 46.5860
eval score is not improved for 17 epoch

epoch: 19
batch training loss: 525.16, 49.11, score: 102.1494, ssr ratio: 0.0000
batch training loss: 539.86, 37.26, score: 98.7667, ssr ratio: 0.0000
batch training loss: 531.38, 73.21, score: -25.3996, ssr ratio: 0.0000
batch training loss: 572.08, 21.69, score: 94.6546, ssr ratio: 0.0000
batch training loss: 509.29, 57.07, score: 62.3291, ssr ratio: 0.0000
batch training loss: 565.62, 18.81, score: 106.5521, ssr ratio: 0.0000
batch training loss: 550.09, 26.08, score: 94.1056, ssr ratio: 0.0000
batch training loss: 524.75, 52.93, score: 86.1574, ssr ratio: 0.0000
batch training loss: 520.02, 48.75, score: 82.0204, ssr ratio: 0.0000
batch training loss: 540.13, 22.93, score: 93.7762, ssr ratio: 0.0000
tensor([0.9358, 0.8919, 0.8509, 0.8115, 0.7734, 0.7352, 0.7018, 0.6750, 0.6525,
        0.6320, 0.6192, 0.6155, 0.6193, 0.6224, 0.6182, 0.5997, 0.5686, 0.5358,
        0.5155, 0.5102, 0.5095, 0.5113, 0.5145, 0.5166], device='cuda:4')
epoch eval loss:
sst: 592.67, nino: 123.80, sc: 46.3624
eval score is not improved for 18 epoch

epoch: 20
batch training loss: 531.84, 56.71, score: 100.3887, ssr ratio: 0.0000
batch training loss: 568.54, 37.94, score: 56.6853, ssr ratio: 0.0000
batch training loss: 557.69, 46.55, score: 103.0537, ssr ratio: 0.0000
batch training loss: 552.99, 65.03, score: 54.4659, ssr ratio: 0.0000
batch training loss: 535.61, 59.24, score: 54.2959, ssr ratio: 0.0000
batch training loss: 511.72, 33.92, score: 73.1292, ssr ratio: 0.0000
batch training loss: 576.38, 24.70, score: 105.6324, ssr ratio: 0.0000
batch training loss: 540.84, 40.37, score: 77.3326, ssr ratio: 0.0000
batch training loss: 473.75, 24.94, score: 105.5725, ssr ratio: 0.0000
batch training loss: 583.42, 49.24, score: 68.8789, ssr ratio: 0.0000
tensor([0.9375, 0.8950, 0.8550, 0.8170, 0.7802, 0.7427, 0.7088, 0.6807, 0.6569,
        0.6357, 0.6222, 0.6180, 0.6214, 0.6251, 0.6221, 0.6052, 0.5747, 0.5408,
        0.5178, 0.5092, 0.5058, 0.5058, 0.5082, 0.5113], device='cuda:4')
epoch eval loss:
sst: 593.69, nino: 123.18, sc: 46.6570
eval score is not improved for 19 epoch

epoch: 21
batch training loss: 556.56, 28.14, score: 72.0833, ssr ratio: 0.0000
batch training loss: 587.16, 27.28, score: 105.1345, ssr ratio: 0.0000
batch training loss: 523.93, 65.10, score: 86.7200, ssr ratio: 0.0000
batch training loss: 572.18, 67.86, score: 93.4073, ssr ratio: 0.0000
batch training loss: 474.28, 43.79, score: 103.2441, ssr ratio: 0.0000
batch training loss: 592.75, 45.21, score: 53.7232, ssr ratio: 0.0000
batch training loss: 645.26, 61.95, score: 101.0094, ssr ratio: 0.0000
batch training loss: 595.36, 37.92, score: 88.1771, ssr ratio: 0.0000
batch training loss: 546.47, 34.72, score: 93.0982, ssr ratio: 0.0000
batch training loss: 467.19, 57.28, score: 88.6783, ssr ratio: 0.0000
tensor([0.9291, 0.8823, 0.8402, 0.8007, 0.7625, 0.7240, 0.6905, 0.6635, 0.6406,
        0.6196, 0.6060, 0.6021, 0.6069, 0.6114, 0.6083, 0.5910, 0.5606, 0.5268,
        0.5046, 0.4974, 0.4958, 0.4982, 0.5028, 0.5062], device='cuda:4')
epoch eval loss:
sst: 594.04, nino: 124.87, sc: 44.9971
eval score is not improved for 20 epoch
early stopping reached, best score is 49.350703

----- training finished -----

processing test set
(395, 38, 24, 48, 1, 4)
(395, 38, 24, 48, 4)
(395, 38, 3)
predData.shape= (395, 38, 2, 24, 48)
{'sst': (395, 38, 24, 48, 6), 'nino target': (395, 38, 3)}
loading test dataloader
Traceback (most recent call last):
  File "trainer.py", line 264, in <module>
    trainer.network.load_state_dict(chk['net'])
  File "/home/ruichuang/anaconda3/envs/AGCRN_env/lib/python3.8/site-packages/torch/nn/modules/module.py", line 1604, in load_state_dict
    raise RuntimeError('Error(s) in loading state_dict for {}:\n\t{}'.format(
RuntimeError: Error(s) in loading state_dict for SAConvLSTM:
	size mismatch for layers.0.conv.weight: copying a param with shape torch.Size([512, 136, 3, 3]) from checkpoint, the shape in current model is torch.Size([256, 72, 3, 3]).
	size mismatch for layers.0.conv.bias: copying a param with shape torch.Size([512]) from checkpoint, the shape in current model is torch.Size([256]).
	size mismatch for layers.0.sa.conv_h.weight: copying a param with shape torch.Size([384, 128, 1, 1]) from checkpoint, the shape in current model is torch.Size([96, 64, 1, 1]).
	size mismatch for layers.0.sa.conv_h.bias: copying a param with shape torch.Size([384]) from checkpoint, the shape in current model is torch.Size([96]).
	size mismatch for layers.0.sa.conv_m.weight: copying a param with shape torch.Size([256, 128, 1, 1]) from checkpoint, the shape in current model is torch.Size([64, 64, 1, 1]).
	size mismatch for layers.0.sa.conv_m.bias: copying a param with shape torch.Size([256]) from checkpoint, the shape in current model is torch.Size([64]).
	size mismatch for layers.0.sa.conv_z.weight: copying a param with shape torch.Size([128, 256, 1, 1]) from checkpoint, the shape in current model is torch.Size([32, 64, 1, 1]).
	size mismatch for layers.0.sa.conv_z.bias: copying a param with shape torch.Size([128]) from checkpoint, the shape in current model is torch.Size([32]).
	size mismatch for layers.0.sa.conv_output.weight: copying a param with shape torch.Size([384, 256, 3, 3]) from checkpoint, the shape in current model is torch.Size([192, 96, 3, 3]).
	size mismatch for layers.0.sa.conv_output.bias: copying a param with shape torch.Size([384]) from checkpoint, the shape in current model is torch.Size([192]).
	size mismatch for layers.1.conv.weight: copying a param with shape torch.Size([512, 256, 3, 3]) from checkpoint, the shape in current model is torch.Size([256, 128, 3, 3]).
	size mismatch for layers.1.conv.bias: copying a param with shape torch.Size([512]) from checkpoint, the shape in current model is torch.Size([256]).
	size mismatch for layers.1.sa.conv_h.weight: copying a param with shape torch.Size([384, 128, 1, 1]) from checkpoint, the shape in current model is torch.Size([96, 64, 1, 1]).
	size mismatch for layers.1.sa.conv_h.bias: copying a param with shape torch.Size([384]) from checkpoint, the shape in current model is torch.Size([96]).
	size mismatch for layers.1.sa.conv_m.weight: copying a param with shape torch.Size([256, 128, 1, 1]) from checkpoint, the shape in current model is torch.Size([64, 64, 1, 1]).
	size mismatch for layers.1.sa.conv_m.bias: copying a param with shape torch.Size([256]) from checkpoint, the shape in current model is torch.Size([64]).
	size mismatch for layers.1.sa.conv_z.weight: copying a param with shape torch.Size([128, 256, 1, 1]) from checkpoint, the shape in current model is torch.Size([32, 64, 1, 1]).
	size mismatch for layers.1.sa.conv_z.bias: copying a param with shape torch.Size([128]) from checkpoint, the shape in current model is torch.Size([32]).
	size mismatch for layers.1.sa.conv_output.weight: copying a param with shape torch.Size([384, 256, 3, 3]) from checkpoint, the shape in current model is torch.Size([192, 96, 3, 3]).
	size mismatch for layers.1.sa.conv_output.bias: copying a param with shape torch.Size([384]) from checkpoint, the shape in current model is torch.Size([192]).
	size mismatch for layers.2.conv.weight: copying a param with shape torch.Size([512, 256, 3, 3]) from checkpoint, the shape in current model is torch.Size([256, 128, 3, 3]).
	size mismatch for layers.2.conv.bias: copying a param with shape torch.Size([512]) from checkpoint, the shape in current model is torch.Size([256]).
	size mismatch for layers.2.sa.conv_h.weight: copying a param with shape torch.Size([384, 128, 1, 1]) from checkpoint, the shape in current model is torch.Size([96, 64, 1, 1]).
	size mismatch for layers.2.sa.conv_h.bias: copying a param with shape torch.Size([384]) from checkpoint, the shape in current model is torch.Size([96]).
	size mismatch for layers.2.sa.conv_m.weight: copying a param with shape torch.Size([256, 128, 1, 1]) from checkpoint, the shape in current model is torch.Size([64, 64, 1, 1]).
	size mismatch for layers.2.sa.conv_m.bias: copying a param with shape torch.Size([256]) from checkpoint, the shape in current model is torch.Size([64]).
	size mismatch for layers.2.sa.conv_z.weight: copying a param with shape torch.Size([128, 256, 1, 1]) from checkpoint, the shape in current model is torch.Size([32, 64, 1, 1]).
	size mismatch for layers.2.sa.conv_z.bias: copying a param with shape torch.Size([128]) from checkpoint, the shape in current model is torch.Size([32]).
	size mismatch for layers.2.sa.conv_output.weight: copying a param with shape torch.Size([384, 256, 3, 3]) from checkpoint, the shape in current model is torch.Size([192, 96, 3, 3]).
	size mismatch for layers.2.sa.conv_output.bias: copying a param with shape torch.Size([384]) from checkpoint, the shape in current model is torch.Size([192]).
	size mismatch for layers.3.conv.weight: copying a param with shape torch.Size([512, 256, 3, 3]) from checkpoint, the shape in current model is torch.Size([256, 128, 3, 3]).
	size mismatch for layers.3.conv.bias: copying a param with shape torch.Size([512]) from checkpoint, the shape in current model is torch.Size([256]).
	size mismatch for layers.3.sa.conv_h.weight: copying a param with shape torch.Size([384, 128, 1, 1]) from checkpoint, the shape in current model is torch.Size([96, 64, 1, 1]).
	size mismatch for layers.3.sa.conv_h.bias: copying a param with shape torch.Size([384]) from checkpoint, the shape in current model is torch.Size([96]).
	size mismatch for layers.3.sa.conv_m.weight: copying a param with shape torch.Size([256, 128, 1, 1]) from checkpoint, the shape in current model is torch.Size([64, 64, 1, 1]).
	size mismatch for layers.3.sa.conv_m.bias: copying a param with shape torch.Size([256]) from checkpoint, the shape in current model is torch.Size([64]).
	size mismatch for layers.3.sa.conv_z.weight: copying a param with shape torch.Size([128, 256, 1, 1]) from checkpoint, the shape in current model is torch.Size([32, 64, 1, 1]).
	size mismatch for layers.3.sa.conv_z.bias: copying a param with shape torch.Size([128]) from checkpoint, the shape in current model is torch.Size([32]).
	size mismatch for layers.3.sa.conv_output.weight: copying a param with shape torch.Size([384, 256, 3, 3]) from checkpoint, the shape in current model is torch.Size([192, 96, 3, 3]).
	size mismatch for layers.3.sa.conv_output.bias: copying a param with shape torch.Size([384]) from checkpoint, the shape in current model is torch.Size([192]).
	size mismatch for conv_output.weight: copying a param with shape torch.Size([2, 128, 1, 1]) from checkpoint, the shape in current model is torch.Size([2, 64, 1, 1]).
