nohup: 忽略输入
{'n_cpu': 0, 'device': device(type='cuda', index=5), 'batch_size_test': 40, 'batch_size': 2, 'lr': 0.001, 'weight_decay': 0, 'display_interval': 250, 'num_epochs': 50, 'early_stopping': True, 'patience': 20, 'gradient_clipping': True, 'clipping_threshold': 1.0, 'input_dim': 8, 'output_dim': 2, 'input_length': 12, 'output_length': 24, 'input_gap': 1, 'pred_shift': 24, 'model_i': 0, 'kernel_size': (3, 3), 'bias': True, 'hidden_dim_1': (128, 128, 128, 128), 'd_attn_1': 32, 'ssr_decay_rate': 8e-05, 'hidden_dim_2': (32, 32, 32, 32), 'd_attn_2': 16, 'hidden_dim_3': (32, 32, 32, 32), 'd_attn_3': 16, 'hidden_dim_4': (32, 32, 32, 32), 'd_attn_4': 16, 'hidden_dim_5': (32, 32, 32, 32), 'd_attn_5': 16, 'use_hc': 1, 'time': 'hybrid', 'save_last': 0}

reading data
(1692, 24, 48, 21, 4) (432, 24, 48, 1, 4)
(1692, 21, 3) (432, 1, 3)
processing training set
(237, 38, 24, 48, 21, 4)
(4977, 38, 24, 48, 4)
(4977, 38, 3)
predData.shape= (4977, 38, 2, 24, 48)
{'sst': (4977, 38, 24, 48, 6), 'nino target': (4977, 38, 3)}
processing eval set
(395, 38, 24, 48, 1, 4)
(395, 38, 24, 48, 4)
(395, 38, 3)
predData.shape= (395, 38, 2, 24, 48)
{'sst': (395, 38, 24, 48, 6), 'nino target': (395, 38, 3)}
Total params num: 6490626
*****************Finish Parameter****************
loading train dataloader
loading eval dataloader

epoch: 1
batch training loss: 1044.82, 179.90, score: -23.4375, ssr ratio: 0.9999
batch training loss: 429.91, 20.06, score: 106.0769, ssr ratio: 0.9799
batch training loss: 377.02, 27.26, score: 67.1229, ssr ratio: 0.9599
batch training loss: 447.04, 25.67, score: 105.3148, ssr ratio: 0.9399
batch training loss: 375.40, 16.77, score: 100.6862, ssr ratio: 0.9199
batch training loss: 385.30, 28.63, score: 104.5810, ssr ratio: 0.8999
batch training loss: 369.92, 17.44, score: 64.9381, ssr ratio: 0.8799
batch training loss: 372.38, 27.86, score: 105.0459, ssr ratio: 0.8599
batch training loss: 444.23, 20.52, score: 106.7779, ssr ratio: 0.8399
batch training loss: 499.28, 12.37, score: 106.9060, ssr ratio: 0.8199
tensor([0.9367, 0.8904, 0.8515, 0.8216, 0.7990, 0.7775, 0.7564, 0.7344, 0.7108,
        0.6852, 0.6634, 0.6503, 0.6462, 0.6460, 0.6438, 0.6323, 0.6081, 0.5769,
        0.5512, 0.5372, 0.5278, 0.5227, 0.5217, 0.5222], device='cuda:5')
epoch eval loss:
sst: 607.02, nino: 123.43, sc: 49.6671
eval score is improved from -inf to 49.66705, saving model

epoch: 2
batch training loss: 396.21, 14.08, score: 95.8435, ssr ratio: 0.8008
batch training loss: 390.34, 30.16, score: 102.1445, ssr ratio: 0.7808
batch training loss: 495.50, 16.10, score: 89.4258, ssr ratio: 0.7608
batch training loss: 354.73, 9.54, score: 91.5971, ssr ratio: 0.7408
batch training loss: 451.56, 45.41, score: 73.0928, ssr ratio: 0.7208
batch training loss: 395.28, 19.29, score: 90.2734, ssr ratio: 0.7008
batch training loss: 369.63, 23.77, score: 95.0203, ssr ratio: 0.6808
batch training loss: 433.56, 28.20, score: 72.9798, ssr ratio: 0.6608
batch training loss: 351.11, 12.48, score: 100.5345, ssr ratio: 0.6408
batch training loss: 378.08, 31.80, score: 104.6604, ssr ratio: 0.6208
tensor([0.9426, 0.8999, 0.8624, 0.8313, 0.8044, 0.7768, 0.7488, 0.7211, 0.6931,
        0.6635, 0.6389, 0.6249, 0.6227, 0.6246, 0.6230, 0.6105, 0.5853, 0.5541,
        0.5316, 0.5227, 0.5173, 0.5148, 0.5154, 0.5161], device='cuda:5')
epoch eval loss:
sst: 606.06, nino: 126.68, sc: 47.2955
Epoch 00002: reducing learning rate of group 0 to 3.0000e-04.
eval score is not improved for 1 epoch

epoch: 3
batch training loss: 424.15, 16.20, score: 84.0907, ssr ratio: 0.6017
batch training loss: 380.27, 19.74, score: 104.8214, ssr ratio: 0.5817
batch training loss: 383.28, 24.89, score: 60.6017, ssr ratio: 0.5617
batch training loss: 387.95, 18.92, score: 59.2627, ssr ratio: 0.5417
batch training loss: 406.76, 17.90, score: 106.1428, ssr ratio: 0.5217
batch training loss: 372.78, 29.78, score: 86.6970, ssr ratio: 0.5017
batch training loss: 362.43, 37.42, score: 96.9859, ssr ratio: 0.4817
batch training loss: 386.55, 23.67, score: 101.8530, ssr ratio: 0.4617
batch training loss: 428.57, 32.33, score: 104.3460, ssr ratio: 0.4417
batch training loss: 413.73, 60.02, score: 0.3123, ssr ratio: 0.4217
tensor([0.9340, 0.8839, 0.8389, 0.8001, 0.7636, 0.7247, 0.6883, 0.6588, 0.6352,
        0.6133, 0.5966, 0.5878, 0.5888, 0.5928, 0.5916, 0.5791, 0.5541, 0.5234,
        0.5018, 0.4949, 0.4934, 0.4947, 0.4980, 0.5013], device='cuda:5')
epoch eval loss:
sst: 587.48, nino: 126.41, sc: 44.0034
Epoch 00003: reducing learning rate of group 0 to 1.0000e-04.
eval score is not improved for 2 epoch

epoch: 4
batch training loss: 407.07, 29.31, score: 87.6702, ssr ratio: 0.4026
batch training loss: 381.48, 26.72, score: 84.8560, ssr ratio: 0.3826
batch training loss: 392.73, 14.08, score: 83.9967, ssr ratio: 0.3626
batch training loss: 433.94, 24.26, score: 99.6679, ssr ratio: 0.3426
batch training loss: 436.99, 23.72, score: 93.4509, ssr ratio: 0.3226
batch training loss: 452.66, 26.89, score: 98.7474, ssr ratio: 0.3026
batch training loss: 434.21, 25.89, score: 105.7828, ssr ratio: 0.2826
batch training loss: 446.21, 48.26, score: 102.3193, ssr ratio: 0.2626
batch training loss: 411.70, 28.70, score: 7.4401, ssr ratio: 0.2426
batch training loss: 462.06, 21.13, score: 103.0943, ssr ratio: 0.2226
tensor([0.9434, 0.9013, 0.8635, 0.8309, 0.7976, 0.7591, 0.7211, 0.6886, 0.6601,
        0.6326, 0.6117, 0.6017, 0.6031, 0.6076, 0.6068, 0.5937, 0.5673, 0.5361,
        0.5139, 0.5055, 0.5020, 0.5017, 0.5036, 0.5053], device='cuda:5')
epoch eval loss:
sst: 588.11, nino: 125.77, sc: 45.6484
eval score is not improved for 3 epoch

epoch: 5
batch training loss: 484.93, 38.17, score: 86.4792, ssr ratio: 0.2034
batch training loss: 527.12, 58.78, score: 95.2572, ssr ratio: 0.1834
batch training loss: 506.14, 25.24, score: 100.0963, ssr ratio: 0.1634
batch training loss: 564.76, 30.25, score: 75.2427, ssr ratio: 0.1434
batch training loss: 467.41, 36.50, score: 86.9883, ssr ratio: 0.1234
batch training loss: 467.31, 22.54, score: 30.5953, ssr ratio: 0.1034
batch training loss: 481.73, 39.77, score: 98.5771, ssr ratio: 0.0834
batch training loss: 484.55, 30.90, score: 23.1014, ssr ratio: 0.0634
batch training loss: 453.84, 28.52, score: 105.2573, ssr ratio: 0.0434
batch training loss: 561.20, 67.08, score: 8.5841, ssr ratio: 0.0234
tensor([0.9464, 0.9059, 0.8685, 0.8342, 0.7985, 0.7587, 0.7206, 0.6883, 0.6602,
        0.6341, 0.6152, 0.6075, 0.6109, 0.6170, 0.6168, 0.6031, 0.5757, 0.5434,
        0.5201, 0.5106, 0.5063, 0.5056, 0.5077, 0.5100], device='cuda:5')
epoch eval loss:
sst: 594.31, nino: 122.62, sc: 46.7865
eval score is not improved for 4 epoch

epoch: 6
batch training loss: 530.51, 32.92, score: 84.7147, ssr ratio: 0.0043
batch training loss: 545.66, 49.41, score: 100.8850, ssr ratio: 0.0000
batch training loss: 547.68, 42.67, score: 102.0930, ssr ratio: 0.0000
batch training loss: 525.24, 36.73, score: 103.2763, ssr ratio: 0.0000
batch training loss: 536.79, 113.24, score: 79.8343, ssr ratio: 0.0000
batch training loss: 452.26, 35.45, score: 69.9781, ssr ratio: 0.0000
batch training loss: 528.86, 58.44, score: 90.4754, ssr ratio: 0.0000
batch training loss: 517.16, 57.20, score: 79.1651, ssr ratio: 0.0000
batch training loss: 592.29, 58.89, score: 66.7030, ssr ratio: 0.0000
batch training loss: 498.08, 43.37, score: 43.0247, ssr ratio: 0.0000
tensor([0.9446, 0.9023, 0.8634, 0.8286, 0.7930, 0.7532, 0.7158, 0.6846, 0.6571,
        0.6312, 0.6136, 0.6077, 0.6122, 0.6178, 0.6173, 0.6045, 0.5784, 0.5469,
        0.5249, 0.5170, 0.5134, 0.5127, 0.5148, 0.5165], device='cuda:5')
epoch eval loss:
sst: 593.97, nino: 123.41, sc: 46.9306
eval score is not improved for 5 epoch

epoch: 7
batch training loss: 508.65, 54.74, score: 91.1633, ssr ratio: 0.0000
batch training loss: 487.16, 40.07, score: 90.5770, ssr ratio: 0.0000
batch training loss: 517.21, 38.70, score: 97.2487, ssr ratio: 0.0000
batch training loss: 481.48, 42.54, score: 102.3400, ssr ratio: 0.0000
batch training loss: 556.92, 35.99, score: 104.2678, ssr ratio: 0.0000
batch training loss: 535.34, 38.34, score: 103.9705, ssr ratio: 0.0000
batch training loss: 565.13, 35.55, score: 101.4240, ssr ratio: 0.0000
batch training loss: 501.66, 34.45, score: 98.3178, ssr ratio: 0.0000
batch training loss: 582.72, 35.18, score: 103.6160, ssr ratio: 0.0000
batch training loss: 454.42, 29.24, score: 105.1973, ssr ratio: 0.0000
tensor([0.9440, 0.9027, 0.8647, 0.8301, 0.7944, 0.7545, 0.7162, 0.6829, 0.6533,
        0.6268, 0.6103, 0.6063, 0.6122, 0.6183, 0.6167, 0.6023, 0.5753, 0.5441,
        0.5216, 0.5126, 0.5079, 0.5063, 0.5078, 0.5106], device='cuda:5')
epoch eval loss:
sst: 594.11, nino: 122.92, sc: 46.7404
eval score is not improved for 6 epoch

epoch: 8
batch training loss: 607.56, 48.19, score: -28.0045, ssr ratio: 0.0000
batch training loss: 504.68, 36.24, score: 103.3506, ssr ratio: 0.0000
batch training loss: 587.49, 44.80, score: 71.4479, ssr ratio: 0.0000
batch training loss: 506.83, 37.53, score: 92.4425, ssr ratio: 0.0000
batch training loss: 532.65, 45.36, score: 85.8084, ssr ratio: 0.0000
batch training loss: 496.05, 75.75, score: 78.3833, ssr ratio: 0.0000
batch training loss: 504.31, 34.79, score: 59.5807, ssr ratio: 0.0000
batch training loss: 521.55, 41.32, score: 101.5239, ssr ratio: 0.0000
batch training loss: 499.40, 44.62, score: 20.2842, ssr ratio: 0.0000
batch training loss: 541.81, 60.18, score: 84.0952, ssr ratio: 0.0000
tensor([0.9453, 0.9046, 0.8677, 0.8355, 0.8026, 0.7649, 0.7283, 0.6961, 0.6658,
        0.6366, 0.6164, 0.6093, 0.6132, 0.6181, 0.6165, 0.6022, 0.5749, 0.5440,
        0.5229, 0.5151, 0.5113, 0.5107, 0.5126, 0.5147], device='cuda:5')
epoch eval loss:
sst: 591.57, nino: 123.90, sc: 46.9209
eval score is not improved for 7 epoch

epoch: 9
batch training loss: 524.36, 51.55, score: 91.3032, ssr ratio: 0.0000
batch training loss: 552.55, 55.10, score: 100.8033, ssr ratio: 0.0000
batch training loss: 568.32, 32.55, score: 93.9903, ssr ratio: 0.0000
batch training loss: 592.88, 31.97, score: 73.2110, ssr ratio: 0.0000
batch training loss: 451.79, 48.96, score: 80.2768, ssr ratio: 0.0000
batch training loss: 542.88, 65.33, score: 97.0350, ssr ratio: 0.0000
batch training loss: 587.35, 38.62, score: 70.8612, ssr ratio: 0.0000
batch training loss: 502.17, 69.42, score: 90.1886, ssr ratio: 0.0000
batch training loss: 593.35, 58.97, score: 101.1208, ssr ratio: 0.0000
batch training loss: 532.92, 64.57, score: 45.9595, ssr ratio: 0.0000
tensor([0.9449, 0.9040, 0.8671, 0.8348, 0.8009, 0.7616, 0.7229, 0.6881, 0.6555,
        0.6252, 0.6060, 0.6011, 0.6074, 0.6137, 0.6129, 0.5996, 0.5742, 0.5453,
        0.5260, 0.5198, 0.5162, 0.5147, 0.5153, 0.5167], device='cuda:5')
epoch eval loss:
sst: 594.63, nino: 123.58, sc: 46.8744
eval score is not improved for 8 epoch

epoch: 10
batch training loss: 564.19, 55.96, score: 54.7271, ssr ratio: 0.0000
batch training loss: 575.05, 27.42, score: 55.1476, ssr ratio: 0.0000
batch training loss: 613.88, 66.20, score: 79.1892, ssr ratio: 0.0000
batch training loss: 461.45, 32.16, score: 22.1965, ssr ratio: 0.0000
batch training loss: 534.08, 63.49, score: 40.5698, ssr ratio: 0.0000
batch training loss: 493.41, 42.78, score: 99.5531, ssr ratio: 0.0000
batch training loss: 519.29, 29.14, score: 94.5111, ssr ratio: 0.0000
batch training loss: 475.52, 35.02, score: 86.0105, ssr ratio: 0.0000
batch training loss: 553.80, 97.18, score: 16.1893, ssr ratio: 0.0000
batch training loss: 614.85, 31.52, score: 72.2560, ssr ratio: 0.0000
tensor([0.9454, 0.9063, 0.8709, 0.8392, 0.8063, 0.7685, 0.7301, 0.6944, 0.6605,
        0.6295, 0.6102, 0.6049, 0.6108, 0.6168, 0.6148, 0.5992, 0.5717, 0.5423,
        0.5231, 0.5172, 0.5143, 0.5140, 0.5165, 0.5199], device='cuda:5')
epoch eval loss:
sst: 595.28, nino: 122.42, sc: 47.1770
eval score is not improved for 9 epoch

epoch: 11
batch training loss: 460.01, 26.19, score: 65.4914, ssr ratio: 0.0000
batch training loss: 532.77, 44.36, score: 85.6677, ssr ratio: 0.0000
batch training loss: 501.13, 40.60, score: 103.8932, ssr ratio: 0.0000
batch training loss: 529.11, 56.41, score: -13.5620, ssr ratio: 0.0000
batch training loss: 551.38, 26.99, score: 105.0574, ssr ratio: 0.0000
batch training loss: 535.57, 54.40, score: 102.3356, ssr ratio: 0.0000
batch training loss: 496.25, 53.47, score: 101.6393, ssr ratio: 0.0000
batch training loss: 501.13, 44.38, score: 93.6328, ssr ratio: 0.0000
batch training loss: 529.80, 65.13, score: 98.9221, ssr ratio: 0.0000
batch training loss: 468.59, 48.67, score: 102.7746, ssr ratio: 0.0000
tensor([0.9491, 0.9114, 0.8771, 0.8471, 0.8159, 0.7794, 0.7413, 0.7045, 0.6703,
        0.6404, 0.6222, 0.6174, 0.6221, 0.6262, 0.6223, 0.6065, 0.5801, 0.5508,
        0.5302, 0.5224, 0.5180, 0.5166, 0.5179, 0.5202], device='cuda:5')
epoch eval loss:
sst: 591.71, nino: 122.48, sc: 47.9129
eval score is not improved for 10 epoch

epoch: 12
batch training loss: 552.80, 91.43, score: 24.9693, ssr ratio: 0.0000
batch training loss: 533.06, 65.71, score: 78.3692, ssr ratio: 0.0000
batch training loss: 535.19, 43.72, score: 0.1146, ssr ratio: 0.0000
batch training loss: 569.66, 40.29, score: 64.4535, ssr ratio: 0.0000
batch training loss: 528.08, 26.56, score: 104.8990, ssr ratio: 0.0000
batch training loss: 523.02, 46.49, score: 91.2263, ssr ratio: 0.0000
batch training loss: 534.15, 34.26, score: 82.0241, ssr ratio: 0.0000
batch training loss: 484.40, 40.08, score: 37.8257, ssr ratio: 0.0000
batch training loss: 546.20, 30.89, score: 93.7057, ssr ratio: 0.0000
batch training loss: 482.22, 67.00, score: 95.2428, ssr ratio: 0.0000
tensor([0.9476, 0.9083, 0.8717, 0.8394, 0.8073, 0.7711, 0.7352, 0.7013, 0.6680,
        0.6367, 0.6165, 0.6106, 0.6152, 0.6190, 0.6154, 0.6001, 0.5741, 0.5465,
        0.5281, 0.5213, 0.5177, 0.5168, 0.5174, 0.5177], device='cuda:5')
epoch eval loss:
sst: 594.92, nino: 122.33, sc: 47.5745
eval score is not improved for 11 epoch

epoch: 13
batch training loss: 519.54, 40.20, score: 103.6048, ssr ratio: 0.0000
batch training loss: 523.56, 32.43, score: 72.6119, ssr ratio: 0.0000
batch training loss: 498.12, 29.35, score: 104.1968, ssr ratio: 0.0000
batch training loss: 502.40, 42.47, score: 103.5767, ssr ratio: 0.0000
batch training loss: 471.01, 34.50, score: 28.1259, ssr ratio: 0.0000
batch training loss: 547.04, 30.57, score: 82.7103, ssr ratio: 0.0000
batch training loss: 491.39, 34.84, score: 104.5068, ssr ratio: 0.0000
batch training loss: 540.22, 47.95, score: 15.4353, ssr ratio: 0.0000
batch training loss: 591.53, 54.33, score: 49.2051, ssr ratio: 0.0000
batch training loss: 539.01, 24.29, score: 105.2886, ssr ratio: 0.0000
tensor([0.9466, 0.9087, 0.8755, 0.8466, 0.8157, 0.7788, 0.7411, 0.7057, 0.6730,
        0.6440, 0.6257, 0.6194, 0.6218, 0.6235, 0.6172, 0.5982, 0.5687, 0.5384,
        0.5177, 0.5092, 0.5042, 0.5027, 0.5030, 0.5030], device='cuda:5')
epoch eval loss:
sst: 594.19, nino: 122.61, sc: 47.0724
eval score is not improved for 12 epoch

epoch: 14
batch training loss: 549.56, 44.93, score: 83.2440, ssr ratio: 0.0000
batch training loss: 455.54, 75.17, score: 88.9731, ssr ratio: 0.0000
batch training loss: 527.19, 43.59, score: 64.5796, ssr ratio: 0.0000
batch training loss: 511.55, 39.41, score: 97.9103, ssr ratio: 0.0000
batch training loss: 550.19, 35.37, score: 87.5465, ssr ratio: 0.0000
batch training loss: 548.69, 66.30, score: 76.3764, ssr ratio: 0.0000
batch training loss: 572.70, 31.36, score: 104.3480, ssr ratio: 0.0000
batch training loss: 477.85, 24.19, score: 94.8216, ssr ratio: 0.0000
batch training loss: 482.21, 51.16, score: 81.9739, ssr ratio: 0.0000
batch training loss: 503.98, 45.15, score: 43.7728, ssr ratio: 0.0000
tensor([0.9469, 0.9086, 0.8740, 0.8439, 0.8124, 0.7747, 0.7350, 0.6967, 0.6598,
        0.6272, 0.6081, 0.6051, 0.6139, 0.6230, 0.6255, 0.6156, 0.5940, 0.5684,
        0.5496, 0.5403, 0.5324, 0.5264, 0.5215, 0.5170], device='cuda:5')
epoch eval loss:
sst: 596.78, nino: 121.51, sc: 48.5186
eval score is not improved for 13 epoch

epoch: 15
batch training loss: 532.07, 51.04, score: 69.9668, ssr ratio: 0.0000
batch training loss: 485.80, 38.41, score: 94.2194, ssr ratio: 0.0000
batch training loss: 511.75, 43.36, score: 43.1123, ssr ratio: 0.0000
batch training loss: 487.40, 56.29, score: 68.5545, ssr ratio: 0.0000
batch training loss: 516.89, 26.63, score: 93.2880, ssr ratio: 0.0000
batch training loss: 543.00, 34.21, score: 52.0598, ssr ratio: 0.0000
batch training loss: 603.15, 59.69, score: 101.3874, ssr ratio: 0.0000
batch training loss: 493.92, 54.03, score: 103.1859, ssr ratio: 0.0000
batch training loss: 552.48, 92.33, score: -18.9460, ssr ratio: 0.0000
batch training loss: 603.58, 27.57, score: 90.5523, ssr ratio: 0.0000
tensor([0.9400, 0.8971, 0.8594, 0.8263, 0.7913, 0.7508, 0.7101, 0.6739, 0.6418,
        0.6134, 0.5970, 0.5940, 0.6000, 0.6033, 0.5984, 0.5821, 0.5569, 0.5322,
        0.5182, 0.5156, 0.5134, 0.5110, 0.5092, 0.5089], device='cuda:5')
epoch eval loss:
sst: 594.94, nino: 123.86, sc: 45.7857
eval score is not improved for 14 epoch

epoch: 16
batch training loss: 495.12, 39.82, score: 102.8102, ssr ratio: 0.0000
batch training loss: 571.95, 37.03, score: 102.2989, ssr ratio: 0.0000
batch training loss: 499.67, 40.21, score: 66.4524, ssr ratio: 0.0000
batch training loss: 503.77, 30.70, score: 71.5882, ssr ratio: 0.0000
batch training loss: 588.13, 37.74, score: 93.2719, ssr ratio: 0.0000
batch training loss: 491.08, 39.87, score: 38.5971, ssr ratio: 0.0000
batch training loss: 538.57, 24.93, score: 105.7067, ssr ratio: 0.0000
batch training loss: 559.87, 38.29, score: 103.8860, ssr ratio: 0.0000
batch training loss: 508.22, 76.83, score: 78.4274, ssr ratio: 0.0000
batch training loss: 568.01, 35.38, score: 55.5124, ssr ratio: 0.0000
tensor([0.9412, 0.9003, 0.8661, 0.8377, 0.8078, 0.7726, 0.7368, 0.7030, 0.6721,
        0.6447, 0.6271, 0.6205, 0.6223, 0.6221, 0.6147, 0.5977, 0.5734, 0.5495,
        0.5327, 0.5248, 0.5183, 0.5152, 0.5139, 0.5136], device='cuda:5')
epoch eval loss:
sst: 598.15, nino: 122.16, sc: 47.7084
eval score is not improved for 15 epoch

epoch: 17
batch training loss: 509.70, 53.70, score: 51.7393, ssr ratio: 0.0000
batch training loss: 564.77, 45.02, score: 92.3450, ssr ratio: 0.0000
batch training loss: 524.51, 21.40, score: 35.4266, ssr ratio: 0.0000
batch training loss: 536.06, 40.22, score: 90.2939, ssr ratio: 0.0000
batch training loss: 570.77, 31.00, score: 71.7955, ssr ratio: 0.0000
batch training loss: 457.32, 33.95, score: 75.7661, ssr ratio: 0.0000
batch training loss: 556.24, 35.37, score: 103.8917, ssr ratio: 0.0000
batch training loss: 447.89, 20.51, score: 90.0497, ssr ratio: 0.0000
batch training loss: 505.45, 32.10, score: 21.8146, ssr ratio: 0.0000
batch training loss: 476.31, 28.29, score: 94.2596, ssr ratio: 0.0000
tensor([0.9435, 0.9009, 0.8621, 0.8280, 0.7948, 0.7593, 0.7255, 0.6945, 0.6657,
        0.6397, 0.6235, 0.6170, 0.6169, 0.6151, 0.6066, 0.5887, 0.5633, 0.5375,
        0.5185, 0.5094, 0.5034, 0.5019, 0.5042, 0.5087], device='cuda:5')
epoch eval loss:
sst: 597.67, nino: 123.27, sc: 46.4767
eval score is not improved for 16 epoch

epoch: 18
batch training loss: 552.69, 33.11, score: 82.5702, ssr ratio: 0.0000
batch training loss: 502.24, 61.32, score: 101.5696, ssr ratio: 0.0000
batch training loss: 504.93, 38.73, score: 49.6992, ssr ratio: 0.0000
batch training loss: 549.62, 52.11, score: -7.2983, ssr ratio: 0.0000
batch training loss: 538.09, 30.38, score: 103.5746, ssr ratio: 0.0000
batch training loss: 531.62, 45.54, score: 24.5914, ssr ratio: 0.0000
batch training loss: 455.09, 27.58, score: 104.9878, ssr ratio: 0.0000
batch training loss: 515.32, 40.55, score: 31.6603, ssr ratio: 0.0000
batch training loss: 572.68, 49.69, score: 102.0155, ssr ratio: 0.0000
batch training loss: 487.28, 27.13, score: 104.4488, ssr ratio: 0.0000
tensor([0.9443, 0.9058, 0.8708, 0.8365, 0.7982, 0.7556, 0.7154, 0.6789, 0.6450,
        0.6148, 0.5952, 0.5888, 0.5929, 0.5983, 0.5979, 0.5864, 0.5648, 0.5421,
        0.5268, 0.5193, 0.5109, 0.5048, 0.5028, 0.5038], device='cuda:5')
epoch eval loss:
sst: 602.45, nino: 124.07, sc: 45.8823
eval score is not improved for 17 epoch

epoch: 19
batch training loss: 513.37, 43.47, score: 103.7810, ssr ratio: 0.0000
batch training loss: 514.98, 32.63, score: 99.7551, ssr ratio: 0.0000
batch training loss: 494.84, 37.14, score: 60.0303, ssr ratio: 0.0000
batch training loss: 558.07, 30.57, score: 82.7872, ssr ratio: 0.0000
batch training loss: 493.59, 39.73, score: 64.7288, ssr ratio: 0.0000
batch training loss: 540.17, 21.44, score: 106.3861, ssr ratio: 0.0000
batch training loss: 523.85, 28.33, score: 72.9386, ssr ratio: 0.0000
batch training loss: 512.55, 42.04, score: 87.6086, ssr ratio: 0.0000
batch training loss: 500.24, 32.35, score: 105.1166, ssr ratio: 0.0000
batch training loss: 521.05, 18.76, score: 105.7008, ssr ratio: 0.0000
tensor([0.9437, 0.9043, 0.8695, 0.8373, 0.8021, 0.7624, 0.7229, 0.6865, 0.6534,
        0.6250, 0.6087, 0.6041, 0.6061, 0.6056, 0.5977, 0.5790, 0.5532, 0.5323,
        0.5225, 0.5193, 0.5138, 0.5097, 0.5084, 0.5091], device='cuda:5')
epoch eval loss:
sst: 598.69, nino: 123.65, sc: 46.2457
eval score is not improved for 18 epoch

epoch: 20
batch training loss: 500.30, 31.18, score: 104.4571, ssr ratio: 0.0000
batch training loss: 553.63, 37.09, score: 51.7424, ssr ratio: 0.0000
batch training loss: 534.95, 26.12, score: 105.7262, ssr ratio: 0.0000
batch training loss: 522.31, 30.08, score: 78.1006, ssr ratio: 0.0000
batch training loss: 522.89, 39.60, score: 67.4817, ssr ratio: 0.0000
batch training loss: 486.12, 29.02, score: 78.5399, ssr ratio: 0.0000
batch training loss: 557.07, 25.74, score: 100.7960, ssr ratio: 0.0000
batch training loss: 514.56, 25.08, score: 90.0660, ssr ratio: 0.0000
batch training loss: 463.27, 23.83, score: 105.7534, ssr ratio: 0.0000
batch training loss: 557.33, 24.62, score: 46.5913, ssr ratio: 0.0000
tensor([0.9422, 0.9046, 0.8751, 0.8502, 0.8226, 0.7885, 0.7529, 0.7179, 0.6850,
        0.6567, 0.6389, 0.6312, 0.6298, 0.6272, 0.6188, 0.6012, 0.5755, 0.5511,
        0.5343, 0.5242, 0.5140, 0.5080, 0.5081, 0.5114], device='cuda:5')
epoch eval loss:
sst: 605.92, nino: 121.63, sc: 48.1966
eval score is not improved for 19 epoch

epoch: 21
batch training loss: 516.66, 25.53, score: 83.7113, ssr ratio: 0.0000
batch training loss: 553.35, 19.28, score: 105.8753, ssr ratio: 0.0000
batch training loss: 497.59, 50.17, score: 78.0363, ssr ratio: 0.0000
batch training loss: 549.34, 52.58, score: 95.2498, ssr ratio: 0.0000
batch training loss: 448.42, 14.20, score: 106.9612, ssr ratio: 0.0000
batch training loss: 569.98, 25.40, score: 105.8918, ssr ratio: 0.0000
batch training loss: 601.21, 38.68, score: 76.2951, ssr ratio: 0.0000
batch training loss: 564.25, 32.81, score: 104.8023, ssr ratio: 0.0000
batch training loss: 520.33, 26.10, score: 94.5056, ssr ratio: 0.0000
batch training loss: 444.09, 40.56, score: 103.3941, ssr ratio: 0.0000
tensor([0.9428, 0.9039, 0.8717, 0.8436, 0.8146, 0.7816, 0.7479, 0.7150, 0.6848,
        0.6592, 0.6430, 0.6368, 0.6364, 0.6320, 0.6184, 0.5978, 0.5735, 0.5554,
        0.5482, 0.5486, 0.5475, 0.5478, 0.5518, 0.5554], device='cuda:5')
epoch eval loss:
sst: 605.71, nino: 120.81, sc: 49.9083
eval score is improved from 49.66705 to 49.90828, saving model

epoch: 22
batch training loss: 498.75, 32.21, score: 104.4434, ssr ratio: 0.0000
batch training loss: 538.52, 26.98, score: 99.2904, ssr ratio: 0.0000
batch training loss: 575.51, 29.87, score: 99.3522, ssr ratio: 0.0000
batch training loss: 548.90, 77.74, score: 81.5193, ssr ratio: 0.0000
batch training loss: 487.08, 31.37, score: 72.8174, ssr ratio: 0.0000
batch training loss: 499.11, 42.61, score: 81.5984, ssr ratio: 0.0000
batch training loss: 516.98, 49.83, score: 91.7795, ssr ratio: 0.0000
batch training loss: 546.71, 43.23, score: 6.0409, ssr ratio: 0.0000
batch training loss: 517.97, 21.84, score: 88.0134, ssr ratio: 0.0000
batch training loss: 538.61, 23.67, score: 105.6523, ssr ratio: 0.0000
tensor([0.9369, 0.8943, 0.8581, 0.8250, 0.7904, 0.7534, 0.7191, 0.6899, 0.6655,
        0.6445, 0.6301, 0.6240, 0.6247, 0.6232, 0.6109, 0.5869, 0.5575, 0.5352,
        0.5254, 0.5257, 0.5269, 0.5294, 0.5345, 0.5389], device='cuda:5')
epoch eval loss:
sst: 600.78, nino: 122.34, sc: 47.6416
eval score is not improved for 1 epoch

epoch: 23
batch training loss: 535.81, 33.42, score: 36.5830, ssr ratio: 0.0000
batch training loss: 561.83, 32.31, score: 105.2032, ssr ratio: 0.0000
batch training loss: 449.93, 28.46, score: 105.6957, ssr ratio: 0.0000
batch training loss: 475.02, 32.99, score: 104.0364, ssr ratio: 0.0000
batch training loss: 485.37, 26.17, score: 84.4715, ssr ratio: 0.0000
batch training loss: 520.71, 37.56, score: 97.3971, ssr ratio: 0.0000
batch training loss: 578.86, 30.67, score: 94.7939, ssr ratio: 0.0000
batch training loss: 487.77, 35.17, score: 87.9733, ssr ratio: 0.0000
batch training loss: 509.19, 41.06, score: 98.5202, ssr ratio: 0.0000
batch training loss: 535.86, 30.28, score: 54.9164, ssr ratio: 0.0000
tensor([0.9396, 0.8988, 0.8656, 0.8382, 0.8105, 0.7768, 0.7417, 0.7087, 0.6799,
        0.6546, 0.6371, 0.6268, 0.6199, 0.6110, 0.5969, 0.5765, 0.5513, 0.5292,
        0.5150, 0.5102, 0.5079, 0.5087, 0.5132, 0.5195], device='cuda:5')
epoch eval loss:
sst: 604.55, nino: 122.81, sc: 46.9132
eval score is not improved for 2 epoch

epoch: 24
batch training loss: 502.91, 53.85, score: 89.5668, ssr ratio: 0.0000
batch training loss: 489.78, 35.16, score: 76.4506, ssr ratio: 0.0000
batch training loss: 534.94, 26.69, score: 28.8608, ssr ratio: 0.0000
batch training loss: 526.46, 16.70, score: 74.1025, ssr ratio: 0.0000
batch training loss: 468.97, 26.32, score: 89.3458, ssr ratio: 0.0000
batch training loss: 476.99, 37.22, score: 66.2393, ssr ratio: 0.0000
batch training loss: 469.10, 35.21, score: 104.3549, ssr ratio: 0.0000
batch training loss: 548.79, 28.59, score: 102.9737, ssr ratio: 0.0000
batch training loss: 499.79, 33.40, score: 103.5896, ssr ratio: 0.0000
batch training loss: 465.10, 27.90, score: 62.3378, ssr ratio: 0.0000
tensor([0.9396, 0.8989, 0.8658, 0.8387, 0.8097, 0.7731, 0.7337, 0.6975, 0.6670,
        0.6425, 0.6281, 0.6253, 0.6291, 0.6297, 0.6203, 0.6013, 0.5764, 0.5551,
        0.5420, 0.5348, 0.5272, 0.5222, 0.5216, 0.5247], device='cuda:5')
epoch eval loss:
sst: 610.58, nino: 121.19, sc: 48.3892
eval score is not improved for 3 epoch

epoch: 25
batch training loss: 470.96, 39.57, score: 93.7007, ssr ratio: 0.0000
batch training loss: 497.61, 36.12, score: 103.3516, ssr ratio: 0.0000
batch training loss: 560.64, 35.05, score: 104.3155, ssr ratio: 0.0000
batch training loss: 576.61, 35.50, score: 87.6691, ssr ratio: 0.0000
batch training loss: 558.49, 35.05, score: 103.5127, ssr ratio: 0.0000
batch training loss: 485.00, 34.47, score: 24.8141, ssr ratio: 0.0000
batch training loss: 540.68, 26.31, score: 71.7457, ssr ratio: 0.0000
batch training loss: 577.98, 28.20, score: 71.4445, ssr ratio: 0.0000
batch training loss: 500.57, 51.34, score: 102.4429, ssr ratio: 0.0000
batch training loss: 485.81, 46.20, score: 102.6208, ssr ratio: 0.0000
tensor([0.9418, 0.9019, 0.8689, 0.8422, 0.8168, 0.7872, 0.7542, 0.7197, 0.6870,
        0.6597, 0.6444, 0.6419, 0.6460, 0.6439, 0.6292, 0.6045, 0.5750, 0.5502,
        0.5338, 0.5252, 0.5167, 0.5107, 0.5108, 0.5162], device='cuda:5')
epoch eval loss:
sst: 605.32, nino: 121.61, sc: 48.5397
eval score is not improved for 4 epoch

epoch: 26
batch training loss: 474.71, 14.63, score: 106.5658, ssr ratio: 0.0000
batch training loss: 494.94, 18.74, score: 69.8507, ssr ratio: 0.0000
batch training loss: 489.61, 39.90, score: 104.4429, ssr ratio: 0.0000
batch training loss: 552.75, 27.29, score: 94.4667, ssr ratio: 0.0000
batch training loss: 538.75, 22.34, score: 105.6351, ssr ratio: 0.0000
batch training loss: 511.53, 28.16, score: 93.9924, ssr ratio: 0.0000
batch training loss: 497.84, 51.83, score: -13.9133, ssr ratio: 0.0000
batch training loss: 461.09, 26.37, score: 94.8756, ssr ratio: 0.0000
batch training loss: 474.88, 23.71, score: 106.0262, ssr ratio: 0.0000
batch training loss: 496.90, 22.63, score: 105.4109, ssr ratio: 0.0000
tensor([0.9389, 0.8968, 0.8624, 0.8339, 0.8046, 0.7698, 0.7341, 0.7010, 0.6710,
        0.6436, 0.6250, 0.6177, 0.6177, 0.6136, 0.5979, 0.5730, 0.5441, 0.5207,
        0.5065, 0.5011, 0.4981, 0.4999, 0.5054, 0.5094], device='cuda:5')
epoch eval loss:
sst: 608.76, nino: 124.24, sc: 46.0026
eval score is not improved for 5 epoch

epoch: 27
batch training loss: 499.69, 39.86, score: 93.5653, ssr ratio: 0.0000
batch training loss: 517.11, 36.18, score: 93.1854, ssr ratio: 0.0000
batch training loss: 549.92, 46.13, score: 38.0144, ssr ratio: 0.0000
batch training loss: 530.10, 25.34, score: 93.9024, ssr ratio: 0.0000
batch training loss: 544.77, 28.63, score: 105.4441, ssr ratio: 0.0000
batch training loss: 493.36, 20.38, score: 105.6838, ssr ratio: 0.0000
batch training loss: 507.58, 33.90, score: 94.3567, ssr ratio: 0.0000
batch training loss: 501.48, 23.37, score: 40.2347, ssr ratio: 0.0000
batch training loss: 513.00, 18.44, score: 100.6473, ssr ratio: 0.0000
batch training loss: 470.64, 20.23, score: 82.2224, ssr ratio: 0.0000
tensor([0.9415, 0.9012, 0.8671, 0.8371, 0.8061, 0.7704, 0.7341, 0.7014, 0.6729,
        0.6480, 0.6323, 0.6299, 0.6342, 0.6329, 0.6201, 0.5983, 0.5727, 0.5517,
        0.5388, 0.5328, 0.5273, 0.5242, 0.5246, 0.5275], device='cuda:5')
epoch eval loss:
sst: 608.61, nino: 122.43, sc: 48.3379
eval score is not improved for 6 epoch

epoch: 28
batch training loss: 446.37, 30.54, score: 59.7172, ssr ratio: 0.0000
batch training loss: 483.46, 31.53, score: 104.1689, ssr ratio: 0.0000
batch training loss: 444.02, 24.99, score: 67.4226, ssr ratio: 0.0000
batch training loss: 462.09, 23.21, score: 95.1316, ssr ratio: 0.0000
batch training loss: 539.25, 35.88, score: 94.0388, ssr ratio: 0.0000
batch training loss: 486.17, 37.03, score: 92.0692, ssr ratio: 0.0000
batch training loss: 545.53, 26.18, score: 99.0433, ssr ratio: 0.0000
batch training loss: 502.31, 24.77, score: 93.9456, ssr ratio: 0.0000
batch training loss: 480.74, 44.28, score: 70.9523, ssr ratio: 0.0000
batch training loss: 504.07, 41.42, score: 102.8726, ssr ratio: 0.0000
tensor([0.9407, 0.9022, 0.8725, 0.8491, 0.8240, 0.7907, 0.7522, 0.7143, 0.6791,
        0.6468, 0.6268, 0.6227, 0.6270, 0.6260, 0.6114, 0.5861, 0.5567, 0.5315,
        0.5130, 0.5007, 0.4902, 0.4834, 0.4824, 0.4860], device='cuda:5')
epoch eval loss:
sst: 612.41, nino: 123.06, sc: 46.3821
eval score is not improved for 7 epoch

epoch: 29
batch training loss: 467.63, 26.29, score: 100.8275, ssr ratio: 0.0000
batch training loss: 505.11, 29.80, score: 88.7104, ssr ratio: 0.0000
batch training loss: 439.28, 36.88, score: 104.2142, ssr ratio: 0.0000
batch training loss: 543.75, 63.58, score: 91.6755, ssr ratio: 0.0000
batch training loss: 489.43, 30.33, score: 99.7016, ssr ratio: 0.0000
batch training loss: 477.33, 33.69, score: 87.9398, ssr ratio: 0.0000
batch training loss: 546.96, 21.73, score: 94.1577, ssr ratio: 0.0000
batch training loss: 517.64, 39.90, score: -23.3992, ssr ratio: 0.0000
batch training loss: 461.47, 27.72, score: 104.3555, ssr ratio: 0.0000
batch training loss: 523.01, 26.64, score: 88.3822, ssr ratio: 0.0000
tensor([0.9385, 0.8990, 0.8680, 0.8429, 0.8167, 0.7840, 0.7466, 0.7084, 0.6734,
        0.6434, 0.6238, 0.6174, 0.6199, 0.6199, 0.6115, 0.5948, 0.5739, 0.5550,
        0.5409, 0.5322, 0.5245, 0.5203, 0.5203, 0.5240], device='cuda:5')
epoch eval loss:
sst: 612.49, nino: 122.10, sc: 48.0484
eval score is not improved for 8 epoch

epoch: 30
batch training loss: 566.45, 31.71, score: 104.5651, ssr ratio: 0.0000
batch training loss: 451.11, 24.48, score: 77.9766, ssr ratio: 0.0000
batch training loss: 448.83, 25.83, score: 99.0042, ssr ratio: 0.0000
batch training loss: 462.23, 20.67, score: 105.9865, ssr ratio: 0.0000
batch training loss: 540.68, 28.14, score: 104.7205, ssr ratio: 0.0000
batch training loss: 504.61, 33.56, score: 104.2799, ssr ratio: 0.0000
batch training loss: 506.46, 21.47, score: 105.8116, ssr ratio: 0.0000
batch training loss: 478.03, 41.30, score: 64.0714, ssr ratio: 0.0000
batch training loss: 510.89, 22.51, score: 103.5682, ssr ratio: 0.0000
batch training loss: 499.52, 22.69, score: 105.2640, ssr ratio: 0.0000
tensor([0.9421, 0.9028, 0.8700, 0.8418, 0.8134, 0.7789, 0.7405, 0.7007, 0.6647,
        0.6361, 0.6191, 0.6133, 0.6129, 0.6080, 0.5926, 0.5678, 0.5422, 0.5245,
        0.5172, 0.5159, 0.5130, 0.5095, 0.5096, 0.5128], device='cuda:5')
epoch eval loss:
sst: 615.17, nino: 123.44, sc: 46.4732
eval score is not improved for 9 epoch

epoch: 31
batch training loss: 427.76, 28.52, score: 88.2572, ssr ratio: 0.0000
batch training loss: 499.03, 30.98, score: 36.9644, ssr ratio: 0.0000
batch training loss: 433.33, 32.82, score: 89.1322, ssr ratio: 0.0000
batch training loss: 560.98, 28.34, score: 62.8157, ssr ratio: 0.0000
batch training loss: 469.48, 18.92, score: 79.9432, ssr ratio: 0.0000
batch training loss: 470.55, 32.90, score: 93.0790, ssr ratio: 0.0000
batch training loss: 458.55, 24.20, score: 93.8656, ssr ratio: 0.0000
batch training loss: 550.68, 31.80, score: 93.5033, ssr ratio: 0.0000
batch training loss: 518.21, 27.11, score: 77.5821, ssr ratio: 0.0000
batch training loss: 418.23, 22.39, score: 101.3025, ssr ratio: 0.0000
tensor([0.9444, 0.9065, 0.8749, 0.8476, 0.8176, 0.7807, 0.7405, 0.7003, 0.6639,
        0.6327, 0.6129, 0.6064, 0.6068, 0.6036, 0.5918, 0.5730, 0.5520, 0.5347,
        0.5255, 0.5237, 0.5232, 0.5249, 0.5279, 0.5316], device='cuda:5')
epoch eval loss:
sst: 614.29, nino: 123.22, sc: 47.2081
eval score is not improved for 10 epoch

epoch: 32
batch training loss: 464.52, 16.42, score: 94.6989, ssr ratio: 0.0000
batch training loss: 447.43, 19.51, score: 103.4588, ssr ratio: 0.0000
batch training loss: 497.43, 25.01, score: 89.6325, ssr ratio: 0.0000
batch training loss: 513.02, 24.34, score: 105.3110, ssr ratio: 0.0000
batch training loss: 485.75, 23.99, score: 105.7242, ssr ratio: 0.0000
batch training loss: 478.17, 33.24, score: 45.5104, ssr ratio: 0.0000
batch training loss: 522.94, 31.10, score: 105.6069, ssr ratio: 0.0000
batch training loss: 464.76, 29.10, score: 93.3951, ssr ratio: 0.0000
batch training loss: 516.12, 20.13, score: 106.0939, ssr ratio: 0.0000
batch training loss: 457.24, 50.82, score: 102.1265, ssr ratio: 0.0000
tensor([0.9410, 0.8998, 0.8666, 0.8415, 0.8166, 0.7856, 0.7503, 0.7145, 0.6814,
        0.6536, 0.6363, 0.6304, 0.6287, 0.6221, 0.6069, 0.5860, 0.5633, 0.5466,
        0.5387, 0.5383, 0.5354, 0.5293, 0.5212, 0.5129], device='cuda:5')
epoch eval loss:
sst: 614.96, nino: 121.91, sc: 48.3094
eval score is not improved for 11 epoch

epoch: 33
batch training loss: 470.68, 27.52, score: 104.9973, ssr ratio: 0.0000
batch training loss: 532.40, 19.73, score: 99.8528, ssr ratio: 0.0000
batch training loss: 508.48, 20.54, score: 90.2776, ssr ratio: 0.0000
batch training loss: 545.94, 20.73, score: 75.1847, ssr ratio: 0.0000
batch training loss: 550.44, 34.07, score: 104.1389, ssr ratio: 0.0000
batch training loss: 446.65, 39.35, score: 76.2178, ssr ratio: 0.0000
batch training loss: 493.47, 26.19, score: 105.4330, ssr ratio: 0.0000
batch training loss: 486.02, 26.00, score: 78.4959, ssr ratio: 0.0000
batch training loss: 528.41, 21.79, score: 103.6425, ssr ratio: 0.0000
batch training loss: 538.62, 22.74, score: 88.8755, ssr ratio: 0.0000
tensor([0.9405, 0.9026, 0.8733, 0.8502, 0.8249, 0.7920, 0.7540, 0.7149, 0.6783,
        0.6469, 0.6270, 0.6193, 0.6176, 0.6127, 0.5992, 0.5792, 0.5583, 0.5413,
        0.5297, 0.5232, 0.5162, 0.5090, 0.5034, 0.5010], device='cuda:5')
epoch eval loss:
sst: 621.46, nino: 123.39, sc: 47.1933
eval score is not improved for 12 epoch

epoch: 34
batch training loss: 480.20, 29.78, score: 94.2964, ssr ratio: 0.0000
batch training loss: 485.48, 20.56, score: 55.8294, ssr ratio: 0.0000
batch training loss: 507.44, 28.84, score: 104.3118, ssr ratio: 0.0000
batch training loss: 467.63, 22.06, score: -35.0275, ssr ratio: 0.0000
batch training loss: 503.00, 20.95, score: 106.1380, ssr ratio: 0.0000
batch training loss: 442.52, 23.41, score: 95.4436, ssr ratio: 0.0000
batch training loss: 486.77, 35.12, score: 93.6805, ssr ratio: 0.0000
batch training loss: 542.79, 15.93, score: 73.7378, ssr ratio: 0.0000
batch training loss: 542.58, 16.80, score: 99.2639, ssr ratio: 0.0000
batch training loss: 526.47, 36.78, score: 60.1590, ssr ratio: 0.0000
tensor([0.9407, 0.9008, 0.8676, 0.8411, 0.8154, 0.7843, 0.7474, 0.7086, 0.6729,
        0.6434, 0.6253, 0.6201, 0.6213, 0.6207, 0.6129, 0.5976, 0.5765, 0.5579,
        0.5457, 0.5396, 0.5311, 0.5218, 0.5146, 0.5111], device='cuda:5')
epoch eval loss:
sst: 615.25, nino: 122.29, sc: 48.1325
eval score is not improved for 13 epoch

epoch: 35
batch training loss: 535.81, 16.24, score: 106.0283, ssr ratio: 0.0000
batch training loss: 513.86, 25.74, score: 104.5843, ssr ratio: 0.0000
batch training loss: 527.63, 23.05, score: 84.2946, ssr ratio: 0.0000
batch training loss: 480.40, 24.64, score: 83.8838, ssr ratio: 0.0000
batch training loss: 453.69, 37.78, score: 64.2681, ssr ratio: 0.0000
batch training loss: 552.50, 24.30, score: 99.7414, ssr ratio: 0.0000
batch training loss: 462.25, 26.30, score: 50.1330, ssr ratio: 0.0000
batch training loss: 474.05, 24.11, score: 105.6382, ssr ratio: 0.0000
batch training loss: 423.65, 21.09, score: 105.9799, ssr ratio: 0.0000
batch training loss: 424.10, 22.08, score: 106.3486, ssr ratio: 0.0000
tensor([0.9424, 0.9055, 0.8759, 0.8516, 0.8261, 0.7943, 0.7578, 0.7219, 0.6887,
        0.6595, 0.6409, 0.6357, 0.6355, 0.6320, 0.6206, 0.6014, 0.5776, 0.5576,
        0.5459, 0.5414, 0.5342, 0.5257, 0.5196, 0.5186], device='cuda:5')
epoch eval loss:
sst: 611.89, nino: 120.67, sc: 49.1266
eval score is not improved for 14 epoch

epoch: 36
batch training loss: 495.58, 41.03, score: 104.1441, ssr ratio: 0.0000
batch training loss: 477.14, 23.21, score: 96.4920, ssr ratio: 0.0000
batch training loss: 481.79, 17.48, score: 89.0049, ssr ratio: 0.0000
batch training loss: 417.99, 26.15, score: 54.8967, ssr ratio: 0.0000
batch training loss: 515.91, 38.60, score: 93.2794, ssr ratio: 0.0000
batch training loss: 442.14, 30.66, score: 98.7648, ssr ratio: 0.0000
batch training loss: 498.48, 24.05, score: 105.7768, ssr ratio: 0.0000
batch training loss: 494.35, 17.18, score: 94.1855, ssr ratio: 0.0000
batch training loss: 428.34, 39.99, score: 71.3583, ssr ratio: 0.0000
batch training loss: 444.15, 24.12, score: 94.1928, ssr ratio: 0.0000
tensor([0.9436, 0.9073, 0.8795, 0.8581, 0.8361, 0.8080, 0.7745, 0.7389, 0.7066,
        0.6792, 0.6627, 0.6575, 0.6568, 0.6522, 0.6397, 0.6204, 0.5962, 0.5750,
        0.5602, 0.5514, 0.5391, 0.5249, 0.5151, 0.5150], device='cuda:5')
epoch eval loss:
sst: 614.83, nino: 119.52, sc: 50.6352
eval score is improved from 49.90828 to 50.63520, saving model

epoch: 37
batch training loss: 437.62, 31.23, score: 93.2484, ssr ratio: 0.0000
batch training loss: 467.87, 33.03, score: 82.9720, ssr ratio: 0.0000
batch training loss: 476.85, 22.04, score: 72.8006, ssr ratio: 0.0000
batch training loss: 548.22, 17.67, score: 106.5177, ssr ratio: 0.0000
batch training loss: 480.50, 29.98, score: 104.9956, ssr ratio: 0.0000
batch training loss: 462.70, 37.50, score: 70.1804, ssr ratio: 0.0000
batch training loss: 511.00, 34.17, score: 104.6182, ssr ratio: 0.0000
batch training loss: 438.96, 32.20, score: 66.0272, ssr ratio: 0.0000
batch training loss: 522.49, 32.57, score: 77.0787, ssr ratio: 0.0000
batch training loss: 444.67, 16.77, score: 106.2817, ssr ratio: 0.0000
tensor([0.9426, 0.9040, 0.8724, 0.8474, 0.8221, 0.7913, 0.7556, 0.7187, 0.6844,
        0.6555, 0.6373, 0.6315, 0.6319, 0.6301, 0.6200, 0.6001, 0.5736, 0.5491,
        0.5336, 0.5266, 0.5186, 0.5102, 0.5066, 0.5094], device='cuda:5')
epoch eval loss:
sst: 616.43, nino: 121.64, sc: 48.1622
eval score is not improved for 1 epoch

epoch: 38
batch training loss: 456.69, 22.62, score: 90.0459, ssr ratio: 0.0000
batch training loss: 493.38, 19.53, score: 58.0316, ssr ratio: 0.0000
batch training loss: 467.90, 24.56, score: 105.2093, ssr ratio: 0.0000
batch training loss: 505.84, 25.35, score: 61.9286, ssr ratio: 0.0000
batch training loss: 437.80, 26.82, score: 104.6343, ssr ratio: 0.0000
batch training loss: 487.66, 23.42, score: 105.2866, ssr ratio: 0.0000
batch training loss: 517.13, 31.51, score: 68.5103, ssr ratio: 0.0000
batch training loss: 475.56, 21.15, score: 84.7172, ssr ratio: 0.0000
batch training loss: 468.26, 20.39, score: 100.1269, ssr ratio: 0.0000
batch training loss: 516.01, 19.93, score: 89.0635, ssr ratio: 0.0000
tensor([0.9385, 0.8982, 0.8654, 0.8393, 0.8154, 0.7877, 0.7554, 0.7205, 0.6870,
        0.6564, 0.6347, 0.6249, 0.6201, 0.6112, 0.5953, 0.5748, 0.5551, 0.5419,
        0.5363, 0.5351, 0.5297, 0.5209, 0.5139, 0.5146], device='cuda:5')
epoch eval loss:
sst: 615.65, nino: 122.52, sc: 47.6868
eval score is not improved for 2 epoch

epoch: 39
batch training loss: 490.27, 36.34, score: 92.2349, ssr ratio: 0.0000
batch training loss: 488.41, 26.10, score: 105.3769, ssr ratio: 0.0000
batch training loss: 528.85, 25.94, score: 51.1857, ssr ratio: 0.0000
batch training loss: 433.75, 18.47, score: 106.6984, ssr ratio: 0.0000
batch training loss: 437.10, 48.42, score: 78.0935, ssr ratio: 0.0000
batch training loss: 466.25, 27.39, score: 28.4623, ssr ratio: 0.0000
batch training loss: 452.41, 17.90, score: 99.4319, ssr ratio: 0.0000
batch training loss: 472.79, 61.09, score: 85.5668, ssr ratio: 0.0000
batch training loss: 427.80, 19.45, score: 106.4942, ssr ratio: 0.0000
batch training loss: 512.97, 13.39, score: 102.7850, ssr ratio: 0.0000
tensor([0.9405, 0.9022, 0.8708, 0.8449, 0.8183, 0.7863, 0.7496, 0.7123, 0.6767,
        0.6453, 0.6276, 0.6256, 0.6283, 0.6273, 0.6198, 0.6059, 0.5865, 0.5672,
        0.5546, 0.5505, 0.5458, 0.5388, 0.5323, 0.5294], device='cuda:5')
epoch eval loss:
sst: 616.93, nino: 120.64, sc: 49.4095
eval score is not improved for 3 epoch

epoch: 40
batch training loss: 484.59, 26.54, score: -15.6432, ssr ratio: 0.0000
batch training loss: 463.02, 16.39, score: 89.3729, ssr ratio: 0.0000
batch training loss: 459.58, 24.89, score: 105.4473, ssr ratio: 0.0000
batch training loss: 520.79, 17.96, score: 100.4662, ssr ratio: 0.0000
batch training loss: 473.62, 25.59, score: 105.8072, ssr ratio: 0.0000
batch training loss: 431.00, 23.27, score: 105.9763, ssr ratio: 0.0000
batch training loss: 466.67, 24.28, score: 105.4249, ssr ratio: 0.0000
batch training loss: 477.26, 20.41, score: 96.6637, ssr ratio: 0.0000
batch training loss: 516.65, 22.10, score: 99.6539, ssr ratio: 0.0000
batch training loss: 470.44, 28.20, score: 84.0548, ssr ratio: 0.0000
tensor([0.9427, 0.9062, 0.8769, 0.8531, 0.8286, 0.7965, 0.7580, 0.7165, 0.6774,
        0.6434, 0.6212, 0.6148, 0.6155, 0.6133, 0.6034, 0.5867, 0.5667, 0.5496,
        0.5400, 0.5371, 0.5299, 0.5193, 0.5112, 0.5058], device='cuda:5')
epoch eval loss:
sst: 620.61, nino: 122.33, sc: 47.8569
eval score is not improved for 4 epoch

epoch: 41
batch training loss: 434.64, 26.81, score: 105.1338, ssr ratio: 0.0000
batch training loss: 473.26, 30.95, score: 59.6522, ssr ratio: 0.0000
batch training loss: 493.32, 18.86, score: 105.7316, ssr ratio: 0.0000
batch training loss: 450.92, 34.37, score: 99.5172, ssr ratio: 0.0000
batch training loss: 492.71, 23.34, score: 56.3213, ssr ratio: 0.0000
batch training loss: 461.38, 32.23, score: 93.3836, ssr ratio: 0.0000
batch training loss: 456.63, 20.46, score: 105.8351, ssr ratio: 0.0000
batch training loss: 442.93, 22.56, score: 74.9844, ssr ratio: 0.0000
batch training loss: 490.98, 23.37, score: 103.5692, ssr ratio: 0.0000
batch training loss: 424.44, 19.63, score: 94.4212, ssr ratio: 0.0000
tensor([0.9380, 0.8962, 0.8627, 0.8372, 0.8125, 0.7835, 0.7507, 0.7173, 0.6853,
        0.6561, 0.6375, 0.6326, 0.6319, 0.6244, 0.6071, 0.5842, 0.5591, 0.5381,
        0.5254, 0.5225, 0.5192, 0.5157, 0.5147, 0.5177], device='cuda:5')
epoch eval loss:
sst: 619.99, nino: 122.16, sc: 47.7212
eval score is not improved for 5 epoch

epoch: 42
batch training loss: 417.24, 19.32, score: 85.8232, ssr ratio: 0.0000
batch training loss: 448.88, 23.10, score: 78.6595, ssr ratio: 0.0000
batch training loss: 423.29, 31.10, score: 89.2242, ssr ratio: 0.0000
batch training loss: 486.28, 24.18, score: 105.2048, ssr ratio: 0.0000
batch training loss: 425.95, 32.57, score: 88.7758, ssr ratio: 0.0000
batch training loss: 433.84, 23.83, score: 105.7957, ssr ratio: 0.0000
batch training loss: 482.22, 24.75, score: 94.0050, ssr ratio: 0.0000
batch training loss: 501.37, 16.83, score: 106.3665, ssr ratio: 0.0000
batch training loss: 457.82, 18.01, score: 103.4278, ssr ratio: 0.0000
batch training loss: 408.01, 22.58, score: 99.6242, ssr ratio: 0.0000
tensor([0.9404, 0.9007, 0.8674, 0.8407, 0.8159, 0.7869, 0.7532, 0.7192, 0.6885,
        0.6610, 0.6430, 0.6383, 0.6406, 0.6380, 0.6235, 0.6001, 0.5721, 0.5472,
        0.5314, 0.5261, 0.5219, 0.5159, 0.5114, 0.5129], device='cuda:5')
epoch eval loss:
sst: 619.40, nino: 121.83, sc: 48.3334
eval score is not improved for 6 epoch

epoch: 43
batch training loss: 495.95, 21.24, score: 96.4240, ssr ratio: 0.0000
batch training loss: 505.46, 24.04, score: 105.7490, ssr ratio: 0.0000
batch training loss: 443.78, 22.91, score: 65.9974, ssr ratio: 0.0000
batch training loss: 492.04, 37.26, score: 99.2560, ssr ratio: 0.0000
batch training loss: 506.82, 21.59, score: 105.7748, ssr ratio: 0.0000
batch training loss: 467.01, 22.32, score: 105.9463, ssr ratio: 0.0000
batch training loss: 530.78, 24.99, score: 77.4160, ssr ratio: 0.0000
batch training loss: 452.30, 40.03, score: 92.6603, ssr ratio: 0.0000
batch training loss: 439.39, 33.87, score: 103.8931, ssr ratio: 0.0000
batch training loss: 434.60, 38.98, score: 66.6012, ssr ratio: 0.0000
tensor([0.9369, 0.8955, 0.8616, 0.8328, 0.8051, 0.7756, 0.7455, 0.7148, 0.6864,
        0.6602, 0.6406, 0.6315, 0.6295, 0.6243, 0.6099, 0.5897, 0.5678, 0.5503,
        0.5396, 0.5397, 0.5419, 0.5422, 0.5407, 0.5399], device='cuda:5')
epoch eval loss:
sst: 618.94, nino: 121.33, sc: 48.9468
eval score is not improved for 7 epoch

epoch: 44
batch training loss: 475.66, 15.41, score: 106.4739, ssr ratio: 0.0000
batch training loss: 521.72, 18.25, score: 95.6643, ssr ratio: 0.0000
batch training loss: 423.35, 34.62, score: 93.3687, ssr ratio: 0.0000
batch training loss: 461.80, 27.40, score: 88.9831, ssr ratio: 0.0000
batch training loss: 447.46, 36.07, score: 82.3833, ssr ratio: 0.0000
batch training loss: 494.23, 36.71, score: 90.2728, ssr ratio: 0.0000
batch training loss: 452.37, 28.51, score: 94.9536, ssr ratio: 0.0000
batch training loss: 405.10, 29.71, score: 88.2223, ssr ratio: 0.0000
batch training loss: 491.00, 19.05, score: 106.2767, ssr ratio: 0.0000
batch training loss: 465.20, 20.35, score: 89.0439, ssr ratio: 0.0000
tensor([0.9381, 0.8969, 0.8620, 0.8330, 0.8058, 0.7765, 0.7452, 0.7127, 0.6810,
        0.6514, 0.6322, 0.6280, 0.6306, 0.6288, 0.6183, 0.6006, 0.5768, 0.5550,
        0.5412, 0.5387, 0.5360, 0.5290, 0.5208, 0.5172], device='cuda:5')
epoch eval loss:
sst: 621.92, nino: 121.59, sc: 48.5342
eval score is not improved for 8 epoch

epoch: 45
batch training loss: 495.59, 21.74, score: 105.5479, ssr ratio: 0.0000
batch training loss: 431.57, 23.56, score: 40.0223, ssr ratio: 0.0000
batch training loss: 501.73, 33.52, score: 61.1008, ssr ratio: 0.0000
batch training loss: 469.18, 22.07, score: 93.2609, ssr ratio: 0.0000
batch training loss: 465.04, 32.29, score: 77.5994, ssr ratio: 0.0000
batch training loss: 467.28, 19.99, score: 89.3129, ssr ratio: 0.0000
batch training loss: 522.56, 20.13, score: 90.0283, ssr ratio: 0.0000
batch training loss: 477.86, 19.72, score: 106.1671, ssr ratio: 0.0000
batch training loss: 481.80, 15.49, score: 100.7660, ssr ratio: 0.0000
batch training loss: 459.90, 28.26, score: 2.7040, ssr ratio: 0.0000
tensor([0.9385, 0.8973, 0.8629, 0.8338, 0.8055, 0.7739, 0.7395, 0.7052, 0.6733,
        0.6422, 0.6197, 0.6122, 0.6141, 0.6150, 0.6085, 0.5943, 0.5717, 0.5462,
        0.5261, 0.5197, 0.5171, 0.5156, 0.5156, 0.5174], device='cuda:5')
epoch eval loss:
sst: 620.05, nino: 122.78, sc: 47.3481
eval score is not improved for 9 epoch

epoch: 46
batch training loss: 488.84, 23.26, score: 93.8453, ssr ratio: 0.0000
batch training loss: 504.85, 13.63, score: 96.5087, ssr ratio: 0.0000
batch training loss: 485.46, 13.61, score: 106.5137, ssr ratio: 0.0000
batch training loss: 436.39, 22.30, score: 106.2209, ssr ratio: 0.0000
batch training loss: 505.52, 21.77, score: 39.2797, ssr ratio: 0.0000
batch training loss: 459.83, 29.51, score: 95.3162, ssr ratio: 0.0000
batch training loss: 434.96, 17.76, score: 106.1454, ssr ratio: 0.0000
batch training loss: 471.27, 16.51, score: 90.1189, ssr ratio: 0.0000
batch training loss: 392.96, 28.67, score: 79.2234, ssr ratio: 0.0000
batch training loss: 440.80, 27.48, score: 93.0444, ssr ratio: 0.0000
tensor([0.9393, 0.8991, 0.8655, 0.8378, 0.8099, 0.7795, 0.7459, 0.7088, 0.6719,
        0.6374, 0.6150, 0.6089, 0.6108, 0.6113, 0.6037, 0.5882, 0.5658, 0.5416,
        0.5227, 0.5179, 0.5156, 0.5120, 0.5122, 0.5182], device='cuda:5')
epoch eval loss:
sst: 625.94, nino: 122.76, sc: 47.1063
eval score is not improved for 10 epoch

epoch: 47
batch training loss: 466.10, 19.23, score: 89.4404, ssr ratio: 0.0000
batch training loss: 420.74, 20.80, score: 33.6848, ssr ratio: 0.0000
batch training loss: 415.60, 19.56, score: 106.4165, ssr ratio: 0.0000
batch training loss: 431.62, 31.22, score: 98.8511, ssr ratio: 0.0000
batch training loss: 428.56, 29.66, score: 105.3720, ssr ratio: 0.0000
batch training loss: 467.14, 22.66, score: 104.6242, ssr ratio: 0.0000
batch training loss: 418.17, 23.91, score: 26.0292, ssr ratio: 0.0000
batch training loss: 467.15, 23.09, score: 83.6754, ssr ratio: 0.0000
batch training loss: 478.52, 19.59, score: 95.0267, ssr ratio: 0.0000
batch training loss: 499.09, 17.84, score: 99.9834, ssr ratio: 0.0000
