nohup: 忽略输入
{'n_cpu': 0, 'device': device(type='cuda', index=0), 'batch_size_test': 40, 'batch_size': 2, 'lr': 0.001, 'weight_decay': 0, 'display_interval': 250, 'num_epochs': 50, 'early_stopping': True, 'patience': 20, 'gradient_clipping': True, 'clipping_threshold': 1.0, 'input_dim': 8, 'output_dim': 2, 'input_length': 12, 'output_length': 24, 'input_gap': 1, 'pred_shift': 24, 'model_i': 0, 'kernel_size': (3, 3), 'bias': True, 'hidden_dim_1': (32, 32, 32, 32), 'd_attn_1': 16, 'ssr_decay_rate': 8e-05, 'hidden_dim_2': (32, 32, 32, 32), 'd_attn_2': 16, 'hidden_dim_3': (32, 32, 32, 32), 'd_attn_3': 16, 'hidden_dim_4': (32, 32, 32, 32), 'd_attn_4': 16, 'hidden_dim_5': (32, 32, 32, 32), 'd_attn_5': 16, 'use_hc': 1, 'time': 'hybrid', 'save_last': 0}

reading data
(1692, 24, 48, 21, 4) (432, 24, 48, 1, 4)
(1692, 21, 3) (432, 1, 3)
processing training set
(331, 38, 24, 48, 21, 4)
(6951, 38, 24, 48, 4)
(6951, 38, 3)
predData.shape= (6951, 38, 2, 24, 48)
{'sst': (6951, 38, 24, 48, 6), 'nino target': (6951, 38, 3)}
processing eval set
(395, 38, 24, 48, 1, 4)
(395, 38, 24, 48, 4)
(395, 38, 3)
predData.shape= (395, 38, 2, 24, 48)
{'sst': (395, 38, 24, 48, 6), 'nino target': (395, 38, 3)}
Total params num: 465218
*****************Finish Parameter****************
loading train dataloader
loading eval dataloader

epoch: 1
batch training loss: 780.81, 112.69, score: -4.2153, ssr ratio: 0.9999
batch training loss: 492.82, 71.98, score: 91.3240, ssr ratio: 0.9799
batch training loss: 412.19, 23.08, score: 105.2244, ssr ratio: 0.9599
batch training loss: 414.85, 29.35, score: 49.6119, ssr ratio: 0.9399
batch training loss: 411.63, 23.74, score: 94.5022, ssr ratio: 0.9199
batch training loss: 373.02, 20.64, score: 102.6796, ssr ratio: 0.8999
batch training loss: 399.92, 19.36, score: 84.6050, ssr ratio: 0.8799
batch training loss: 364.74, 21.43, score: 80.6371, ssr ratio: 0.8599
batch training loss: 471.59, 17.42, score: 85.6786, ssr ratio: 0.8399
batch training loss: 459.56, 28.55, score: 104.3666, ssr ratio: 0.8199
batch training loss: 462.60, 19.35, score: 65.3390, ssr ratio: 0.7999
batch training loss: 375.30, 27.46, score: 106.2482, ssr ratio: 0.7799
batch training loss: 347.16, 15.12, score: 107.0937, ssr ratio: 0.7599
batch training loss: 436.71, 18.48, score: 68.7677, ssr ratio: 0.7399
tensor([0.9377, 0.8896, 0.8434, 0.8024, 0.7677, 0.7356, 0.7057, 0.6773, 0.6497,
        0.6218, 0.6005, 0.5908, 0.5938, 0.6026, 0.6096, 0.6067, 0.5906, 0.5660,
        0.5459, 0.5366, 0.5311, 0.5293, 0.5299, 0.5302], device='cuda:0')
epoch eval loss:
sst: 612.47, nino: 131.70, sc: 46.3138
eval score is improved from -inf to 46.31377, saving model

epoch: 2
batch training loss: 403.75, 18.34, score: 100.7252, ssr ratio: 0.7218
batch training loss: 438.94, 20.35, score: 93.7284, ssr ratio: 0.7018
batch training loss: 360.04, 31.65, score: 88.6446, ssr ratio: 0.6818
batch training loss: 492.80, 22.98, score: 100.2622, ssr ratio: 0.6618
batch training loss: 458.36, 38.27, score: 103.5199, ssr ratio: 0.6418
batch training loss: 412.77, 24.38, score: 104.5345, ssr ratio: 0.6218
batch training loss: 466.61, 23.41, score: 100.4324, ssr ratio: 0.6018
batch training loss: 401.68, 27.30, score: 88.6977, ssr ratio: 0.5818
batch training loss: 466.17, 26.33, score: 81.8727, ssr ratio: 0.5618
batch training loss: 402.67, 19.39, score: 73.7718, ssr ratio: 0.5418
batch training loss: 448.40, 27.71, score: 104.3207, ssr ratio: 0.5218
batch training loss: 413.91, 24.41, score: 104.2575, ssr ratio: 0.5018
batch training loss: 439.15, 20.24, score: 104.6026, ssr ratio: 0.4818
batch training loss: 500.63, 34.20, score: 87.8171, ssr ratio: 0.4618
tensor([0.9365, 0.8892, 0.8460, 0.8075, 0.7731, 0.7399, 0.7095, 0.6828, 0.6591,
        0.6357, 0.6178, 0.6088, 0.6095, 0.6123, 0.6085, 0.5929, 0.5660, 0.5352,
        0.5132, 0.5050, 0.5015, 0.5009, 0.5025, 0.5043], device='cuda:0')
epoch eval loss:
sst: 596.63, nino: 127.23, sc: 45.5243
Epoch 00002: reducing learning rate of group 0 to 3.0000e-04.
eval score is not improved for 1 epoch

epoch: 3
batch training loss: 496.66, 31.57, score: 30.0512, ssr ratio: 0.4438
batch training loss: 468.89, 24.78, score: 100.2689, ssr ratio: 0.4238
batch training loss: 398.74, 47.58, score: 47.7748, ssr ratio: 0.4038
batch training loss: 397.97, 30.76, score: 105.1634, ssr ratio: 0.3838
batch training loss: 471.59, 41.20, score: 102.7467, ssr ratio: 0.3638
batch training loss: 503.14, 29.52, score: 104.5639, ssr ratio: 0.3438
batch training loss: 425.79, 27.66, score: 104.9785, ssr ratio: 0.3238
batch training loss: 493.62, 26.27, score: 84.2847, ssr ratio: 0.3038
batch training loss: 408.75, 25.35, score: 89.7720, ssr ratio: 0.2838
batch training loss: 503.48, 23.65, score: 86.0489, ssr ratio: 0.2638
batch training loss: 432.75, 38.76, score: 102.7942, ssr ratio: 0.2438
batch training loss: 500.95, 28.40, score: 101.6086, ssr ratio: 0.2238
batch training loss: 448.71, 38.32, score: 85.5518, ssr ratio: 0.2038
batch training loss: 488.38, 34.63, score: 104.7076, ssr ratio: 0.1838
tensor([0.9363, 0.8880, 0.8422, 0.8001, 0.7613, 0.7240, 0.6916, 0.6658, 0.6443,
        0.6234, 0.6074, 0.5997, 0.6014, 0.6052, 0.6037, 0.5904, 0.5644, 0.5334,
        0.5112, 0.5024, 0.4980, 0.4966, 0.4974, 0.4993], device='cuda:0')
epoch eval loss:
sst: 593.50, nino: 123.85, sc: 45.1718
Epoch 00003: reducing learning rate of group 0 to 1.0000e-04.
eval score is not improved for 2 epoch

epoch: 4
batch training loss: 491.16, 32.79, score: 104.6103, ssr ratio: 0.1657
batch training loss: 450.67, 33.39, score: 94.1382, ssr ratio: 0.1457
batch training loss: 421.04, 24.89, score: 105.8502, ssr ratio: 0.1257
batch training loss: 565.27, 40.64, score: 70.0691, ssr ratio: 0.1057
batch training loss: 552.90, 47.14, score: 84.5642, ssr ratio: 0.0857
batch training loss: 569.02, 43.65, score: 70.4795, ssr ratio: 0.0657
batch training loss: 540.72, 28.03, score: 104.9618, ssr ratio: 0.0457
batch training loss: 531.23, 37.88, score: 87.1070, ssr ratio: 0.0257
batch training loss: 545.90, 42.41, score: 103.3176, ssr ratio: 0.0057
batch training loss: 626.65, 69.21, score: 79.3232, ssr ratio: 0.0000
batch training loss: 627.87, 91.68, score: 29.9683, ssr ratio: 0.0000
batch training loss: 524.54, 50.90, score: 103.1833, ssr ratio: 0.0000
batch training loss: 522.80, 42.32, score: 99.5335, ssr ratio: 0.0000
batch training loss: 561.71, 40.19, score: 86.1623, ssr ratio: 0.0000
tensor([0.9396, 0.8941, 0.8515, 0.8125, 0.7763, 0.7400, 0.7078, 0.6805, 0.6564,
        0.6331, 0.6163, 0.6094, 0.6123, 0.6166, 0.6151, 0.6005, 0.5727, 0.5405,
        0.5188, 0.5112, 0.5083, 0.5087, 0.5112, 0.5136], device='cuda:0')
epoch eval loss:
sst: 591.88, nino: 123.71, sc: 46.4018
eval score is improved from 46.31377 to 46.40181, saving model

epoch: 5
batch training loss: 519.55, 34.82, score: 92.3609, ssr ratio: 0.0000
batch training loss: 589.39, 52.46, score: 31.5633, ssr ratio: 0.0000
batch training loss: 529.53, 49.37, score: 101.1837, ssr ratio: 0.0000
batch training loss: 563.17, 65.32, score: 39.4663, ssr ratio: 0.0000
batch training loss: 538.61, 42.07, score: 98.2643, ssr ratio: 0.0000
batch training loss: 559.04, 45.95, score: 99.7493, ssr ratio: 0.0000
batch training loss: 509.56, 26.71, score: 102.9148, ssr ratio: 0.0000
batch training loss: 543.13, 61.23, score: 19.2713, ssr ratio: 0.0000
batch training loss: 665.75, 113.63, score: -21.9477, ssr ratio: 0.0000
batch training loss: 533.59, 35.22, score: 103.5635, ssr ratio: 0.0000
batch training loss: 495.27, 43.03, score: 86.0028, ssr ratio: 0.0000
batch training loss: 502.53, 64.16, score: 100.8965, ssr ratio: 0.0000
batch training loss: 478.56, 44.98, score: 27.7294, ssr ratio: 0.0000
batch training loss: 642.10, 54.22, score: 82.4899, ssr ratio: 0.0000
tensor([0.9382, 0.8928, 0.8508, 0.8126, 0.7770, 0.7411, 0.7093, 0.6825, 0.6589,
        0.6359, 0.6194, 0.6124, 0.6150, 0.6188, 0.6169, 0.6016, 0.5729, 0.5400,
        0.5179, 0.5099, 0.5067, 0.5069, 0.5092, 0.5118], device='cuda:0')
epoch eval loss:
sst: 594.11, nino: 122.97, sc: 46.5731
eval score is improved from 46.40181 to 46.57306, saving model

epoch: 6
batch training loss: 545.64, 57.52, score: 23.5922, ssr ratio: 0.0000
batch training loss: 604.93, 47.07, score: 102.9561, ssr ratio: 0.0000
batch training loss: 570.15, 25.20, score: 95.0319, ssr ratio: 0.0000
batch training loss: 546.12, 75.67, score: 100.8449, ssr ratio: 0.0000
batch training loss: 526.27, 43.90, score: 75.5559, ssr ratio: 0.0000
batch training loss: 546.14, 34.17, score: 49.8839, ssr ratio: 0.0000
batch training loss: 559.85, 32.24, score: 104.2189, ssr ratio: 0.0000
batch training loss: 609.35, 47.91, score: 94.7103, ssr ratio: 0.0000
batch training loss: 465.11, 36.12, score: 104.0618, ssr ratio: 0.0000
batch training loss: 549.01, 71.31, score: 97.0935, ssr ratio: 0.0000
batch training loss: 516.54, 53.01, score: 39.5696, ssr ratio: 0.0000
batch training loss: 609.17, 59.62, score: 34.7311, ssr ratio: 0.0000
batch training loss: 550.83, 45.83, score: 100.5138, ssr ratio: 0.0000
batch training loss: 551.18, 43.23, score: 61.6028, ssr ratio: 0.0000
tensor([0.9366, 0.8906, 0.8484, 0.8100, 0.7740, 0.7378, 0.7058, 0.6792, 0.6557,
        0.6330, 0.6164, 0.6091, 0.6115, 0.6151, 0.6130, 0.5979, 0.5698, 0.5376,
        0.5158, 0.5080, 0.5049, 0.5049, 0.5068, 0.5092], device='cuda:0')
epoch eval loss:
sst: 592.00, nino: 124.24, sc: 46.0660
eval score is not improved for 1 epoch

epoch: 7
batch training loss: 480.61, 37.72, score: 88.5636, ssr ratio: 0.0000
batch training loss: 503.84, 42.52, score: 22.2312, ssr ratio: 0.0000
batch training loss: 513.69, 27.92, score: 60.4404, ssr ratio: 0.0000
batch training loss: 532.47, 40.15, score: 47.1606, ssr ratio: 0.0000
batch training loss: 581.38, 42.12, score: 103.6676, ssr ratio: 0.0000
batch training loss: 584.72, 55.51, score: 41.2139, ssr ratio: 0.0000
batch training loss: 559.26, 28.02, score: 105.0624, ssr ratio: 0.0000
batch training loss: 557.81, 50.33, score: 100.9380, ssr ratio: 0.0000
batch training loss: 589.36, 74.67, score: 54.5725, ssr ratio: 0.0000
batch training loss: 506.85, 48.46, score: 101.9910, ssr ratio: 0.0000
batch training loss: 596.67, 50.03, score: 47.6045, ssr ratio: 0.0000
batch training loss: 568.36, 38.88, score: 103.4703, ssr ratio: 0.0000
batch training loss: 511.50, 52.34, score: 102.0241, ssr ratio: 0.0000
batch training loss: 604.67, 25.50, score: 98.9269, ssr ratio: 0.0000
tensor([0.9376, 0.8910, 0.8484, 0.8102, 0.7746, 0.7384, 0.7064, 0.6800, 0.6569,
        0.6344, 0.6182, 0.6115, 0.6146, 0.6190, 0.6176, 0.6028, 0.5742, 0.5411,
        0.5190, 0.5111, 0.5079, 0.5081, 0.5103, 0.5125], device='cuda:0')
epoch eval loss:
sst: 592.06, nino: 123.54, sc: 46.4660
eval score is not improved for 2 epoch

epoch: 8
batch training loss: 564.06, 58.91, score: 71.1561, ssr ratio: 0.0000
batch training loss: 647.47, 50.03, score: 76.2221, ssr ratio: 0.0000
batch training loss: 619.58, 60.32, score: 61.4086, ssr ratio: 0.0000
batch training loss: 541.74, 22.02, score: 90.3890, ssr ratio: 0.0000
batch training loss: 536.38, 26.65, score: -37.3880, ssr ratio: 0.0000
batch training loss: 467.25, 38.83, score: 102.3256, ssr ratio: 0.0000
batch training loss: 579.04, 77.35, score: 47.5767, ssr ratio: 0.0000
batch training loss: 599.74, 79.38, score: 17.3750, ssr ratio: 0.0000
batch training loss: 564.29, 48.22, score: 74.1492, ssr ratio: 0.0000
batch training loss: 601.75, 51.15, score: 68.2704, ssr ratio: 0.0000
batch training loss: 533.61, 22.18, score: 105.7041, ssr ratio: 0.0000
batch training loss: 578.72, 41.09, score: -8.3834, ssr ratio: 0.0000
batch training loss: 461.78, 34.86, score: 99.3245, ssr ratio: 0.0000
batch training loss: 524.25, 48.65, score: 96.7704, ssr ratio: 0.0000
tensor([0.9370, 0.8904, 0.8474, 0.8084, 0.7720, 0.7354, 0.7034, 0.6770, 0.6539,
        0.6314, 0.6153, 0.6087, 0.6118, 0.6163, 0.6150, 0.6002, 0.5717, 0.5387,
        0.5163, 0.5083, 0.5050, 0.5053, 0.5076, 0.5101], device='cuda:0')
epoch eval loss:
sst: 593.11, nino: 123.05, sc: 46.2478
eval score is not improved for 3 epoch

epoch: 9
batch training loss: 602.47, 70.45, score: 65.3730, ssr ratio: 0.0000
batch training loss: 488.85, 37.12, score: 104.9827, ssr ratio: 0.0000
batch training loss: 538.89, 37.26, score: 104.1906, ssr ratio: 0.0000
batch training loss: 612.57, 63.09, score: -19.9503, ssr ratio: 0.0000
batch training loss: 583.07, 46.58, score: 73.8017, ssr ratio: 0.0000
batch training loss: 536.81, 15.83, score: 83.4485, ssr ratio: 0.0000
batch training loss: 529.03, 52.87, score: 97.4862, ssr ratio: 0.0000
batch training loss: 634.46, 57.43, score: 49.6008, ssr ratio: 0.0000
batch training loss: 595.44, 65.47, score: 64.3686, ssr ratio: 0.0000
batch training loss: 555.72, 60.32, score: 101.5986, ssr ratio: 0.0000
batch training loss: 471.41, 34.08, score: 51.0178, ssr ratio: 0.0000
batch training loss: 557.28, 45.13, score: 102.9832, ssr ratio: 0.0000
batch training loss: 576.63, 52.49, score: 101.6060, ssr ratio: 0.0000
batch training loss: 565.86, 54.09, score: 21.1837, ssr ratio: 0.0000
tensor([0.9412, 0.8975, 0.8567, 0.8193, 0.7833, 0.7458, 0.7119, 0.6831, 0.6575,
        0.6335, 0.6169, 0.6103, 0.6135, 0.6177, 0.6156, 0.5999, 0.5705, 0.5371,
        0.5146, 0.5066, 0.5034, 0.5039, 0.5064, 0.5092], device='cuda:0')
epoch eval loss:
sst: 591.83, nino: 123.71, sc: 46.2392
eval score is not improved for 4 epoch

epoch: 10
batch training loss: 530.72, 51.86, score: 100.7272, ssr ratio: 0.0000
batch training loss: 588.76, 56.04, score: 81.0309, ssr ratio: 0.0000
batch training loss: 529.75, 47.33, score: 36.1798, ssr ratio: 0.0000
batch training loss: 614.39, 61.17, score: 100.7774, ssr ratio: 0.0000
batch training loss: 496.20, 22.91, score: 94.9643, ssr ratio: 0.0000
batch training loss: 562.39, 61.95, score: 101.5053, ssr ratio: 0.0000
batch training loss: 540.41, 33.46, score: 100.6431, ssr ratio: 0.0000
batch training loss: 491.36, 27.45, score: 57.8226, ssr ratio: 0.0000
batch training loss: 515.99, 38.46, score: 104.0270, ssr ratio: 0.0000
batch training loss: 581.29, 79.65, score: 74.9617, ssr ratio: 0.0000
batch training loss: 532.39, 53.66, score: 102.6645, ssr ratio: 0.0000
batch training loss: 567.83, 76.21, score: 66.5694, ssr ratio: 0.0000
batch training loss: 506.21, 59.88, score: -41.5878, ssr ratio: 0.0000
batch training loss: 592.59, 83.09, score: 49.5163, ssr ratio: 0.0000
tensor([0.9359, 0.8896, 0.8473, 0.8089, 0.7726, 0.7361, 0.7040, 0.6772, 0.6536,
        0.6306, 0.6139, 0.6063, 0.6082, 0.6118, 0.6101, 0.5958, 0.5682, 0.5362,
        0.5142, 0.5059, 0.5025, 0.5025, 0.5043, 0.5065], device='cuda:0')
epoch eval loss:
sst: 591.97, nino: 124.14, sc: 45.8032
eval score is not improved for 5 epoch

epoch: 11
batch training loss: 515.08, 30.54, score: 87.2663, ssr ratio: 0.0000
batch training loss: 580.13, 90.54, score: 79.4909, ssr ratio: 0.0000
batch training loss: 508.32, 87.74, score: 28.6491, ssr ratio: 0.0000
batch training loss: 533.62, 35.73, score: 92.8148, ssr ratio: 0.0000
batch training loss: 582.04, 40.24, score: 91.9538, ssr ratio: 0.0000
batch training loss: 564.92, 43.62, score: 36.8516, ssr ratio: 0.0000
batch training loss: 523.62, 28.16, score: 103.9704, ssr ratio: 0.0000
batch training loss: 499.94, 78.94, score: 99.9160, ssr ratio: 0.0000
batch training loss: 566.17, 35.73, score: 87.4788, ssr ratio: 0.0000
batch training loss: 536.74, 52.39, score: 101.5938, ssr ratio: 0.0000
batch training loss: 504.37, 57.48, score: 102.2923, ssr ratio: 0.0000
batch training loss: 514.74, 70.81, score: 101.0622, ssr ratio: 0.0000
batch training loss: 592.69, 64.93, score: -56.0223, ssr ratio: 0.0000
batch training loss: 537.68, 58.18, score: 13.1695, ssr ratio: 0.0000
tensor([0.9381, 0.8930, 0.8522, 0.8153, 0.7796, 0.7424, 0.7085, 0.6797, 0.6546,
        0.6312, 0.6148, 0.6082, 0.6114, 0.6163, 0.6154, 0.6011, 0.5731, 0.5400,
        0.5166, 0.5071, 0.5027, 0.5019, 0.5035, 0.5058], device='cuda:0')
epoch eval loss:
sst: 591.58, nino: 123.55, sc: 46.0948
eval score is not improved for 6 epoch

epoch: 12
batch training loss: 631.94, 44.40, score: 80.6050, ssr ratio: 0.0000
batch training loss: 550.11, 41.86, score: 103.1990, ssr ratio: 0.0000
batch training loss: 633.93, 50.06, score: 102.5338, ssr ratio: 0.0000
batch training loss: 566.12, 49.48, score: 68.3538, ssr ratio: 0.0000
batch training loss: 534.66, 50.68, score: 75.5192, ssr ratio: 0.0000
batch training loss: 464.96, 28.13, score: 23.4919, ssr ratio: 0.0000
batch training loss: 606.20, 36.86, score: 102.0499, ssr ratio: 0.0000
batch training loss: 570.28, 80.09, score: -22.0015, ssr ratio: 0.0000
batch training loss: 597.62, 102.29, score: 84.4757, ssr ratio: 0.0000
batch training loss: 522.57, 66.16, score: -35.0901, ssr ratio: 0.0000
batch training loss: 508.16, 35.60, score: 89.3694, ssr ratio: 0.0000
batch training loss: 484.04, 40.62, score: 81.1984, ssr ratio: 0.0000
batch training loss: 612.24, 74.82, score: 78.5327, ssr ratio: 0.0000
batch training loss: 555.32, 49.04, score: 103.0235, ssr ratio: 0.0000
tensor([0.9356, 0.8894, 0.8478, 0.8101, 0.7734, 0.7357, 0.7023, 0.6744, 0.6501,
        0.6269, 0.6104, 0.6037, 0.6066, 0.6109, 0.6093, 0.5942, 0.5655, 0.5323,
        0.5093, 0.5006, 0.4969, 0.4967, 0.4985, 0.5010], device='cuda:0')
epoch eval loss:
sst: 592.06, nino: 124.01, sc: 45.3987
eval score is not improved for 7 epoch

epoch: 13
batch training loss: 558.77, 41.74, score: 81.1720, ssr ratio: 0.0000
batch training loss: 635.53, 31.68, score: 104.7199, ssr ratio: 0.0000
batch training loss: 566.01, 43.97, score: -7.1683, ssr ratio: 0.0000
batch training loss: 560.74, 74.48, score: -2.8225, ssr ratio: 0.0000
batch training loss: 597.66, 51.29, score: 53.3559, ssr ratio: 0.0000
batch training loss: 635.77, 41.87, score: 48.2028, ssr ratio: 0.0000
batch training loss: 522.07, 143.56, score: 88.3973, ssr ratio: 0.0000
batch training loss: 537.55, 47.03, score: -1.3797, ssr ratio: 0.0000
batch training loss: 553.18, 39.44, score: 86.4746, ssr ratio: 0.0000
batch training loss: 564.41, 63.16, score: 84.6548, ssr ratio: 0.0000
batch training loss: 525.55, 33.64, score: 70.3593, ssr ratio: 0.0000
batch training loss: 621.39, 40.43, score: 43.8970, ssr ratio: 0.0000
batch training loss: 534.29, 44.29, score: 19.8242, ssr ratio: 0.0000
batch training loss: 592.37, 65.65, score: -9.1479, ssr ratio: 0.0000
tensor([0.9336, 0.8872, 0.8460, 0.8086, 0.7722, 0.7350, 0.7021, 0.6747, 0.6509,
        0.6282, 0.6118, 0.6044, 0.6064, 0.6099, 0.6076, 0.5923, 0.5644, 0.5329,
        0.5118, 0.5046, 0.5023, 0.5033, 0.5059, 0.5090], device='cuda:0')
epoch eval loss:
sst: 591.82, nino: 124.21, sc: 45.6352
eval score is not improved for 8 epoch

epoch: 14
batch training loss: 497.40, 63.73, score: 98.5753, ssr ratio: 0.0000
batch training loss: 557.46, 82.61, score: 91.6145, ssr ratio: 0.0000
batch training loss: 589.59, 46.67, score: 10.2712, ssr ratio: 0.0000
batch training loss: 487.35, 65.11, score: 23.7928, ssr ratio: 0.0000
batch training loss: 595.13, 57.71, score: 84.9970, ssr ratio: 0.0000
batch training loss: 523.61, 52.71, score: 40.1990, ssr ratio: 0.0000
batch training loss: 561.53, 40.28, score: 94.6805, ssr ratio: 0.0000
batch training loss: 623.25, 60.94, score: 95.9926, ssr ratio: 0.0000
batch training loss: 551.52, 23.34, score: 94.4113, ssr ratio: 0.0000
batch training loss: 531.89, 41.24, score: 86.5126, ssr ratio: 0.0000
batch training loss: 529.21, 25.17, score: 89.9139, ssr ratio: 0.0000
batch training loss: 486.43, 44.80, score: 102.8668, ssr ratio: 0.0000
batch training loss: 554.76, 30.71, score: 104.1602, ssr ratio: 0.0000
batch training loss: 531.95, 73.11, score: 31.2599, ssr ratio: 0.0000
tensor([0.9384, 0.8925, 0.8506, 0.8124, 0.7752, 0.7371, 0.7038, 0.6762, 0.6518,
        0.6289, 0.6131, 0.6074, 0.6112, 0.6158, 0.6142, 0.5990, 0.5705, 0.5377,
        0.5153, 0.5072, 0.5042, 0.5047, 0.5075, 0.5105], device='cuda:0')
epoch eval loss:
sst: 591.36, nino: 123.96, sc: 46.0265
eval score is not improved for 9 epoch

epoch: 15
batch training loss: 558.62, 34.63, score: 99.0357, ssr ratio: 0.0000
batch training loss: 495.05, 48.22, score: 103.4658, ssr ratio: 0.0000
batch training loss: 574.85, 100.67, score: -18.4605, ssr ratio: 0.0000
batch training loss: 564.29, 44.09, score: 19.9920, ssr ratio: 0.0000
batch training loss: 564.32, 55.64, score: -61.3555, ssr ratio: 0.0000
batch training loss: 508.46, 40.96, score: 68.2830, ssr ratio: 0.0000
batch training loss: 663.46, 52.39, score: 52.4146, ssr ratio: 0.0000
batch training loss: 585.79, 25.38, score: 104.6614, ssr ratio: 0.0000
batch training loss: 608.72, 72.91, score: 39.4771, ssr ratio: 0.0000
batch training loss: 555.37, 82.81, score: 87.2998, ssr ratio: 0.0000
batch training loss: 555.08, 70.30, score: 68.6819, ssr ratio: 0.0000
batch training loss: 480.78, 35.65, score: 97.3066, ssr ratio: 0.0000
batch training loss: 559.04, 36.52, score: 25.9383, ssr ratio: 0.0000
batch training loss: 502.68, 53.46, score: 56.7684, ssr ratio: 0.0000
tensor([0.9380, 0.8921, 0.8502, 0.8115, 0.7730, 0.7335, 0.6987, 0.6702, 0.6453,
        0.6219, 0.6059, 0.6005, 0.6054, 0.6117, 0.6116, 0.5976, 0.5696, 0.5368,
        0.5142, 0.5064, 0.5037, 0.5048, 0.5084, 0.5125], device='cuda:0')
epoch eval loss:
sst: 592.98, nino: 123.52, sc: 45.9139
eval score is not improved for 10 epoch

epoch: 16
batch training loss: 491.85, 28.21, score: 87.9219, ssr ratio: 0.0000
batch training loss: 552.20, 46.41, score: 68.0450, ssr ratio: 0.0000
batch training loss: 499.28, 56.07, score: 59.4564, ssr ratio: 0.0000
batch training loss: 530.73, 79.76, score: 48.0102, ssr ratio: 0.0000
batch training loss: 524.69, 68.74, score: 85.9064, ssr ratio: 0.0000
batch training loss: 523.08, 50.46, score: 84.7686, ssr ratio: 0.0000
batch training loss: 578.35, 54.85, score: -29.3802, ssr ratio: 0.0000
batch training loss: 494.10, 36.67, score: 87.1055, ssr ratio: 0.0000
batch training loss: 530.05, 52.80, score: 98.8739, ssr ratio: 0.0000
batch training loss: 544.01, 20.27, score: 68.4585, ssr ratio: 0.0000
batch training loss: 533.00, 35.38, score: 71.7632, ssr ratio: 0.0000
batch training loss: 620.23, 38.27, score: 59.7319, ssr ratio: 0.0000
batch training loss: 599.23, 55.54, score: 63.6969, ssr ratio: 0.0000
batch training loss: 529.65, 43.45, score: 89.1190, ssr ratio: 0.0000
tensor([0.9387, 0.8929, 0.8515, 0.8140, 0.7772, 0.7393, 0.7057, 0.6774, 0.6521,
        0.6281, 0.6114, 0.6050, 0.6084, 0.6127, 0.6109, 0.5955, 0.5666, 0.5335,
        0.5111, 0.5034, 0.5009, 0.5023, 0.5060, 0.5096], device='cuda:0')
epoch eval loss:
sst: 591.94, nino: 124.13, sc: 45.7857
eval score is not improved for 11 epoch

epoch: 17
batch training loss: 520.14, 32.77, score: 103.1641, ssr ratio: 0.0000
batch training loss: 613.94, 57.41, score: 19.4366, ssr ratio: 0.0000
batch training loss: 599.25, 61.31, score: 33.1535, ssr ratio: 0.0000
batch training loss: 638.79, 54.68, score: 70.5901, ssr ratio: 0.0000
batch training loss: 511.88, 63.29, score: 23.5611, ssr ratio: 0.0000
batch training loss: 507.64, 60.00, score: 95.9182, ssr ratio: 0.0000
batch training loss: 534.44, 70.74, score: 64.8214, ssr ratio: 0.0000
batch training loss: 619.26, 65.89, score: 89.8251, ssr ratio: 0.0000
batch training loss: 532.70, 62.62, score: -4.8406, ssr ratio: 0.0000
batch training loss: 490.22, 45.10, score: 102.3506, ssr ratio: 0.0000
batch training loss: 554.94, 51.33, score: 102.5915, ssr ratio: 0.0000
batch training loss: 686.76, 182.75, score: -94.1550, ssr ratio: 0.0000
batch training loss: 495.17, 30.51, score: 53.3342, ssr ratio: 0.0000
batch training loss: 578.83, 38.18, score: 103.7088, ssr ratio: 0.0000
tensor([0.9395, 0.8948, 0.8544, 0.8179, 0.7819, 0.7438, 0.7094, 0.6804, 0.6554,
        0.6326, 0.6174, 0.6123, 0.6167, 0.6215, 0.6194, 0.6038, 0.5751, 0.5424,
        0.5207, 0.5133, 0.5102, 0.5107, 0.5137, 0.5168], device='cuda:0')
epoch eval loss:
sst: 593.17, nino: 122.99, sc: 46.8144
eval score is improved from 46.57306 to 46.81436, saving model

epoch: 18
batch training loss: 537.81, 47.47, score: 33.3209, ssr ratio: 0.0000
batch training loss: 590.86, 44.63, score: 69.7437, ssr ratio: 0.0000
batch training loss: 561.64, 25.33, score: 38.5047, ssr ratio: 0.0000
batch training loss: 516.05, 58.55, score: -96.2506, ssr ratio: 0.0000
batch training loss: 544.64, 59.22, score: 31.3713, ssr ratio: 0.0000
batch training loss: 527.85, 50.88, score: 91.9368, ssr ratio: 0.0000
batch training loss: 502.16, 66.38, score: 6.1251, ssr ratio: 0.0000
batch training loss: 531.67, 38.14, score: 98.3512, ssr ratio: 0.0000
batch training loss: 567.00, 39.94, score: 97.1588, ssr ratio: 0.0000
batch training loss: 610.15, 53.29, score: 86.7673, ssr ratio: 0.0000
batch training loss: 572.62, 45.93, score: 102.9295, ssr ratio: 0.0000
batch training loss: 555.96, 56.86, score: 100.2799, ssr ratio: 0.0000
batch training loss: 572.83, 43.40, score: 103.6738, ssr ratio: 0.0000
batch training loss: 524.78, 46.03, score: 103.8001, ssr ratio: 0.0000
tensor([0.9413, 0.8981, 0.8592, 0.8236, 0.7880, 0.7503, 0.7160, 0.6866, 0.6605,
        0.6362, 0.6196, 0.6136, 0.6172, 0.6217, 0.6200, 0.6047, 0.5757, 0.5421,
        0.5189, 0.5100, 0.5061, 0.5063, 0.5092, 0.5126], device='cuda:0')
epoch eval loss:
sst: 593.13, nino: 123.89, sc: 46.6788
eval score is not improved for 1 epoch

epoch: 19
batch training loss: 524.69, 52.35, score: 81.8035, ssr ratio: 0.0000
batch training loss: 490.12, 53.78, score: 91.8669, ssr ratio: 0.0000
batch training loss: 531.40, 52.79, score: 75.0939, ssr ratio: 0.0000
batch training loss: 590.64, 105.41, score: 95.6693, ssr ratio: 0.0000
batch training loss: 485.71, 55.76, score: 43.9586, ssr ratio: 0.0000
batch training loss: 627.93, 34.65, score: 91.5504, ssr ratio: 0.0000
batch training loss: 569.76, 83.63, score: 41.3608, ssr ratio: 0.0000
batch training loss: 593.43, 50.00, score: 77.0767, ssr ratio: 0.0000
batch training loss: 539.55, 73.69, score: 56.0052, ssr ratio: 0.0000
batch training loss: 519.13, 59.76, score: 42.6954, ssr ratio: 0.0000
batch training loss: 559.12, 47.50, score: 102.4351, ssr ratio: 0.0000
batch training loss: 467.72, 54.99, score: 100.1528, ssr ratio: 0.0000
batch training loss: 617.20, 36.35, score: 104.1108, ssr ratio: 0.0000
batch training loss: 532.04, 43.45, score: 63.6682, ssr ratio: 0.0000
tensor([0.9394, 0.8948, 0.8546, 0.8184, 0.7827, 0.7453, 0.7114, 0.6829, 0.6579,
        0.6346, 0.6186, 0.6130, 0.6171, 0.6219, 0.6199, 0.6043, 0.5751, 0.5413,
        0.5181, 0.5090, 0.5048, 0.5047, 0.5075, 0.5104], device='cuda:0')
epoch eval loss:
sst: 591.69, nino: 124.18, sc: 46.4226
eval score is not improved for 2 epoch

epoch: 20
batch training loss: 572.25, 65.85, score: 61.5076, ssr ratio: 0.0000
batch training loss: 501.68, 56.39, score: -34.5868, ssr ratio: 0.0000
batch training loss: 633.93, 42.97, score: 102.8795, ssr ratio: 0.0000
batch training loss: 512.96, 58.01, score: 76.9633, ssr ratio: 0.0000
batch training loss: 512.72, 45.01, score: 96.6294, ssr ratio: 0.0000
batch training loss: 455.08, 29.31, score: 48.9575, ssr ratio: 0.0000
batch training loss: 503.39, 57.90, score: 91.3863, ssr ratio: 0.0000
batch training loss: 527.03, 84.42, score: -0.6368, ssr ratio: 0.0000
batch training loss: 517.29, 60.68, score: 17.3433, ssr ratio: 0.0000
batch training loss: 520.84, 51.00, score: -0.6959, ssr ratio: 0.0000
batch training loss: 561.34, 95.06, score: 83.6408, ssr ratio: 0.0000
batch training loss: 553.70, 43.91, score: 80.0627, ssr ratio: 0.0000
batch training loss: 540.67, 45.02, score: 74.8428, ssr ratio: 0.0000
batch training loss: 538.02, 40.26, score: 100.9587, ssr ratio: 0.0000
tensor([0.9407, 0.8969, 0.8577, 0.8224, 0.7873, 0.7500, 0.7157, 0.6861, 0.6598,
        0.6353, 0.6185, 0.6125, 0.6164, 0.6211, 0.6190, 0.6028, 0.5732, 0.5397,
        0.5174, 0.5097, 0.5071, 0.5083, 0.5116, 0.5150], device='cuda:0')
epoch eval loss:
sst: 592.36, nino: 122.97, sc: 46.7649
eval score is not improved for 3 epoch

epoch: 21
batch training loss: 471.22, 45.40, score: 103.2351, ssr ratio: 0.0000
batch training loss: 543.62, 36.19, score: 91.7424, ssr ratio: 0.0000
batch training loss: 515.76, 64.65, score: -31.4059, ssr ratio: 0.0000
batch training loss: 487.78, 43.81, score: 98.0463, ssr ratio: 0.0000
batch training loss: 556.69, 113.33, score: 64.9131, ssr ratio: 0.0000
batch training loss: 509.08, 51.16, score: 90.1452, ssr ratio: 0.0000
batch training loss: 501.65, 45.08, score: 102.0850, ssr ratio: 0.0000
batch training loss: 562.39, 48.77, score: 91.0352, ssr ratio: 0.0000
batch training loss: 489.31, 37.03, score: 91.8819, ssr ratio: 0.0000
batch training loss: 563.68, 46.82, score: 19.2260, ssr ratio: 0.0000
batch training loss: 495.36, 54.00, score: 100.9851, ssr ratio: 0.0000
batch training loss: 580.10, 61.51, score: 8.3501, ssr ratio: 0.0000
batch training loss: 476.39, 36.66, score: 53.5090, ssr ratio: 0.0000
batch training loss: 548.46, 94.54, score: -4.2077, ssr ratio: 0.0000
tensor([0.9383, 0.8927, 0.8518, 0.8145, 0.7771, 0.7375, 0.7017, 0.6718, 0.6462,
        0.6233, 0.6085, 0.6042, 0.6096, 0.6154, 0.6139, 0.5980, 0.5685, 0.5349,
        0.5119, 0.5036, 0.5003, 0.5009, 0.5038, 0.5072], device='cuda:0')
epoch eval loss:
sst: 591.72, nino: 123.48, sc: 45.7967
eval score is not improved for 4 epoch

epoch: 22
batch training loss: 538.43, 44.43, score: 75.9059, ssr ratio: 0.0000
batch training loss: 519.56, 56.95, score: 90.5264, ssr ratio: 0.0000
batch training loss: 616.32, 99.07, score: -25.9376, ssr ratio: 0.0000
batch training loss: 581.66, 36.93, score: 100.5770, ssr ratio: 0.0000
batch training loss: 599.33, 87.69, score: 82.3434, ssr ratio: 0.0000
batch training loss: 538.74, 51.48, score: 101.8302, ssr ratio: 0.0000
batch training loss: 598.83, 56.08, score: 2.6964, ssr ratio: 0.0000
batch training loss: 614.25, 48.69, score: 78.2056, ssr ratio: 0.0000
batch training loss: 586.12, 133.80, score: -36.9777, ssr ratio: 0.0000
batch training loss: 624.75, 29.51, score: 97.9284, ssr ratio: 0.0000
batch training loss: 510.10, 31.27, score: 104.8700, ssr ratio: 0.0000
batch training loss: 612.44, 43.45, score: 10.1542, ssr ratio: 0.0000
batch training loss: 480.99, 58.08, score: 24.4514, ssr ratio: 0.0000
batch training loss: 532.20, 49.62, score: 44.5868, ssr ratio: 0.0000
tensor([0.9396, 0.8951, 0.8551, 0.8190, 0.7835, 0.7463, 0.7127, 0.6840, 0.6587,
        0.6355, 0.6200, 0.6150, 0.6199, 0.6257, 0.6247, 0.6097, 0.5808, 0.5477,
        0.5255, 0.5181, 0.5152, 0.5155, 0.5179, 0.5204], device='cuda:0')
epoch eval loss:
sst: 591.35, nino: 122.44, sc: 47.2931
eval score is improved from 46.81436 to 47.29308, saving model

epoch: 23
batch training loss: 486.08, 61.20, score: 68.4335, ssr ratio: 0.0000
batch training loss: 521.18, 85.02, score: 74.7168, ssr ratio: 0.0000
batch training loss: 540.61, 45.57, score: 80.4586, ssr ratio: 0.0000
batch training loss: 566.50, 42.81, score: 67.9713, ssr ratio: 0.0000
batch training loss: 554.59, 35.85, score: 89.7565, ssr ratio: 0.0000
batch training loss: 521.32, 35.96, score: 93.6803, ssr ratio: 0.0000
batch training loss: 541.62, 53.40, score: 91.8592, ssr ratio: 0.0000
batch training loss: 593.25, 69.65, score: -29.7003, ssr ratio: 0.0000
batch training loss: 564.90, 72.11, score: 93.2755, ssr ratio: 0.0000
batch training loss: 501.57, 23.95, score: 43.7802, ssr ratio: 0.0000
batch training loss: 549.13, 40.81, score: 61.5368, ssr ratio: 0.0000
batch training loss: 626.57, 121.39, score: 58.5998, ssr ratio: 0.0000
batch training loss: 564.93, 99.97, score: 73.4378, ssr ratio: 0.0000
batch training loss: 528.49, 84.80, score: 87.1645, ssr ratio: 0.0000
tensor([0.9392, 0.8949, 0.8553, 0.8200, 0.7855, 0.7489, 0.7152, 0.6857, 0.6591,
        0.6348, 0.6191, 0.6142, 0.6187, 0.6235, 0.6219, 0.6059, 0.5763, 0.5428,
        0.5207, 0.5132, 0.5106, 0.5116, 0.5148, 0.5181], device='cuda:0')
epoch eval loss:
sst: 593.87, nino: 122.73, sc: 47.0389
eval score is not improved for 1 epoch

epoch: 24
batch training loss: 621.92, 71.46, score: 93.7638, ssr ratio: 0.0000
batch training loss: 662.07, 51.48, score: 35.4687, ssr ratio: 0.0000
batch training loss: 556.52, 62.00, score: 85.1328, ssr ratio: 0.0000
batch training loss: 590.86, 43.72, score: 30.0116, ssr ratio: 0.0000
batch training loss: 545.70, 46.18, score: 63.0385, ssr ratio: 0.0000
batch training loss: 571.79, 75.39, score: 100.0401, ssr ratio: 0.0000
batch training loss: 617.03, 50.74, score: 85.0057, ssr ratio: 0.0000
batch training loss: 638.82, 88.27, score: 83.3787, ssr ratio: 0.0000
batch training loss: 567.30, 37.54, score: 70.5935, ssr ratio: 0.0000
batch training loss: 504.46, 43.60, score: 102.5787, ssr ratio: 0.0000
batch training loss: 467.06, 35.25, score: 55.2227, ssr ratio: 0.0000
batch training loss: 535.09, 27.85, score: 104.1789, ssr ratio: 0.0000
batch training loss: 552.34, 30.69, score: 47.6986, ssr ratio: 0.0000
batch training loss: 590.32, 51.24, score: 91.4511, ssr ratio: 0.0000
tensor([0.9391, 0.8932, 0.8511, 0.8134, 0.7769, 0.7394, 0.7058, 0.6773, 0.6518,
        0.6281, 0.6123, 0.6071, 0.6112, 0.6155, 0.6133, 0.5972, 0.5676, 0.5339,
        0.5112, 0.5030, 0.5001, 0.5010, 0.5046, 0.5085], device='cuda:0')
epoch eval loss:
sst: 592.45, nino: 123.94, sc: 45.9373
eval score is not improved for 2 epoch

epoch: 25
batch training loss: 551.31, 32.72, score: 65.1954, ssr ratio: 0.0000
batch training loss: 542.29, 56.44, score: 64.3994, ssr ratio: 0.0000
batch training loss: 558.13, 75.05, score: 56.0856, ssr ratio: 0.0000
batch training loss: 560.48, 81.71, score: 88.9087, ssr ratio: 0.0000
batch training loss: 555.89, 27.82, score: 101.8021, ssr ratio: 0.0000
batch training loss: 572.70, 41.66, score: 46.4816, ssr ratio: 0.0000
batch training loss: 475.72, 43.43, score: 93.2116, ssr ratio: 0.0000
batch training loss: 564.76, 76.27, score: 87.6467, ssr ratio: 0.0000
batch training loss: 569.71, 58.97, score: 57.5174, ssr ratio: 0.0000
batch training loss: 537.95, 30.60, score: 101.4959, ssr ratio: 0.0000
batch training loss: 565.71, 56.64, score: 51.7286, ssr ratio: 0.0000
batch training loss: 543.54, 35.05, score: 92.3746, ssr ratio: 0.0000
batch training loss: 568.34, 68.46, score: 100.8602, ssr ratio: 0.0000
batch training loss: 608.45, 53.66, score: 102.7388, ssr ratio: 0.0000
tensor([0.9366, 0.8916, 0.8516, 0.8155, 0.7800, 0.7419, 0.7062, 0.6750, 0.6474,
        0.6228, 0.6072, 0.6035, 0.6101, 0.6175, 0.6172, 0.6018, 0.5719, 0.5379,
        0.5148, 0.5065, 0.5029, 0.5026, 0.5042, 0.5066], device='cuda:0')
epoch eval loss:
sst: 591.82, nino: 123.30, sc: 46.0599
eval score is not improved for 3 epoch

epoch: 26
batch training loss: 532.19, 48.90, score: 75.0079, ssr ratio: 0.0000
batch training loss: 579.51, 53.93, score: 46.0151, ssr ratio: 0.0000
batch training loss: 612.59, 107.70, score: 7.4005, ssr ratio: 0.0000
batch training loss: 478.44, 37.98, score: 103.7751, ssr ratio: 0.0000
batch training loss: 480.30, 47.11, score: 101.3505, ssr ratio: 0.0000
batch training loss: 623.22, 43.12, score: 98.2109, ssr ratio: 0.0000
batch training loss: 626.42, 37.55, score: 103.6082, ssr ratio: 0.0000
batch training loss: 519.28, 44.18, score: 30.4527, ssr ratio: 0.0000
batch training loss: 548.96, 73.50, score: 98.4574, ssr ratio: 0.0000
batch training loss: 562.66, 30.41, score: 81.9791, ssr ratio: 0.0000
batch training loss: 556.47, 35.31, score: 44.0833, ssr ratio: 0.0000
batch training loss: 578.83, 40.00, score: 86.8027, ssr ratio: 0.0000
batch training loss: 471.19, 39.45, score: 72.8689, ssr ratio: 0.0000
batch training loss: 569.85, 60.23, score: 89.0631, ssr ratio: 0.0000
tensor([0.9351, 0.8891, 0.8485, 0.8117, 0.7747, 0.7355, 0.6993, 0.6678, 0.6394,
        0.6136, 0.5967, 0.5915, 0.5964, 0.6019, 0.6001, 0.5839, 0.5534, 0.5187,
        0.4949, 0.4866, 0.4832, 0.4830, 0.4841, 0.4853], device='cuda:0')
epoch eval loss:
sst: 591.17, nino: 124.99, sc: 44.0301
eval score is not improved for 4 epoch

epoch: 27
batch training loss: 524.84, 69.83, score: 81.9832, ssr ratio: 0.0000
batch training loss: 501.32, 59.33, score: 87.8959, ssr ratio: 0.0000
batch training loss: 477.62, 32.22, score: 93.9171, ssr ratio: 0.0000
batch training loss: 468.65, 42.25, score: 88.8947, ssr ratio: 0.0000
batch training loss: 538.28, 58.69, score: 85.0862, ssr ratio: 0.0000
batch training loss: 551.16, 86.76, score: 97.5342, ssr ratio: 0.0000
batch training loss: 575.80, 52.85, score: -1.6457, ssr ratio: 0.0000
batch training loss: 525.79, 59.83, score: 67.3604, ssr ratio: 0.0000
batch training loss: 617.16, 93.14, score: 65.4833, ssr ratio: 0.0000
batch training loss: 488.82, 43.42, score: 80.6301, ssr ratio: 0.0000
batch training loss: 592.79, 66.58, score: 4.7583, ssr ratio: 0.0000
batch training loss: 548.66, 61.63, score: 61.2044, ssr ratio: 0.0000
batch training loss: 571.16, 69.03, score: 101.3222, ssr ratio: 0.0000
batch training loss: 639.91, 48.40, score: 10.0769, ssr ratio: 0.0000
tensor([0.9363, 0.8909, 0.8515, 0.8163, 0.7807, 0.7425, 0.7074, 0.6776, 0.6515,
        0.6276, 0.6113, 0.6055, 0.6098, 0.6155, 0.6143, 0.5985, 0.5689, 0.5354,
        0.5129, 0.5050, 0.5013, 0.5006, 0.5016, 0.5035], device='cuda:0')
epoch eval loss:
sst: 591.37, nino: 123.82, sc: 45.8206
eval score is not improved for 5 epoch

epoch: 28
batch training loss: 516.21, 25.42, score: 93.1077, ssr ratio: 0.0000
batch training loss: 560.27, 68.98, score: -23.4072, ssr ratio: 0.0000
batch training loss: 553.22, 55.89, score: 102.8693, ssr ratio: 0.0000
batch training loss: 630.47, 39.89, score: 12.0699, ssr ratio: 0.0000
batch training loss: 647.13, 125.20, score: -57.3378, ssr ratio: 0.0000
batch training loss: 567.96, 111.12, score: 62.9959, ssr ratio: 0.0000
batch training loss: 606.73, 53.59, score: 85.4615, ssr ratio: 0.0000
batch training loss: 577.17, 93.84, score: 86.4524, ssr ratio: 0.0000
batch training loss: 501.97, 64.20, score: 55.4280, ssr ratio: 0.0000
batch training loss: 530.21, 94.20, score: 81.5136, ssr ratio: 0.0000
batch training loss: 591.93, 54.57, score: 18.7907, ssr ratio: 0.0000
batch training loss: 535.72, 47.68, score: 96.7162, ssr ratio: 0.0000
batch training loss: 592.52, 73.86, score: 50.3775, ssr ratio: 0.0000
batch training loss: 607.38, 32.58, score: 102.8727, ssr ratio: 0.0000
tensor([0.9400, 0.8952, 0.8547, 0.8171, 0.7789, 0.7384, 0.7018, 0.6707, 0.6434,
        0.6191, 0.6040, 0.6009, 0.6078, 0.6151, 0.6150, 0.5999, 0.5709, 0.5379,
        0.5159, 0.5083, 0.5053, 0.5056, 0.5082, 0.5112], device='cuda:0')
epoch eval loss:
sst: 593.48, nino: 123.15, sc: 46.1145
eval score is not improved for 6 epoch

epoch: 29
batch training loss: 567.32, 59.26, score: 41.6066, ssr ratio: 0.0000
batch training loss: 511.44, 39.39, score: 102.1541, ssr ratio: 0.0000
batch training loss: 495.02, 62.77, score: -4.1513, ssr ratio: 0.0000
batch training loss: 550.50, 61.43, score: 26.3355, ssr ratio: 0.0000
batch training loss: 537.24, 86.44, score: 17.4943, ssr ratio: 0.0000
batch training loss: 602.36, 69.20, score: 40.0837, ssr ratio: 0.0000
batch training loss: 485.76, 36.92, score: 83.2914, ssr ratio: 0.0000
batch training loss: 535.57, 142.67, score: -85.9847, ssr ratio: 0.0000
batch training loss: 590.59, 31.58, score: 75.0673, ssr ratio: 0.0000
batch training loss: 491.55, 37.12, score: 101.6357, ssr ratio: 0.0000
batch training loss: 514.55, 38.97, score: 70.2153, ssr ratio: 0.0000
batch training loss: 522.10, 82.61, score: 73.2822, ssr ratio: 0.0000
batch training loss: 552.61, 61.57, score: 101.1514, ssr ratio: 0.0000
batch training loss: 482.01, 54.91, score: 96.5521, ssr ratio: 0.0000
tensor([0.9343, 0.8875, 0.8462, 0.8090, 0.7722, 0.7341, 0.7003, 0.6720, 0.6468,
        0.6234, 0.6078, 0.6028, 0.6075, 0.6128, 0.6113, 0.5957, 0.5666, 0.5336,
        0.5115, 0.5038, 0.5007, 0.5009, 0.5033, 0.5060], device='cuda:0')
epoch eval loss:
sst: 591.63, nino: 124.07, sc: 45.6139
eval score is not improved for 7 epoch

epoch: 30
batch training loss: 598.59, 39.19, score: 94.0781, ssr ratio: 0.0000
batch training loss: 535.81, 81.80, score: 83.7003, ssr ratio: 0.0000
batch training loss: 485.49, 68.21, score: 88.2141, ssr ratio: 0.0000
batch training loss: 554.76, 33.41, score: 104.2358, ssr ratio: 0.0000
batch training loss: 566.79, 55.12, score: 67.1091, ssr ratio: 0.0000
batch training loss: 618.12, 24.82, score: 83.4532, ssr ratio: 0.0000
batch training loss: 494.36, 44.18, score: 103.1333, ssr ratio: 0.0000
batch training loss: 508.12, 39.88, score: 20.8824, ssr ratio: 0.0000
batch training loss: 612.24, 75.66, score: 1.9382, ssr ratio: 0.0000
batch training loss: 554.51, 35.18, score: 28.4074, ssr ratio: 0.0000
batch training loss: 568.66, 51.09, score: 63.1475, ssr ratio: 0.0000
batch training loss: 585.83, 49.07, score: 102.3838, ssr ratio: 0.0000
batch training loss: 504.34, 23.28, score: 99.6392, ssr ratio: 0.0000
batch training loss: 593.73, 74.62, score: 37.4841, ssr ratio: 0.0000
tensor([0.9376, 0.8928, 0.8528, 0.8165, 0.7802, 0.7420, 0.7069, 0.6766, 0.6498,
        0.6254, 0.6096, 0.6050, 0.6100, 0.6154, 0.6138, 0.5979, 0.5679, 0.5340,
        0.5114, 0.5040, 0.5014, 0.5020, 0.5043, 0.5065], device='cuda:0')
epoch eval loss:
sst: 591.60, nino: 123.44, sc: 45.9090
eval score is not improved for 8 epoch

epoch: 31
batch training loss: 578.64, 52.87, score: -4.3675, ssr ratio: 0.0000
batch training loss: 611.64, 38.37, score: 96.5189, ssr ratio: 0.0000
batch training loss: 589.67, 70.52, score: 66.0902, ssr ratio: 0.0000
batch training loss: 591.42, 77.46, score: 50.0399, ssr ratio: 0.0000
batch training loss: 516.46, 59.57, score: 100.9884, ssr ratio: 0.0000
batch training loss: 586.32, 42.63, score: 96.8174, ssr ratio: 0.0000
batch training loss: 525.69, 57.46, score: 84.3977, ssr ratio: 0.0000
batch training loss: 627.50, 87.35, score: 64.3839, ssr ratio: 0.0000
batch training loss: 537.03, 30.40, score: 104.6976, ssr ratio: 0.0000
batch training loss: 501.06, 81.08, score: 99.9955, ssr ratio: 0.0000
batch training loss: 633.27, 43.13, score: 102.8872, ssr ratio: 0.0000
batch training loss: 537.66, 43.95, score: 11.1563, ssr ratio: 0.0000
batch training loss: 465.94, 57.71, score: 52.2335, ssr ratio: 0.0000
batch training loss: 551.43, 31.86, score: 100.3958, ssr ratio: 0.0000
tensor([0.9408, 0.8957, 0.8548, 0.8174, 0.7804, 0.7417, 0.7066, 0.6765, 0.6496,
        0.6252, 0.6096, 0.6054, 0.6109, 0.6169, 0.6161, 0.6010, 0.5720, 0.5386,
        0.5159, 0.5082, 0.5054, 0.5062, 0.5090, 0.5120], device='cuda:0')
epoch eval loss:
sst: 592.34, nino: 123.36, sc: 46.2545
eval score is not improved for 9 epoch

epoch: 32
batch training loss: 662.41, 41.35, score: 25.9559, ssr ratio: 0.0000
batch training loss: 563.20, 50.44, score: 98.1011, ssr ratio: 0.0000
batch training loss: 550.43, 43.09, score: 86.4612, ssr ratio: 0.0000
batch training loss: 557.16, 49.01, score: 101.9909, ssr ratio: 0.0000
batch training loss: 576.43, 58.00, score: 87.6827, ssr ratio: 0.0000
batch training loss: 551.17, 55.32, score: 22.2836, ssr ratio: 0.0000
batch training loss: 568.94, 39.25, score: 103.6011, ssr ratio: 0.0000
batch training loss: 518.91, 111.14, score: 90.8989, ssr ratio: 0.0000
batch training loss: 512.77, 53.25, score: 100.9254, ssr ratio: 0.0000
batch training loss: 570.75, 44.87, score: 35.6235, ssr ratio: 0.0000
batch training loss: 586.50, 39.57, score: 102.9516, ssr ratio: 0.0000
batch training loss: 573.87, 21.21, score: 106.3193, ssr ratio: 0.0000
batch training loss: 528.61, 30.20, score: 87.0685, ssr ratio: 0.0000
batch training loss: 486.76, 24.54, score: 51.4800, ssr ratio: 0.0000
tensor([0.9430, 0.9009, 0.8626, 0.8262, 0.7889, 0.7486, 0.7111, 0.6787, 0.6505,
        0.6261, 0.6111, 0.6075, 0.6128, 0.6175, 0.6141, 0.5960, 0.5651, 0.5310,
        0.5084, 0.5005, 0.4974, 0.4983, 0.5014, 0.5045], device='cuda:0')
epoch eval loss:
sst: 591.64, nino: 123.96, sc: 45.8226
eval score is not improved for 10 epoch

epoch: 33
batch training loss: 614.77, 65.71, score: 17.8414, ssr ratio: 0.0000
batch training loss: 620.79, 48.36, score: 91.0776, ssr ratio: 0.0000
batch training loss: 589.22, 41.95, score: 101.7527, ssr ratio: 0.0000
batch training loss: 526.23, 88.37, score: 64.6560, ssr ratio: 0.0000
batch training loss: 582.93, 38.15, score: 103.1475, ssr ratio: 0.0000
batch training loss: 484.67, 67.70, score: 86.8792, ssr ratio: 0.0000
batch training loss: 512.84, 51.85, score: 69.0945, ssr ratio: 0.0000
batch training loss: 480.84, 53.11, score: 71.0089, ssr ratio: 0.0000
batch training loss: 591.79, 66.30, score: -37.8519, ssr ratio: 0.0000
batch training loss: 493.43, 52.11, score: 50.8785, ssr ratio: 0.0000
batch training loss: 595.94, 52.26, score: 101.3962, ssr ratio: 0.0000
batch training loss: 517.71, 59.45, score: 35.1693, ssr ratio: 0.0000
batch training loss: 552.54, 44.12, score: 71.6361, ssr ratio: 0.0000
batch training loss: 535.90, 71.10, score: 29.2900, ssr ratio: 0.0000
tensor([0.9373, 0.8931, 0.8548, 0.8202, 0.7857, 0.7495, 0.7165, 0.6883, 0.6626,
        0.6382, 0.6210, 0.6143, 0.6173, 0.6212, 0.6186, 0.6024, 0.5730, 0.5397,
        0.5169, 0.5084, 0.5048, 0.5044, 0.5059, 0.5077], device='cuda:0')
epoch eval loss:
sst: 591.36, nino: 123.47, sc: 46.5134
eval score is not improved for 11 epoch

epoch: 34
batch training loss: 518.30, 45.49, score: 72.3213, ssr ratio: 0.0000
batch training loss: 549.52, 44.76, score: 83.4033, ssr ratio: 0.0000
batch training loss: 570.68, 35.66, score: 104.3820, ssr ratio: 0.0000
batch training loss: 525.70, 46.97, score: 102.5714, ssr ratio: 0.0000
batch training loss: 549.96, 71.61, score: 66.5859, ssr ratio: 0.0000
batch training loss: 648.26, 72.64, score: 86.9749, ssr ratio: 0.0000
batch training loss: 488.91, 28.25, score: 105.1486, ssr ratio: 0.0000
batch training loss: 565.19, 58.95, score: 88.8130, ssr ratio: 0.0000
batch training loss: 558.45, 64.44, score: -46.6825, ssr ratio: 0.0000
batch training loss: 584.87, 47.23, score: 101.4864, ssr ratio: 0.0000
batch training loss: 517.57, 51.67, score: 90.1828, ssr ratio: 0.0000
batch training loss: 516.54, 51.32, score: 35.5750, ssr ratio: 0.0000
batch training loss: 580.12, 39.21, score: 80.6229, ssr ratio: 0.0000
batch training loss: 489.44, 40.60, score: 104.2728, ssr ratio: 0.0000
tensor([0.9393, 0.8950, 0.8559, 0.8200, 0.7840, 0.7465, 0.7128, 0.6840, 0.6578,
        0.6331, 0.6168, 0.6116, 0.6159, 0.6206, 0.6194, 0.6043, 0.5760, 0.5434,
        0.5217, 0.5142, 0.5111, 0.5112, 0.5135, 0.5158], device='cuda:0')
epoch eval loss:
sst: 593.77, nino: 122.94, sc: 46.9187
eval score is not improved for 12 epoch

epoch: 35
batch training loss: 563.49, 96.29, score: 7.8402, ssr ratio: 0.0000
batch training loss: 546.32, 32.34, score: 81.5111, ssr ratio: 0.0000
batch training loss: 584.50, 83.12, score: 33.0025, ssr ratio: 0.0000
batch training loss: 578.45, 53.63, score: 30.6969, ssr ratio: 0.0000
batch training loss: 542.38, 59.72, score: 51.8109, ssr ratio: 0.0000
batch training loss: 569.98, 57.54, score: 101.5101, ssr ratio: 0.0000
batch training loss: 513.45, 58.36, score: 57.4279, ssr ratio: 0.0000
batch training loss: 556.71, 33.47, score: 77.7646, ssr ratio: 0.0000
batch training loss: 539.36, 54.26, score: 90.9179, ssr ratio: 0.0000
batch training loss: 620.77, 38.55, score: 77.6926, ssr ratio: 0.0000
batch training loss: 546.08, 60.45, score: 87.3324, ssr ratio: 0.0000
batch training loss: 559.08, 44.99, score: 102.8834, ssr ratio: 0.0000
batch training loss: 529.45, 34.58, score: 43.9733, ssr ratio: 0.0000
batch training loss: 548.43, 65.64, score: 101.3320, ssr ratio: 0.0000
tensor([0.9412, 0.8971, 0.8562, 0.8187, 0.7821, 0.7444, 0.7106, 0.6816, 0.6553,
        0.6314, 0.6162, 0.6122, 0.6174, 0.6224, 0.6208, 0.6052, 0.5762, 0.5434,
        0.5219, 0.5147, 0.5125, 0.5139, 0.5178, 0.5211], device='cuda:0')
epoch eval loss:
sst: 594.60, nino: 123.21, sc: 46.9664
eval score is not improved for 13 epoch

epoch: 36
batch training loss: 544.92, 66.07, score: 100.1154, ssr ratio: 0.0000
batch training loss: 537.71, 31.18, score: 99.9074, ssr ratio: 0.0000
batch training loss: 491.61, 33.89, score: 90.3611, ssr ratio: 0.0000
batch training loss: 569.14, 56.30, score: 0.0477, ssr ratio: 0.0000
batch training loss: 562.99, 81.28, score: -10.9816, ssr ratio: 0.0000
batch training loss: 564.59, 63.54, score: 94.9219, ssr ratio: 0.0000
batch training loss: 528.98, 35.69, score: 103.8605, ssr ratio: 0.0000
batch training loss: 596.46, 38.98, score: 53.4626, ssr ratio: 0.0000
batch training loss: 457.31, 42.45, score: 92.6737, ssr ratio: 0.0000
batch training loss: 543.19, 75.11, score: 88.7479, ssr ratio: 0.0000
batch training loss: 557.49, 40.64, score: 97.0663, ssr ratio: 0.0000
batch training loss: 538.90, 62.01, score: 87.4257, ssr ratio: 0.0000
batch training loss: 578.63, 105.24, score: 74.9713, ssr ratio: 0.0000
batch training loss: 592.34, 63.50, score: 66.3610, ssr ratio: 0.0000
tensor([0.9399, 0.8964, 0.8573, 0.8215, 0.7867, 0.7511, 0.7195, 0.6923, 0.6671,
        0.6434, 0.6276, 0.6225, 0.6262, 0.6301, 0.6274, 0.6113, 0.5821, 0.5492,
        0.5270, 0.5192, 0.5163, 0.5169, 0.5201, 0.5235], device='cuda:0')
epoch eval loss:
sst: 593.35, nino: 122.13, sc: 47.8331
eval score is improved from 47.29308 to 47.83310, saving model

epoch: 37
batch training loss: 519.83, 14.55, score: 106.3482, ssr ratio: 0.0000
batch training loss: 541.04, 62.47, score: 71.5558, ssr ratio: 0.0000
batch training loss: 526.24, 38.09, score: 95.9663, ssr ratio: 0.0000
batch training loss: 521.68, 55.95, score: 84.3410, ssr ratio: 0.0000
batch training loss: 609.80, 53.93, score: 49.8865, ssr ratio: 0.0000
batch training loss: 579.19, 28.66, score: 87.5765, ssr ratio: 0.0000
batch training loss: 595.75, 89.98, score: 65.8773, ssr ratio: 0.0000
batch training loss: 601.21, 86.06, score: -14.0540, ssr ratio: 0.0000
batch training loss: 513.11, 44.54, score: 92.6830, ssr ratio: 0.0000
batch training loss: 540.45, 45.88, score: 89.7333, ssr ratio: 0.0000
batch training loss: 554.05, 30.76, score: 44.4007, ssr ratio: 0.0000
batch training loss: 548.65, 92.96, score: 97.5891, ssr ratio: 0.0000
batch training loss: 482.08, 35.49, score: 67.9561, ssr ratio: 0.0000
batch training loss: 589.75, 37.87, score: 63.5035, ssr ratio: 0.0000
tensor([0.9423, 0.8995, 0.8608, 0.8254, 0.7904, 0.7536, 0.7203, 0.6912, 0.6643,
        0.6393, 0.6231, 0.6183, 0.6229, 0.6277, 0.6260, 0.6098, 0.5798, 0.5463,
        0.5244, 0.5171, 0.5141, 0.5146, 0.5173, 0.5197], device='cuda:0')
epoch eval loss:
sst: 592.83, nino: 122.51, sc: 47.4296
eval score is not improved for 1 epoch

epoch: 38
batch training loss: 529.19, 43.77, score: 98.2691, ssr ratio: 0.0000
batch training loss: 570.99, 74.96, score: 42.8801, ssr ratio: 0.0000
batch training loss: 555.62, 30.69, score: 76.8826, ssr ratio: 0.0000
batch training loss: 656.42, 120.89, score: -86.9734, ssr ratio: 0.0000
batch training loss: 616.37, 83.29, score: 49.2217, ssr ratio: 0.0000
batch training loss: 621.71, 50.08, score: 34.3988, ssr ratio: 0.0000
batch training loss: 539.30, 32.92, score: 86.7799, ssr ratio: 0.0000
batch training loss: 501.13, 73.48, score: 99.1598, ssr ratio: 0.0000
batch training loss: 510.52, 67.29, score: 83.5303, ssr ratio: 0.0000
batch training loss: 615.12, 54.46, score: 102.4716, ssr ratio: 0.0000
batch training loss: 653.65, 41.42, score: 85.2827, ssr ratio: 0.0000
batch training loss: 561.01, 33.30, score: 101.1438, ssr ratio: 0.0000
batch training loss: 540.01, 27.73, score: 37.3547, ssr ratio: 0.0000
batch training loss: 539.73, 53.23, score: 57.9089, ssr ratio: 0.0000
tensor([0.9368, 0.8913, 0.8500, 0.8113, 0.7726, 0.7323, 0.6961, 0.6659, 0.6390,
        0.6142, 0.5979, 0.5936, 0.5996, 0.6063, 0.6059, 0.5911, 0.5623, 0.5292,
        0.5065, 0.4984, 0.4949, 0.4949, 0.4974, 0.5006], device='cuda:0')
epoch eval loss:
sst: 593.02, nino: 124.50, sc: 44.9447
eval score is not improved for 2 epoch

epoch: 39
batch training loss: 628.11, 36.14, score: 54.3076, ssr ratio: 0.0000
batch training loss: 551.29, 45.32, score: 30.1723, ssr ratio: 0.0000
batch training loss: 639.54, 68.97, score: -3.4257, ssr ratio: 0.0000
batch training loss: 519.52, 52.98, score: 83.8654, ssr ratio: 0.0000
batch training loss: 499.69, 60.12, score: 34.3843, ssr ratio: 0.0000
batch training loss: 556.41, 36.53, score: 86.0923, ssr ratio: 0.0000
batch training loss: 497.49, 38.48, score: 103.2560, ssr ratio: 0.0000
batch training loss: 558.54, 64.00, score: 39.6951, ssr ratio: 0.0000
batch training loss: 540.04, 31.29, score: 104.1191, ssr ratio: 0.0000
batch training loss: 551.82, 119.89, score: -81.9394, ssr ratio: 0.0000
batch training loss: 605.52, 45.39, score: 100.6771, ssr ratio: 0.0000
batch training loss: 592.56, 50.94, score: 97.6418, ssr ratio: 0.0000
batch training loss: 555.64, 47.11, score: 91.8086, ssr ratio: 0.0000
batch training loss: 584.73, 38.57, score: 63.9188, ssr ratio: 0.0000
tensor([0.9405, 0.8966, 0.8569, 0.8200, 0.7828, 0.7438, 0.7084, 0.6783, 0.6507,
        0.6246, 0.6066, 0.6011, 0.6062, 0.6125, 0.6117, 0.5964, 0.5667, 0.5326,
        0.5091, 0.5000, 0.4958, 0.4953, 0.4978, 0.5017], device='cuda:0')
epoch eval loss:
sst: 592.80, nino: 124.35, sc: 45.5263
eval score is not improved for 3 epoch

epoch: 40
batch training loss: 632.97, 31.22, score: 93.6780, ssr ratio: 0.0000
batch training loss: 557.05, 45.19, score: 90.6771, ssr ratio: 0.0000
batch training loss: 526.49, 28.97, score: 70.7704, ssr ratio: 0.0000
batch training loss: 513.35, 49.52, score: -87.8019, ssr ratio: 0.0000
batch training loss: 619.74, 44.36, score: 69.5633, ssr ratio: 0.0000
batch training loss: 554.99, 41.13, score: 102.3836, ssr ratio: 0.0000
batch training loss: 537.41, 93.15, score: 24.4983, ssr ratio: 0.0000
batch training loss: 503.25, 52.58, score: 8.1684, ssr ratio: 0.0000
batch training loss: 531.65, 38.42, score: 103.4041, ssr ratio: 0.0000
batch training loss: 575.51, 48.68, score: -50.7496, ssr ratio: 0.0000
batch training loss: 628.61, 26.09, score: 24.0760, ssr ratio: 0.0000
batch training loss: 563.61, 34.37, score: 38.1228, ssr ratio: 0.0000
batch training loss: 538.20, 72.76, score: 100.6359, ssr ratio: 0.0000
batch training loss: 563.79, 34.70, score: 34.2154, ssr ratio: 0.0000
tensor([0.9396, 0.8955, 0.8557, 0.8195, 0.7842, 0.7475, 0.7145, 0.6865, 0.6608,
        0.6361, 0.6193, 0.6138, 0.6180, 0.6224, 0.6205, 0.6044, 0.5743, 0.5404,
        0.5182, 0.5110, 0.5090, 0.5105, 0.5140, 0.5169], device='cuda:0')
epoch eval loss:
sst: 592.93, nino: 123.22, sc: 46.8571
eval score is not improved for 4 epoch

epoch: 41
batch training loss: 486.35, 31.86, score: 96.1766, ssr ratio: 0.0000
batch training loss: 628.64, 66.54, score: 40.3132, ssr ratio: 0.0000
batch training loss: 501.80, 47.09, score: 34.8989, ssr ratio: 0.0000
batch training loss: 485.39, 36.17, score: 75.6049, ssr ratio: 0.0000
batch training loss: 564.97, 42.34, score: 103.0327, ssr ratio: 0.0000
batch training loss: 520.24, 47.12, score: 82.3220, ssr ratio: 0.0000
batch training loss: 483.28, 17.16, score: 100.2067, ssr ratio: 0.0000
batch training loss: 542.58, 51.10, score: 81.6014, ssr ratio: 0.0000
batch training loss: 574.43, 62.99, score: 34.8617, ssr ratio: 0.0000
batch training loss: 528.89, 33.15, score: 103.5278, ssr ratio: 0.0000
batch training loss: 480.31, 36.30, score: 84.7600, ssr ratio: 0.0000
batch training loss: 526.27, 52.04, score: 100.7526, ssr ratio: 0.0000
batch training loss: 483.35, 40.98, score: 52.8952, ssr ratio: 0.0000
batch training loss: 574.58, 42.76, score: 90.9659, ssr ratio: 0.0000
tensor([0.9428, 0.8992, 0.8595, 0.8233, 0.7875, 0.7499, 0.7159, 0.6869, 0.6609,
        0.6373, 0.6218, 0.6175, 0.6222, 0.6267, 0.6241, 0.6069, 0.5762, 0.5420,
        0.5199, 0.5125, 0.5101, 0.5116, 0.5156, 0.5192], device='cuda:0')
epoch eval loss:
sst: 592.16, nino: 122.89, sc: 47.1216
eval score is not improved for 5 epoch

epoch: 42
batch training loss: 583.99, 34.37, score: 104.5740, ssr ratio: 0.0000
batch training loss: 626.90, 70.16, score: 89.8002, ssr ratio: 0.0000
batch training loss: 626.65, 56.28, score: 83.1621, ssr ratio: 0.0000
batch training loss: 522.49, 32.71, score: 67.7308, ssr ratio: 0.0000
batch training loss: 545.23, 32.02, score: 103.9774, ssr ratio: 0.0000
batch training loss: 653.04, 52.66, score: 98.2339, ssr ratio: 0.0000
batch training loss: 563.80, 36.37, score: 94.2544, ssr ratio: 0.0000
batch training loss: 541.36, 31.46, score: 48.9335, ssr ratio: 0.0000
batch training loss: 604.17, 44.31, score: 54.8346, ssr ratio: 0.0000
batch training loss: 617.04, 51.19, score: 57.0303, ssr ratio: 0.0000
batch training loss: 509.40, 42.69, score: 17.8060, ssr ratio: 0.0000
batch training loss: 511.31, 27.74, score: 105.3450, ssr ratio: 0.0000
batch training loss: 556.31, 47.15, score: 19.2854, ssr ratio: 0.0000
batch training loss: 625.23, 102.31, score: 65.9256, ssr ratio: 0.0000
tensor([0.9401, 0.8953, 0.8537, 0.8147, 0.7760, 0.7366, 0.7018, 0.6732, 0.6474,
        0.6232, 0.6070, 0.6026, 0.6076, 0.6123, 0.6103, 0.5945, 0.5649, 0.5310,
        0.5080, 0.4997, 0.4966, 0.4971, 0.5001, 0.5038], device='cuda:0')
epoch eval loss:
sst: 591.93, nino: 123.65, sc: 45.5048
eval score is not improved for 6 epoch

epoch: 43
batch training loss: 524.77, 71.43, score: 98.7052, ssr ratio: 0.0000
batch training loss: 510.22, 52.90, score: 63.2794, ssr ratio: 0.0000
batch training loss: 580.24, 41.89, score: 75.3043, ssr ratio: 0.0000
batch training loss: 565.77, 96.53, score: 81.3719, ssr ratio: 0.0000
batch training loss: 603.04, 29.90, score: 64.0560, ssr ratio: 0.0000
batch training loss: 552.26, 40.65, score: 87.2057, ssr ratio: 0.0000
batch training loss: 493.03, 68.37, score: 100.3415, ssr ratio: 0.0000
batch training loss: 538.54, 34.64, score: 16.7416, ssr ratio: 0.0000
batch training loss: 512.39, 47.47, score: 87.4386, ssr ratio: 0.0000
batch training loss: 496.35, 45.54, score: -13.0560, ssr ratio: 0.0000
batch training loss: 570.26, 45.20, score: 93.1676, ssr ratio: 0.0000
batch training loss: 533.69, 35.81, score: 49.5506, ssr ratio: 0.0000
batch training loss: 585.20, 56.48, score: 64.9848, ssr ratio: 0.0000
batch training loss: 597.92, 82.36, score: 50.1650, ssr ratio: 0.0000
tensor([0.9425, 0.8989, 0.8585, 0.8208, 0.7835, 0.7449, 0.7110, 0.6827, 0.6567,
        0.6315, 0.6139, 0.6085, 0.6137, 0.6198, 0.6197, 0.6054, 0.5767, 0.5433,
        0.5212, 0.5138, 0.5112, 0.5124, 0.5166, 0.5207], device='cuda:0')
epoch eval loss:
sst: 593.80, nino: 123.23, sc: 46.8898
eval score is not improved for 7 epoch

epoch: 44
batch training loss: 545.45, 20.57, score: 73.7906, ssr ratio: 0.0000
batch training loss: 477.77, 49.37, score: 97.4348, ssr ratio: 0.0000
batch training loss: 557.92, 65.23, score: 99.6383, ssr ratio: 0.0000
batch training loss: 572.28, 46.52, score: -54.6669, ssr ratio: 0.0000
batch training loss: 478.15, 33.89, score: 69.1338, ssr ratio: 0.0000
batch training loss: 530.64, 48.09, score: 93.8498, ssr ratio: 0.0000
batch training loss: 597.52, 44.58, score: 101.7968, ssr ratio: 0.0000
batch training loss: 542.83, 48.35, score: 91.5927, ssr ratio: 0.0000
batch training loss: 536.13, 39.50, score: 65.0424, ssr ratio: 0.0000
batch training loss: 529.74, 59.17, score: 89.1675, ssr ratio: 0.0000
batch training loss: 518.53, 41.09, score: 76.5549, ssr ratio: 0.0000
batch training loss: 458.77, 29.81, score: 104.2031, ssr ratio: 0.0000
batch training loss: 556.87, 27.86, score: 64.8440, ssr ratio: 0.0000
batch training loss: 520.13, 56.18, score: 92.1000, ssr ratio: 0.0000
tensor([0.9437, 0.9016, 0.8629, 0.8259, 0.7882, 0.7485, 0.7127, 0.6826, 0.6556,
        0.6302, 0.6128, 0.6072, 0.6113, 0.6159, 0.6142, 0.5994, 0.5715, 0.5393,
        0.5173, 0.5093, 0.5061, 0.5065, 0.5095, 0.5128], device='cuda:0')
epoch eval loss:
sst: 593.86, nino: 123.47, sc: 46.4582
eval score is not improved for 8 epoch

epoch: 45
batch training loss: 612.77, 40.80, score: 90.9133, ssr ratio: 0.0000
batch training loss: 489.18, 28.87, score: 104.8751, ssr ratio: 0.0000
batch training loss: 517.19, 45.53, score: 12.8255, ssr ratio: 0.0000
batch training loss: 609.62, 35.35, score: 98.1174, ssr ratio: 0.0000
batch training loss: 558.82, 69.75, score: 97.8568, ssr ratio: 0.0000
batch training loss: 501.30, 61.68, score: -35.8524, ssr ratio: 0.0000
batch training loss: 591.67, 52.40, score: 91.3468, ssr ratio: 0.0000
batch training loss: 592.18, 54.47, score: 102.2357, ssr ratio: 0.0000
batch training loss: 569.06, 44.22, score: 31.8091, ssr ratio: 0.0000
batch training loss: 481.36, 55.15, score: 95.4287, ssr ratio: 0.0000
batch training loss: 577.01, 71.19, score: 61.1124, ssr ratio: 0.0000
batch training loss: 559.25, 57.12, score: 58.3584, ssr ratio: 0.0000
batch training loss: 502.24, 40.78, score: 97.5820, ssr ratio: 0.0000
batch training loss: 550.09, 59.58, score: 86.1399, ssr ratio: 0.0000
tensor([0.9437, 0.9007, 0.8603, 0.8219, 0.7833, 0.7433, 0.7079, 0.6789, 0.6531,
        0.6297, 0.6150, 0.6128, 0.6199, 0.6267, 0.6267, 0.6127, 0.5843, 0.5513,
        0.5292, 0.5215, 0.5184, 0.5190, 0.5228, 0.5264], device='cuda:0')
epoch eval loss:
sst: 592.36, nino: 122.50, sc: 47.5525
eval score is not improved for 9 epoch

epoch: 46
batch training loss: 579.62, 50.76, score: 91.6368, ssr ratio: 0.0000
batch training loss: 607.35, 31.60, score: 92.4215, ssr ratio: 0.0000
batch training loss: 508.51, 33.68, score: 101.5359, ssr ratio: 0.0000
batch training loss: 582.35, 63.53, score: 100.4049, ssr ratio: 0.0000
batch training loss: 592.42, 42.96, score: 103.7746, ssr ratio: 0.0000
batch training loss: 608.58, 53.87, score: 90.1412, ssr ratio: 0.0000
batch training loss: 570.43, 53.10, score: 102.2347, ssr ratio: 0.0000
batch training loss: 585.89, 64.06, score: -3.4552, ssr ratio: 0.0000
batch training loss: 473.84, 32.46, score: 97.1786, ssr ratio: 0.0000
batch training loss: 477.12, 37.56, score: 103.2362, ssr ratio: 0.0000
batch training loss: 559.45, 36.35, score: 102.5390, ssr ratio: 0.0000
batch training loss: 537.42, 46.66, score: 103.8812, ssr ratio: 0.0000
batch training loss: 577.08, 61.81, score: 94.8391, ssr ratio: 0.0000
batch training loss: 525.56, 60.36, score: 30.8979, ssr ratio: 0.0000
tensor([0.9403, 0.8961, 0.8563, 0.8194, 0.7823, 0.7430, 0.7071, 0.6769, 0.6500,
        0.6256, 0.6101, 0.6069, 0.6137, 0.6207, 0.6209, 0.6065, 0.5775, 0.5436,
        0.5207, 0.5124, 0.5089, 0.5091, 0.5125, 0.5163], device='cuda:0')
epoch eval loss:
sst: 592.60, nino: 123.17, sc: 46.6625
eval score is not improved for 10 epoch

epoch: 47
batch training loss: 544.42, 37.52, score: 75.8416, ssr ratio: 0.0000
batch training loss: 565.16, 47.19, score: 103.3654, ssr ratio: 0.0000
batch training loss: 573.57, 56.64, score: 81.7889, ssr ratio: 0.0000
batch training loss: 569.80, 58.98, score: 96.1471, ssr ratio: 0.0000
batch training loss: 498.23, 42.83, score: 100.3167, ssr ratio: 0.0000
batch training loss: 483.08, 56.21, score: 38.6618, ssr ratio: 0.0000
batch training loss: 575.83, 72.86, score: 67.0009, ssr ratio: 0.0000
batch training loss: 527.28, 38.36, score: -43.9185, ssr ratio: 0.0000
batch training loss: 545.02, 66.62, score: 88.1537, ssr ratio: 0.0000
batch training loss: 524.19, 53.79, score: 100.8574, ssr ratio: 0.0000
batch training loss: 524.66, 47.36, score: 96.2314, ssr ratio: 0.0000
batch training loss: 536.38, 70.29, score: 14.4854, ssr ratio: 0.0000
batch training loss: 647.01, 52.24, score: 102.6834, ssr ratio: 0.0000
batch training loss: 484.39, 56.56, score: 81.0429, ssr ratio: 0.0000
tensor([0.9460, 0.9049, 0.8664, 0.8298, 0.7930, 0.7546, 0.7205, 0.6913, 0.6636,
        0.6375, 0.6209, 0.6176, 0.6243, 0.6306, 0.6295, 0.6132, 0.5827, 0.5484,
        0.5259, 0.5181, 0.5153, 0.5170, 0.5213, 0.5251], device='cuda:0')
epoch eval loss:
sst: 592.58, nino: 122.03, sc: 47.7753
eval score is not improved for 11 epoch

epoch: 48
batch training loss: 539.85, 32.39, score: 71.7793, ssr ratio: 0.0000
batch training loss: 525.54, 24.47, score: 93.9176, ssr ratio: 0.0000
batch training loss: 464.88, 26.09, score: 99.8563, ssr ratio: 0.0000
batch training loss: 623.67, 56.78, score: 102.2505, ssr ratio: 0.0000
batch training loss: 484.72, 40.02, score: 32.9452, ssr ratio: 0.0000
batch training loss: 588.84, 63.88, score: 77.5640, ssr ratio: 0.0000
batch training loss: 553.69, 51.36, score: 24.5939, ssr ratio: 0.0000
batch training loss: 572.02, 51.90, score: 69.9685, ssr ratio: 0.0000
batch training loss: 588.51, 58.48, score: 67.1434, ssr ratio: 0.0000
batch training loss: 587.42, 67.08, score: 79.4984, ssr ratio: 0.0000
batch training loss: 576.14, 85.34, score: 67.5434, ssr ratio: 0.0000
batch training loss: 589.15, 50.82, score: 68.5513, ssr ratio: 0.0000
batch training loss: 546.72, 37.24, score: 103.8963, ssr ratio: 0.0000
batch training loss: 547.97, 53.95, score: -7.1957, ssr ratio: 0.0000
tensor([0.9406, 0.8964, 0.8559, 0.8181, 0.7811, 0.7428, 0.7087, 0.6795, 0.6523,
        0.6262, 0.6085, 0.6029, 0.6073, 0.6118, 0.6105, 0.5954, 0.5666, 0.5339,
        0.5123, 0.5050, 0.5025, 0.5035, 0.5069, 0.5102], device='cuda:0')
epoch eval loss:
sst: 593.41, nino: 123.37, sc: 45.9744
eval score is not improved for 12 epoch

epoch: 49
batch training loss: 576.75, 69.86, score: 78.7283, ssr ratio: 0.0000
batch training loss: 520.00, 69.39, score: 88.1295, ssr ratio: 0.0000
batch training loss: 566.85, 46.52, score: -19.3123, ssr ratio: 0.0000
batch training loss: 495.32, 37.63, score: 92.6110, ssr ratio: 0.0000
batch training loss: 543.35, 52.45, score: 69.5638, ssr ratio: 0.0000
batch training loss: 469.17, 47.26, score: 102.0551, ssr ratio: 0.0000
batch training loss: 569.76, 26.27, score: 101.1789, ssr ratio: 0.0000
batch training loss: 508.63, 70.99, score: 45.1339, ssr ratio: 0.0000
batch training loss: 579.37, 65.31, score: 100.2846, ssr ratio: 0.0000
batch training loss: 555.82, 54.21, score: 87.6683, ssr ratio: 0.0000
batch training loss: 520.24, 24.75, score: 104.7913, ssr ratio: 0.0000
batch training loss: 525.61, 108.34, score: 96.2952, ssr ratio: 0.0000
batch training loss: 545.32, 55.01, score: 102.3159, ssr ratio: 0.0000
batch training loss: 481.44, 30.58, score: -55.4074, ssr ratio: 0.0000
tensor([0.9446, 0.9028, 0.8633, 0.8252, 0.7868, 0.7470, 0.7117, 0.6826, 0.6566,
        0.6328, 0.6175, 0.6149, 0.6221, 0.6292, 0.6293, 0.6148, 0.5848, 0.5489,
        0.5228, 0.5113, 0.5060, 0.5060, 0.5105, 0.5161], device='cuda:0')
epoch eval loss:
sst: 593.11, nino: 123.01, sc: 47.1524
eval score is not improved for 13 epoch

epoch: 50
batch training loss: 628.09, 45.78, score: 10.2068, ssr ratio: 0.0000
batch training loss: 606.00, 74.59, score: 97.7669, ssr ratio: 0.0000
batch training loss: 507.04, 67.59, score: 81.3356, ssr ratio: 0.0000
batch training loss: 546.24, 52.60, score: 90.9122, ssr ratio: 0.0000
batch training loss: 587.64, 52.11, score: 43.9561, ssr ratio: 0.0000
batch training loss: 552.54, 55.45, score: 72.1433, ssr ratio: 0.0000
batch training loss: 604.51, 48.00, score: 97.1726, ssr ratio: 0.0000
batch training loss: 529.26, 66.29, score: 94.9727, ssr ratio: 0.0000
batch training loss: 568.83, 40.21, score: 39.8257, ssr ratio: 0.0000
batch training loss: 598.12, 32.52, score: 71.1593, ssr ratio: 0.0000
batch training loss: 490.20, 45.32, score: 102.9253, ssr ratio: 0.0000
batch training loss: 552.53, 43.88, score: 103.3655, ssr ratio: 0.0000
batch training loss: 563.55, 92.56, score: 79.9764, ssr ratio: 0.0000
batch training loss: 601.10, 37.47, score: 72.0170, ssr ratio: 0.0000
tensor([0.9422, 0.8994, 0.8596, 0.8221, 0.7850, 0.7471, 0.7137, 0.6855, 0.6591,
        0.6343, 0.6182, 0.6144, 0.6199, 0.6255, 0.6245, 0.6094, 0.5801, 0.5462,
        0.5234, 0.5155, 0.5132, 0.5147, 0.5190, 0.5235], device='cuda:0')
epoch eval loss:
sst: 594.29, nino: 123.50, sc: 47.2248
eval score is not improved for 14 epoch

----- training finished -----

processing test set
(395, 38, 24, 48, 1, 4)
(395, 38, 24, 48, 4)
(395, 38, 3)
predData.shape= (395, 38, 2, 24, 48)
{'sst': (395, 38, 24, 48, 6), 'nino target': (395, 38, 3)}
loading test dataloader
Traceback (most recent call last):
  File "trainer.py", line 264, in <module>
    trainer.network.load_state_dict(chk['net'])
  File "/home/ruichuang/anaconda3/envs/AGCRN_env/lib/python3.8/site-packages/torch/nn/modules/module.py", line 1604, in load_state_dict
    raise RuntimeError('Error(s) in loading state_dict for {}:\n\t{}'.format(
RuntimeError: Error(s) in loading state_dict for SAConvLSTM:
	size mismatch for layers.0.conv.weight: copying a param with shape torch.Size([256, 72, 3, 3]) from checkpoint, the shape in current model is torch.Size([128, 40, 3, 3]).
	size mismatch for layers.0.conv.bias: copying a param with shape torch.Size([256]) from checkpoint, the shape in current model is torch.Size([128]).
	size mismatch for layers.0.sa.conv_h.weight: copying a param with shape torch.Size([384, 64, 1, 1]) from checkpoint, the shape in current model is torch.Size([48, 32, 1, 1]).
	size mismatch for layers.0.sa.conv_h.bias: copying a param with shape torch.Size([384]) from checkpoint, the shape in current model is torch.Size([48]).
	size mismatch for layers.0.sa.conv_m.weight: copying a param with shape torch.Size([256, 64, 1, 1]) from checkpoint, the shape in current model is torch.Size([32, 32, 1, 1]).
	size mismatch for layers.0.sa.conv_m.bias: copying a param with shape torch.Size([256]) from checkpoint, the shape in current model is torch.Size([32]).
	size mismatch for layers.0.sa.conv_z.weight: copying a param with shape torch.Size([128, 256, 1, 1]) from checkpoint, the shape in current model is torch.Size([16, 32, 1, 1]).
	size mismatch for layers.0.sa.conv_z.bias: copying a param with shape torch.Size([128]) from checkpoint, the shape in current model is torch.Size([16]).
	size mismatch for layers.0.sa.conv_output.weight: copying a param with shape torch.Size([192, 192, 3, 3]) from checkpoint, the shape in current model is torch.Size([96, 48, 3, 3]).
	size mismatch for layers.0.sa.conv_output.bias: copying a param with shape torch.Size([192]) from checkpoint, the shape in current model is torch.Size([96]).
	size mismatch for layers.1.conv.weight: copying a param with shape torch.Size([256, 128, 3, 3]) from checkpoint, the shape in current model is torch.Size([128, 64, 3, 3]).
	size mismatch for layers.1.conv.bias: copying a param with shape torch.Size([256]) from checkpoint, the shape in current model is torch.Size([128]).
	size mismatch for layers.1.sa.conv_h.weight: copying a param with shape torch.Size([384, 64, 1, 1]) from checkpoint, the shape in current model is torch.Size([48, 32, 1, 1]).
	size mismatch for layers.1.sa.conv_h.bias: copying a param with shape torch.Size([384]) from checkpoint, the shape in current model is torch.Size([48]).
	size mismatch for layers.1.sa.conv_m.weight: copying a param with shape torch.Size([256, 64, 1, 1]) from checkpoint, the shape in current model is torch.Size([32, 32, 1, 1]).
	size mismatch for layers.1.sa.conv_m.bias: copying a param with shape torch.Size([256]) from checkpoint, the shape in current model is torch.Size([32]).
	size mismatch for layers.1.sa.conv_z.weight: copying a param with shape torch.Size([128, 256, 1, 1]) from checkpoint, the shape in current model is torch.Size([16, 32, 1, 1]).
	size mismatch for layers.1.sa.conv_z.bias: copying a param with shape torch.Size([128]) from checkpoint, the shape in current model is torch.Size([16]).
	size mismatch for layers.1.sa.conv_output.weight: copying a param with shape torch.Size([192, 192, 3, 3]) from checkpoint, the shape in current model is torch.Size([96, 48, 3, 3]).
	size mismatch for layers.1.sa.conv_output.bias: copying a param with shape torch.Size([192]) from checkpoint, the shape in current model is torch.Size([96]).
	size mismatch for layers.2.conv.weight: copying a param with shape torch.Size([256, 128, 3, 3]) from checkpoint, the shape in current model is torch.Size([128, 64, 3, 3]).
	size mismatch for layers.2.conv.bias: copying a param with shape torch.Size([256]) from checkpoint, the shape in current model is torch.Size([128]).
	size mismatch for layers.2.sa.conv_h.weight: copying a param with shape torch.Size([384, 64, 1, 1]) from checkpoint, the shape in current model is torch.Size([48, 32, 1, 1]).
	size mismatch for layers.2.sa.conv_h.bias: copying a param with shape torch.Size([384]) from checkpoint, the shape in current model is torch.Size([48]).
	size mismatch for layers.2.sa.conv_m.weight: copying a param with shape torch.Size([256, 64, 1, 1]) from checkpoint, the shape in current model is torch.Size([32, 32, 1, 1]).
	size mismatch for layers.2.sa.conv_m.bias: copying a param with shape torch.Size([256]) from checkpoint, the shape in current model is torch.Size([32]).
	size mismatch for layers.2.sa.conv_z.weight: copying a param with shape torch.Size([128, 256, 1, 1]) from checkpoint, the shape in current model is torch.Size([16, 32, 1, 1]).
	size mismatch for layers.2.sa.conv_z.bias: copying a param with shape torch.Size([128]) from checkpoint, the shape in current model is torch.Size([16]).
	size mismatch for layers.2.sa.conv_output.weight: copying a param with shape torch.Size([192, 192, 3, 3]) from checkpoint, the shape in current model is torch.Size([96, 48, 3, 3]).
	size mismatch for layers.2.sa.conv_output.bias: copying a param with shape torch.Size([192]) from checkpoint, the shape in current model is torch.Size([96]).
	size mismatch for layers.3.conv.weight: copying a param with shape torch.Size([256, 128, 3, 3]) from checkpoint, the shape in current model is torch.Size([128, 64, 3, 3]).
	size mismatch for layers.3.conv.bias: copying a param with shape torch.Size([256]) from checkpoint, the shape in current model is torch.Size([128]).
	size mismatch for layers.3.sa.conv_h.weight: copying a param with shape torch.Size([384, 64, 1, 1]) from checkpoint, the shape in current model is torch.Size([48, 32, 1, 1]).
	size mismatch for layers.3.sa.conv_h.bias: copying a param with shape torch.Size([384]) from checkpoint, the shape in current model is torch.Size([48]).
	size mismatch for layers.3.sa.conv_m.weight: copying a param with shape torch.Size([256, 64, 1, 1]) from checkpoint, the shape in current model is torch.Size([32, 32, 1, 1]).
	size mismatch for layers.3.sa.conv_m.bias: copying a param with shape torch.Size([256]) from checkpoint, the shape in current model is torch.Size([32]).
	size mismatch for layers.3.sa.conv_z.weight: copying a param with shape torch.Size([128, 256, 1, 1]) from checkpoint, the shape in current model is torch.Size([16, 32, 1, 1]).
	size mismatch for layers.3.sa.conv_z.bias: copying a param with shape torch.Size([128]) from checkpoint, the shape in current model is torch.Size([16]).
	size mismatch for layers.3.sa.conv_output.weight: copying a param with shape torch.Size([192, 192, 3, 3]) from checkpoint, the shape in current model is torch.Size([96, 48, 3, 3]).
	size mismatch for layers.3.sa.conv_output.bias: copying a param with shape torch.Size([192]) from checkpoint, the shape in current model is torch.Size([96]).
	size mismatch for conv_output.weight: copying a param with shape torch.Size([2, 64, 1, 1]) from checkpoint, the shape in current model is torch.Size([2, 32, 1, 1]).
