nohup: 忽略输入
{'n_cpu': 0, 'device': device(type='cuda', index=6), 'batch_size_test': 40, 'batch_size': 2, 'lr': 0.001, 'weight_decay': 0, 'display_interval': 250, 'num_epochs': 50, 'early_stopping': True, 'patience': 20, 'gradient_clipping': True, 'clipping_threshold': 1.0, 'input_dim': 8, 'output_dim': 2, 'input_length': 12, 'output_length': 24, 'input_gap': 1, 'pred_shift': 24, 'model_i': 0, 'kernel_size': (3, 3), 'bias': True, 'hidden_dim_1': (32, 32, 32, 32), 'd_attn_1': 64, 'ssr_decay_rate': 8e-05, 'hidden_dim_2': (32, 32, 32, 32), 'd_attn_2': 16, 'hidden_dim_3': (32, 32, 32, 32), 'd_attn_3': 16, 'hidden_dim_4': (32, 32, 32, 32), 'd_attn_4': 16, 'hidden_dim_5': (32, 32, 32, 32), 'd_attn_5': 16, 'use_hc': 1, 'time': 'hybrid', 'save_last': 0}

reading data
(1692, 24, 48, 21, 4) (432, 24, 48, 1, 4)
(1692, 21, 3) (432, 1, 3)
processing training set
(331, 38, 24, 48, 21, 4)
(6951, 38, 24, 48, 4)
(6951, 38, 3)
predData.shape= (6951, 38, 2, 24, 48)
{'sst': (6951, 38, 24, 48, 6), 'nino target': (6951, 38, 3)}
processing eval set
(395, 38, 24, 48, 1, 4)
(395, 38, 24, 48, 4)
(395, 38, 3)
predData.shape= (395, 38, 2, 24, 48)
{'sst': (395, 38, 24, 48, 6), 'nino target': (395, 38, 3)}
Total params num: 693698
*****************Finish Parameter****************
loading train dataloader
loading eval dataloader

epoch: 1
batch training loss: 736.04, 102.13, score: -12.7315, ssr ratio: 0.9999
batch training loss: 496.20, 74.70, score: 84.2711, ssr ratio: 0.9799
batch training loss: 418.53, 19.41, score: 106.0968, ssr ratio: 0.9599
batch training loss: 418.25, 26.97, score: 50.1172, ssr ratio: 0.9399
batch training loss: 413.07, 23.85, score: 94.5327, ssr ratio: 0.9199
batch training loss: 372.53, 21.12, score: 102.5792, ssr ratio: 0.8999
batch training loss: 400.22, 19.19, score: 84.5169, ssr ratio: 0.8799
batch training loss: 365.09, 21.03, score: 96.3324, ssr ratio: 0.8599
batch training loss: 465.46, 15.75, score: 85.9491, ssr ratio: 0.8399
batch training loss: 460.35, 30.73, score: 104.3063, ssr ratio: 0.8199
batch training loss: 463.22, 22.11, score: 64.9640, ssr ratio: 0.7999
batch training loss: 375.62, 25.36, score: 106.4442, ssr ratio: 0.7799
batch training loss: 348.89, 12.19, score: 107.2669, ssr ratio: 0.7599
batch training loss: 438.64, 19.42, score: 52.1891, ssr ratio: 0.7399
tensor([0.9357, 0.8858, 0.8385, 0.7962, 0.7595, 0.7245, 0.6923, 0.6639, 0.6391,
        0.6163, 0.5994, 0.5919, 0.5938, 0.5993, 0.6005, 0.5912, 0.5696, 0.5417,
        0.5197, 0.5099, 0.5059, 0.5064, 0.5096, 0.5131], device='cuda:6')
epoch eval loss:
sst: 604.62, nino: 127.39, sc: 45.0780
eval score is improved from -inf to 45.07803, saving model

epoch: 2
batch training loss: 405.87, 18.44, score: 100.7891, ssr ratio: 0.7218
batch training loss: 439.29, 20.70, score: 93.6383, ssr ratio: 0.7018
batch training loss: 360.19, 28.60, score: 94.1735, ssr ratio: 0.6818
batch training loss: 489.55, 22.78, score: 100.1236, ssr ratio: 0.6618
batch training loss: 457.03, 39.26, score: 103.4088, ssr ratio: 0.6418
batch training loss: 403.64, 23.99, score: 104.7955, ssr ratio: 0.6218
batch training loss: 465.41, 22.37, score: 100.8303, ssr ratio: 0.6018
batch training loss: 400.76, 26.56, score: 88.7950, ssr ratio: 0.5818
batch training loss: 466.17, 25.29, score: 82.0267, ssr ratio: 0.5618
batch training loss: 402.04, 21.49, score: 73.6809, ssr ratio: 0.5418
batch training loss: 448.30, 27.74, score: 99.6166, ssr ratio: 0.5218
batch training loss: 413.02, 24.68, score: 104.1775, ssr ratio: 0.5018
batch training loss: 439.15, 17.52, score: 94.9424, ssr ratio: 0.4818
batch training loss: 500.65, 32.21, score: 88.1064, ssr ratio: 0.4618
tensor([0.9333, 0.8858, 0.8420, 0.8012, 0.7625, 0.7237, 0.6882, 0.6593, 0.6374,
        0.6184, 0.6041, 0.5964, 0.5975, 0.6014, 0.5996, 0.5866, 0.5623, 0.5334,
        0.5119, 0.5037, 0.5004, 0.5000, 0.5018, 0.5054], device='cuda:6')
epoch eval loss:
sst: 603.93, nino: 131.91, sc: 44.2339
Epoch 00002: reducing learning rate of group 0 to 3.0000e-04.
eval score is not improved for 1 epoch

epoch: 3
batch training loss: 497.78, 29.62, score: 40.3067, ssr ratio: 0.4438
batch training loss: 469.53, 26.63, score: 100.1409, ssr ratio: 0.4238
batch training loss: 398.61, 46.82, score: 47.9564, ssr ratio: 0.4038
batch training loss: 397.31, 32.06, score: 104.9328, ssr ratio: 0.3838
batch training loss: 471.85, 41.33, score: 91.5320, ssr ratio: 0.3638
batch training loss: 502.61, 25.85, score: 105.0549, ssr ratio: 0.3438
batch training loss: 426.49, 26.29, score: 105.2798, ssr ratio: 0.3238
batch training loss: 493.37, 29.37, score: 86.7074, ssr ratio: 0.3038
batch training loss: 408.04, 24.78, score: 89.6816, ssr ratio: 0.2838
batch training loss: 502.74, 22.57, score: 86.0550, ssr ratio: 0.2638
batch training loss: 433.21, 38.29, score: 102.8948, ssr ratio: 0.2438
batch training loss: 500.31, 23.97, score: 102.0281, ssr ratio: 0.2238
batch training loss: 449.55, 36.67, score: 85.8864, ssr ratio: 0.2038
batch training loss: 488.75, 35.50, score: 104.6746, ssr ratio: 0.1838
tensor([0.9368, 0.8893, 0.8439, 0.8011, 0.7610, 0.7224, 0.6886, 0.6613, 0.6392,
        0.6188, 0.6034, 0.5962, 0.5980, 0.6022, 0.6010, 0.5889, 0.5645, 0.5346,
        0.5129, 0.5044, 0.5005, 0.4996, 0.5009, 0.5031], device='cuda:6')
epoch eval loss:
sst: 594.72, nino: 123.75, sc: 45.2289
eval score is improved from 45.07803 to 45.22894, saving model

epoch: 4
batch training loss: 491.95, 32.39, score: 104.8967, ssr ratio: 0.1657
batch training loss: 450.30, 32.17, score: 94.1890, ssr ratio: 0.1457
batch training loss: 423.32, 24.71, score: 105.8662, ssr ratio: 0.1257
batch training loss: 567.57, 38.88, score: 81.4090, ssr ratio: 0.1057
batch training loss: 556.08, 47.34, score: 86.9470, ssr ratio: 0.0857
batch training loss: 572.17, 40.93, score: 60.3583, ssr ratio: 0.0657
batch training loss: 538.31, 27.83, score: 99.4099, ssr ratio: 0.0457
batch training loss: 533.97, 39.70, score: 86.7603, ssr ratio: 0.0257
batch training loss: 546.53, 43.81, score: 103.2405, ssr ratio: 0.0057
batch training loss: 625.39, 67.45, score: 90.2432, ssr ratio: 0.0000
batch training loss: 629.10, 91.02, score: 30.1471, ssr ratio: 0.0000
batch training loss: 525.05, 46.64, score: 103.5088, ssr ratio: 0.0000
batch training loss: 523.48, 41.57, score: 99.6220, ssr ratio: 0.0000
batch training loss: 561.59, 39.10, score: 70.0232, ssr ratio: 0.0000
tensor([0.9386, 0.8929, 0.8504, 0.8110, 0.7743, 0.7380, 0.7057, 0.6787, 0.6556,
        0.6343, 0.6194, 0.6131, 0.6158, 0.6195, 0.6176, 0.6028, 0.5750, 0.5426,
        0.5203, 0.5122, 0.5093, 0.5097, 0.5119, 0.5138], device='cuda:6')
epoch eval loss:
sst: 592.88, nino: 123.17, sc: 46.6225
eval score is improved from 45.22894 to 46.62251, saving model

epoch: 5
batch training loss: 519.22, 33.03, score: 92.6398, ssr ratio: 0.0000
batch training loss: 588.98, 50.48, score: 31.7402, ssr ratio: 0.0000
batch training loss: 531.87, 51.97, score: 94.6193, ssr ratio: 0.0000
batch training loss: 561.85, 66.01, score: 39.3152, ssr ratio: 0.0000
batch training loss: 542.82, 49.87, score: 97.0210, ssr ratio: 0.0000
batch training loss: 561.36, 47.93, score: 99.4819, ssr ratio: 0.0000
batch training loss: 509.26, 25.86, score: 103.0777, ssr ratio: 0.0000
batch training loss: 545.14, 60.58, score: 19.3332, ssr ratio: 0.0000
batch training loss: 665.79, 112.56, score: -21.9177, ssr ratio: 0.0000
batch training loss: 533.36, 34.79, score: 103.5748, ssr ratio: 0.0000
batch training loss: 494.79, 38.23, score: 86.4242, ssr ratio: 0.0000
batch training loss: 504.02, 64.97, score: 100.7479, ssr ratio: 0.0000
batch training loss: 479.19, 45.24, score: 27.7110, ssr ratio: 0.0000
batch training loss: 643.64, 51.11, score: 82.7746, ssr ratio: 0.0000
tensor([0.9325, 0.8858, 0.8436, 0.8045, 0.7680, 0.7322, 0.7006, 0.6743, 0.6520,
        0.6314, 0.6170, 0.6106, 0.6127, 0.6161, 0.6144, 0.6000, 0.5720, 0.5392,
        0.5163, 0.5073, 0.5032, 0.5028, 0.5045, 0.5066], device='cuda:6')
epoch eval loss:
sst: 592.51, nino: 123.31, sc: 46.0592
Epoch 00005: reducing learning rate of group 0 to 1.0000e-04.
eval score is not improved for 1 epoch

epoch: 6
batch training loss: 545.83, 58.40, score: 40.3534, ssr ratio: 0.0000
batch training loss: 603.15, 46.29, score: 103.0440, ssr ratio: 0.0000
batch training loss: 570.33, 23.44, score: 105.1259, ssr ratio: 0.0000
batch training loss: 545.31, 73.19, score: 101.1246, ssr ratio: 0.0000
batch training loss: 525.14, 44.03, score: 75.5676, ssr ratio: 0.0000
batch training loss: 544.55, 33.90, score: 38.8423, ssr ratio: 0.0000
batch training loss: 559.46, 31.08, score: 104.3272, ssr ratio: 0.0000
batch training loss: 607.67, 46.88, score: 94.9724, ssr ratio: 0.0000
batch training loss: 464.11, 34.78, score: 104.2965, ssr ratio: 0.0000
batch training loss: 547.49, 72.56, score: 97.0211, ssr ratio: 0.0000
batch training loss: 516.08, 53.36, score: 39.5411, ssr ratio: 0.0000
batch training loss: 607.20, 57.88, score: 35.1547, ssr ratio: 0.0000
batch training loss: 550.23, 43.00, score: 100.8660, ssr ratio: 0.0000
batch training loss: 550.77, 43.00, score: 50.3971, ssr ratio: 0.0000
tensor([0.9345, 0.8874, 0.8437, 0.8031, 0.7648, 0.7272, 0.6942, 0.6672, 0.6449,
        0.6244, 0.6100, 0.6037, 0.6063, 0.6102, 0.6090, 0.5950, 0.5677, 0.5356,
        0.5135, 0.5056, 0.5025, 0.5027, 0.5047, 0.5072], device='cuda:6')
epoch eval loss:
sst: 592.10, nino: 124.31, sc: 45.5686
eval score is not improved for 2 epoch

epoch: 7
batch training loss: 479.79, 37.35, score: 88.5945, ssr ratio: 0.0000
batch training loss: 504.18, 42.42, score: 20.8459, ssr ratio: 0.0000
batch training loss: 512.30, 26.98, score: 60.5656, ssr ratio: 0.0000
batch training loss: 532.03, 40.38, score: 47.1629, ssr ratio: 0.0000
batch training loss: 580.94, 41.03, score: 103.7529, ssr ratio: 0.0000
batch training loss: 584.07, 54.85, score: 41.3305, ssr ratio: 0.0000
batch training loss: 558.75, 29.22, score: 104.9184, ssr ratio: 0.0000
batch training loss: 557.02, 54.70, score: 100.4048, ssr ratio: 0.0000
batch training loss: 587.80, 72.95, score: 54.5153, ssr ratio: 0.0000
batch training loss: 505.09, 45.72, score: 86.6291, ssr ratio: 0.0000
batch training loss: 597.20, 52.67, score: 47.2793, ssr ratio: 0.0000
batch training loss: 568.24, 39.60, score: 103.2586, ssr ratio: 0.0000
batch training loss: 510.85, 53.28, score: 101.8653, ssr ratio: 0.0000
batch training loss: 604.58, 27.15, score: 98.8037, ssr ratio: 0.0000
tensor([0.9384, 0.8915, 0.8470, 0.8056, 0.7669, 0.7291, 0.6962, 0.6690, 0.6464,
        0.6259, 0.6121, 0.6071, 0.6110, 0.6160, 0.6153, 0.6014, 0.5735, 0.5405,
        0.5180, 0.5099, 0.5064, 0.5064, 0.5087, 0.5113], device='cuda:6')
epoch eval loss:
sst: 592.13, nino: 123.69, sc: 46.1131
eval score is not improved for 3 epoch

epoch: 8
batch training loss: 563.09, 58.75, score: 71.1448, ssr ratio: 0.0000
batch training loss: 648.12, 51.59, score: 76.0794, ssr ratio: 0.0000
batch training loss: 619.03, 57.59, score: 61.7460, ssr ratio: 0.0000
batch training loss: 540.42, 22.41, score: 90.4241, ssr ratio: 0.0000
batch training loss: 536.74, 27.21, score: -21.8231, ssr ratio: 0.0000
batch training loss: 466.50, 38.33, score: 95.3110, ssr ratio: 0.0000
batch training loss: 576.94, 75.24, score: 47.9370, ssr ratio: 0.0000
batch training loss: 598.99, 81.05, score: 17.0625, ssr ratio: 0.0000
batch training loss: 564.92, 49.62, score: 73.9642, ssr ratio: 0.0000
batch training loss: 601.47, 53.20, score: 67.9567, ssr ratio: 0.0000
batch training loss: 532.72, 20.65, score: 105.9249, ssr ratio: 0.0000
batch training loss: 578.27, 40.14, score: -13.3812, ssr ratio: 0.0000
batch training loss: 460.61, 32.58, score: 99.5712, ssr ratio: 0.0000
batch training loss: 523.35, 48.79, score: 102.8207, ssr ratio: 0.0000
tensor([0.9374, 0.8905, 0.8459, 0.8043, 0.7654, 0.7277, 0.6949, 0.6677, 0.6449,
        0.6242, 0.6102, 0.6049, 0.6085, 0.6133, 0.6123, 0.5982, 0.5703, 0.5374,
        0.5147, 0.5064, 0.5029, 0.5028, 0.5052, 0.5079], device='cuda:6')
epoch eval loss:
sst: 592.33, nino: 123.42, sc: 45.8107
eval score is not improved for 4 epoch

epoch: 9
batch training loss: 600.72, 68.59, score: 81.9481, ssr ratio: 0.0000
batch training loss: 488.85, 36.56, score: 105.0090, ssr ratio: 0.0000
batch training loss: 538.08, 37.32, score: 104.1867, ssr ratio: 0.0000
batch training loss: 612.17, 64.38, score: -20.2783, ssr ratio: 0.0000
batch training loss: 582.69, 43.21, score: 74.0828, ssr ratio: 0.0000
batch training loss: 536.07, 15.26, score: 83.5833, ssr ratio: 0.0000
batch training loss: 527.52, 47.98, score: 98.1277, ssr ratio: 0.0000
batch training loss: 633.91, 55.33, score: 49.8637, ssr ratio: 0.0000
batch training loss: 595.19, 67.18, score: 64.0945, ssr ratio: 0.0000
batch training loss: 554.64, 59.67, score: 101.7797, ssr ratio: 0.0000
batch training loss: 470.86, 34.80, score: 51.1260, ssr ratio: 0.0000
batch training loss: 555.53, 45.59, score: 102.7695, ssr ratio: 0.0000
batch training loss: 575.98, 51.88, score: 101.7479, ssr ratio: 0.0000
batch training loss: 565.91, 55.04, score: 21.1691, ssr ratio: 0.0000
tensor([0.9416, 0.8971, 0.8541, 0.8134, 0.7745, 0.7356, 0.7009, 0.6717, 0.6474,
        0.6259, 0.6119, 0.6068, 0.6105, 0.6155, 0.6147, 0.6003, 0.5715, 0.5376,
        0.5140, 0.5049, 0.5008, 0.5005, 0.5030, 0.5063], device='cuda:6')
epoch eval loss:
sst: 591.76, nino: 123.74, sc: 45.8881
eval score is not improved for 5 epoch

epoch: 10
batch training loss: 529.63, 51.66, score: 100.7057, ssr ratio: 0.0000
batch training loss: 589.03, 56.27, score: 80.4768, ssr ratio: 0.0000
batch training loss: 528.18, 46.33, score: 36.3888, ssr ratio: 0.0000
batch training loss: 613.73, 60.09, score: 100.8498, ssr ratio: 0.0000
batch training loss: 494.79, 22.30, score: 95.0654, ssr ratio: 0.0000
batch training loss: 561.25, 63.43, score: 101.4709, ssr ratio: 0.0000
batch training loss: 538.99, 32.68, score: 100.6652, ssr ratio: 0.0000
batch training loss: 490.18, 28.31, score: 57.6843, ssr ratio: 0.0000
batch training loss: 512.89, 36.34, score: 104.2759, ssr ratio: 0.0000
batch training loss: 581.49, 80.19, score: 74.9596, ssr ratio: 0.0000
batch training loss: 532.52, 56.61, score: 102.4355, ssr ratio: 0.0000
batch training loss: 567.09, 75.27, score: 66.5929, ssr ratio: 0.0000
batch training loss: 505.55, 60.14, score: -41.7223, ssr ratio: 0.0000
batch training loss: 590.92, 81.11, score: 48.3803, ssr ratio: 0.0000
tensor([0.9372, 0.8906, 0.8458, 0.8039, 0.7648, 0.7269, 0.6934, 0.6651, 0.6412,
        0.6197, 0.6052, 0.5992, 0.6019, 0.6063, 0.6056, 0.5923, 0.5654, 0.5332,
        0.5107, 0.5022, 0.4987, 0.4986, 0.5006, 0.5034], device='cuda:6')
epoch eval loss:
sst: 591.07, nino: 124.46, sc: 45.1974
eval score is not improved for 6 epoch

epoch: 11
batch training loss: 513.37, 30.31, score: 87.4357, ssr ratio: 0.0000
batch training loss: 578.20, 88.63, score: 79.7306, ssr ratio: 0.0000
batch training loss: 506.76, 88.56, score: 28.5662, ssr ratio: 0.0000
batch training loss: 533.53, 37.58, score: 92.7672, ssr ratio: 0.0000
batch training loss: 582.16, 40.23, score: 92.0457, ssr ratio: 0.0000
batch training loss: 563.36, 42.15, score: 37.0860, ssr ratio: 0.0000
batch training loss: 522.91, 29.10, score: 104.1568, ssr ratio: 0.0000
batch training loss: 497.45, 79.31, score: 99.8485, ssr ratio: 0.0000
batch training loss: 564.25, 35.90, score: 82.4861, ssr ratio: 0.0000
batch training loss: 534.54, 50.65, score: 101.9603, ssr ratio: 0.0000
batch training loss: 504.02, 57.83, score: 102.3311, ssr ratio: 0.0000
batch training loss: 514.33, 72.76, score: 100.9638, ssr ratio: 0.0000
batch training loss: 591.56, 64.94, score: 25.0483, ssr ratio: 0.0000
batch training loss: 535.98, 57.95, score: 13.2360, ssr ratio: 0.0000
tensor([0.9391, 0.8939, 0.8507, 0.8105, 0.7725, 0.7346, 0.7002, 0.6706, 0.6457,
        0.6240, 0.6097, 0.6044, 0.6079, 0.6135, 0.6139, 0.6013, 0.5745, 0.5418,
        0.5182, 0.5086, 0.5040, 0.5028, 0.5041, 0.5065], device='cuda:6')
epoch eval loss:
sst: 591.35, nino: 123.54, sc: 45.9536
eval score is not improved for 7 epoch

epoch: 12
batch training loss: 630.59, 43.81, score: 80.6747, ssr ratio: 0.0000
batch training loss: 548.89, 40.50, score: 87.2128, ssr ratio: 0.0000
batch training loss: 632.88, 49.30, score: 102.5419, ssr ratio: 0.0000
batch training loss: 565.34, 50.15, score: 56.6838, ssr ratio: 0.0000
batch training loss: 533.48, 48.61, score: 75.6840, ssr ratio: 0.0000
batch training loss: 464.87, 28.95, score: 23.4809, ssr ratio: 0.0000
batch training loss: 605.26, 38.51, score: 101.8682, ssr ratio: 0.0000
batch training loss: 569.84, 79.82, score: -10.7316, ssr ratio: 0.0000
batch training loss: 595.99, 99.63, score: 84.8805, ssr ratio: 0.0000
batch training loss: 523.12, 65.88, score: -18.2092, ssr ratio: 0.0000
batch training loss: 507.38, 33.40, score: 89.6673, ssr ratio: 0.0000
batch training loss: 483.58, 42.18, score: 81.0395, ssr ratio: 0.0000
batch training loss: 612.13, 72.37, score: 78.9605, ssr ratio: 0.0000
batch training loss: 554.99, 45.86, score: 103.5446, ssr ratio: 0.0000
tensor([0.9354, 0.8878, 0.8424, 0.7997, 0.7594, 0.7201, 0.6858, 0.6573, 0.6336,
        0.6127, 0.5987, 0.5935, 0.5975, 0.6031, 0.6028, 0.5892, 0.5611, 0.5275,
        0.5039, 0.4948, 0.4906, 0.4900, 0.4920, 0.4952], device='cuda:6')
epoch eval loss:
sst: 591.90, nino: 124.63, sc: 44.4420
eval score is not improved for 8 epoch

epoch: 13
batch training loss: 558.80, 41.13, score: 92.7158, ssr ratio: 0.0000
batch training loss: 634.80, 33.32, score: 104.6463, ssr ratio: 0.0000
batch training loss: 563.09, 42.17, score: -7.0098, ssr ratio: 0.0000
batch training loss: 560.07, 73.84, score: -8.2346, ssr ratio: 0.0000
batch training loss: 596.23, 48.88, score: 53.6171, ssr ratio: 0.0000
batch training loss: 634.97, 42.58, score: 47.9762, ssr ratio: 0.0000
batch training loss: 519.71, 140.53, score: 84.1440, ssr ratio: 0.0000
batch training loss: 536.52, 46.25, score: -1.2262, ssr ratio: 0.0000
batch training loss: 553.55, 38.71, score: 91.4146, ssr ratio: 0.0000
batch training loss: 563.34, 61.06, score: 85.0075, ssr ratio: 0.0000
batch training loss: 523.95, 34.31, score: 70.2767, ssr ratio: 0.0000
batch training loss: 621.80, 44.25, score: 43.3886, ssr ratio: 0.0000
batch training loss: 533.93, 43.00, score: 20.0223, ssr ratio: 0.0000
batch training loss: 591.33, 67.16, score: -9.3740, ssr ratio: 0.0000
tensor([0.9342, 0.8867, 0.8416, 0.7993, 0.7591, 0.7198, 0.6855, 0.6577, 0.6352,
        0.6154, 0.6023, 0.5973, 0.6010, 0.6060, 0.6050, 0.5912, 0.5642, 0.5324,
        0.5108, 0.5036, 0.5012, 0.5020, 0.5051, 0.5088], device='cuda:6')
epoch eval loss:
sst: 591.70, nino: 124.46, sc: 45.1321
eval score is not improved for 9 epoch

epoch: 14
batch training loss: 497.08, 64.53, score: 98.5354, ssr ratio: 0.0000
batch training loss: 555.53, 81.14, score: 98.2695, ssr ratio: 0.0000
batch training loss: 589.52, 47.44, score: 21.2310, ssr ratio: 0.0000
batch training loss: 486.88, 65.62, score: 57.3785, ssr ratio: 0.0000
batch training loss: 594.45, 57.66, score: 85.0813, ssr ratio: 0.0000
batch training loss: 523.04, 56.28, score: 39.8659, ssr ratio: 0.0000
batch training loss: 559.67, 38.12, score: 101.1354, ssr ratio: 0.0000
batch training loss: 624.44, 62.73, score: 95.7096, ssr ratio: 0.0000
batch training loss: 551.72, 22.64, score: 94.5743, ssr ratio: 0.0000
batch training loss: 531.47, 42.01, score: 86.2712, ssr ratio: 0.0000
batch training loss: 526.91, 24.73, score: 69.1353, ssr ratio: 0.0000
batch training loss: 486.46, 44.55, score: 102.8492, ssr ratio: 0.0000
batch training loss: 554.06, 33.47, score: 103.9190, ssr ratio: 0.0000
batch training loss: 530.96, 70.47, score: 30.3480, ssr ratio: 0.0000
tensor([0.9400, 0.8943, 0.8496, 0.8071, 0.7663, 0.7258, 0.6900, 0.6598, 0.6347,
        0.6133, 0.5999, 0.5956, 0.6000, 0.6055, 0.6048, 0.5907, 0.5625, 0.5296,
        0.5073, 0.4996, 0.4969, 0.4976, 0.5006, 0.5042], device='cuda:6')
epoch eval loss:
sst: 591.13, nino: 124.66, sc: 44.9282
eval score is not improved for 10 epoch

epoch: 15
batch training loss: 558.33, 34.32, score: 98.9416, ssr ratio: 0.0000
batch training loss: 492.90, 47.39, score: 103.6365, ssr ratio: 0.0000
batch training loss: 572.95, 99.31, score: -18.3993, ssr ratio: 0.0000
batch training loss: 561.45, 40.53, score: 20.6070, ssr ratio: 0.0000
batch training loss: 564.33, 54.97, score: -61.4492, ssr ratio: 0.0000
batch training loss: 508.25, 41.00, score: 68.2996, ssr ratio: 0.0000
batch training loss: 662.19, 55.31, score: 49.4816, ssr ratio: 0.0000
batch training loss: 584.66, 26.39, score: 104.6410, ssr ratio: 0.0000
batch training loss: 608.46, 74.48, score: 39.2755, ssr ratio: 0.0000
batch training loss: 553.77, 83.54, score: 87.3659, ssr ratio: 0.0000
batch training loss: 554.69, 72.51, score: 68.5805, ssr ratio: 0.0000
batch training loss: 479.99, 36.00, score: 97.3502, ssr ratio: 0.0000
batch training loss: 558.54, 39.15, score: 25.7476, ssr ratio: 0.0000
batch training loss: 500.28, 54.35, score: 56.7208, ssr ratio: 0.0000
tensor([0.9384, 0.8917, 0.8465, 0.8042, 0.7640, 0.7247, 0.6904, 0.6619, 0.6381,
        0.6168, 0.6027, 0.5983, 0.6033, 0.6099, 0.6104, 0.5975, 0.5700, 0.5368,
        0.5139, 0.5059, 0.5030, 0.5034, 0.5064, 0.5103], device='cuda:6')
epoch eval loss:
sst: 593.03, nino: 123.77, sc: 45.6250
eval score is not improved for 11 epoch

epoch: 16
batch training loss: 490.83, 29.47, score: 93.0640, ssr ratio: 0.0000
batch training loss: 550.19, 47.27, score: 68.0053, ssr ratio: 0.0000
batch training loss: 499.97, 53.82, score: 75.7082, ssr ratio: 0.0000
batch training loss: 529.67, 75.36, score: 48.2995, ssr ratio: 0.0000
batch training loss: 525.01, 68.61, score: 85.8635, ssr ratio: 0.0000
batch training loss: 521.30, 46.20, score: 85.1796, ssr ratio: 0.0000
batch training loss: 579.49, 57.46, score: -40.5305, ssr ratio: 0.0000
batch training loss: 494.66, 37.59, score: 86.9319, ssr ratio: 0.0000
batch training loss: 528.29, 53.16, score: 98.9778, ssr ratio: 0.0000
batch training loss: 543.97, 22.73, score: 74.2813, ssr ratio: 0.0000
batch training loss: 533.18, 36.63, score: 71.7009, ssr ratio: 0.0000
batch training loss: 620.48, 36.73, score: 65.9839, ssr ratio: 0.0000
batch training loss: 596.79, 52.65, score: 64.2835, ssr ratio: 0.0000
batch training loss: 527.66, 42.26, score: 89.1626, ssr ratio: 0.0000
tensor([0.9402, 0.8944, 0.8500, 0.8083, 0.7687, 0.7296, 0.6950, 0.6657, 0.6410,
        0.6192, 0.6053, 0.6007, 0.6050, 0.6107, 0.6108, 0.5975, 0.5697, 0.5363,
        0.5131, 0.5047, 0.5014, 0.5015, 0.5037, 0.5065], device='cuda:6')
epoch eval loss:
sst: 591.66, nino: 124.17, sc: 45.5369
eval score is not improved for 12 epoch

epoch: 17
batch training loss: 518.59, 30.92, score: 103.4429, ssr ratio: 0.0000
batch training loss: 613.20, 58.09, score: 13.7691, ssr ratio: 0.0000
batch training loss: 597.46, 60.06, score: 33.2958, ssr ratio: 0.0000
batch training loss: 636.49, 57.60, score: 70.4571, ssr ratio: 0.0000
batch training loss: 511.15, 62.28, score: 23.6412, ssr ratio: 0.0000
batch training loss: 505.99, 57.67, score: 102.4520, ssr ratio: 0.0000
batch training loss: 533.66, 67.33, score: 65.2594, ssr ratio: 0.0000
batch training loss: 619.57, 65.41, score: 89.9625, ssr ratio: 0.0000
batch training loss: 531.01, 61.64, score: -4.8467, ssr ratio: 0.0000
batch training loss: 489.41, 45.06, score: 102.2484, ssr ratio: 0.0000
batch training loss: 554.79, 50.53, score: 102.7436, ssr ratio: 0.0000
batch training loss: 687.74, 184.73, score: -94.4778, ssr ratio: 0.0000
batch training loss: 494.56, 29.67, score: 53.3647, ssr ratio: 0.0000
batch training loss: 577.06, 37.48, score: 103.7852, ssr ratio: 0.0000
tensor([0.9417, 0.8978, 0.8556, 0.8163, 0.7783, 0.7398, 0.7045, 0.6737, 0.6481,
        0.6263, 0.6131, 0.6093, 0.6142, 0.6199, 0.6193, 0.6057, 0.5784, 0.5458,
        0.5232, 0.5147, 0.5107, 0.5100, 0.5119, 0.5143], device='cuda:6')
epoch eval loss:
sst: 592.77, nino: 123.19, sc: 46.7114
eval score is improved from 46.62251 to 46.71141, saving model

epoch: 18
batch training loss: 535.57, 44.30, score: 39.6523, ssr ratio: 0.0000
batch training loss: 589.73, 43.68, score: 59.5089, ssr ratio: 0.0000
batch training loss: 561.80, 25.44, score: 38.5143, ssr ratio: 0.0000
batch training loss: 515.23, 58.54, score: -101.4765, ssr ratio: 0.0000
batch training loss: 542.76, 57.30, score: 62.2899, ssr ratio: 0.0000
batch training loss: 526.34, 46.49, score: 76.7737, ssr ratio: 0.0000
batch training loss: 501.03, 65.45, score: 12.0465, ssr ratio: 0.0000
batch training loss: 530.25, 38.13, score: 81.3245, ssr ratio: 0.0000
batch training loss: 566.24, 38.54, score: 97.4323, ssr ratio: 0.0000
batch training loss: 607.84, 54.02, score: 86.6689, ssr ratio: 0.0000
batch training loss: 571.28, 46.14, score: 103.0316, ssr ratio: 0.0000
batch training loss: 554.83, 55.89, score: 100.5224, ssr ratio: 0.0000
batch training loss: 572.44, 42.47, score: 103.8681, ssr ratio: 0.0000
batch training loss: 523.61, 45.13, score: 104.0559, ssr ratio: 0.0000
tensor([0.9420, 0.8982, 0.8556, 0.8157, 0.7776, 0.7397, 0.7060, 0.6772, 0.6527,
        0.6307, 0.6164, 0.6119, 0.6166, 0.6225, 0.6221, 0.6079, 0.5790, 0.5445,
        0.5204, 0.5111, 0.5068, 0.5059, 0.5076, 0.5102], device='cuda:6')
epoch eval loss:
sst: 592.86, nino: 123.71, sc: 46.5580
eval score is not improved for 1 epoch

epoch: 19
batch training loss: 521.60, 49.12, score: 82.1389, ssr ratio: 0.0000
batch training loss: 489.71, 52.28, score: 92.0642, ssr ratio: 0.0000
batch training loss: 532.14, 54.57, score: 74.7959, ssr ratio: 0.0000
batch training loss: 588.70, 103.78, score: 96.0285, ssr ratio: 0.0000
batch training loss: 483.96, 57.21, score: 45.9947, ssr ratio: 0.0000
batch training loss: 628.20, 33.03, score: 91.5612, ssr ratio: 0.0000
batch training loss: 569.96, 85.23, score: 41.2782, ssr ratio: 0.0000
batch training loss: 592.87, 50.15, score: 74.6390, ssr ratio: 0.0000
batch training loss: 541.18, 77.04, score: 29.3855, ssr ratio: 0.0000
batch training loss: 517.74, 56.39, score: 43.1343, ssr ratio: 0.0000
batch training loss: 558.78, 46.65, score: 102.4667, ssr ratio: 0.0000
batch training loss: 466.14, 51.79, score: 100.6070, ssr ratio: 0.0000
batch training loss: 616.36, 37.11, score: 103.7439, ssr ratio: 0.0000
batch training loss: 531.17, 43.61, score: 66.1480, ssr ratio: 0.0000
tensor([0.9401, 0.8951, 0.8516, 0.8112, 0.7735, 0.7360, 0.7022, 0.6734, 0.6493,
        0.6282, 0.6147, 0.6109, 0.6163, 0.6230, 0.6229, 0.6087, 0.5792, 0.5437,
        0.5187, 0.5087, 0.5036, 0.5020, 0.5032, 0.5051], device='cuda:6')
epoch eval loss:
sst: 591.56, nino: 123.89, sc: 46.2627
eval score is not improved for 2 epoch

epoch: 20
batch training loss: 568.77, 58.28, score: 62.1203, ssr ratio: 0.0000
batch training loss: 502.00, 57.20, score: -27.2350, ssr ratio: 0.0000
batch training loss: 632.71, 41.80, score: 103.0540, ssr ratio: 0.0000
batch training loss: 512.06, 58.53, score: 93.2803, ssr ratio: 0.0000
batch training loss: 510.73, 43.99, score: 97.0445, ssr ratio: 0.0000
batch training loss: 454.78, 31.76, score: 48.6558, ssr ratio: 0.0000
batch training loss: 500.59, 55.44, score: 91.8148, ssr ratio: 0.0000
batch training loss: 525.62, 83.95, score: -0.5868, ssr ratio: 0.0000
batch training loss: 515.67, 58.80, score: 17.8656, ssr ratio: 0.0000
batch training loss: 519.44, 48.61, score: 64.7049, ssr ratio: 0.0000
batch training loss: 559.69, 90.86, score: 84.1170, ssr ratio: 0.0000
batch training loss: 553.44, 42.84, score: 80.2669, ssr ratio: 0.0000
batch training loss: 540.01, 44.49, score: 75.0067, ssr ratio: 0.0000
batch training loss: 537.11, 39.40, score: 101.0404, ssr ratio: 0.0000
tensor([0.9419, 0.8976, 0.8550, 0.8154, 0.7780, 0.7409, 0.7074, 0.6784, 0.6537,
        0.6314, 0.6165, 0.6112, 0.6154, 0.6209, 0.6205, 0.6070, 0.5794, 0.5465,
        0.5238, 0.5155, 0.5120, 0.5117, 0.5136, 0.5160], device='cuda:6')
epoch eval loss:
sst: 592.74, nino: 122.62, sc: 46.9437
eval score is improved from 46.71141 to 46.94369, saving model

epoch: 21
batch training loss: 470.05, 46.52, score: 103.2951, ssr ratio: 0.0000
batch training loss: 542.64, 38.14, score: 91.5174, ssr ratio: 0.0000
batch training loss: 515.69, 64.91, score: -31.5954, ssr ratio: 0.0000
batch training loss: 488.07, 42.48, score: 98.2188, ssr ratio: 0.0000
batch training loss: 556.26, 117.63, score: 64.5570, ssr ratio: 0.0000
batch training loss: 508.12, 55.69, score: 87.4050, ssr ratio: 0.0000
batch training loss: 500.57, 44.71, score: 102.0632, ssr ratio: 0.0000
batch training loss: 561.96, 52.90, score: 90.7084, ssr ratio: 0.0000
batch training loss: 488.51, 36.41, score: 92.0430, ssr ratio: 0.0000
batch training loss: 562.67, 43.60, score: 19.4183, ssr ratio: 0.0000
batch training loss: 494.18, 53.43, score: 101.2544, ssr ratio: 0.0000
batch training loss: 580.57, 57.78, score: 8.8504, ssr ratio: 0.0000
batch training loss: 475.71, 36.55, score: 42.3490, ssr ratio: 0.0000
batch training loss: 547.26, 94.02, score: -3.7859, ssr ratio: 0.0000
tensor([0.9402, 0.8945, 0.8501, 0.8084, 0.7686, 0.7289, 0.6934, 0.6635, 0.6390,
        0.6180, 0.6048, 0.6010, 0.6062, 0.6125, 0.6125, 0.5992, 0.5719, 0.5395,
        0.5176, 0.5101, 0.5070, 0.5065, 0.5078, 0.5096], device='cuda:6')
epoch eval loss:
sst: 591.68, nino: 123.50, sc: 45.8884
eval score is not improved for 1 epoch

epoch: 22
batch training loss: 538.40, 44.12, score: 75.9860, ssr ratio: 0.0000
batch training loss: 516.68, 54.73, score: 90.6891, ssr ratio: 0.0000
batch training loss: 613.87, 96.77, score: -14.3983, ssr ratio: 0.0000
batch training loss: 581.16, 36.10, score: 100.5152, ssr ratio: 0.0000
batch training loss: 597.11, 84.24, score: 82.7392, ssr ratio: 0.0000
batch training loss: 538.41, 51.57, score: 101.7076, ssr ratio: 0.0000
batch training loss: 597.56, 57.58, score: 2.6384, ssr ratio: 0.0000
batch training loss: 611.99, 46.66, score: 78.3431, ssr ratio: 0.0000
batch training loss: 585.53, 135.87, score: -37.1042, ssr ratio: 0.0000
batch training loss: 623.32, 31.78, score: 97.7974, ssr ratio: 0.0000
batch training loss: 508.17, 29.82, score: 105.4128, ssr ratio: 0.0000
batch training loss: 611.64, 44.21, score: 10.0230, ssr ratio: 0.0000
batch training loss: 479.33, 56.79, score: 35.4333, ssr ratio: 0.0000
batch training loss: 532.21, 50.82, score: 53.3662, ssr ratio: 0.0000
tensor([0.9399, 0.8947, 0.8518, 0.8124, 0.7748, 0.7369, 0.7024, 0.6729, 0.6484,
        0.6273, 0.6139, 0.6094, 0.6136, 0.6193, 0.6193, 0.6064, 0.5792, 0.5461,
        0.5232, 0.5150, 0.5118, 0.5117, 0.5138, 0.5160], device='cuda:6')
epoch eval loss:
sst: 590.85, nino: 122.86, sc: 46.7303
eval score is not improved for 2 epoch

epoch: 23
batch training loss: 484.45, 57.11, score: 69.0495, ssr ratio: 0.0000
batch training loss: 521.36, 85.57, score: 74.7112, ssr ratio: 0.0000
batch training loss: 539.43, 44.17, score: 80.6662, ssr ratio: 0.0000
batch training loss: 565.95, 42.12, score: 68.1263, ssr ratio: 0.0000
batch training loss: 554.16, 36.41, score: 89.6679, ssr ratio: 0.0000
batch training loss: 520.01, 30.26, score: 99.0475, ssr ratio: 0.0000
batch training loss: 540.54, 54.61, score: 91.5179, ssr ratio: 0.0000
batch training loss: 592.39, 68.74, score: -29.5318, ssr ratio: 0.0000
batch training loss: 562.36, 70.01, score: 93.7763, ssr ratio: 0.0000
batch training loss: 500.85, 23.66, score: 16.6642, ssr ratio: 0.0000
batch training loss: 548.07, 41.30, score: 61.5951, ssr ratio: 0.0000
batch training loss: 625.37, 120.26, score: 46.9143, ssr ratio: 0.0000
batch training loss: 565.34, 97.58, score: 73.8449, ssr ratio: 0.0000
batch training loss: 527.00, 87.52, score: 92.6561, ssr ratio: 0.0000
tensor([0.9412, 0.8967, 0.8536, 0.8137, 0.7759, 0.7375, 0.7027, 0.6727, 0.6474,
        0.6250, 0.6107, 0.6062, 0.6106, 0.6166, 0.6171, 0.6042, 0.5768, 0.5441,
        0.5218, 0.5137, 0.5104, 0.5104, 0.5125, 0.5150], device='cuda:6')
epoch eval loss:
sst: 594.18, nino: 123.14, sc: 46.5612
eval score is not improved for 3 epoch

epoch: 24
batch training loss: 619.66, 67.90, score: 94.1071, ssr ratio: 0.0000
batch training loss: 660.18, 50.81, score: 35.3318, ssr ratio: 0.0000
batch training loss: 555.84, 56.98, score: 85.5524, ssr ratio: 0.0000
batch training loss: 591.24, 45.86, score: 19.7897, ssr ratio: 0.0000
batch training loss: 544.20, 46.66, score: 63.1181, ssr ratio: 0.0000
batch training loss: 568.38, 69.49, score: 100.5162, ssr ratio: 0.0000
batch training loss: 616.17, 50.46, score: 90.8925, ssr ratio: 0.0000
batch training loss: 636.18, 87.14, score: 77.3336, ssr ratio: 0.0000
batch training loss: 565.72, 39.33, score: 70.4243, ssr ratio: 0.0000
batch training loss: 503.55, 40.53, score: 102.9663, ssr ratio: 0.0000
batch training loss: 466.49, 36.29, score: 70.9222, ssr ratio: 0.0000
batch training loss: 533.57, 28.82, score: 104.0627, ssr ratio: 0.0000
batch training loss: 552.65, 29.52, score: 31.4273, ssr ratio: 0.0000
batch training loss: 589.05, 51.21, score: 91.4672, ssr ratio: 0.0000
tensor([0.9404, 0.8952, 0.8518, 0.8122, 0.7749, 0.7375, 0.7036, 0.6744, 0.6488,
        0.6256, 0.6104, 0.6053, 0.6094, 0.6149, 0.6149, 0.6021, 0.5753, 0.5427,
        0.5202, 0.5122, 0.5094, 0.5099, 0.5126, 0.5154], device='cuda:6')
epoch eval loss:
sst: 592.89, nino: 123.27, sc: 46.4936
eval score is not improved for 4 epoch

epoch: 25
batch training loss: 551.02, 34.72, score: 64.9961, ssr ratio: 0.0000
batch training loss: 542.16, 55.71, score: 64.5593, ssr ratio: 0.0000
batch training loss: 557.97, 77.53, score: 55.9711, ssr ratio: 0.0000
batch training loss: 561.37, 78.90, score: 78.1338, ssr ratio: 0.0000
batch training loss: 554.01, 25.13, score: 104.7740, ssr ratio: 0.0000
batch training loss: 572.35, 43.77, score: 46.0967, ssr ratio: 0.0000
batch training loss: 474.64, 43.84, score: 93.3179, ssr ratio: 0.0000
batch training loss: 564.42, 78.84, score: 87.2978, ssr ratio: 0.0000
batch training loss: 570.08, 62.64, score: 67.8614, ssr ratio: 0.0000
batch training loss: 537.32, 35.95, score: 100.9900, ssr ratio: 0.0000
batch training loss: 566.38, 57.66, score: 51.6839, ssr ratio: 0.0000
batch training loss: 541.25, 32.22, score: 92.9048, ssr ratio: 0.0000
batch training loss: 570.27, 74.59, score: 100.0920, ssr ratio: 0.0000
batch training loss: 607.69, 54.30, score: 102.8313, ssr ratio: 0.0000
tensor([0.9396, 0.8944, 0.8511, 0.8108, 0.7724, 0.7335, 0.6978, 0.6672, 0.6415,
        0.6197, 0.6064, 0.6036, 0.6101, 0.6181, 0.6194, 0.6069, 0.5793, 0.5458,
        0.5222, 0.5131, 0.5088, 0.5079, 0.5095, 0.5123], device='cuda:6')
epoch eval loss:
sst: 591.13, nino: 122.95, sc: 46.4328
eval score is not improved for 5 epoch

epoch: 26
batch training loss: 530.75, 45.44, score: 75.1805, ssr ratio: 0.0000
batch training loss: 579.33, 54.81, score: 45.9242, ssr ratio: 0.0000
batch training loss: 609.64, 107.95, score: -7.7564, ssr ratio: 0.0000
batch training loss: 480.07, 38.03, score: 103.7616, ssr ratio: 0.0000
batch training loss: 480.32, 58.88, score: 100.1598, ssr ratio: 0.0000
batch training loss: 619.93, 43.34, score: 95.4968, ssr ratio: 0.0000
batch training loss: 622.86, 31.83, score: 93.3026, ssr ratio: 0.0000
batch training loss: 518.90, 39.79, score: 30.8143, ssr ratio: 0.0000
batch training loss: 547.30, 72.98, score: 98.4897, ssr ratio: 0.0000
batch training loss: 559.66, 31.53, score: 81.7171, ssr ratio: 0.0000
batch training loss: 554.46, 35.26, score: 44.0278, ssr ratio: 0.0000
batch training loss: 576.96, 39.46, score: 102.4667, ssr ratio: 0.0000
batch training loss: 475.19, 49.96, score: 58.9690, ssr ratio: 0.0000
batch training loss: 568.77, 59.76, score: 88.9212, ssr ratio: 0.0000
tensor([0.9364, 0.8897, 0.8451, 0.8039, 0.7637, 0.7225, 0.6843, 0.6509, 0.6219,
        0.5968, 0.5819, 0.5787, 0.5856, 0.5942, 0.5961, 0.5835, 0.5553, 0.5213,
        0.4974, 0.4883, 0.4842, 0.4829, 0.4835, 0.4851], device='cuda:6')
epoch eval loss:
sst: 590.99, nino: 125.41, sc: 43.5134
eval score is not improved for 6 epoch

epoch: 27
batch training loss: 526.08, 72.16, score: 81.7999, ssr ratio: 0.0000
batch training loss: 497.79, 50.40, score: 88.5628, ssr ratio: 0.0000
batch training loss: 475.48, 33.93, score: 93.9656, ssr ratio: 0.0000
batch training loss: 467.62, 42.17, score: 72.7168, ssr ratio: 0.0000
batch training loss: 537.69, 65.65, score: 73.8996, ssr ratio: 0.0000
batch training loss: 550.22, 86.97, score: 97.5342, ssr ratio: 0.0000
batch training loss: 573.38, 53.51, score: -4.5223, ssr ratio: 0.0000
batch training loss: 525.52, 60.80, score: 70.0339, ssr ratio: 0.0000
batch training loss: 615.29, 93.57, score: 65.4047, ssr ratio: 0.0000
batch training loss: 488.10, 42.86, score: 80.9013, ssr ratio: 0.0000
batch training loss: 590.74, 68.26, score: 4.4190, ssr ratio: 0.0000
batch training loss: 549.24, 60.97, score: 61.3347, ssr ratio: 0.0000
batch training loss: 572.73, 71.99, score: 94.8393, ssr ratio: 0.0000
batch training loss: 639.34, 50.04, score: 2.6673, ssr ratio: 0.0000
tensor([0.9392, 0.8930, 0.8491, 0.8095, 0.7718, 0.7331, 0.6981, 0.6686, 0.6436,
        0.6209, 0.6057, 0.6002, 0.6044, 0.6110, 0.6121, 0.5998, 0.5725, 0.5394,
        0.5162, 0.5072, 0.5025, 0.5008, 0.5017, 0.5033], device='cuda:6')
epoch eval loss:
sst: 591.70, nino: 123.76, sc: 45.6762
eval score is not improved for 7 epoch

epoch: 28
batch training loss: 517.53, 23.85, score: 90.2696, ssr ratio: 0.0000
batch training loss: 561.48, 74.21, score: -24.1220, ssr ratio: 0.0000
batch training loss: 550.23, 55.71, score: 102.8502, ssr ratio: 0.0000
batch training loss: 631.57, 37.72, score: 12.2373, ssr ratio: 0.0000
batch training loss: 646.39, 123.93, score: -35.9395, ssr ratio: 0.0000
batch training loss: 569.47, 116.07, score: 62.3040, ssr ratio: 0.0000
batch training loss: 605.61, 50.48, score: 86.1225, ssr ratio: 0.0000
batch training loss: 577.62, 96.94, score: 86.0792, ssr ratio: 0.0000
batch training loss: 500.97, 64.79, score: 55.1802, ssr ratio: 0.0000
batch training loss: 527.04, 93.47, score: 81.6862, ssr ratio: 0.0000
batch training loss: 593.20, 56.64, score: 18.5408, ssr ratio: 0.0000
batch training loss: 535.12, 47.16, score: 96.6590, ssr ratio: 0.0000
batch training loss: 590.47, 70.41, score: 55.6952, ssr ratio: 0.0000
batch training loss: 607.26, 29.97, score: 92.5717, ssr ratio: 0.0000
tensor([0.9396, 0.8928, 0.8476, 0.8066, 0.7679, 0.7292, 0.6945, 0.6653, 0.6401,
        0.6178, 0.6042, 0.6009, 0.6067, 0.6138, 0.6144, 0.6017, 0.5744, 0.5417,
        0.5195, 0.5118, 0.5086, 0.5081, 0.5099, 0.5120], device='cuda:6')
epoch eval loss:
sst: 593.11, nino: 123.14, sc: 46.1263
eval score is not improved for 8 epoch

epoch: 29
batch training loss: 563.60, 52.02, score: 54.3146, ssr ratio: 0.0000
batch training loss: 510.19, 30.81, score: 86.4666, ssr ratio: 0.0000
batch training loss: 495.55, 63.98, score: 5.8422, ssr ratio: 0.0000
batch training loss: 549.58, 60.77, score: 58.4353, ssr ratio: 0.0000
batch training loss: 538.73, 85.51, score: 17.7130, ssr ratio: 0.0000
batch training loss: 602.53, 68.24, score: 40.2746, ssr ratio: 0.0000
batch training loss: 485.50, 33.06, score: 83.5576, ssr ratio: 0.0000
batch training loss: 533.29, 137.99, score: -90.8471, ssr ratio: 0.0000
batch training loss: 591.21, 35.07, score: 74.8021, ssr ratio: 0.0000
batch training loss: 489.72, 36.69, score: 101.7647, ssr ratio: 0.0000
batch training loss: 512.76, 40.10, score: 54.1501, ssr ratio: 0.0000
batch training loss: 519.35, 74.30, score: 73.7736, ssr ratio: 0.0000
batch training loss: 551.16, 56.62, score: 101.6746, ssr ratio: 0.0000
batch training loss: 480.41, 48.05, score: 97.1257, ssr ratio: 0.0000
tensor([0.9353, 0.8870, 0.8412, 0.7993, 0.7591, 0.7190, 0.6839, 0.6555, 0.6323,
        0.6118, 0.5988, 0.5952, 0.6006, 0.6074, 0.6080, 0.5957, 0.5698, 0.5385,
        0.5168, 0.5090, 0.5057, 0.5056, 0.5080, 0.5111], device='cuda:6')
epoch eval loss:
sst: 591.55, nino: 124.12, sc: 45.4453
eval score is not improved for 9 epoch

epoch: 30
batch training loss: 599.49, 36.13, score: 94.3703, ssr ratio: 0.0000
batch training loss: 532.27, 73.10, score: 75.6527, ssr ratio: 0.0000
batch training loss: 482.47, 63.62, score: 88.6150, ssr ratio: 0.0000
batch training loss: 553.74, 33.57, score: 104.1305, ssr ratio: 0.0000
batch training loss: 568.56, 59.32, score: 66.4340, ssr ratio: 0.0000
batch training loss: 617.16, 25.58, score: 83.3748, ssr ratio: 0.0000
batch training loss: 494.35, 48.34, score: 102.4593, ssr ratio: 0.0000
batch training loss: 508.21, 41.31, score: 20.4590, ssr ratio: 0.0000
batch training loss: 607.91, 71.38, score: 2.5821, ssr ratio: 0.0000
batch training loss: 554.06, 37.34, score: 23.1435, ssr ratio: 0.0000
batch training loss: 568.78, 50.82, score: 46.4304, ssr ratio: 0.0000
batch training loss: 584.40, 49.55, score: 102.6521, ssr ratio: 0.0000
batch training loss: 502.06, 26.91, score: 99.2555, ssr ratio: 0.0000
batch training loss: 595.09, 73.06, score: 31.0875, ssr ratio: 0.0000
tensor([0.9399, 0.8942, 0.8504, 0.8106, 0.7724, 0.7328, 0.6968, 0.6663, 0.6400,
        0.6168, 0.6020, 0.5974, 0.6018, 0.6078, 0.6082, 0.5960, 0.5698, 0.5376,
        0.5150, 0.5068, 0.5034, 0.5029, 0.5044, 0.5066], device='cuda:6')
epoch eval loss:
sst: 592.51, nino: 123.52, sc: 45.6541
eval score is not improved for 10 epoch

epoch: 31
batch training loss: 578.91, 56.51, score: -4.5318, ssr ratio: 0.0000
batch training loss: 608.72, 36.26, score: 96.7508, ssr ratio: 0.0000
batch training loss: 589.85, 71.31, score: 66.0145, ssr ratio: 0.0000
batch training loss: 586.43, 72.64, score: 56.8697, ssr ratio: 0.0000
batch training loss: 515.22, 57.14, score: 101.0819, ssr ratio: 0.0000
batch training loss: 584.71, 45.59, score: 96.7823, ssr ratio: 0.0000
batch training loss: 525.87, 65.51, score: 83.6749, ssr ratio: 0.0000
batch training loss: 626.57, 83.42, score: 63.5581, ssr ratio: 0.0000
batch training loss: 537.03, 29.73, score: 104.9294, ssr ratio: 0.0000
batch training loss: 500.50, 78.61, score: 100.3294, ssr ratio: 0.0000
batch training loss: 630.53, 37.16, score: 103.3094, ssr ratio: 0.0000
batch training loss: 534.63, 48.25, score: -11.4011, ssr ratio: 0.0000
batch training loss: 465.17, 54.55, score: 63.6870, ssr ratio: 0.0000
batch training loss: 550.65, 28.43, score: 100.8971, ssr ratio: 0.0000
tensor([0.9398, 0.8941, 0.8500, 0.8097, 0.7710, 0.7310, 0.6949, 0.6649, 0.6395,
        0.6177, 0.6048, 0.6017, 0.6066, 0.6123, 0.6121, 0.5995, 0.5732, 0.5411,
        0.5187, 0.5106, 0.5077, 0.5081, 0.5109, 0.5140], device='cuda:6')
epoch eval loss:
sst: 591.71, nino: 123.51, sc: 46.0139
eval score is not improved for 11 epoch

epoch: 32
batch training loss: 658.18, 37.83, score: 58.3227, ssr ratio: 0.0000
batch training loss: 560.29, 52.01, score: 97.9233, ssr ratio: 0.0000
batch training loss: 547.47, 40.21, score: 87.4420, ssr ratio: 0.0000
batch training loss: 555.55, 46.89, score: 97.0916, ssr ratio: 0.0000
batch training loss: 572.80, 59.64, score: 87.9192, ssr ratio: 0.0000
batch training loss: 551.00, 60.25, score: -10.2213, ssr ratio: 0.0000
batch training loss: 566.71, 42.43, score: 103.2732, ssr ratio: 0.0000
batch training loss: 517.61, 107.92, score: 97.5492, ssr ratio: 0.0000
batch training loss: 512.71, 51.45, score: 101.0507, ssr ratio: 0.0000
batch training loss: 569.50, 40.08, score: 62.5305, ssr ratio: 0.0000
batch training loss: 584.26, 37.83, score: 103.3346, ssr ratio: 0.0000
batch training loss: 574.20, 22.35, score: 105.9961, ssr ratio: 0.0000
batch training loss: 526.95, 26.88, score: 87.6213, ssr ratio: 0.0000
batch training loss: 486.64, 29.32, score: 50.9638, ssr ratio: 0.0000
tensor([0.9414, 0.8978, 0.8565, 0.8194, 0.7833, 0.7438, 0.7059, 0.6729, 0.6452,
        0.6222, 0.6094, 0.6070, 0.6122, 0.6177, 0.6163, 0.6017, 0.5739, 0.5411,
        0.5180, 0.5090, 0.5052, 0.5049, 0.5072, 0.5096], device='cuda:6')
epoch eval loss:
sst: 591.24, nino: 123.79, sc: 46.1692
eval score is not improved for 12 epoch

epoch: 33
batch training loss: 614.04, 64.20, score: 16.6206, ssr ratio: 0.0000
batch training loss: 621.78, 48.17, score: 91.4754, ssr ratio: 0.0000
batch training loss: 588.04, 44.97, score: 101.4244, ssr ratio: 0.0000
batch training loss: 526.18, 90.36, score: 58.9155, ssr ratio: 0.0000
batch training loss: 582.68, 39.54, score: 103.3280, ssr ratio: 0.0000
batch training loss: 484.16, 71.15, score: 75.5685, ssr ratio: 0.0000
batch training loss: 512.84, 53.03, score: 68.9656, ssr ratio: 0.0000
batch training loss: 481.64, 59.25, score: 70.3048, ssr ratio: 0.0000
batch training loss: 590.88, 65.01, score: -21.1918, ssr ratio: 0.0000
batch training loss: 492.82, 53.76, score: 50.6211, ssr ratio: 0.0000
batch training loss: 592.43, 47.82, score: 102.0896, ssr ratio: 0.0000
batch training loss: 515.86, 50.95, score: 85.7009, ssr ratio: 0.0000
batch training loss: 548.39, 30.44, score: 82.9122, ssr ratio: 0.0000
batch training loss: 534.60, 70.99, score: 29.4759, ssr ratio: 0.0000
tensor([0.9383, 0.8939, 0.8531, 0.8169, 0.7823, 0.7458, 0.7123, 0.6835, 0.6584,
        0.6354, 0.6199, 0.6140, 0.6165, 0.6210, 0.6204, 0.6079, 0.5821, 0.5507,
        0.5276, 0.5174, 0.5113, 0.5080, 0.5065, 0.5054], device='cuda:6')
epoch eval loss:
sst: 591.34, nino: 123.10, sc: 46.8750
eval score is not improved for 13 epoch

epoch: 34
batch training loss: 517.86, 46.40, score: 55.5982, ssr ratio: 0.0000
batch training loss: 548.20, 43.28, score: 81.8597, ssr ratio: 0.0000
batch training loss: 568.38, 37.95, score: 98.0585, ssr ratio: 0.0000
batch training loss: 522.02, 37.83, score: 103.5209, ssr ratio: 0.0000
batch training loss: 548.85, 68.01, score: 67.1945, ssr ratio: 0.0000
batch training loss: 647.76, 69.90, score: 86.9624, ssr ratio: 0.0000
batch training loss: 487.18, 29.89, score: 104.9226, ssr ratio: 0.0000
batch training loss: 564.33, 60.99, score: 88.5259, ssr ratio: 0.0000
batch training loss: 555.85, 63.74, score: -29.8393, ssr ratio: 0.0000
batch training loss: 585.73, 50.19, score: 100.8602, ssr ratio: 0.0000
batch training loss: 514.57, 48.48, score: 96.6668, ssr ratio: 0.0000
batch training loss: 513.92, 48.96, score: 36.0977, ssr ratio: 0.0000
batch training loss: 575.97, 40.58, score: 80.1114, ssr ratio: 0.0000
batch training loss: 487.67, 40.19, score: 104.5483, ssr ratio: 0.0000
tensor([0.9403, 0.8956, 0.8538, 0.8167, 0.7812, 0.7440, 0.7102, 0.6815, 0.6564,
        0.6334, 0.6183, 0.6131, 0.6168, 0.6220, 0.6218, 0.6093, 0.5824, 0.5490,
        0.5251, 0.5158, 0.5116, 0.5105, 0.5114, 0.5125], device='cuda:6')
epoch eval loss:
sst: 594.31, nino: 122.72, sc: 47.0497
eval score is improved from 46.94369 to 47.04968, saving model

epoch: 35
batch training loss: 565.34, 104.41, score: -20.5362, ssr ratio: 0.0000
batch training loss: 545.30, 31.02, score: 92.2441, ssr ratio: 0.0000
batch training loss: 577.00, 66.82, score: 79.7984, ssr ratio: 0.0000
batch training loss: 577.23, 55.31, score: 30.4894, ssr ratio: 0.0000
batch training loss: 540.15, 53.56, score: 52.4939, ssr ratio: 0.0000
batch training loss: 568.34, 57.69, score: 101.6594, ssr ratio: 0.0000
batch training loss: 513.60, 58.13, score: 57.4961, ssr ratio: 0.0000
batch training loss: 555.45, 32.54, score: 77.7348, ssr ratio: 0.0000
batch training loss: 537.75, 53.17, score: 91.3495, ssr ratio: 0.0000
batch training loss: 620.66, 35.76, score: 89.3571, ssr ratio: 0.0000
batch training loss: 544.05, 57.34, score: 89.8301, ssr ratio: 0.0000
batch training loss: 559.36, 45.03, score: 102.8819, ssr ratio: 0.0000
batch training loss: 528.26, 35.91, score: 43.5495, ssr ratio: 0.0000
batch training loss: 546.15, 63.43, score: 101.0681, ssr ratio: 0.0000
tensor([0.9394, 0.8936, 0.8499, 0.8099, 0.7720, 0.7336, 0.6995, 0.6703, 0.6447,
        0.6224, 0.6092, 0.6063, 0.6113, 0.6161, 0.6146, 0.6012, 0.5747, 0.5430,
        0.5210, 0.5131, 0.5101, 0.5104, 0.5128, 0.5146], device='cuda:6')
epoch eval loss:
sst: 594.04, nino: 123.45, sc: 46.3611
eval score is not improved for 1 epoch

epoch: 36
batch training loss: 543.91, 62.10, score: 100.5414, ssr ratio: 0.0000
batch training loss: 538.19, 37.12, score: 99.1789, ssr ratio: 0.0000
batch training loss: 488.31, 32.22, score: 89.3673, ssr ratio: 0.0000
batch training loss: 570.82, 57.80, score: -36.5485, ssr ratio: 0.0000
batch training loss: 563.16, 87.57, score: -5.5535, ssr ratio: 0.0000
batch training loss: 563.74, 63.86, score: 84.2197, ssr ratio: 0.0000
batch training loss: 528.93, 35.61, score: 98.7581, ssr ratio: 0.0000
batch training loss: 598.43, 44.53, score: 45.6003, ssr ratio: 0.0000
batch training loss: 455.56, 39.23, score: 93.2722, ssr ratio: 0.0000
batch training loss: 542.78, 77.35, score: 88.5835, ssr ratio: 0.0000
batch training loss: 556.37, 34.49, score: 97.8173, ssr ratio: 0.0000
batch training loss: 537.91, 62.73, score: 87.2449, ssr ratio: 0.0000
batch training loss: 577.45, 104.59, score: 74.9773, ssr ratio: 0.0000
batch training loss: 592.86, 65.25, score: 66.0942, ssr ratio: 0.0000
tensor([0.9421, 0.8987, 0.8579, 0.8214, 0.7866, 0.7499, 0.7158, 0.6864, 0.6609,
        0.6377, 0.6231, 0.6188, 0.6232, 0.6289, 0.6276, 0.6136, 0.5865, 0.5546,
        0.5319, 0.5224, 0.5173, 0.5162, 0.5180, 0.5203], device='cuda:6')
epoch eval loss:
sst: 593.79, nino: 121.99, sc: 47.8447
eval score is improved from 47.04968 to 47.84467, saving model

epoch: 37
batch training loss: 518.76, 15.96, score: 106.2815, ssr ratio: 0.0000
batch training loss: 537.47, 56.64, score: 72.2784, ssr ratio: 0.0000
batch training loss: 522.03, 35.92, score: 96.2276, ssr ratio: 0.0000
batch training loss: 521.65, 57.49, score: 84.1087, ssr ratio: 0.0000
batch training loss: 607.84, 47.04, score: 50.1576, ssr ratio: 0.0000
batch training loss: 575.98, 26.37, score: 87.7473, ssr ratio: 0.0000
batch training loss: 596.42, 86.14, score: 71.9217, ssr ratio: 0.0000
batch training loss: 597.74, 84.81, score: -14.0237, ssr ratio: 0.0000
batch training loss: 511.99, 41.58, score: 92.8291, ssr ratio: 0.0000
batch training loss: 536.24, 45.13, score: 90.2270, ssr ratio: 0.0000
batch training loss: 553.31, 36.72, score: 28.1288, ssr ratio: 0.0000
batch training loss: 549.81, 91.00, score: 97.8812, ssr ratio: 0.0000
batch training loss: 480.32, 33.64, score: 73.4728, ssr ratio: 0.0000
batch training loss: 591.32, 40.28, score: 53.0543, ssr ratio: 0.0000
tensor([0.9399, 0.8946, 0.8520, 0.8139, 0.7768, 0.7388, 0.7054, 0.6769, 0.6513,
        0.6283, 0.6140, 0.6100, 0.6144, 0.6201, 0.6199, 0.6078, 0.5829, 0.5530,
        0.5324, 0.5249, 0.5211, 0.5201, 0.5211, 0.5222], device='cuda:6')
epoch eval loss:
sst: 592.86, nino: 122.39, sc: 47.2821
eval score is not improved for 1 epoch

epoch: 38
batch training loss: 528.21, 42.89, score: 98.1562, ssr ratio: 0.0000
batch training loss: 567.75, 69.46, score: 65.4130, ssr ratio: 0.0000
batch training loss: 558.73, 35.24, score: 76.3948, ssr ratio: 0.0000
batch training loss: 655.98, 124.22, score: -87.3132, ssr ratio: 0.0000
batch training loss: 614.57, 80.07, score: 44.3033, ssr ratio: 0.0000
batch training loss: 619.34, 46.78, score: 67.3615, ssr ratio: 0.0000
batch training loss: 537.91, 32.26, score: 103.4417, ssr ratio: 0.0000
batch training loss: 496.51, 72.16, score: 99.4165, ssr ratio: 0.0000
batch training loss: 509.53, 64.23, score: 83.9401, ssr ratio: 0.0000
batch training loss: 612.04, 61.73, score: 101.6136, ssr ratio: 0.0000
batch training loss: 653.05, 40.91, score: 85.2355, ssr ratio: 0.0000
batch training loss: 557.40, 37.23, score: 101.4121, ssr ratio: 0.0000
batch training loss: 539.27, 28.02, score: 47.6613, ssr ratio: 0.0000
batch training loss: 537.82, 43.16, score: 59.2765, ssr ratio: 0.0000
tensor([0.9360, 0.8898, 0.8462, 0.8068, 0.7683, 0.7283, 0.6913, 0.6590, 0.6312,
        0.6064, 0.5897, 0.5841, 0.5888, 0.5968, 0.5997, 0.5904, 0.5663, 0.5343,
        0.5103, 0.5000, 0.4944, 0.4924, 0.4925, 0.4928], device='cuda:6')
epoch eval loss:
sst: 593.01, nino: 124.37, sc: 44.5996
eval score is not improved for 2 epoch

epoch: 39
batch training loss: 627.61, 38.02, score: 70.0630, ssr ratio: 0.0000
batch training loss: 550.54, 45.97, score: 25.8350, ssr ratio: 0.0000
batch training loss: 636.23, 62.45, score: -2.5928, ssr ratio: 0.0000
batch training loss: 518.42, 50.76, score: 95.2952, ssr ratio: 0.0000
batch training loss: 499.58, 57.91, score: 34.6819, ssr ratio: 0.0000
batch training loss: 556.36, 37.84, score: 86.0421, ssr ratio: 0.0000
batch training loss: 499.65, 43.77, score: 102.6835, ssr ratio: 0.0000
batch training loss: 558.86, 63.92, score: 39.4048, ssr ratio: 0.0000
batch training loss: 538.97, 30.54, score: 104.2028, ssr ratio: 0.0000
batch training loss: 542.33, 111.15, score: -97.6488, ssr ratio: 0.0000
batch training loss: 604.60, 43.43, score: 102.7005, ssr ratio: 0.0000
batch training loss: 593.71, 48.83, score: 85.9866, ssr ratio: 0.0000
batch training loss: 554.32, 46.33, score: 91.9688, ssr ratio: 0.0000
batch training loss: 582.50, 39.14, score: 48.1449, ssr ratio: 0.0000
tensor([0.9377, 0.8915, 0.8482, 0.8096, 0.7717, 0.7321, 0.6959, 0.6634, 0.6323,
        0.6026, 0.5831, 0.5775, 0.5837, 0.5931, 0.5971, 0.5878, 0.5635, 0.5320,
        0.5082, 0.4966, 0.4880, 0.4824, 0.4808, 0.4825], device='cuda:6')
epoch eval loss:
sst: 593.68, nino: 125.26, sc: 44.0449
eval score is not improved for 3 epoch

epoch: 40
batch training loss: 629.46, 32.11, score: 93.7941, ssr ratio: 0.0000
batch training loss: 559.56, 36.41, score: 91.2314, ssr ratio: 0.0000
batch training loss: 525.99, 30.47, score: 70.6565, ssr ratio: 0.0000
batch training loss: 512.75, 47.13, score: -77.7400, ssr ratio: 0.0000
batch training loss: 614.76, 34.43, score: 81.2755, ssr ratio: 0.0000
batch training loss: 555.33, 52.36, score: 101.1736, ssr ratio: 0.0000
batch training loss: 533.30, 88.72, score: 25.4087, ssr ratio: 0.0000
batch training loss: 501.69, 53.00, score: 18.3238, ssr ratio: 0.0000
batch training loss: 530.63, 33.39, score: 87.1333, ssr ratio: 0.0000
batch training loss: 573.90, 51.57, score: -51.1503, ssr ratio: 0.0000
batch training loss: 629.52, 24.28, score: 34.9651, ssr ratio: 0.0000
batch training loss: 562.35, 36.31, score: 53.7139, ssr ratio: 0.0000
batch training loss: 542.96, 72.62, score: 100.6465, ssr ratio: 0.0000
batch training loss: 563.70, 33.08, score: 88.5397, ssr ratio: 0.0000
tensor([0.9393, 0.8943, 0.8523, 0.8152, 0.7794, 0.7424, 0.7095, 0.6817, 0.6574,
        0.6352, 0.6209, 0.6168, 0.6216, 0.6268, 0.6258, 0.6128, 0.5869, 0.5555,
        0.5332, 0.5244, 0.5199, 0.5183, 0.5188, 0.5197], device='cuda:6')
epoch eval loss:
sst: 592.93, nino: 122.67, sc: 47.5668
eval score is not improved for 4 epoch

epoch: 41
batch training loss: 483.80, 28.67, score: 90.3689, ssr ratio: 0.0000
batch training loss: 629.49, 71.60, score: 50.6468, ssr ratio: 0.0000
batch training loss: 500.97, 50.42, score: 17.9269, ssr ratio: 0.0000
batch training loss: 484.94, 39.98, score: 75.2742, ssr ratio: 0.0000
batch training loss: 566.89, 49.52, score: 102.3928, ssr ratio: 0.0000
batch training loss: 518.75, 47.79, score: 71.5028, ssr ratio: 0.0000
batch training loss: 482.41, 19.94, score: 99.9391, ssr ratio: 0.0000
batch training loss: 540.17, 49.29, score: 101.1154, ssr ratio: 0.0000
batch training loss: 573.15, 68.48, score: 13.5178, ssr ratio: 0.0000
batch training loss: 526.10, 34.02, score: 103.4048, ssr ratio: 0.0000
batch training loss: 481.03, 38.73, score: 84.5023, ssr ratio: 0.0000
batch training loss: 526.39, 55.88, score: 99.8995, ssr ratio: 0.0000
batch training loss: 482.07, 36.81, score: 68.9982, ssr ratio: 0.0000
batch training loss: 573.62, 45.86, score: 90.6104, ssr ratio: 0.0000
tensor([0.9426, 0.8982, 0.8568, 0.8198, 0.7827, 0.7436, 0.7092, 0.6801, 0.6544,
        0.6316, 0.6178, 0.6137, 0.6165, 0.6194, 0.6162, 0.6017, 0.5751, 0.5440,
        0.5224, 0.5140, 0.5098, 0.5093, 0.5117, 0.5140], device='cuda:6')
epoch eval loss:
sst: 591.72, nino: 123.22, sc: 46.7232
eval score is not improved for 5 epoch

epoch: 42
batch training loss: 584.72, 34.35, score: 104.6354, ssr ratio: 0.0000
batch training loss: 627.10, 72.01, score: 87.8864, ssr ratio: 0.0000
batch training loss: 626.63, 53.37, score: 83.6748, ssr ratio: 0.0000
batch training loss: 520.59, 33.87, score: 56.3145, ssr ratio: 0.0000
batch training loss: 548.18, 35.23, score: 102.7527, ssr ratio: 0.0000
batch training loss: 650.05, 52.49, score: 98.1846, ssr ratio: 0.0000
batch training loss: 566.95, 38.51, score: 87.7627, ssr ratio: 0.0000
batch training loss: 539.41, 31.57, score: 52.8799, ssr ratio: 0.0000
batch training loss: 604.94, 43.95, score: 38.9474, ssr ratio: 0.0000
batch training loss: 616.42, 49.25, score: 57.0963, ssr ratio: 0.0000
batch training loss: 505.69, 40.03, score: 3.4564, ssr ratio: 0.0000
batch training loss: 512.05, 21.53, score: 88.4511, ssr ratio: 0.0000
batch training loss: 554.60, 42.11, score: 41.9759, ssr ratio: 0.0000
batch training loss: 625.44, 98.15, score: 50.1927, ssr ratio: 0.0000
tensor([0.9363, 0.8898, 0.8468, 0.8084, 0.7704, 0.7318, 0.6984, 0.6703, 0.6451,
        0.6213, 0.6054, 0.5999, 0.6032, 0.6078, 0.6072, 0.5954, 0.5710, 0.5414,
        0.5194, 0.5092, 0.5025, 0.4990, 0.4988, 0.5008], device='cuda:6')
epoch eval loss:
sst: 591.70, nino: 123.65, sc: 45.5855
eval score is not improved for 6 epoch

epoch: 43
batch training loss: 521.16, 75.37, score: 98.3353, ssr ratio: 0.0000
batch training loss: 511.42, 62.73, score: 79.1286, ssr ratio: 0.0000
batch training loss: 578.97, 42.37, score: 74.9525, ssr ratio: 0.0000
batch training loss: 563.68, 89.01, score: 82.3292, ssr ratio: 0.0000
batch training loss: 601.20, 47.19, score: 47.6200, ssr ratio: 0.0000
batch training loss: 551.93, 36.11, score: 87.5393, ssr ratio: 0.0000
batch training loss: 491.74, 67.32, score: 84.3790, ssr ratio: 0.0000
batch training loss: 539.81, 40.52, score: -0.8820, ssr ratio: 0.0000
batch training loss: 508.53, 40.82, score: 97.4603, ssr ratio: 0.0000
batch training loss: 494.89, 43.85, score: -12.5413, ssr ratio: 0.0000
batch training loss: 568.57, 39.19, score: 93.7670, ssr ratio: 0.0000
batch training loss: 533.19, 34.74, score: 54.3721, ssr ratio: 0.0000
batch training loss: 582.86, 46.37, score: 65.5643, ssr ratio: 0.0000
batch training loss: 595.84, 70.58, score: 51.5800, ssr ratio: 0.0000
tensor([0.9394, 0.8936, 0.8506, 0.8117, 0.7735, 0.7342, 0.6997, 0.6715, 0.6476,
        0.6259, 0.6107, 0.6043, 0.6064, 0.6112, 0.6118, 0.6015, 0.5783, 0.5491,
        0.5273, 0.5174, 0.5110, 0.5074, 0.5065, 0.5074], device='cuda:6')
epoch eval loss:
sst: 594.62, nino: 123.41, sc: 46.3676
eval score is not improved for 7 epoch

epoch: 44
batch training loss: 545.24, 18.66, score: 89.8689, ssr ratio: 0.0000
batch training loss: 476.32, 38.76, score: 95.8662, ssr ratio: 0.0000
batch training loss: 556.62, 62.17, score: 66.3142, ssr ratio: 0.0000
batch training loss: 571.31, 46.08, score: -43.9013, ssr ratio: 0.0000
batch training loss: 479.85, 36.40, score: 68.5377, ssr ratio: 0.0000
batch training loss: 530.56, 46.24, score: 95.4743, ssr ratio: 0.0000
batch training loss: 598.61, 41.83, score: 102.0237, ssr ratio: 0.0000
batch training loss: 536.72, 50.65, score: 101.7365, ssr ratio: 0.0000
batch training loss: 535.01, 36.73, score: 60.8281, ssr ratio: 0.0000
batch training loss: 527.03, 53.17, score: 89.7465, ssr ratio: 0.0000
batch training loss: 518.28, 41.02, score: 60.8134, ssr ratio: 0.0000
batch training loss: 457.57, 26.58, score: 99.5710, ssr ratio: 0.0000
batch training loss: 556.62, 23.89, score: 98.9428, ssr ratio: 0.0000
batch training loss: 515.53, 42.95, score: 98.3423, ssr ratio: 0.0000
tensor([0.9423, 0.8987, 0.8575, 0.8197, 0.7813, 0.7402, 0.7038, 0.6740, 0.6487,
        0.6264, 0.6124, 0.6080, 0.6119, 0.6173, 0.6175, 0.6063, 0.5830, 0.5553,
        0.5356, 0.5275, 0.5224, 0.5189, 0.5169, 0.5160], device='cuda:6')
epoch eval loss:
sst: 592.89, nino: 122.83, sc: 47.1750
eval score is not improved for 8 epoch

epoch: 45
batch training loss: 609.78, 42.06, score: 91.0362, ssr ratio: 0.0000
batch training loss: 490.38, 27.39, score: 104.9234, ssr ratio: 0.0000
batch training loss: 517.39, 51.08, score: -4.5899, ssr ratio: 0.0000
batch training loss: 607.56, 29.09, score: 98.7727, ssr ratio: 0.0000
batch training loss: 555.67, 69.32, score: 98.0471, ssr ratio: 0.0000
batch training loss: 501.00, 59.31, score: -40.2029, ssr ratio: 0.0000
batch training loss: 587.27, 38.24, score: 103.2886, ssr ratio: 0.0000
batch training loss: 588.68, 50.87, score: 102.6665, ssr ratio: 0.0000
batch training loss: 569.72, 39.90, score: 49.4821, ssr ratio: 0.0000
batch training loss: 479.64, 50.95, score: 95.9826, ssr ratio: 0.0000
batch training loss: 577.64, 73.72, score: 77.3931, ssr ratio: 0.0000
batch training loss: 560.53, 58.42, score: 42.5159, ssr ratio: 0.0000
batch training loss: 498.72, 43.34, score: 97.4153, ssr ratio: 0.0000
batch training loss: 541.97, 56.31, score: 86.5708, ssr ratio: 0.0000
tensor([0.9438, 0.9001, 0.8586, 0.8215, 0.7851, 0.7472, 0.7131, 0.6832, 0.6561,
        0.6322, 0.6178, 0.6144, 0.6197, 0.6262, 0.6267, 0.6140, 0.5872, 0.5553,
        0.5328, 0.5232, 0.5172, 0.5146, 0.5149, 0.5164], device='cuda:6')
epoch eval loss:
sst: 592.55, nino: 122.68, sc: 47.4872
eval score is not improved for 9 epoch

epoch: 46
batch training loss: 576.92, 49.96, score: 91.6475, ssr ratio: 0.0000
batch training loss: 603.29, 34.86, score: 81.5259, ssr ratio: 0.0000
batch training loss: 509.25, 31.97, score: 85.5945, ssr ratio: 0.0000
batch training loss: 578.19, 54.98, score: 101.5422, ssr ratio: 0.0000
batch training loss: 591.01, 44.68, score: 92.6339, ssr ratio: 0.0000
batch training loss: 605.92, 42.52, score: 70.7945, ssr ratio: 0.0000
batch training loss: 560.73, 44.76, score: 103.2752, ssr ratio: 0.0000
batch training loss: 576.59, 50.58, score: 101.9006, ssr ratio: 0.0000
batch training loss: 472.89, 26.70, score: 97.9697, ssr ratio: 0.0000
batch training loss: 475.38, 42.61, score: 102.4501, ssr ratio: 0.0000
batch training loss: 560.53, 39.74, score: 102.1419, ssr ratio: 0.0000
batch training loss: 538.28, 43.75, score: 104.0695, ssr ratio: 0.0000
batch training loss: 574.53, 63.48, score: 95.1073, ssr ratio: 0.0000
batch training loss: 521.66, 45.55, score: 35.6497, ssr ratio: 0.0000
tensor([0.9400, 0.8953, 0.8553, 0.8205, 0.7850, 0.7456, 0.7086, 0.6763, 0.6478,
        0.6234, 0.6088, 0.6053, 0.6105, 0.6176, 0.6194, 0.6085, 0.5832, 0.5517,
        0.5290, 0.5201, 0.5156, 0.5137, 0.5135, 0.5133], device='cuda:6')
epoch eval loss:
sst: 592.70, nino: 122.63, sc: 46.9679
eval score is not improved for 10 epoch

epoch: 47
batch training loss: 541.25, 37.12, score: 64.6411, ssr ratio: 0.0000
batch training loss: 562.85, 47.42, score: 103.6226, ssr ratio: 0.0000
batch training loss: 568.09, 60.15, score: 81.5143, ssr ratio: 0.0000
batch training loss: 567.38, 54.57, score: 96.3864, ssr ratio: 0.0000
batch training loss: 499.60, 50.42, score: 101.2421, ssr ratio: 0.0000
batch training loss: 482.56, 52.85, score: 36.2422, ssr ratio: 0.0000
batch training loss: 574.15, 70.52, score: 67.3420, ssr ratio: 0.0000
batch training loss: 526.88, 36.79, score: -43.5651, ssr ratio: 0.0000
batch training loss: 546.90, 64.04, score: 92.2716, ssr ratio: 0.0000
batch training loss: 519.83, 48.35, score: 101.5763, ssr ratio: 0.0000
batch training loss: 522.41, 46.73, score: 96.3313, ssr ratio: 0.0000
batch training loss: 536.55, 69.52, score: 15.0543, ssr ratio: 0.0000
batch training loss: 643.04, 56.02, score: 102.3384, ssr ratio: 0.0000
batch training loss: 479.52, 50.58, score: 87.6985, ssr ratio: 0.0000
tensor([0.9440, 0.9008, 0.8601, 0.8234, 0.7863, 0.7454, 0.7066, 0.6716, 0.6404,
        0.6147, 0.6013, 0.6007, 0.6095, 0.6194, 0.6232, 0.6139, 0.5910, 0.5623,
        0.5418, 0.5331, 0.5270, 0.5228, 0.5203, 0.5178], device='cuda:6')
epoch eval loss:
sst: 592.75, nino: 122.16, sc: 47.5033
eval score is not improved for 11 epoch

epoch: 48
batch training loss: 540.44, 35.90, score: 55.7079, ssr ratio: 0.0000
batch training loss: 525.47, 19.93, score: 94.4355, ssr ratio: 0.0000
batch training loss: 463.83, 27.38, score: 99.8020, ssr ratio: 0.0000
batch training loss: 623.42, 53.01, score: 102.5822, ssr ratio: 0.0000
batch training loss: 484.49, 43.06, score: 32.6724, ssr ratio: 0.0000
batch training loss: 589.37, 62.63, score: 78.0110, ssr ratio: 0.0000
batch training loss: 551.98, 50.15, score: 41.9177, ssr ratio: 0.0000
batch training loss: 573.56, 48.91, score: 59.0174, ssr ratio: 0.0000
batch training loss: 586.37, 55.30, score: 67.2709, ssr ratio: 0.0000
batch training loss: 584.46, 66.11, score: 98.5427, ssr ratio: 0.0000
batch training loss: 573.68, 81.54, score: 67.8348, ssr ratio: 0.0000
batch training loss: 585.63, 48.57, score: 76.4327, ssr ratio: 0.0000
batch training loss: 542.11, 38.31, score: 103.8333, ssr ratio: 0.0000
batch training loss: 545.62, 54.61, score: -46.3075, ssr ratio: 0.0000
tensor([0.9396, 0.8949, 0.8539, 0.8182, 0.7833, 0.7461, 0.7109, 0.6788, 0.6495,
        0.6231, 0.6048, 0.5971, 0.5989, 0.6036, 0.6045, 0.5944, 0.5711, 0.5422,
        0.5221, 0.5146, 0.5113, 0.5109, 0.5121, 0.5129], device='cuda:6')
epoch eval loss:
sst: 593.20, nino: 123.06, sc: 46.2418
eval score is not improved for 12 epoch

epoch: 49
batch training loss: 577.03, 71.88, score: 83.6008, ssr ratio: 0.0000
batch training loss: 519.02, 57.74, score: 100.4322, ssr ratio: 0.0000
batch training loss: 566.93, 42.23, score: -2.5383, ssr ratio: 0.0000
batch training loss: 493.57, 34.95, score: 98.8673, ssr ratio: 0.0000
batch training loss: 542.83, 52.50, score: 69.6667, ssr ratio: 0.0000
batch training loss: 466.96, 42.07, score: 102.8395, ssr ratio: 0.0000
batch training loss: 569.27, 23.74, score: 100.2264, ssr ratio: 0.0000
batch training loss: 508.22, 64.42, score: 35.1904, ssr ratio: 0.0000
batch training loss: 575.82, 59.85, score: 100.8880, ssr ratio: 0.0000
batch training loss: 553.50, 50.35, score: 88.1463, ssr ratio: 0.0000
batch training loss: 517.56, 30.87, score: 104.1769, ssr ratio: 0.0000
batch training loss: 512.42, 87.89, score: 98.3282, ssr ratio: 0.0000
batch training loss: 545.15, 55.65, score: 102.2466, ssr ratio: 0.0000
batch training loss: 479.96, 29.98, score: -70.5634, ssr ratio: 0.0000
tensor([0.9413, 0.8975, 0.8565, 0.8187, 0.7807, 0.7410, 0.7055, 0.6744, 0.6464,
        0.6218, 0.6061, 0.6017, 0.6072, 0.6157, 0.6196, 0.6110, 0.5883, 0.5594,
        0.5375, 0.5272, 0.5198, 0.5149, 0.5127, 0.5125], device='cuda:6')
epoch eval loss:
sst: 593.78, nino: 122.90, sc: 47.0669
eval score is not improved for 13 epoch

epoch: 50
batch training loss: 627.22, 46.14, score: -5.5617, ssr ratio: 0.0000
batch training loss: 604.56, 75.37, score: 97.7196, ssr ratio: 0.0000
batch training loss: 503.86, 52.20, score: 82.5497, ssr ratio: 0.0000
batch training loss: 545.85, 54.96, score: 90.4312, ssr ratio: 0.0000
batch training loss: 587.68, 56.59, score: 43.7616, ssr ratio: 0.0000
batch training loss: 551.87, 53.36, score: 60.9411, ssr ratio: 0.0000
batch training loss: 603.37, 50.84, score: 97.0480, ssr ratio: 0.0000
batch training loss: 526.28, 58.95, score: 101.5800, ssr ratio: 0.0000
batch training loss: 564.55, 26.29, score: 47.4514, ssr ratio: 0.0000
batch training loss: 597.73, 30.65, score: 75.6764, ssr ratio: 0.0000
batch training loss: 487.92, 45.45, score: 103.2134, ssr ratio: 0.0000
batch training loss: 548.46, 34.48, score: 104.2989, ssr ratio: 0.0000
batch training loss: 561.22, 93.27, score: 80.0534, ssr ratio: 0.0000
batch training loss: 601.73, 40.01, score: 71.6592, ssr ratio: 0.0000
tensor([0.9410, 0.8964, 0.8549, 0.8169, 0.7779, 0.7368, 0.6992, 0.6659, 0.6360,
        0.6099, 0.5937, 0.5894, 0.5954, 0.6043, 0.6084, 0.6006, 0.5782, 0.5483,
        0.5249, 0.5139, 0.5074, 0.5040, 0.5023, 0.5008], device='cuda:6')
epoch eval loss:
sst: 594.54, nino: 124.82, sc: 45.6450
eval score is not improved for 14 epoch

----- training finished -----

processing test set
(395, 38, 24, 48, 1, 4)
(395, 38, 24, 48, 4)
(395, 38, 3)
predData.shape= (395, 38, 2, 24, 48)
{'sst': (395, 38, 24, 48, 6), 'nino target': (395, 38, 3)}
loading test dataloader
Traceback (most recent call last):
  File "trainer.py", line 264, in <module>
    trainer.network.load_state_dict(chk['net'])
  File "/home/ruichuang/anaconda3/envs/AGCRN_env/lib/python3.8/site-packages/torch/nn/modules/module.py", line 1604, in load_state_dict
    raise RuntimeError('Error(s) in loading state_dict for {}:\n\t{}'.format(
RuntimeError: Error(s) in loading state_dict for SAConvLSTM:
	size mismatch for layers.0.conv.weight: copying a param with shape torch.Size([256, 72, 3, 3]) from checkpoint, the shape in current model is torch.Size([128, 40, 3, 3]).
	size mismatch for layers.0.conv.bias: copying a param with shape torch.Size([256]) from checkpoint, the shape in current model is torch.Size([128]).
	size mismatch for layers.0.sa.conv_h.weight: copying a param with shape torch.Size([384, 64, 1, 1]) from checkpoint, the shape in current model is torch.Size([192, 32, 1, 1]).
	size mismatch for layers.0.sa.conv_h.bias: copying a param with shape torch.Size([384]) from checkpoint, the shape in current model is torch.Size([192]).
	size mismatch for layers.0.sa.conv_m.weight: copying a param with shape torch.Size([256, 64, 1, 1]) from checkpoint, the shape in current model is torch.Size([128, 32, 1, 1]).
	size mismatch for layers.0.sa.conv_m.bias: copying a param with shape torch.Size([256]) from checkpoint, the shape in current model is torch.Size([128]).
	size mismatch for layers.0.sa.conv_z.weight: copying a param with shape torch.Size([128, 256, 1, 1]) from checkpoint, the shape in current model is torch.Size([64, 128, 1, 1]).
	size mismatch for layers.0.sa.conv_z.bias: copying a param with shape torch.Size([128]) from checkpoint, the shape in current model is torch.Size([64]).
	size mismatch for layers.0.sa.conv_output.weight: copying a param with shape torch.Size([192, 192, 3, 3]) from checkpoint, the shape in current model is torch.Size([96, 96, 3, 3]).
	size mismatch for layers.0.sa.conv_output.bias: copying a param with shape torch.Size([192]) from checkpoint, the shape in current model is torch.Size([96]).
	size mismatch for layers.1.conv.weight: copying a param with shape torch.Size([256, 128, 3, 3]) from checkpoint, the shape in current model is torch.Size([128, 64, 3, 3]).
	size mismatch for layers.1.conv.bias: copying a param with shape torch.Size([256]) from checkpoint, the shape in current model is torch.Size([128]).
	size mismatch for layers.1.sa.conv_h.weight: copying a param with shape torch.Size([384, 64, 1, 1]) from checkpoint, the shape in current model is torch.Size([192, 32, 1, 1]).
	size mismatch for layers.1.sa.conv_h.bias: copying a param with shape torch.Size([384]) from checkpoint, the shape in current model is torch.Size([192]).
	size mismatch for layers.1.sa.conv_m.weight: copying a param with shape torch.Size([256, 64, 1, 1]) from checkpoint, the shape in current model is torch.Size([128, 32, 1, 1]).
	size mismatch for layers.1.sa.conv_m.bias: copying a param with shape torch.Size([256]) from checkpoint, the shape in current model is torch.Size([128]).
	size mismatch for layers.1.sa.conv_z.weight: copying a param with shape torch.Size([128, 256, 1, 1]) from checkpoint, the shape in current model is torch.Size([64, 128, 1, 1]).
	size mismatch for layers.1.sa.conv_z.bias: copying a param with shape torch.Size([128]) from checkpoint, the shape in current model is torch.Size([64]).
	size mismatch for layers.1.sa.conv_output.weight: copying a param with shape torch.Size([192, 192, 3, 3]) from checkpoint, the shape in current model is torch.Size([96, 96, 3, 3]).
	size mismatch for layers.1.sa.conv_output.bias: copying a param with shape torch.Size([192]) from checkpoint, the shape in current model is torch.Size([96]).
	size mismatch for layers.2.conv.weight: copying a param with shape torch.Size([256, 128, 3, 3]) from checkpoint, the shape in current model is torch.Size([128, 64, 3, 3]).
	size mismatch for layers.2.conv.bias: copying a param with shape torch.Size([256]) from checkpoint, the shape in current model is torch.Size([128]).
	size mismatch for layers.2.sa.conv_h.weight: copying a param with shape torch.Size([384, 64, 1, 1]) from checkpoint, the shape in current model is torch.Size([192, 32, 1, 1]).
	size mismatch for layers.2.sa.conv_h.bias: copying a param with shape torch.Size([384]) from checkpoint, the shape in current model is torch.Size([192]).
	size mismatch for layers.2.sa.conv_m.weight: copying a param with shape torch.Size([256, 64, 1, 1]) from checkpoint, the shape in current model is torch.Size([128, 32, 1, 1]).
	size mismatch for layers.2.sa.conv_m.bias: copying a param with shape torch.Size([256]) from checkpoint, the shape in current model is torch.Size([128]).
	size mismatch for layers.2.sa.conv_z.weight: copying a param with shape torch.Size([128, 256, 1, 1]) from checkpoint, the shape in current model is torch.Size([64, 128, 1, 1]).
	size mismatch for layers.2.sa.conv_z.bias: copying a param with shape torch.Size([128]) from checkpoint, the shape in current model is torch.Size([64]).
	size mismatch for layers.2.sa.conv_output.weight: copying a param with shape torch.Size([192, 192, 3, 3]) from checkpoint, the shape in current model is torch.Size([96, 96, 3, 3]).
	size mismatch for layers.2.sa.conv_output.bias: copying a param with shape torch.Size([192]) from checkpoint, the shape in current model is torch.Size([96]).
	size mismatch for layers.3.conv.weight: copying a param with shape torch.Size([256, 128, 3, 3]) from checkpoint, the shape in current model is torch.Size([128, 64, 3, 3]).
	size mismatch for layers.3.conv.bias: copying a param with shape torch.Size([256]) from checkpoint, the shape in current model is torch.Size([128]).
	size mismatch for layers.3.sa.conv_h.weight: copying a param with shape torch.Size([384, 64, 1, 1]) from checkpoint, the shape in current model is torch.Size([192, 32, 1, 1]).
	size mismatch for layers.3.sa.conv_h.bias: copying a param with shape torch.Size([384]) from checkpoint, the shape in current model is torch.Size([192]).
	size mismatch for layers.3.sa.conv_m.weight: copying a param with shape torch.Size([256, 64, 1, 1]) from checkpoint, the shape in current model is torch.Size([128, 32, 1, 1]).
	size mismatch for layers.3.sa.conv_m.bias: copying a param with shape torch.Size([256]) from checkpoint, the shape in current model is torch.Size([128]).
	size mismatch for layers.3.sa.conv_z.weight: copying a param with shape torch.Size([128, 256, 1, 1]) from checkpoint, the shape in current model is torch.Size([64, 128, 1, 1]).
	size mismatch for layers.3.sa.conv_z.bias: copying a param with shape torch.Size([128]) from checkpoint, the shape in current model is torch.Size([64]).
	size mismatch for layers.3.sa.conv_output.weight: copying a param with shape torch.Size([192, 192, 3, 3]) from checkpoint, the shape in current model is torch.Size([96, 96, 3, 3]).
	size mismatch for layers.3.sa.conv_output.bias: copying a param with shape torch.Size([192]) from checkpoint, the shape in current model is torch.Size([96]).
	size mismatch for conv_output.weight: copying a param with shape torch.Size([2, 64, 1, 1]) from checkpoint, the shape in current model is torch.Size([2, 32, 1, 1]).
