nohup: 忽略输入
{'n_cpu': 0, 'device': device(type='cuda', index=4), 'batch_size_test': 40, 'batch_size': 2, 'lr': 0.001, 'weight_decay': 0, 'display_interval': 250, 'num_epochs': 50, 'early_stopping': True, 'patience': 20, 'gradient_clipping': True, 'clipping_threshold': 1.0, 'input_dim': 8, 'output_dim': 2, 'input_length': 12, 'output_length': 24, 'input_gap': 1, 'pred_shift': 24, 'model_i': 0, 'kernel_size': (3, 3), 'bias': True, 'hidden_dim_1': (64, 64, 64, 64), 'd_attn_1': 32, 'ssr_decay_rate': 8e-05, 'hidden_dim_2': (32, 32, 32, 32), 'd_attn_2': 16, 'hidden_dim_3': (32, 32, 32, 32), 'd_attn_3': 16, 'hidden_dim_4': (32, 32, 32, 32), 'd_attn_4': 16, 'hidden_dim_5': (32, 32, 32, 32), 'd_attn_5': 16, 'use_hc': 1, 'time': 'hybrid', 'save_last': 0}

reading data
(1692, 24, 48, 21, 4) (432, 24, 48, 1, 4)
(1692, 21, 3) (432, 1, 3)
processing training set
(331, 38, 24, 48, 21, 4)
(6951, 38, 24, 48, 4)
(6951, 38, 3)
predData.shape= (6951, 38, 2, 24, 48)
{'sst': (6951, 38, 24, 48, 6), 'nino target': (6951, 38, 3)}
processing eval set
(395, 38, 24, 48, 1, 4)
(395, 38, 24, 48, 4)
(395, 38, 3)
predData.shape= (395, 38, 2, 24, 48)
{'sst': (395, 38, 24, 48, 6), 'nino target': (395, 38, 3)}
Total params num: 1784450
*****************Finish Parameter****************
loading train dataloader
loading eval dataloader

epoch: 1
batch training loss: 722.07, 105.73, score: -27.7645, ssr ratio: 0.9999
batch training loss: 407.78, 36.39, score: 102.4635, ssr ratio: 0.9799
batch training loss: 401.97, 19.68, score: 105.8313, ssr ratio: 0.9599
batch training loss: 406.89, 28.83, score: 59.6175, ssr ratio: 0.9399
batch training loss: 407.30, 22.13, score: 94.7296, ssr ratio: 0.9199
batch training loss: 366.79, 20.84, score: 102.8063, ssr ratio: 0.8999
batch training loss: 398.99, 17.80, score: 85.3362, ssr ratio: 0.8799
batch training loss: 361.67, 18.53, score: 96.7466, ssr ratio: 0.8599
batch training loss: 462.55, 19.56, score: 85.1200, ssr ratio: 0.8399
batch training loss: 461.40, 29.22, score: 104.8034, ssr ratio: 0.8199
batch training loss: 460.45, 20.49, score: 65.1846, ssr ratio: 0.7999
batch training loss: 371.81, 19.12, score: 106.9134, ssr ratio: 0.7799
batch training loss: 346.50, 13.94, score: 107.2742, ssr ratio: 0.7599
batch training loss: 435.31, 20.33, score: 51.5616, ssr ratio: 0.7399
tensor([0.9375, 0.8903, 0.8466, 0.8080, 0.7749, 0.7440, 0.7160, 0.6907, 0.6679,
        0.6438, 0.6219, 0.6070, 0.6020, 0.6014, 0.5962, 0.5810, 0.5534, 0.5195,
        0.4907, 0.4736, 0.4623, 0.4554, 0.4522, 0.4524], device='cuda:4')
epoch eval loss:
sst: 624.91, nino: 133.02, sc: 42.8890
eval score is improved from -inf to 42.88899, saving model

epoch: 2
batch training loss: 399.27, 17.19, score: 106.6349, ssr ratio: 0.7218
batch training loss: 437.06, 20.76, score: 93.7196, ssr ratio: 0.7018
batch training loss: 357.65, 29.69, score: 94.3032, ssr ratio: 0.6818
batch training loss: 490.01, 21.40, score: 100.1343, ssr ratio: 0.6618
batch training loss: 453.76, 23.65, score: 105.4783, ssr ratio: 0.6418
batch training loss: 399.93, 21.67, score: 105.0279, ssr ratio: 0.6218
batch training loss: 463.84, 26.35, score: 84.1007, ssr ratio: 0.6018
batch training loss: 400.23, 26.04, score: 88.8854, ssr ratio: 0.5818
batch training loss: 460.60, 25.55, score: 81.9982, ssr ratio: 0.5618
batch training loss: 398.94, 20.51, score: 73.6153, ssr ratio: 0.5418
batch training loss: 443.07, 29.84, score: 104.0933, ssr ratio: 0.5218
batch training loss: 411.90, 25.38, score: 93.4772, ssr ratio: 0.5018
batch training loss: 435.12, 20.30, score: 104.4064, ssr ratio: 0.4818
batch training loss: 499.30, 32.89, score: 87.9435, ssr ratio: 0.4618
tensor([0.9377, 0.8926, 0.8515, 0.8135, 0.7780, 0.7425, 0.7091, 0.6800, 0.6559,
        0.6344, 0.6194, 0.6136, 0.6170, 0.6217, 0.6195, 0.6058, 0.5796, 0.5480,
        0.5244, 0.5148, 0.5098, 0.5086, 0.5108, 0.5133], device='cuda:4')
epoch eval loss:
sst: 587.06, nino: 123.89, sc: 46.6988
eval score is improved from 42.88899 to 46.69879, saving model

epoch: 3
batch training loss: 495.61, 33.00, score: 45.2154, ssr ratio: 0.4438
batch training loss: 470.73, 29.72, score: 105.2931, ssr ratio: 0.4238
batch training loss: 401.03, 42.23, score: 48.7530, ssr ratio: 0.4038
batch training loss: 396.68, 33.35, score: 104.9882, ssr ratio: 0.3838
batch training loss: 471.60, 40.20, score: 91.9875, ssr ratio: 0.3638
batch training loss: 508.62, 40.22, score: 103.6271, ssr ratio: 0.3438
batch training loss: 427.20, 25.88, score: 105.2029, ssr ratio: 0.3238
batch training loss: 492.85, 29.91, score: 99.6718, ssr ratio: 0.3038
batch training loss: 406.18, 26.08, score: 89.6745, ssr ratio: 0.2838
batch training loss: 502.27, 24.27, score: 86.1832, ssr ratio: 0.2638
batch training loss: 433.76, 38.51, score: 102.8309, ssr ratio: 0.2438
batch training loss: 500.36, 27.21, score: 101.6684, ssr ratio: 0.2238
batch training loss: 450.97, 39.18, score: 85.2116, ssr ratio: 0.2038
batch training loss: 488.31, 31.67, score: 104.9618, ssr ratio: 0.1838
tensor([0.9351, 0.8874, 0.8430, 0.8008, 0.7614, 0.7241, 0.6924, 0.6671, 0.6460,
        0.6266, 0.6136, 0.6088, 0.6123, 0.6170, 0.6155, 0.6010, 0.5729, 0.5399,
        0.5171, 0.5087, 0.5049, 0.5039, 0.5051, 0.5069], device='cuda:4')
epoch eval loss:
sst: 589.44, nino: 123.20, sc: 46.0004
Epoch 00003: reducing learning rate of group 0 to 3.0000e-04.
eval score is not improved for 1 epoch

epoch: 4
batch training loss: 491.03, 28.52, score: 105.3430, ssr ratio: 0.1657
batch training loss: 447.00, 35.24, score: 93.9164, ssr ratio: 0.1457
batch training loss: 419.99, 27.20, score: 105.4948, ssr ratio: 0.1257
batch training loss: 559.84, 39.13, score: 81.4920, ssr ratio: 0.1057
batch training loss: 545.58, 42.30, score: 86.7974, ssr ratio: 0.0857
batch training loss: 566.28, 44.29, score: 34.2027, ssr ratio: 0.0657
batch training loss: 537.05, 25.12, score: 93.2224, ssr ratio: 0.0457
batch training loss: 529.11, 42.94, score: 86.1851, ssr ratio: 0.0257
batch training loss: 543.36, 43.52, score: 103.2870, ssr ratio: 0.0057
batch training loss: 621.97, 67.44, score: 90.2138, ssr ratio: 0.0000
batch training loss: 623.85, 88.42, score: 30.4102, ssr ratio: 0.0000
batch training loss: 520.48, 47.63, score: 103.5791, ssr ratio: 0.0000
batch training loss: 515.26, 39.36, score: 100.1882, ssr ratio: 0.0000
batch training loss: 556.08, 38.94, score: 86.7400, ssr ratio: 0.0000
tensor([0.9417, 0.8965, 0.8530, 0.8133, 0.7755, 0.7375, 0.7042, 0.6769, 0.6531,
        0.6311, 0.6167, 0.6120, 0.6164, 0.6208, 0.6179, 0.6012, 0.5718, 0.5385,
        0.5166, 0.5093, 0.5067, 0.5070, 0.5091, 0.5113], device='cuda:4')
epoch eval loss:
sst: 592.29, nino: 123.45, sc: 46.3721
Epoch 00004: reducing learning rate of group 0 to 1.0000e-04.
eval score is not improved for 2 epoch

epoch: 5
batch training loss: 514.64, 34.69, score: 87.5850, ssr ratio: 0.0000
batch training loss: 583.95, 50.65, score: 21.5314, ssr ratio: 0.0000
batch training loss: 523.65, 55.69, score: 94.2484, ssr ratio: 0.0000
batch training loss: 557.74, 64.79, score: 39.3636, ssr ratio: 0.0000
batch training loss: 534.11, 45.11, score: 98.0360, ssr ratio: 0.0000
batch training loss: 554.02, 45.82, score: 98.3397, ssr ratio: 0.0000
batch training loss: 506.17, 26.36, score: 102.9779, ssr ratio: 0.0000
batch training loss: 537.62, 59.80, score: 9.5620, ssr ratio: 0.0000
batch training loss: 662.56, 114.09, score: -27.4430, ssr ratio: 0.0000
batch training loss: 529.01, 34.64, score: 103.7614, ssr ratio: 0.0000
batch training loss: 490.25, 45.73, score: 85.5647, ssr ratio: 0.0000
batch training loss: 498.52, 65.17, score: 100.8444, ssr ratio: 0.0000
batch training loss: 473.30, 43.13, score: 28.0358, ssr ratio: 0.0000
batch training loss: 634.29, 51.34, score: 98.7610, ssr ratio: 0.0000
tensor([0.9423, 0.8986, 0.8567, 0.8179, 0.7795, 0.7407, 0.7063, 0.6774, 0.6519,
        0.6289, 0.6149, 0.6121, 0.6182, 0.6242, 0.6223, 0.6059, 0.5761, 0.5421,
        0.5191, 0.5109, 0.5072, 0.5062, 0.5073, 0.5088], device='cuda:4')
epoch eval loss:
sst: 592.97, nino: 122.94, sc: 46.6292
eval score is not improved for 3 epoch

epoch: 6
batch training loss: 542.62, 58.61, score: 7.6389, ssr ratio: 0.0000
batch training loss: 597.75, 46.72, score: 102.9047, ssr ratio: 0.0000
batch training loss: 564.73, 26.14, score: 105.1384, ssr ratio: 0.0000
batch training loss: 539.78, 66.02, score: 101.9565, ssr ratio: 0.0000
batch training loss: 521.30, 38.71, score: 98.2063, ssr ratio: 0.0000
batch training loss: 538.83, 30.72, score: 39.2849, ssr ratio: 0.0000
batch training loss: 555.58, 33.00, score: 104.1418, ssr ratio: 0.0000
batch training loss: 601.53, 49.29, score: 94.7030, ssr ratio: 0.0000
batch training loss: 457.43, 31.92, score: 104.6807, ssr ratio: 0.0000
batch training loss: 541.89, 70.93, score: 97.0836, ssr ratio: 0.0000
batch training loss: 513.16, 53.61, score: 39.4987, ssr ratio: 0.0000
batch training loss: 603.09, 61.01, score: 34.7375, ssr ratio: 0.0000
batch training loss: 544.86, 41.60, score: 100.9475, ssr ratio: 0.0000
batch training loss: 545.40, 46.41, score: 50.2063, ssr ratio: 0.0000
tensor([0.9394, 0.8945, 0.8530, 0.8162, 0.7803, 0.7439, 0.7110, 0.6832, 0.6578,
        0.6337, 0.6180, 0.6135, 0.6179, 0.6225, 0.6196, 0.6030, 0.5734, 0.5399,
        0.5166, 0.5079, 0.5039, 0.5026, 0.5033, 0.5045], device='cuda:4')
epoch eval loss:
sst: 591.95, nino: 123.71, sc: 46.3455
eval score is not improved for 4 epoch

epoch: 7
batch training loss: 478.10, 40.12, score: 88.2706, ssr ratio: 0.0000
batch training loss: 501.57, 40.88, score: 18.4838, ssr ratio: 0.0000
batch training loss: 508.47, 25.26, score: 60.6207, ssr ratio: 0.0000
batch training loss: 524.21, 40.77, score: 47.0342, ssr ratio: 0.0000
batch training loss: 574.98, 44.67, score: 103.1019, ssr ratio: 0.0000
batch training loss: 580.06, 57.73, score: 41.1103, ssr ratio: 0.0000
batch training loss: 552.80, 27.72, score: 105.3188, ssr ratio: 0.0000
batch training loss: 550.38, 57.46, score: 100.3428, ssr ratio: 0.0000
batch training loss: 578.29, 65.53, score: 55.2422, ssr ratio: 0.0000
batch training loss: 501.67, 44.37, score: 86.4637, ssr ratio: 0.0000
batch training loss: 590.89, 52.31, score: 68.8259, ssr ratio: 0.0000
batch training loss: 560.75, 35.47, score: 103.9515, ssr ratio: 0.0000
batch training loss: 505.87, 51.79, score: 102.0538, ssr ratio: 0.0000
batch training loss: 598.42, 27.63, score: 98.8724, ssr ratio: 0.0000
tensor([0.9420, 0.8962, 0.8517, 0.8117, 0.7734, 0.7354, 0.7016, 0.6733, 0.6481,
        0.6247, 0.6097, 0.6066, 0.6135, 0.6208, 0.6193, 0.6030, 0.5732, 0.5390,
        0.5158, 0.5076, 0.5042, 0.5037, 0.5056, 0.5076], device='cuda:4')
epoch eval loss:
sst: 592.17, nino: 123.95, sc: 46.1049
eval score is not improved for 5 epoch

epoch: 8
batch training loss: 553.47, 54.25, score: 83.2302, ssr ratio: 0.0000
batch training loss: 638.40, 47.97, score: 76.5794, ssr ratio: 0.0000
batch training loss: 611.09, 50.62, score: 62.5304, ssr ratio: 0.0000
batch training loss: 534.27, 25.88, score: 90.1865, ssr ratio: 0.0000
batch training loss: 531.32, 26.39, score: -26.8257, ssr ratio: 0.0000
batch training loss: 462.57, 35.60, score: 102.6969, ssr ratio: 0.0000
batch training loss: 569.86, 70.45, score: 48.3752, ssr ratio: 0.0000
batch training loss: 593.36, 79.75, score: 17.2822, ssr ratio: 0.0000
batch training loss: 561.10, 47.30, score: 74.5309, ssr ratio: 0.0000
batch training loss: 595.73, 48.49, score: 68.5487, ssr ratio: 0.0000
batch training loss: 526.51, 25.44, score: 105.5989, ssr ratio: 0.0000
batch training loss: 571.14, 45.57, score: 29.3149, ssr ratio: 0.0000
batch training loss: 456.03, 32.20, score: 99.4406, ssr ratio: 0.0000
batch training loss: 518.66, 46.02, score: 96.8829, ssr ratio: 0.0000
tensor([0.9420, 0.8969, 0.8532, 0.8140, 0.7755, 0.7368, 0.7026, 0.6744, 0.6492,
        0.6249, 0.6086, 0.6044, 0.6105, 0.6169, 0.6148, 0.5988, 0.5693, 0.5353,
        0.5114, 0.5029, 0.4995, 0.4992, 0.5010, 0.5030], device='cuda:4')
epoch eval loss:
sst: 592.24, nino: 123.83, sc: 45.7498
eval score is not improved for 6 epoch

epoch: 9
batch training loss: 594.43, 68.74, score: 54.3150, ssr ratio: 0.0000
batch training loss: 483.44, 35.47, score: 105.0444, ssr ratio: 0.0000
batch training loss: 530.42, 35.77, score: 104.2315, ssr ratio: 0.0000
batch training loss: 604.58, 61.96, score: -19.6998, ssr ratio: 0.0000
batch training loss: 577.85, 35.32, score: 75.5331, ssr ratio: 0.0000
batch training loss: 530.53, 16.30, score: 83.6431, ssr ratio: 0.0000
batch training loss: 518.52, 41.68, score: 98.8570, ssr ratio: 0.0000
batch training loss: 625.14, 56.82, score: 49.8689, ssr ratio: 0.0000
batch training loss: 587.19, 75.20, score: 27.1675, ssr ratio: 0.0000
batch training loss: 548.20, 58.42, score: 102.1549, ssr ratio: 0.0000
batch training loss: 468.98, 34.15, score: 57.7186, ssr ratio: 0.0000
batch training loss: 548.62, 46.75, score: 101.4062, ssr ratio: 0.0000
batch training loss: 569.62, 53.88, score: 101.5150, ssr ratio: 0.0000
batch training loss: 558.17, 54.18, score: 21.1169, ssr ratio: 0.0000
tensor([0.9454, 0.9040, 0.8642, 0.8281, 0.7917, 0.7539, 0.7188, 0.6879, 0.6597,
        0.6333, 0.6154, 0.6094, 0.6134, 0.6179, 0.6146, 0.5976, 0.5678, 0.5334,
        0.5085, 0.4981, 0.4930, 0.4915, 0.4929, 0.4953], device='cuda:4')
epoch eval loss:
sst: 591.75, nino: 124.29, sc: 45.7384
eval score is not improved for 7 epoch

epoch: 10
batch training loss: 525.30, 49.34, score: 101.1538, ssr ratio: 0.0000
batch training loss: 582.82, 57.70, score: 79.7828, ssr ratio: 0.0000
batch training loss: 525.90, 44.94, score: 36.4655, ssr ratio: 0.0000
batch training loss: 605.85, 62.28, score: 100.5011, ssr ratio: 0.0000
batch training loss: 487.98, 27.86, score: 94.2204, ssr ratio: 0.0000
batch training loss: 547.29, 58.28, score: 101.9669, ssr ratio: 0.0000
batch training loss: 534.61, 32.21, score: 100.8786, ssr ratio: 0.0000
batch training loss: 485.60, 28.66, score: 57.7349, ssr ratio: 0.0000
batch training loss: 508.83, 37.61, score: 104.3574, ssr ratio: 0.0000
batch training loss: 577.33, 80.01, score: 74.8970, ssr ratio: 0.0000
batch training loss: 524.77, 52.94, score: 102.6874, ssr ratio: 0.0000
batch training loss: 557.97, 75.29, score: 100.1610, ssr ratio: 0.0000
batch training loss: 501.49, 56.47, score: -41.3086, ssr ratio: 0.0000
batch training loss: 584.90, 81.92, score: 49.7670, ssr ratio: 0.0000
tensor([0.9390, 0.8930, 0.8487, 0.8091, 0.7703, 0.7321, 0.6989, 0.6715, 0.6460,
        0.6205, 0.6019, 0.5949, 0.5981, 0.6025, 0.6000, 0.5848, 0.5569, 0.5248,
        0.5020, 0.4930, 0.4888, 0.4880, 0.4900, 0.4931], device='cuda:4')
epoch eval loss:
sst: 590.81, nino: 125.58, sc: 44.4307
eval score is not improved for 8 epoch

epoch: 11
batch training loss: 504.48, 31.41, score: 87.2058, ssr ratio: 0.0000
batch training loss: 567.14, 88.45, score: 63.5329, ssr ratio: 0.0000
batch training loss: 496.59, 84.45, score: 29.2817, ssr ratio: 0.0000
batch training loss: 527.19, 38.92, score: 92.5667, ssr ratio: 0.0000
batch training loss: 573.62, 41.32, score: 28.3644, ssr ratio: 0.0000
batch training loss: 558.44, 41.16, score: 37.3290, ssr ratio: 0.0000
batch training loss: 514.66, 27.60, score: 104.4296, ssr ratio: 0.0000
batch training loss: 490.70, 81.92, score: 99.8778, ssr ratio: 0.0000
batch training loss: 553.45, 38.59, score: 65.5737, ssr ratio: 0.0000
batch training loss: 527.35, 48.49, score: 102.1372, ssr ratio: 0.0000
batch training loss: 495.78, 58.51, score: 102.1355, ssr ratio: 0.0000
batch training loss: 502.99, 70.34, score: 101.2381, ssr ratio: 0.0000
batch training loss: 583.29, 59.35, score: 32.1294, ssr ratio: 0.0000
batch training loss: 524.65, 49.19, score: 30.2885, ssr ratio: 0.0000
tensor([0.9439, 0.9023, 0.8629, 0.8278, 0.7928, 0.7568, 0.7237, 0.6935, 0.6636,
        0.6340, 0.6122, 0.6033, 0.6053, 0.6099, 0.6089, 0.5960, 0.5702, 0.5380,
        0.5127, 0.5002, 0.4924, 0.4887, 0.4885, 0.4904], device='cuda:4')
epoch eval loss:
sst: 591.90, nino: 124.24, sc: 45.5907
eval score is not improved for 9 epoch

epoch: 12
batch training loss: 627.30, 49.38, score: 79.8288, ssr ratio: 0.0000
batch training loss: 542.52, 34.96, score: 104.2881, ssr ratio: 0.0000
batch training loss: 618.76, 45.87, score: 103.2073, ssr ratio: 0.0000
batch training loss: 559.42, 51.79, score: 56.4991, ssr ratio: 0.0000
batch training loss: 525.37, 45.73, score: 83.9658, ssr ratio: 0.0000
batch training loss: 462.80, 31.67, score: 23.1415, ssr ratio: 0.0000
batch training loss: 594.05, 41.32, score: 101.8678, ssr ratio: 0.0000
batch training loss: 562.74, 78.32, score: -10.6047, ssr ratio: 0.0000
batch training loss: 581.80, 89.64, score: 86.1366, ssr ratio: 0.0000
batch training loss: 520.55, 72.82, score: -31.4751, ssr ratio: 0.0000
batch training loss: 501.91, 30.74, score: 89.8889, ssr ratio: 0.0000
batch training loss: 479.41, 39.45, score: 81.6826, ssr ratio: 0.0000
batch training loss: 602.58, 53.58, score: 81.6676, ssr ratio: 0.0000
batch training loss: 540.87, 48.33, score: 103.3403, ssr ratio: 0.0000
tensor([0.9404, 0.8960, 0.8538, 0.8154, 0.7768, 0.7382, 0.7045, 0.6770, 0.6517,
        0.6262, 0.6076, 0.6003, 0.6023, 0.6046, 0.5994, 0.5819, 0.5526, 0.5188,
        0.4941, 0.4830, 0.4763, 0.4730, 0.4730, 0.4744], device='cuda:4')
epoch eval loss:
sst: 592.48, nino: 125.69, sc: 43.8690
eval score is not improved for 10 epoch

epoch: 13
batch training loss: 553.90, 41.30, score: 81.5091, ssr ratio: 0.0000
batch training loss: 625.24, 32.01, score: 104.8898, ssr ratio: 0.0000
batch training loss: 555.39, 30.92, score: 39.2896, ssr ratio: 0.0000
batch training loss: 554.70, 75.00, score: -8.6246, ssr ratio: 0.0000
batch training loss: 584.01, 40.34, score: 70.7408, ssr ratio: 0.0000
batch training loss: 626.37, 40.22, score: 48.6462, ssr ratio: 0.0000
batch training loss: 493.39, 85.64, score: 86.1410, ssr ratio: 0.0000
batch training loss: 530.62, 45.04, score: -0.9541, ssr ratio: 0.0000
batch training loss: 543.70, 40.76, score: 86.0089, ssr ratio: 0.0000
batch training loss: 553.03, 55.20, score: 95.7646, ssr ratio: 0.0000
batch training loss: 516.19, 36.31, score: 48.9200, ssr ratio: 0.0000
batch training loss: 618.91, 45.35, score: 53.2760, ssr ratio: 0.0000
batch training loss: 528.33, 45.94, score: 31.7692, ssr ratio: 0.0000
batch training loss: 583.59, 66.60, score: -4.3000, ssr ratio: 0.0000
tensor([0.9353, 0.8895, 0.8454, 0.8051, 0.7648, 0.7253, 0.6914, 0.6640, 0.6386,
        0.6132, 0.5943, 0.5860, 0.5871, 0.5893, 0.5848, 0.5691, 0.5423, 0.5122,
        0.4918, 0.4855, 0.4833, 0.4838, 0.4862, 0.4889], device='cuda:4')
epoch eval loss:
sst: 592.28, nino: 127.19, sc: 43.2483
eval score is not improved for 11 epoch

epoch: 14
batch training loss: 487.09, 61.81, score: 98.9557, ssr ratio: 0.0000
batch training loss: 545.54, 73.79, score: 96.2258, ssr ratio: 0.0000
batch training loss: 581.71, 50.08, score: 9.7919, ssr ratio: 0.0000
batch training loss: 483.87, 70.82, score: 6.8658, ssr ratio: 0.0000
batch training loss: 589.43, 56.81, score: 84.9529, ssr ratio: 0.0000
batch training loss: 518.64, 50.40, score: 40.5528, ssr ratio: 0.0000
batch training loss: 551.49, 50.96, score: 92.9663, ssr ratio: 0.0000
batch training loss: 614.54, 60.45, score: 96.5201, ssr ratio: 0.0000
batch training loss: 543.85, 23.97, score: 94.4111, ssr ratio: 0.0000
batch training loss: 524.80, 42.27, score: 70.1492, ssr ratio: 0.0000
batch training loss: 517.03, 25.49, score: 69.0497, ssr ratio: 0.0000
batch training loss: 481.71, 34.57, score: 103.6856, ssr ratio: 0.0000
batch training loss: 545.39, 31.11, score: 104.4307, ssr ratio: 0.0000
batch training loss: 522.73, 68.79, score: 36.8060, ssr ratio: 0.0000
tensor([0.9416, 0.8983, 0.8560, 0.8165, 0.7758, 0.7351, 0.6995, 0.6690, 0.6404,
        0.6134, 0.5951, 0.5894, 0.5932, 0.5965, 0.5928, 0.5774, 0.5507, 0.5205,
        0.5004, 0.4938, 0.4912, 0.4926, 0.4969, 0.5012], device='cuda:4')
epoch eval loss:
sst: 591.84, nino: 126.31, sc: 44.2245
eval score is not improved for 12 epoch

epoch: 15
batch training loss: 548.03, 31.28, score: 99.5465, ssr ratio: 0.0000
batch training loss: 484.93, 42.90, score: 98.4014, ssr ratio: 0.0000
batch training loss: 555.92, 86.97, score: -17.0396, ssr ratio: 0.0000
batch training loss: 552.97, 35.71, score: 37.9222, ssr ratio: 0.0000
batch training loss: 563.09, 67.44, score: -52.0786, ssr ratio: 0.0000
batch training loss: 503.85, 41.80, score: 68.0258, ssr ratio: 0.0000
batch training loss: 643.72, 49.59, score: 82.0543, ssr ratio: 0.0000
batch training loss: 575.71, 28.34, score: 98.6017, ssr ratio: 0.0000
batch training loss: 599.17, 73.85, score: 39.2678, ssr ratio: 0.0000
batch training loss: 543.22, 82.72, score: 87.4825, ssr ratio: 0.0000
batch training loss: 546.09, 69.48, score: 68.8747, ssr ratio: 0.0000
batch training loss: 473.97, 43.46, score: 96.4984, ssr ratio: 0.0000
batch training loss: 551.48, 34.60, score: 64.9876, ssr ratio: 0.0000
batch training loss: 491.65, 49.44, score: 50.9611, ssr ratio: 0.0000
tensor([0.9414, 0.8976, 0.8539, 0.8120, 0.7686, 0.7266, 0.6931, 0.6674, 0.6437,
        0.6195, 0.6030, 0.5989, 0.6041, 0.6086, 0.6054, 0.5899, 0.5624, 0.5306,
        0.5089, 0.5010, 0.4971, 0.4971, 0.5004, 0.5049], device='cuda:4')
epoch eval loss:
sst: 594.84, nino: 124.90, sc: 45.1587
eval score is not improved for 13 epoch

epoch: 16
batch training loss: 483.55, 30.67, score: 86.8510, ssr ratio: 0.0000
batch training loss: 542.02, 38.58, score: 69.5977, ssr ratio: 0.0000
batch training loss: 494.53, 53.97, score: 91.0825, ssr ratio: 0.0000
batch training loss: 522.54, 72.17, score: 48.4648, ssr ratio: 0.0000
batch training loss: 519.65, 68.41, score: 85.9896, ssr ratio: 0.0000
batch training loss: 513.42, 33.50, score: 86.5858, ssr ratio: 0.0000
batch training loss: 567.23, 56.57, score: -13.1068, ssr ratio: 0.0000
batch training loss: 487.65, 36.34, score: 103.2662, ssr ratio: 0.0000
batch training loss: 521.65, 49.30, score: 99.9461, ssr ratio: 0.0000
batch training loss: 537.51, 30.62, score: 73.5648, ssr ratio: 0.0000
batch training loss: 522.86, 29.84, score: 72.0616, ssr ratio: 0.0000
batch training loss: 612.29, 37.09, score: 53.2661, ssr ratio: 0.0000
batch training loss: 585.93, 47.57, score: 75.7881, ssr ratio: 0.0000
batch training loss: 518.74, 41.99, score: 89.5336, ssr ratio: 0.0000
tensor([0.9424, 0.8994, 0.8557, 0.8128, 0.7675, 0.7228, 0.6851, 0.6546, 0.6276,
        0.6027, 0.5863, 0.5816, 0.5853, 0.5887, 0.5853, 0.5703, 0.5435, 0.5125,
        0.4913, 0.4839, 0.4806, 0.4812, 0.4845, 0.4877], device='cuda:4')
epoch eval loss:
sst: 593.41, nino: 127.31, sc: 43.0690
eval score is not improved for 14 epoch

epoch: 17
batch training loss: 512.72, 33.47, score: 102.6952, ssr ratio: 0.0000
batch training loss: 598.79, 58.86, score: 19.4748, ssr ratio: 0.0000
batch training loss: 585.64, 33.58, score: 54.5430, ssr ratio: 0.0000
batch training loss: 617.65, 53.44, score: 72.6236, ssr ratio: 0.0000
batch training loss: 504.19, 58.33, score: 23.9805, ssr ratio: 0.0000
batch training loss: 496.60, 62.78, score: 101.5537, ssr ratio: 0.0000
batch training loss: 521.98, 63.51, score: 76.1443, ssr ratio: 0.0000
batch training loss: 598.61, 59.50, score: 90.7540, ssr ratio: 0.0000
batch training loss: 528.45, 66.45, score: -5.5239, ssr ratio: 0.0000
batch training loss: 479.17, 39.48, score: 103.3322, ssr ratio: 0.0000
batch training loss: 547.37, 47.31, score: 103.1375, ssr ratio: 0.0000
batch training loss: 642.63, 135.11, score: 54.1003, ssr ratio: 0.0000
batch training loss: 493.24, 33.91, score: 52.9510, ssr ratio: 0.0000
batch training loss: 563.36, 45.37, score: 91.4489, ssr ratio: 0.0000
tensor([0.9452, 0.9047, 0.8639, 0.8248, 0.7841, 0.7436, 0.7091, 0.6790, 0.6501,
        0.6220, 0.6025, 0.5948, 0.5955, 0.5953, 0.5875, 0.5695, 0.5424, 0.5135,
        0.4948, 0.4876, 0.4822, 0.4815, 0.4851, 0.4890], device='cuda:4')
epoch eval loss:
sst: 595.04, nino: 125.68, sc: 44.0725
eval score is not improved for 15 epoch

epoch: 18
batch training loss: 524.59, 40.40, score: 40.3438, ssr ratio: 0.0000
batch training loss: 578.70, 41.96, score: 59.8643, ssr ratio: 0.0000
batch training loss: 558.44, 34.46, score: 79.9642, ssr ratio: 0.0000
batch training loss: 510.55, 52.29, score: -50.0229, ssr ratio: 0.0000
batch training loss: 536.32, 68.00, score: 12.3117, ssr ratio: 0.0000
batch training loss: 507.83, 43.17, score: 98.6134, ssr ratio: 0.0000
batch training loss: 488.96, 55.12, score: 34.3404, ssr ratio: 0.0000
batch training loss: 517.24, 38.70, score: 98.1878, ssr ratio: 0.0000
batch training loss: 565.10, 38.85, score: 91.3074, ssr ratio: 0.0000
batch training loss: 591.87, 46.05, score: 87.6425, ssr ratio: 0.0000
batch training loss: 561.15, 35.11, score: 104.2207, ssr ratio: 0.0000
batch training loss: 546.07, 53.07, score: 101.5968, ssr ratio: 0.0000
batch training loss: 565.62, 48.70, score: 103.4728, ssr ratio: 0.0000
batch training loss: 514.33, 38.57, score: 104.0827, ssr ratio: 0.0000
tensor([0.9441, 0.9028, 0.8606, 0.8187, 0.7739, 0.7291, 0.6915, 0.6607, 0.6334,
        0.6076, 0.5910, 0.5876, 0.5934, 0.5982, 0.5947, 0.5799, 0.5554, 0.5278,
        0.5087, 0.5012, 0.4955, 0.4928, 0.4941, 0.4995], device='cuda:4')
epoch eval loss:
sst: 597.35, nino: 127.65, sc: 44.2788
eval score is not improved for 16 epoch

epoch: 19
batch training loss: 508.87, 39.38, score: 93.5833, ssr ratio: 0.0000
batch training loss: 473.69, 52.32, score: 91.9448, ssr ratio: 0.0000
batch training loss: 529.11, 67.99, score: 67.5528, ssr ratio: 0.0000
batch training loss: 567.09, 76.23, score: 40.5804, ssr ratio: 0.0000
batch training loss: 472.30, 54.43, score: 72.7467, ssr ratio: 0.0000
batch training loss: 612.31, 27.86, score: 103.5280, ssr ratio: 0.0000
batch training loss: 552.28, 71.85, score: 59.6422, ssr ratio: 0.0000
batch training loss: 573.92, 28.92, score: 103.7285, ssr ratio: 0.0000
batch training loss: 531.39, 74.94, score: 13.6041, ssr ratio: 0.0000
batch training loss: 504.87, 44.30, score: 55.3998, ssr ratio: 0.0000
batch training loss: 550.65, 46.85, score: 102.1987, ssr ratio: 0.0000
batch training loss: 459.38, 50.94, score: 100.9253, ssr ratio: 0.0000
batch training loss: 604.90, 31.00, score: 104.2572, ssr ratio: 0.0000
batch training loss: 525.28, 43.92, score: 63.2584, ssr ratio: 0.0000
tensor([0.9420, 0.8982, 0.8538, 0.8108, 0.7662, 0.7223, 0.6863, 0.6589, 0.6346,
        0.6097, 0.5917, 0.5856, 0.5873, 0.5881, 0.5827, 0.5661, 0.5358, 0.4989,
        0.4732, 0.4639, 0.4607, 0.4632, 0.4701, 0.4780], device='cuda:4')
epoch eval loss:
sst: 594.54, nino: 127.77, sc: 42.1647
eval score is not improved for 17 epoch

epoch: 20
batch training loss: 549.29, 43.60, score: 63.4849, ssr ratio: 0.0000
batch training loss: 492.80, 54.71, score: -5.2638, ssr ratio: 0.0000
batch training loss: 611.99, 43.31, score: 100.1506, ssr ratio: 0.0000
batch training loss: 497.55, 45.32, score: 94.9525, ssr ratio: 0.0000
batch training loss: 499.78, 42.78, score: 97.4209, ssr ratio: 0.0000
batch training loss: 447.81, 34.68, score: 48.4128, ssr ratio: 0.0000
batch training loss: 480.97, 42.53, score: 104.0568, ssr ratio: 0.0000
batch training loss: 505.40, 58.23, score: 99.3430, ssr ratio: 0.0000
batch training loss: 502.70, 54.18, score: 35.1816, ssr ratio: 0.0000
batch training loss: 520.34, 45.19, score: 5.6452, ssr ratio: 0.0000
batch training loss: 538.71, 47.20, score: 83.9351, ssr ratio: 0.0000
batch training loss: 541.79, 47.60, score: -17.6085, ssr ratio: 0.0000
batch training loss: 530.41, 38.91, score: 75.6020, ssr ratio: 0.0000
batch training loss: 526.52, 34.19, score: 102.1429, ssr ratio: 0.0000
tensor([0.9397, 0.8953, 0.8499, 0.8046, 0.7565, 0.7101, 0.6738, 0.6485, 0.6278,
        0.6063, 0.5902, 0.5839, 0.5850, 0.5857, 0.5802, 0.5650, 0.5405, 0.5129,
        0.4949, 0.4891, 0.4857, 0.4851, 0.4875, 0.4932], device='cuda:4')
epoch eval loss:
sst: 595.59, nino: 126.13, sc: 43.2585
eval score is not improved for 18 epoch

epoch: 21
batch training loss: 463.87, 44.38, score: 98.1161, ssr ratio: 0.0000
batch training loss: 526.68, 30.41, score: 97.0767, ssr ratio: 0.0000
batch training loss: 498.74, 47.58, score: -29.1602, ssr ratio: 0.0000
batch training loss: 479.93, 29.73, score: 93.4945, ssr ratio: 0.0000
batch training loss: 522.99, 72.02, score: 70.1723, ssr ratio: 0.0000
batch training loss: 495.31, 46.38, score: 91.2647, ssr ratio: 0.0000
batch training loss: 490.69, 55.10, score: 41.8290, ssr ratio: 0.0000
batch training loss: 539.83, 41.81, score: 103.1887, ssr ratio: 0.0000
batch training loss: 477.70, 20.00, score: 100.7384, ssr ratio: 0.0000
batch training loss: 550.03, 29.11, score: 65.9775, ssr ratio: 0.0000
batch training loss: 480.21, 49.25, score: 102.6243, ssr ratio: 0.0000
batch training loss: 557.60, 53.90, score: 22.5655, ssr ratio: 0.0000
batch training loss: 462.79, 48.93, score: 23.5562, ssr ratio: 0.0000
batch training loss: 549.50, 103.90, score: -37.4668, ssr ratio: 0.0000
tensor([0.9439, 0.9034, 0.8622, 0.8198, 0.7728, 0.7259, 0.6881, 0.6603, 0.6360,
        0.6119, 0.5949, 0.5881, 0.5887, 0.5879, 0.5800, 0.5625, 0.5357, 0.5068,
        0.4905, 0.4889, 0.4889, 0.4900, 0.4930, 0.4970], device='cuda:4')
epoch eval loss:
sst: 594.89, nino: 126.06, sc: 43.6028
eval score is not improved for 19 epoch

epoch: 22
batch training loss: 524.44, 52.84, score: 75.3687, ssr ratio: 0.0000
batch training loss: 500.47, 40.76, score: 92.5205, ssr ratio: 0.0000
batch training loss: 605.01, 90.02, score: -1.7191, ssr ratio: 0.0000
batch training loss: 570.82, 38.16, score: 104.9611, ssr ratio: 0.0000
batch training loss: 581.22, 65.02, score: 100.9158, ssr ratio: 0.0000
batch training loss: 533.61, 56.50, score: 102.0844, ssr ratio: 0.0000
batch training loss: 586.79, 42.42, score: 4.0978, ssr ratio: 0.0000
batch training loss: 594.93, 38.02, score: 91.2813, ssr ratio: 0.0000
batch training loss: 567.70, 110.94, score: -12.4029, ssr ratio: 0.0000
batch training loss: 607.61, 22.66, score: 105.0297, ssr ratio: 0.0000
batch training loss: 503.61, 32.49, score: 104.3043, ssr ratio: 0.0000
batch training loss: 598.25, 36.60, score: 82.0332, ssr ratio: 0.0000
batch training loss: 471.16, 59.93, score: 15.4304, ssr ratio: 0.0000
batch training loss: 520.00, 38.94, score: 82.9420, ssr ratio: 0.0000
tensor([0.9435, 0.9027, 0.8615, 0.8198, 0.7742, 0.7277, 0.6875, 0.6550, 0.6270,
        0.6008, 0.5832, 0.5757, 0.5749, 0.5732, 0.5667, 0.5522, 0.5290, 0.5034,
        0.4878, 0.4837, 0.4809, 0.4803, 0.4823, 0.4859], device='cuda:4')
epoch eval loss:
sst: 593.32, nino: 126.98, sc: 42.6238
eval score is not improved for 20 epoch
early stopping reached, best score is 46.698793

----- training finished -----

processing test set
(395, 38, 24, 48, 1, 4)
(395, 38, 24, 48, 4)
(395, 38, 3)
predData.shape= (395, 38, 2, 24, 48)
{'sst': (395, 38, 24, 48, 6), 'nino target': (395, 38, 3)}
loading test dataloader
Traceback (most recent call last):
  File "trainer.py", line 264, in <module>
    trainer.network.load_state_dict(chk['net'])
  File "/home/ruichuang/anaconda3/envs/AGCRN_env/lib/python3.8/site-packages/torch/nn/modules/module.py", line 1604, in load_state_dict
    raise RuntimeError('Error(s) in loading state_dict for {}:\n\t{}'.format(
RuntimeError: Error(s) in loading state_dict for SAConvLSTM:
	size mismatch for layers.0.conv.weight: copying a param with shape torch.Size([128, 40, 3, 3]) from checkpoint, the shape in current model is torch.Size([256, 72, 3, 3]).
	size mismatch for layers.0.conv.bias: copying a param with shape torch.Size([128]) from checkpoint, the shape in current model is torch.Size([256]).
	size mismatch for layers.0.sa.conv_h.weight: copying a param with shape torch.Size([48, 32, 1, 1]) from checkpoint, the shape in current model is torch.Size([96, 64, 1, 1]).
	size mismatch for layers.0.sa.conv_h.bias: copying a param with shape torch.Size([48]) from checkpoint, the shape in current model is torch.Size([96]).
	size mismatch for layers.0.sa.conv_m.weight: copying a param with shape torch.Size([32, 32, 1, 1]) from checkpoint, the shape in current model is torch.Size([64, 64, 1, 1]).
	size mismatch for layers.0.sa.conv_m.bias: copying a param with shape torch.Size([32]) from checkpoint, the shape in current model is torch.Size([64]).
	size mismatch for layers.0.sa.conv_z.weight: copying a param with shape torch.Size([16, 32, 1, 1]) from checkpoint, the shape in current model is torch.Size([32, 64, 1, 1]).
	size mismatch for layers.0.sa.conv_z.bias: copying a param with shape torch.Size([16]) from checkpoint, the shape in current model is torch.Size([32]).
	size mismatch for layers.0.sa.conv_output.weight: copying a param with shape torch.Size([96, 48, 3, 3]) from checkpoint, the shape in current model is torch.Size([192, 96, 3, 3]).
	size mismatch for layers.0.sa.conv_output.bias: copying a param with shape torch.Size([96]) from checkpoint, the shape in current model is torch.Size([192]).
	size mismatch for layers.1.conv.weight: copying a param with shape torch.Size([128, 64, 3, 3]) from checkpoint, the shape in current model is torch.Size([256, 128, 3, 3]).
	size mismatch for layers.1.conv.bias: copying a param with shape torch.Size([128]) from checkpoint, the shape in current model is torch.Size([256]).
	size mismatch for layers.1.sa.conv_h.weight: copying a param with shape torch.Size([48, 32, 1, 1]) from checkpoint, the shape in current model is torch.Size([96, 64, 1, 1]).
	size mismatch for layers.1.sa.conv_h.bias: copying a param with shape torch.Size([48]) from checkpoint, the shape in current model is torch.Size([96]).
	size mismatch for layers.1.sa.conv_m.weight: copying a param with shape torch.Size([32, 32, 1, 1]) from checkpoint, the shape in current model is torch.Size([64, 64, 1, 1]).
	size mismatch for layers.1.sa.conv_m.bias: copying a param with shape torch.Size([32]) from checkpoint, the shape in current model is torch.Size([64]).
	size mismatch for layers.1.sa.conv_z.weight: copying a param with shape torch.Size([16, 32, 1, 1]) from checkpoint, the shape in current model is torch.Size([32, 64, 1, 1]).
	size mismatch for layers.1.sa.conv_z.bias: copying a param with shape torch.Size([16]) from checkpoint, the shape in current model is torch.Size([32]).
	size mismatch for layers.1.sa.conv_output.weight: copying a param with shape torch.Size([96, 48, 3, 3]) from checkpoint, the shape in current model is torch.Size([192, 96, 3, 3]).
	size mismatch for layers.1.sa.conv_output.bias: copying a param with shape torch.Size([96]) from checkpoint, the shape in current model is torch.Size([192]).
	size mismatch for layers.2.conv.weight: copying a param with shape torch.Size([128, 64, 3, 3]) from checkpoint, the shape in current model is torch.Size([256, 128, 3, 3]).
	size mismatch for layers.2.conv.bias: copying a param with shape torch.Size([128]) from checkpoint, the shape in current model is torch.Size([256]).
	size mismatch for layers.2.sa.conv_h.weight: copying a param with shape torch.Size([48, 32, 1, 1]) from checkpoint, the shape in current model is torch.Size([96, 64, 1, 1]).
	size mismatch for layers.2.sa.conv_h.bias: copying a param with shape torch.Size([48]) from checkpoint, the shape in current model is torch.Size([96]).
	size mismatch for layers.2.sa.conv_m.weight: copying a param with shape torch.Size([32, 32, 1, 1]) from checkpoint, the shape in current model is torch.Size([64, 64, 1, 1]).
	size mismatch for layers.2.sa.conv_m.bias: copying a param with shape torch.Size([32]) from checkpoint, the shape in current model is torch.Size([64]).
	size mismatch for layers.2.sa.conv_z.weight: copying a param with shape torch.Size([16, 32, 1, 1]) from checkpoint, the shape in current model is torch.Size([32, 64, 1, 1]).
	size mismatch for layers.2.sa.conv_z.bias: copying a param with shape torch.Size([16]) from checkpoint, the shape in current model is torch.Size([32]).
	size mismatch for layers.2.sa.conv_output.weight: copying a param with shape torch.Size([96, 48, 3, 3]) from checkpoint, the shape in current model is torch.Size([192, 96, 3, 3]).
	size mismatch for layers.2.sa.conv_output.bias: copying a param with shape torch.Size([96]) from checkpoint, the shape in current model is torch.Size([192]).
	size mismatch for layers.3.conv.weight: copying a param with shape torch.Size([128, 64, 3, 3]) from checkpoint, the shape in current model is torch.Size([256, 128, 3, 3]).
	size mismatch for layers.3.conv.bias: copying a param with shape torch.Size([128]) from checkpoint, the shape in current model is torch.Size([256]).
	size mismatch for layers.3.sa.conv_h.weight: copying a param with shape torch.Size([48, 32, 1, 1]) from checkpoint, the shape in current model is torch.Size([96, 64, 1, 1]).
	size mismatch for layers.3.sa.conv_h.bias: copying a param with shape torch.Size([48]) from checkpoint, the shape in current model is torch.Size([96]).
	size mismatch for layers.3.sa.conv_m.weight: copying a param with shape torch.Size([32, 32, 1, 1]) from checkpoint, the shape in current model is torch.Size([64, 64, 1, 1]).
	size mismatch for layers.3.sa.conv_m.bias: copying a param with shape torch.Size([32]) from checkpoint, the shape in current model is torch.Size([64]).
	size mismatch for layers.3.sa.conv_z.weight: copying a param with shape torch.Size([16, 32, 1, 1]) from checkpoint, the shape in current model is torch.Size([32, 64, 1, 1]).
	size mismatch for layers.3.sa.conv_z.bias: copying a param with shape torch.Size([16]) from checkpoint, the shape in current model is torch.Size([32]).
	size mismatch for layers.3.sa.conv_output.weight: copying a param with shape torch.Size([96, 48, 3, 3]) from checkpoint, the shape in current model is torch.Size([192, 96, 3, 3]).
	size mismatch for layers.3.sa.conv_output.bias: copying a param with shape torch.Size([96]) from checkpoint, the shape in current model is torch.Size([192]).
	size mismatch for conv_output.weight: copying a param with shape torch.Size([2, 32, 1, 1]) from checkpoint, the shape in current model is torch.Size([2, 64, 1, 1]).
