nohup: 忽略输入
{'n_cpu': 0, 'device': device(type='cuda', index=2), 'batch_size_test': 40, 'batch_size': 2, 'lr': 0.001, 'weight_decay': 0, 'display_interval': 250, 'num_epochs': 50, 'early_stopping': True, 'patience': 20, 'gradient_clipping': True, 'clipping_threshold': 1.0, 'input_dim': 8, 'output_dim': 2, 'input_length': 12, 'output_length': 24, 'input_gap': 1, 'pred_shift': 24, 'model_i': 0, 'kernel_size': (3, 3), 'bias': True, 'hidden_dim_1': (128, 128, 128, 128), 'd_attn_1': 16, 'ssr_decay_rate': 8e-05, 'hidden_dim_2': (32, 32, 32, 32), 'd_attn_2': 16, 'hidden_dim_3': (32, 32, 32, 32), 'd_attn_3': 16, 'hidden_dim_4': (32, 32, 32, 32), 'd_attn_4': 16, 'hidden_dim_5': (32, 32, 32, 32), 'd_attn_5': 16, 'use_hc': 1, 'time': 'hybrid', 'save_last': 0}

reading data
(1692, 24, 48, 21, 4) (432, 24, 48, 1, 4)
(1692, 21, 3) (432, 1, 3)
processing training set
(331, 38, 24, 48, 21, 4)
(6951, 38, 24, 48, 4)
(6951, 38, 3)
predData.shape= (6951, 38, 2, 24, 48)
{'sst': (6951, 38, 24, 48, 6), 'nino target': (6951, 38, 3)}
processing eval set
(395, 38, 24, 48, 1, 4)
(395, 38, 24, 48, 4)
(395, 38, 3)
predData.shape= (395, 38, 2, 24, 48)
{'sst': (395, 38, 24, 48, 6), 'nino target': (395, 38, 3)}
Total params num: 6221954
*****************Finish Parameter****************
loading train dataloader
loading eval dataloader

epoch: 1
batch training loss: 727.12, 106.71, score: -12.0126, ssr ratio: 0.9999
batch training loss: 385.34, 33.67, score: 103.1139, ssr ratio: 0.9799
batch training loss: 396.25, 20.92, score: 105.6857, ssr ratio: 0.9599
batch training loss: 404.89, 29.62, score: 53.5741, ssr ratio: 0.9399
batch training loss: 405.85, 28.07, score: 94.0651, ssr ratio: 0.9199
batch training loss: 363.54, 20.87, score: 102.8943, ssr ratio: 0.8999
batch training loss: 391.35, 17.67, score: 85.1042, ssr ratio: 0.8799
batch training loss: 362.47, 19.56, score: 96.6485, ssr ratio: 0.8599
batch training loss: 458.75, 17.82, score: 85.4897, ssr ratio: 0.8399
batch training loss: 455.35, 32.08, score: 104.2208, ssr ratio: 0.8199
batch training loss: 456.47, 21.40, score: 65.0614, ssr ratio: 0.7999
batch training loss: 369.90, 20.85, score: 106.8343, ssr ratio: 0.7799
batch training loss: 343.43, 17.34, score: 104.3076, ssr ratio: 0.7599
batch training loss: 436.67, 19.00, score: 51.6915, ssr ratio: 0.7399
tensor([0.9383, 0.8923, 0.8495, 0.8115, 0.7784, 0.7482, 0.7221, 0.6996, 0.6797,
        0.6591, 0.6406, 0.6280, 0.6234, 0.6221, 0.6171, 0.6041, 0.5810, 0.5529,
        0.5287, 0.5144, 0.5036, 0.4949, 0.4872, 0.4818], device='cuda:2')
epoch eval loss:
sst: 627.65, nino: 126.03, sc: 46.5066
eval score is improved from -inf to 46.50662, saving model

epoch: 2
batch training loss: 399.87, 16.84, score: 100.9339, ssr ratio: 0.7218
batch training loss: 435.68, 20.27, score: 95.8562, ssr ratio: 0.7018
batch training loss: 357.11, 36.45, score: 93.8386, ssr ratio: 0.6818
batch training loss: 484.68, 16.86, score: 100.5102, ssr ratio: 0.6618
batch training loss: 449.53, 25.13, score: 105.3408, ssr ratio: 0.6418
batch training loss: 397.40, 24.78, score: 103.1606, ssr ratio: 0.6218
batch training loss: 461.01, 25.74, score: 84.0308, ssr ratio: 0.6018
batch training loss: 399.78, 23.07, score: 105.1358, ssr ratio: 0.5818
batch training loss: 458.94, 27.84, score: 81.7281, ssr ratio: 0.5618
batch training loss: 396.41, 23.01, score: 73.1712, ssr ratio: 0.5418
batch training loss: 440.44, 28.83, score: 104.2262, ssr ratio: 0.5218
batch training loss: 407.46, 25.18, score: 93.6259, ssr ratio: 0.5018
batch training loss: 432.23, 16.02, score: 104.3149, ssr ratio: 0.4818
batch training loss: 494.71, 29.54, score: 88.6851, ssr ratio: 0.4618
tensor([0.9376, 0.8917, 0.8499, 0.8120, 0.7763, 0.7406, 0.7079, 0.6791, 0.6538,
        0.6308, 0.6157, 0.6111, 0.6168, 0.6236, 0.6216, 0.6070, 0.5798, 0.5474,
        0.5236, 0.5145, 0.5103, 0.5090, 0.5107, 0.5131], device='cuda:2')
epoch eval loss:
sst: 589.41, nino: 126.08, sc: 46.3113
Epoch 00002: reducing learning rate of group 0 to 3.0000e-04.
eval score is not improved for 1 epoch

epoch: 3
batch training loss: 489.96, 32.11, score: 71.9639, ssr ratio: 0.4438
batch training loss: 462.36, 31.73, score: 82.6480, ssr ratio: 0.4238
batch training loss: 392.41, 48.93, score: 48.2219, ssr ratio: 0.4038
batch training loss: 387.37, 32.02, score: 105.1079, ssr ratio: 0.3838
batch training loss: 461.52, 38.96, score: 103.4350, ssr ratio: 0.3638
batch training loss: 492.84, 25.82, score: 105.0020, ssr ratio: 0.3438
batch training loss: 417.86, 27.65, score: 104.8432, ssr ratio: 0.3238
batch training loss: 482.74, 27.08, score: 102.2871, ssr ratio: 0.3038
batch training loss: 398.25, 25.33, score: 89.9414, ssr ratio: 0.2838
batch training loss: 495.13, 24.60, score: 74.6823, ssr ratio: 0.2638
batch training loss: 425.20, 34.99, score: 103.5099, ssr ratio: 0.2438
batch training loss: 489.38, 27.71, score: 102.0011, ssr ratio: 0.2238
batch training loss: 441.14, 33.91, score: 102.7339, ssr ratio: 0.2038
batch training loss: 477.80, 35.20, score: 104.8450, ssr ratio: 0.1838
tensor([0.9397, 0.8936, 0.8469, 0.8017, 0.7575, 0.7145, 0.6780, 0.6500, 0.6277,
        0.6071, 0.5926, 0.5872, 0.5918, 0.5978, 0.5972, 0.5856, 0.5618, 0.5327,
        0.5109, 0.5025, 0.4980, 0.4965, 0.4966, 0.4968], device='cuda:2')
epoch eval loss:
sst: 591.91, nino: 124.47, sc: 44.5505
Epoch 00003: reducing learning rate of group 0 to 1.0000e-04.
eval score is not improved for 2 epoch

epoch: 4
batch training loss: 482.77, 24.12, score: 105.5853, ssr ratio: 0.1657
batch training loss: 440.75, 36.51, score: 93.6937, ssr ratio: 0.1457
batch training loss: 415.47, 24.01, score: 105.8718, ssr ratio: 0.1257
batch training loss: 549.04, 39.15, score: 81.6151, ssr ratio: 0.1057
batch training loss: 533.14, 36.86, score: 100.8147, ssr ratio: 0.0857
batch training loss: 557.23, 40.39, score: 60.7772, ssr ratio: 0.0657
batch training loss: 531.57, 28.14, score: 92.6520, ssr ratio: 0.0457
batch training loss: 523.10, 46.31, score: 86.5059, ssr ratio: 0.0257
batch training loss: 539.05, 42.56, score: 103.3871, ssr ratio: 0.0057
batch training loss: 614.95, 68.51, score: 90.3548, ssr ratio: 0.0000
batch training loss: 618.01, 86.37, score: 30.5524, ssr ratio: 0.0000
batch training loss: 516.03, 46.27, score: 103.7846, ssr ratio: 0.0000
batch training loss: 508.52, 39.76, score: 101.9573, ssr ratio: 0.0000
batch training loss: 551.89, 45.54, score: 69.5753, ssr ratio: 0.0000
tensor([0.9463, 0.9068, 0.8674, 0.8284, 0.7881, 0.7461, 0.7093, 0.6798, 0.6539,
        0.6293, 0.6125, 0.6072, 0.6122, 0.6173, 0.6147, 0.5993, 0.5717, 0.5403,
        0.5186, 0.5111, 0.5077, 0.5068, 0.5073, 0.5081], device='cuda:2')
epoch eval loss:
sst: 590.89, nino: 123.51, sc: 46.3954
eval score is not improved for 3 epoch

epoch: 5
batch training loss: 510.84, 32.82, score: 104.2533, ssr ratio: 0.0000
batch training loss: 582.15, 51.27, score: 42.5572, ssr ratio: 0.0000
batch training loss: 520.01, 52.22, score: 95.0502, ssr ratio: 0.0000
batch training loss: 549.92, 60.31, score: 40.1017, ssr ratio: 0.0000
batch training loss: 529.01, 45.36, score: 101.6149, ssr ratio: 0.0000
batch training loss: 551.06, 45.17, score: 98.6763, ssr ratio: 0.0000
batch training loss: 504.36, 24.80, score: 103.0743, ssr ratio: 0.0000
batch training loss: 532.47, 62.15, score: 9.2916, ssr ratio: 0.0000
batch training loss: 659.51, 113.34, score: -27.3310, ssr ratio: 0.0000
batch training loss: 526.22, 33.70, score: 103.7780, ssr ratio: 0.0000
batch training loss: 486.42, 43.46, score: 85.9106, ssr ratio: 0.0000
batch training loss: 489.31, 59.76, score: 101.5954, ssr ratio: 0.0000
batch training loss: 471.58, 41.98, score: 28.1481, ssr ratio: 0.0000
batch training loss: 628.18, 46.81, score: 99.2779, ssr ratio: 0.0000
tensor([0.9466, 0.9091, 0.8727, 0.8370, 0.7994, 0.7590, 0.7224, 0.6920, 0.6653,
        0.6406, 0.6241, 0.6190, 0.6247, 0.6312, 0.6294, 0.6127, 0.5827, 0.5490,
        0.5259, 0.5175, 0.5135, 0.5124, 0.5136, 0.5158], device='cuda:2')
epoch eval loss:
sst: 593.35, nino: 122.11, sc: 47.6893
eval score is improved from 46.50662 to 47.68933, saving model

epoch: 6
batch training loss: 538.00, 57.99, score: 23.2284, ssr ratio: 0.0000
batch training loss: 594.17, 47.61, score: 102.5953, ssr ratio: 0.0000
batch training loss: 560.52, 25.89, score: 105.2505, ssr ratio: 0.0000
batch training loss: 539.65, 67.81, score: 101.7937, ssr ratio: 0.0000
batch training loss: 516.49, 41.67, score: 97.7490, ssr ratio: 0.0000
batch training loss: 533.11, 34.35, score: 28.2094, ssr ratio: 0.0000
batch training loss: 551.54, 33.30, score: 104.1685, ssr ratio: 0.0000
batch training loss: 595.14, 47.30, score: 94.8965, ssr ratio: 0.0000
batch training loss: 455.84, 30.32, score: 104.9346, ssr ratio: 0.0000
batch training loss: 537.55, 67.71, score: 97.5802, ssr ratio: 0.0000
batch training loss: 512.79, 53.92, score: 39.7887, ssr ratio: 0.0000
batch training loss: 599.04, 58.78, score: 35.2646, ssr ratio: 0.0000
batch training loss: 539.65, 42.35, score: 103.7051, ssr ratio: 0.0000
batch training loss: 538.40, 49.21, score: 50.3996, ssr ratio: 0.0000
tensor([0.9441, 0.9050, 0.8689, 0.8352, 0.8000, 0.7622, 0.7270, 0.6965, 0.6686,
        0.6420, 0.6230, 0.6155, 0.6190, 0.6235, 0.6207, 0.6049, 0.5767, 0.5451,
        0.5235, 0.5159, 0.5119, 0.5096, 0.5080, 0.5076], device='cuda:2')
epoch eval loss:
sst: 590.83, nino: 123.46, sc: 47.0940
eval score is not improved for 1 epoch

epoch: 7
batch training loss: 475.65, 39.15, score: 88.5884, ssr ratio: 0.0000
batch training loss: 498.80, 39.16, score: 20.9151, ssr ratio: 0.0000
batch training loss: 505.85, 26.55, score: 60.5607, ssr ratio: 0.0000
batch training loss: 520.47, 37.51, score: 47.3604, ssr ratio: 0.0000
batch training loss: 569.46, 46.55, score: 102.8463, ssr ratio: 0.0000
batch training loss: 575.45, 58.96, score: 41.1559, ssr ratio: 0.0000
batch training loss: 547.64, 27.68, score: 105.4240, ssr ratio: 0.0000
batch training loss: 546.78, 54.01, score: 100.6608, ssr ratio: 0.0000
batch training loss: 573.92, 65.17, score: 66.9870, ssr ratio: 0.0000
batch training loss: 499.79, 50.21, score: 101.6509, ssr ratio: 0.0000
batch training loss: 585.48, 50.14, score: 68.9221, ssr ratio: 0.0000
batch training loss: 551.04, 34.59, score: 104.1418, ssr ratio: 0.0000
batch training loss: 500.97, 50.64, score: 102.3431, ssr ratio: 0.0000
batch training loss: 591.80, 27.34, score: 104.7747, ssr ratio: 0.0000
tensor([0.9489, 0.9119, 0.8751, 0.8389, 0.8007, 0.7597, 0.7221, 0.6900, 0.6613,
        0.6346, 0.6163, 0.6107, 0.6173, 0.6248, 0.6237, 0.6082, 0.5795, 0.5474,
        0.5262, 0.5192, 0.5156, 0.5140, 0.5140, 0.5147], device='cuda:2')
epoch eval loss:
sst: 591.22, nino: 122.81, sc: 47.3635
eval score is not improved for 2 epoch

epoch: 8
batch training loss: 547.27, 52.01, score: 83.4034, ssr ratio: 0.0000
batch training loss: 633.52, 43.88, score: 82.4223, ssr ratio: 0.0000
batch training loss: 601.22, 43.53, score: 80.2362, ssr ratio: 0.0000
batch training loss: 529.19, 22.55, score: 90.4551, ssr ratio: 0.0000
batch training loss: 527.96, 25.70, score: -10.9433, ssr ratio: 0.0000
batch training loss: 459.30, 27.57, score: 103.6308, ssr ratio: 0.0000
batch training loss: 561.17, 68.79, score: 48.1272, ssr ratio: 0.0000
batch training loss: 587.02, 78.75, score: 17.5671, ssr ratio: 0.0000
batch training loss: 557.34, 51.85, score: 72.6892, ssr ratio: 0.0000
batch training loss: 587.66, 50.64, score: 68.1396, ssr ratio: 0.0000
batch training loss: 523.93, 26.71, score: 105.3723, ssr ratio: 0.0000
batch training loss: 563.74, 48.52, score: 1.5982, ssr ratio: 0.0000
batch training loss: 453.16, 31.16, score: 99.6494, ssr ratio: 0.0000
batch training loss: 515.36, 47.06, score: 96.6787, ssr ratio: 0.0000
tensor([0.9444, 0.9053, 0.8680, 0.8337, 0.7991, 0.7624, 0.7283, 0.6991, 0.6723,
        0.6456, 0.6255, 0.6166, 0.6192, 0.6227, 0.6183, 0.6015, 0.5735, 0.5427,
        0.5217, 0.5137, 0.5087, 0.5062, 0.5051, 0.5040], device='cuda:2')
epoch eval loss:
sst: 593.16, nino: 122.80, sc: 46.9546
eval score is not improved for 3 epoch

epoch: 9
batch training loss: 592.21, 70.17, score: 60.0074, ssr ratio: 0.0000
batch training loss: 476.91, 39.43, score: 93.9623, ssr ratio: 0.0000
batch training loss: 520.38, 34.24, score: 104.7410, ssr ratio: 0.0000
batch training loss: 598.44, 60.48, score: -19.2726, ssr ratio: 0.0000
batch training loss: 571.94, 35.94, score: 58.9484, ssr ratio: 0.0000
batch training loss: 526.90, 18.27, score: 83.3317, ssr ratio: 0.0000
batch training loss: 509.26, 43.08, score: 98.9038, ssr ratio: 0.0000
batch training loss: 614.57, 59.63, score: 49.9114, ssr ratio: 0.0000
batch training loss: 574.65, 78.87, score: 26.4601, ssr ratio: 0.0000
batch training loss: 542.73, 49.05, score: 103.1252, ssr ratio: 0.0000
batch training loss: 466.03, 32.89, score: 56.5897, ssr ratio: 0.0000
batch training loss: 543.68, 47.77, score: 101.0208, ssr ratio: 0.0000
batch training loss: 561.94, 50.77, score: 101.7992, ssr ratio: 0.0000
batch training loss: 552.85, 56.45, score: 15.8327, ssr ratio: 0.0000
tensor([0.9493, 0.9153, 0.8843, 0.8552, 0.8232, 0.7862, 0.7483, 0.7124, 0.6794,
        0.6490, 0.6281, 0.6207, 0.6278, 0.6365, 0.6362, 0.6207, 0.5924, 0.5607,
        0.5378, 0.5273, 0.5200, 0.5150, 0.5111, 0.5073], device='cuda:2')
epoch eval loss:
sst: 591.85, nino: 121.83, sc: 48.5460
eval score is improved from 47.68933 to 48.54595, saving model

epoch: 10
batch training loss: 522.07, 48.98, score: 101.3335, ssr ratio: 0.0000
batch training loss: 569.50, 45.03, score: 86.4638, ssr ratio: 0.0000
batch training loss: 522.64, 46.33, score: 36.4917, ssr ratio: 0.0000
batch training loss: 592.15, 60.23, score: 101.0046, ssr ratio: 0.0000
batch training loss: 484.44, 25.47, score: 83.0548, ssr ratio: 0.0000
batch training loss: 536.21, 48.90, score: 102.8241, ssr ratio: 0.0000
batch training loss: 524.65, 38.17, score: 29.4531, ssr ratio: 0.0000
batch training loss: 481.22, 26.46, score: 78.3412, ssr ratio: 0.0000
batch training loss: 490.19, 31.37, score: 104.4260, ssr ratio: 0.0000
batch training loss: 570.52, 73.53, score: 75.8483, ssr ratio: 0.0000
batch training loss: 516.05, 54.70, score: 102.6129, ssr ratio: 0.0000
batch training loss: 550.35, 68.20, score: 100.3513, ssr ratio: 0.0000
batch training loss: 500.30, 62.47, score: -31.0940, ssr ratio: 0.0000
batch training loss: 573.04, 75.55, score: 100.7944, ssr ratio: 0.0000
tensor([0.9444, 0.9066, 0.8720, 0.8389, 0.8033, 0.7652, 0.7284, 0.6948, 0.6634,
        0.6329, 0.6103, 0.6006, 0.6042, 0.6076, 0.6025, 0.5845, 0.5562, 0.5265,
        0.5075, 0.5014, 0.4982, 0.4963, 0.4939, 0.4903], device='cuda:2')
epoch eval loss:
sst: 592.25, nino: 124.50, sc: 45.4761
eval score is not improved for 1 epoch

epoch: 11
batch training loss: 499.68, 32.65, score: 87.8486, ssr ratio: 0.0000
batch training loss: 565.15, 95.58, score: 63.0096, ssr ratio: 0.0000
batch training loss: 488.06, 83.81, score: 29.2872, ssr ratio: 0.0000
batch training loss: 515.82, 41.65, score: 103.2409, ssr ratio: 0.0000
batch training loss: 568.97, 47.93, score: 16.3271, ssr ratio: 0.0000
batch training loss: 549.62, 42.33, score: 48.8069, ssr ratio: 0.0000
batch training loss: 512.12, 26.15, score: 104.3295, ssr ratio: 0.0000
batch training loss: 483.67, 81.25, score: 99.8743, ssr ratio: 0.0000
batch training loss: 544.05, 29.82, score: 95.4242, ssr ratio: 0.0000
batch training loss: 519.55, 49.85, score: 102.1527, ssr ratio: 0.0000
batch training loss: 487.66, 57.14, score: 102.6700, ssr ratio: 0.0000
batch training loss: 490.99, 63.95, score: 101.8472, ssr ratio: 0.0000
batch training loss: 576.59, 54.87, score: 32.6077, ssr ratio: 0.0000
batch training loss: 515.78, 42.44, score: 47.6841, ssr ratio: 0.0000
tensor([0.9457, 0.9088, 0.8756, 0.8450, 0.8121, 0.7759, 0.7390, 0.7030, 0.6685,
        0.6357, 0.6114, 0.5999, 0.6023, 0.6068, 0.6041, 0.5892, 0.5639, 0.5357,
        0.5162, 0.5091, 0.5059, 0.5049, 0.5038, 0.5013], device='cuda:2')
epoch eval loss:
sst: 592.31, nino: 124.08, sc: 46.1855
eval score is not improved for 2 epoch

epoch: 12
batch training loss: 601.18, 34.22, score: 82.0030, ssr ratio: 0.0000
batch training loss: 536.10, 31.71, score: 104.8173, ssr ratio: 0.0000
batch training loss: 607.81, 40.03, score: 104.2684, ssr ratio: 0.0000
batch training loss: 557.10, 55.90, score: 57.8374, ssr ratio: 0.0000
batch training loss: 519.83, 50.00, score: 89.6011, ssr ratio: 0.0000
batch training loss: 458.52, 35.22, score: 55.8887, ssr ratio: 0.0000
batch training loss: 577.46, 40.63, score: 102.3878, ssr ratio: 0.0000
batch training loss: 552.31, 69.01, score: -9.5516, ssr ratio: 0.0000
batch training loss: 564.59, 51.72, score: 102.1258, ssr ratio: 0.0000
batch training loss: 517.64, 77.98, score: -59.0573, ssr ratio: 0.0000
batch training loss: 494.81, 31.77, score: 89.3523, ssr ratio: 0.0000
batch training loss: 471.36, 34.46, score: 93.2767, ssr ratio: 0.0000
batch training loss: 586.24, 59.51, score: 83.0388, ssr ratio: 0.0000
batch training loss: 523.40, 50.04, score: 102.2209, ssr ratio: 0.0000
tensor([0.9423, 0.9034, 0.8684, 0.8370, 0.8041, 0.7674, 0.7302, 0.6956, 0.6645,
        0.6358, 0.6149, 0.6052, 0.6083, 0.6116, 0.6042, 0.5806, 0.5463, 0.5120,
        0.4908, 0.4835, 0.4818, 0.4839, 0.4869, 0.4877], device='cuda:2')
epoch eval loss:
sst: 596.68, nino: 124.84, sc: 44.8455
eval score is not improved for 3 epoch

epoch: 13
batch training loss: 541.22, 31.05, score: 93.9942, ssr ratio: 0.0000
batch training loss: 607.46, 25.20, score: 105.4817, ssr ratio: 0.0000
batch training loss: 543.66, 57.49, score: 101.9598, ssr ratio: 0.0000
batch training loss: 554.00, 81.01, score: -9.2493, ssr ratio: 0.0000
batch training loss: 569.26, 30.25, score: 88.1529, ssr ratio: 0.0000
batch training loss: 617.71, 43.27, score: 15.2089, ssr ratio: 0.0000
batch training loss: 480.86, 75.48, score: 90.4811, ssr ratio: 0.0000
batch training loss: 521.91, 40.84, score: -0.7730, ssr ratio: 0.0000
batch training loss: 539.12, 40.59, score: 88.3217, ssr ratio: 0.0000
batch training loss: 536.34, 42.95, score: 87.3975, ssr ratio: 0.0000
batch training loss: 506.62, 31.17, score: 60.8134, ssr ratio: 0.0000
batch training loss: 595.71, 38.70, score: 81.6751, ssr ratio: 0.0000
batch training loss: 523.24, 52.59, score: 7.3310, ssr ratio: 0.0000
batch training loss: 569.78, 52.72, score: 23.8230, ssr ratio: 0.0000
tensor([0.9331, 0.8879, 0.8485, 0.8138, 0.7773, 0.7390, 0.7043, 0.6747, 0.6473,
        0.6191, 0.5973, 0.5860, 0.5876, 0.5893, 0.5822, 0.5613, 0.5300, 0.4992,
        0.4822, 0.4807, 0.4833, 0.4878, 0.4922, 0.4947], device='cuda:2')
epoch eval loss:
sst: 595.17, nino: 126.28, sc: 43.3355
eval score is not improved for 4 epoch

epoch: 14
batch training loss: 473.95, 50.48, score: 100.7133, ssr ratio: 0.0000
batch training loss: 532.05, 61.86, score: 98.0758, ssr ratio: 0.0000
batch training loss: 572.06, 49.61, score: 32.0587, ssr ratio: 0.0000
batch training loss: 479.46, 61.22, score: -3.8144, ssr ratio: 0.0000
batch training loss: 580.29, 47.22, score: 69.9358, ssr ratio: 0.0000
batch training loss: 503.76, 49.55, score: 42.1974, ssr ratio: 0.0000
batch training loss: 538.50, 42.68, score: 90.2148, ssr ratio: 0.0000
batch training loss: 594.50, 42.52, score: 99.2483, ssr ratio: 0.0000
batch training loss: 535.34, 35.72, score: 92.5939, ssr ratio: 0.0000
batch training loss: 511.84, 35.92, score: 102.7737, ssr ratio: 0.0000
batch training loss: 502.31, 22.26, score: 43.6984, ssr ratio: 0.0000
batch training loss: 477.37, 32.02, score: 103.8033, ssr ratio: 0.0000
batch training loss: 532.88, 18.68, score: 99.3446, ssr ratio: 0.0000
batch training loss: 509.19, 59.16, score: 37.4265, ssr ratio: 0.0000
tensor([0.9446, 0.9078, 0.8755, 0.8455, 0.8110, 0.7718, 0.7312, 0.6907, 0.6517,
        0.6164, 0.5926, 0.5830, 0.5868, 0.5911, 0.5882, 0.5731, 0.5492, 0.5253,
        0.5131, 0.5138, 0.5163, 0.5182, 0.5175, 0.5141], device='cuda:2')
epoch eval loss:
sst: 595.86, nino: 124.85, sc: 45.5913
eval score is not improved for 5 epoch

epoch: 15
batch training loss: 538.53, 28.98, score: 102.7911, ssr ratio: 0.0000
batch training loss: 472.96, 43.67, score: 103.9791, ssr ratio: 0.0000
batch training loss: 524.50, 58.04, score: 11.7805, ssr ratio: 0.0000
batch training loss: 544.10, 27.73, score: 93.1726, ssr ratio: 0.0000
batch training loss: 544.84, 57.66, score: -61.2816, ssr ratio: 0.0000
batch training loss: 492.63, 40.30, score: 73.9181, ssr ratio: 0.0000
batch training loss: 621.07, 39.81, score: 83.2320, ssr ratio: 0.0000
batch training loss: 556.49, 23.56, score: 105.0110, ssr ratio: 0.0000
batch training loss: 583.02, 52.20, score: 41.6512, ssr ratio: 0.0000
batch training loss: 528.17, 67.88, score: 89.7235, ssr ratio: 0.0000
batch training loss: 523.72, 60.25, score: 80.9880, ssr ratio: 0.0000
batch training loss: 461.29, 44.17, score: 89.6064, ssr ratio: 0.0000
batch training loss: 535.18, 28.49, score: 81.9315, ssr ratio: 0.0000
batch training loss: 476.53, 44.13, score: 58.3072, ssr ratio: 0.0000
tensor([0.9433, 0.9033, 0.8667, 0.8321, 0.7955, 0.7563, 0.7175, 0.6812, 0.6481,
        0.6170, 0.5941, 0.5841, 0.5894, 0.5956, 0.5934, 0.5778, 0.5504, 0.5192,
        0.4986, 0.4925, 0.4917, 0.4950, 0.4987, 0.4999], device='cuda:2')
epoch eval loss:
sst: 599.69, nino: 125.36, sc: 44.6684
eval score is not improved for 6 epoch

epoch: 16
batch training loss: 468.78, 30.45, score: 93.1527, ssr ratio: 0.0000
batch training loss: 533.35, 36.68, score: 53.0977, ssr ratio: 0.0000
batch training loss: 481.87, 35.75, score: 92.8749, ssr ratio: 0.0000
batch training loss: 504.22, 49.06, score: 85.4317, ssr ratio: 0.0000
batch training loss: 515.78, 58.47, score: 92.5151, ssr ratio: 0.0000
batch training loss: 503.38, 37.24, score: 87.1723, ssr ratio: 0.0000
batch training loss: 554.72, 63.47, score: 36.2994, ssr ratio: 0.0000
batch training loss: 482.64, 36.98, score: 102.8769, ssr ratio: 0.0000
batch training loss: 512.12, 38.14, score: 101.4334, ssr ratio: 0.0000
batch training loss: 530.40, 28.11, score: 88.1700, ssr ratio: 0.0000
batch training loss: 511.60, 30.20, score: 72.3803, ssr ratio: 0.0000
batch training loss: 599.81, 32.86, score: 76.4398, ssr ratio: 0.0000
batch training loss: 560.10, 24.90, score: 95.3222, ssr ratio: 0.0000
batch training loss: 508.12, 42.82, score: 88.9680, ssr ratio: 0.0000
tensor([0.9419, 0.9021, 0.8643, 0.8275, 0.7891, 0.7488, 0.7102, 0.6749, 0.6421,
        0.6099, 0.5835, 0.5694, 0.5720, 0.5773, 0.5737, 0.5547, 0.5256, 0.4986,
        0.4856, 0.4847, 0.4844, 0.4832, 0.4777, 0.4690], device='cuda:2')
epoch eval loss:
sst: 599.54, nino: 126.87, sc: 42.6993
eval score is not improved for 7 epoch

epoch: 17
batch training loss: 501.84, 36.26, score: 98.4999, ssr ratio: 0.0000
batch training loss: 557.94, 38.00, score: 22.2520, ssr ratio: 0.0000
batch training loss: 559.40, 27.79, score: 76.9036, ssr ratio: 0.0000
batch training loss: 586.99, 29.87, score: 104.1264, ssr ratio: 0.0000
batch training loss: 492.10, 58.05, score: 13.3897, ssr ratio: 0.0000
batch training loss: 475.42, 43.73, score: 103.9888, ssr ratio: 0.0000
batch training loss: 497.35, 50.78, score: 77.7685, ssr ratio: 0.0000
batch training loss: 567.41, 53.81, score: 91.5407, ssr ratio: 0.0000
batch training loss: 507.16, 58.10, score: 27.3139, ssr ratio: 0.0000
batch training loss: 478.52, 39.86, score: 82.6067, ssr ratio: 0.0000
batch training loss: 529.68, 25.38, score: 105.3819, ssr ratio: 0.0000
batch training loss: 571.70, 55.11, score: 85.6882, ssr ratio: 0.0000
batch training loss: 481.73, 30.15, score: 64.4277, ssr ratio: 0.0000
batch training loss: 534.13, 37.68, score: 103.7656, ssr ratio: 0.0000
tensor([0.9452, 0.9078, 0.8717, 0.8347, 0.7960, 0.7542, 0.7103, 0.6627, 0.6137,
        0.5676, 0.5353, 0.5229, 0.5306, 0.5420, 0.5454, 0.5338, 0.5152, 0.4992,
        0.4984, 0.5105, 0.5234, 0.5342, 0.5407, 0.5385], device='cuda:2')
epoch eval loss:
sst: 601.22, nino: 126.52, sc: 43.6048
eval score is not improved for 8 epoch

epoch: 18
batch training loss: 504.55, 43.09, score: 44.1533, ssr ratio: 0.0000
batch training loss: 548.11, 28.36, score: 61.1200, ssr ratio: 0.0000
batch training loss: 537.39, 38.16, score: 63.9851, ssr ratio: 0.0000
batch training loss: 499.29, 40.81, score: 23.1354, ssr ratio: 0.0000
batch training loss: 506.59, 41.43, score: 98.4525, ssr ratio: 0.0000
batch training loss: 507.19, 30.99, score: 100.3472, ssr ratio: 0.0000
batch training loss: 467.83, 50.73, score: 35.7409, ssr ratio: 0.0000
batch training loss: 494.35, 33.48, score: 70.3140, ssr ratio: 0.0000
batch training loss: 549.46, 26.19, score: 99.7910, ssr ratio: 0.0000
batch training loss: 564.30, 29.36, score: 89.3104, ssr ratio: 0.0000
batch training loss: 539.32, 20.66, score: 105.6613, ssr ratio: 0.0000
batch training loss: 524.61, 42.97, score: 87.0746, ssr ratio: 0.0000
batch training loss: 546.41, 37.95, score: 104.3398, ssr ratio: 0.0000
batch training loss: 498.63, 26.29, score: 105.9675, ssr ratio: 0.0000
tensor([0.9432, 0.9040, 0.8673, 0.8327, 0.7983, 0.7635, 0.7285, 0.6925, 0.6564,
        0.6211, 0.5954, 0.5823, 0.5815, 0.5790, 0.5694, 0.5487, 0.5216, 0.4948,
        0.4822, 0.4828, 0.4862, 0.4907, 0.4947, 0.4945], device='cuda:2')
epoch eval loss:
sst: 606.50, nino: 127.27, sc: 43.4560
eval score is not improved for 9 epoch

epoch: 19
batch training loss: 485.52, 36.44, score: 94.1055, ssr ratio: 0.0000
batch training loss: 451.49, 37.08, score: 93.0036, ssr ratio: 0.0000
batch training loss: 513.30, 48.29, score: 81.8491, ssr ratio: 0.0000
batch training loss: 551.14, 48.64, score: 101.1394, ssr ratio: 0.0000
batch training loss: 445.62, 31.94, score: 46.4579, ssr ratio: 0.0000
batch training loss: 579.91, 25.11, score: 105.1854, ssr ratio: 0.0000
batch training loss: 525.03, 28.83, score: 93.4736, ssr ratio: 0.0000
batch training loss: 534.84, 24.11, score: 82.8809, ssr ratio: 0.0000
batch training loss: 516.77, 34.42, score: 104.3999, ssr ratio: 0.0000
batch training loss: 488.01, 22.39, score: 74.4915, ssr ratio: 0.0000
batch training loss: 519.38, 48.04, score: 101.4865, ssr ratio: 0.0000
batch training loss: 448.99, 48.04, score: 98.0427, ssr ratio: 0.0000
batch training loss: 579.61, 34.65, score: 104.6138, ssr ratio: 0.0000
batch training loss: 517.77, 32.29, score: 99.0545, ssr ratio: 0.0000
tensor([0.9381, 0.8959, 0.8563, 0.8175, 0.7783, 0.7386, 0.6985, 0.6584, 0.6196,
        0.5841, 0.5601, 0.5515, 0.5544, 0.5529, 0.5415, 0.5190, 0.4891, 0.4608,
        0.4474, 0.4480, 0.4499, 0.4518, 0.4499, 0.4444], device='cuda:2')
epoch eval loss:
sst: 605.65, nino: 129.63, sc: 39.3577
eval score is not improved for 10 epoch

epoch: 20
batch training loss: 511.16, 30.73, score: 84.5332, ssr ratio: 0.0000
batch training loss: 480.36, 37.45, score: 87.0468, ssr ratio: 0.0000
batch training loss: 573.13, 27.52, score: 105.1912, ssr ratio: 0.0000
batch training loss: 474.83, 30.79, score: 100.2920, ssr ratio: 0.0000
batch training loss: 470.44, 27.80, score: 98.9830, ssr ratio: 0.0000
batch training loss: 429.88, 17.69, score: 83.2615, ssr ratio: 0.0000
batch training loss: 452.50, 25.00, score: 106.0823, ssr ratio: 0.0000
batch training loss: 493.94, 64.58, score: 76.6450, ssr ratio: 0.0000
batch training loss: 483.03, 46.64, score: 52.5475, ssr ratio: 0.0000
batch training loss: 498.03, 42.59, score: 26.1552, ssr ratio: 0.0000
batch training loss: 508.51, 38.03, score: 104.0531, ssr ratio: 0.0000
batch training loss: 514.97, 32.67, score: 65.0483, ssr ratio: 0.0000
batch training loss: 509.66, 21.18, score: 105.5395, ssr ratio: 0.0000
batch training loss: 497.47, 27.35, score: 102.9782, ssr ratio: 0.0000
tensor([0.9402, 0.8977, 0.8574, 0.8182, 0.7788, 0.7392, 0.7020, 0.6678, 0.6363,
        0.6063, 0.5824, 0.5694, 0.5678, 0.5647, 0.5533, 0.5316, 0.5029, 0.4748,
        0.4606, 0.4604, 0.4629, 0.4649, 0.4619, 0.4549], device='cuda:2')
epoch eval loss:
sst: 608.83, nino: 128.32, sc: 40.8763
eval score is not improved for 11 epoch

epoch: 21
batch training loss: 446.84, 37.65, score: 98.8956, ssr ratio: 0.0000
batch training loss: 488.55, 24.44, score: 101.2105, ssr ratio: 0.0000
batch training loss: 481.85, 33.45, score: 93.3931, ssr ratio: 0.0000
batch training loss: 464.11, 34.51, score: 98.4010, ssr ratio: 0.0000
batch training loss: 484.90, 63.22, score: 99.3970, ssr ratio: 0.0000
batch training loss: 475.15, 31.38, score: 91.6115, ssr ratio: 0.0000
batch training loss: 478.32, 38.96, score: 103.3425, ssr ratio: 0.0000
batch training loss: 507.39, 30.25, score: 105.0440, ssr ratio: 0.0000
batch training loss: 465.47, 21.23, score: 83.7381, ssr ratio: 0.0000
batch training loss: 508.16, 30.39, score: 85.1046, ssr ratio: 0.0000
batch training loss: 467.20, 36.51, score: 103.8304, ssr ratio: 0.0000
batch training loss: 538.85, 40.21, score: 38.8113, ssr ratio: 0.0000
batch training loss: 450.28, 51.43, score: 92.1876, ssr ratio: 0.0000
batch training loss: 492.65, 34.11, score: 102.5533, ssr ratio: 0.0000
tensor([0.9429, 0.9035, 0.8666, 0.8307, 0.7943, 0.7558, 0.7159, 0.6759, 0.6363,
        0.5976, 0.5676, 0.5534, 0.5568, 0.5622, 0.5562, 0.5352, 0.5058, 0.4766,
        0.4617, 0.4590, 0.4564, 0.4544, 0.4526, 0.4497], device='cuda:2')
epoch eval loss:
sst: 608.32, nino: 128.70, sc: 40.6181
eval score is not improved for 12 epoch

epoch: 22
batch training loss: 497.20, 23.21, score: 105.2749, ssr ratio: 0.0000
batch training loss: 460.42, 34.20, score: 93.2930, ssr ratio: 0.0000
batch training loss: 566.89, 38.57, score: 86.0062, ssr ratio: 0.0000
batch training loss: 534.97, 37.40, score: 104.3727, ssr ratio: 0.0000
batch training loss: 538.88, 30.40, score: 105.7622, ssr ratio: 0.0000
batch training loss: 504.89, 18.73, score: 106.3343, ssr ratio: 0.0000
batch training loss: 551.70, 43.28, score: -12.8387, ssr ratio: 0.0000
batch training loss: 571.92, 33.66, score: 86.3959, ssr ratio: 0.0000
batch training loss: 507.63, 38.53, score: 104.9162, ssr ratio: 0.0000
batch training loss: 566.88, 21.40, score: 106.0283, ssr ratio: 0.0000
batch training loss: 480.40, 25.81, score: 105.8506, ssr ratio: 0.0000
batch training loss: 561.75, 35.87, score: 71.0048, ssr ratio: 0.0000
batch training loss: 453.71, 49.38, score: 38.6423, ssr ratio: 0.0000
batch training loss: 501.19, 38.92, score: 82.9846, ssr ratio: 0.0000
tensor([0.9410, 0.8999, 0.8622, 0.8265, 0.7903, 0.7527, 0.7146, 0.6763, 0.6384,
        0.6018, 0.5748, 0.5601, 0.5568, 0.5543, 0.5474, 0.5300, 0.5033, 0.4753,
        0.4620, 0.4644, 0.4719, 0.4787, 0.4817, 0.4794], device='cuda:2')
epoch eval loss:
sst: 610.94, nino: 128.59, sc: 41.4168
eval score is not improved for 13 epoch

epoch: 23
batch training loss: 453.71, 43.25, score: 97.2888, ssr ratio: 0.0000
batch training loss: 467.68, 69.15, score: 88.9111, ssr ratio: 0.0000
batch training loss: 489.44, 23.86, score: 83.4009, ssr ratio: 0.0000
batch training loss: 526.14, 40.89, score: 102.8227, ssr ratio: 0.0000
batch training loss: 508.62, 27.37, score: 94.9649, ssr ratio: 0.0000
batch training loss: 494.37, 20.60, score: 95.3943, ssr ratio: 0.0000
batch training loss: 478.69, 23.79, score: 105.6726, ssr ratio: 0.0000
batch training loss: 542.42, 36.06, score: 61.2275, ssr ratio: 0.0000
batch training loss: 511.34, 38.48, score: 103.0812, ssr ratio: 0.0000
batch training loss: 480.49, 19.47, score: 67.3719, ssr ratio: 0.0000
batch training loss: 508.21, 19.46, score: 84.8838, ssr ratio: 0.0000
batch training loss: 535.46, 57.20, score: 66.4986, ssr ratio: 0.0000
batch training loss: 513.27, 50.64, score: 79.9413, ssr ratio: 0.0000
batch training loss: 484.91, 37.94, score: 97.5150, ssr ratio: 0.0000
tensor([0.9413, 0.9030, 0.8661, 0.8282, 0.7899, 0.7499, 0.7059, 0.6563, 0.6044,
        0.5536, 0.5161, 0.4990, 0.5009, 0.5080, 0.5113, 0.5038, 0.4879, 0.4698,
        0.4623, 0.4658, 0.4722, 0.4793, 0.4847, 0.4890], device='cuda:2')
epoch eval loss:
sst: 612.99, nino: 129.40, sc: 39.4819
eval score is not improved for 14 epoch

epoch: 24
batch training loss: 543.48, 30.14, score: 105.3239, ssr ratio: 0.0000
batch training loss: 580.90, 18.89, score: 90.2209, ssr ratio: 0.0000
batch training loss: 513.55, 30.25, score: 100.2785, ssr ratio: 0.0000
batch training loss: 517.13, 20.51, score: 100.6666, ssr ratio: 0.0000
batch training loss: 513.65, 21.28, score: 73.7967, ssr ratio: 0.0000
batch training loss: 499.66, 52.23, score: 102.5791, ssr ratio: 0.0000
batch training loss: 563.85, 31.65, score: 88.4169, ssr ratio: 0.0000
batch training loss: 571.92, 43.65, score: 98.8402, ssr ratio: 0.0000
batch training loss: 514.02, 23.30, score: 88.9677, ssr ratio: 0.0000
batch training loss: 474.86, 24.75, score: 105.0207, ssr ratio: 0.0000
batch training loss: 436.23, 16.67, score: 57.1310, ssr ratio: 0.0000
batch training loss: 509.07, 24.71, score: 104.9451, ssr ratio: 0.0000
batch training loss: 518.94, 28.94, score: 87.1738, ssr ratio: 0.0000
batch training loss: 535.80, 27.75, score: 88.8926, ssr ratio: 0.0000
tensor([0.9382, 0.8938, 0.8518, 0.8119, 0.7737, 0.7352, 0.6962, 0.6550, 0.6106,
        0.5648, 0.5323, 0.5197, 0.5219, 0.5245, 0.5204, 0.5057, 0.4813, 0.4565,
        0.4473, 0.4540, 0.4619, 0.4653, 0.4606, 0.4490], device='cuda:2')
epoch eval loss:
sst: 612.44, nino: 129.58, sc: 38.7410
eval score is not improved for 15 epoch

epoch: 25
batch training loss: 504.48, 23.77, score: 68.5656, ssr ratio: 0.0000
batch training loss: 513.58, 47.40, score: 75.6586, ssr ratio: 0.0000
batch training loss: 518.88, 22.34, score: 100.5647, ssr ratio: 0.0000
batch training loss: 499.41, 21.60, score: 94.7214, ssr ratio: 0.0000
batch training loss: 508.73, 22.98, score: 105.6799, ssr ratio: 0.0000
batch training loss: 494.81, 33.69, score: 92.9447, ssr ratio: 0.0000
batch training loss: 434.77, 24.64, score: 105.3098, ssr ratio: 0.0000
batch training loss: 511.61, 35.00, score: 92.1092, ssr ratio: 0.0000
batch training loss: 506.36, 26.40, score: 94.3458, ssr ratio: 0.0000
batch training loss: 505.00, 22.93, score: 102.4104, ssr ratio: 0.0000
batch training loss: 506.18, 35.56, score: 54.3488, ssr ratio: 0.0000
batch training loss: 496.96, 30.34, score: 104.1327, ssr ratio: 0.0000
batch training loss: 509.46, 33.62, score: 98.7233, ssr ratio: 0.0000
batch training loss: 545.57, 31.39, score: 105.2403, ssr ratio: 0.0000
tensor([0.9391, 0.8971, 0.8560, 0.8151, 0.7752, 0.7353, 0.6948, 0.6550, 0.6168,
        0.5796, 0.5517, 0.5392, 0.5409, 0.5459, 0.5458, 0.5335, 0.5098, 0.4850,
        0.4722, 0.4722, 0.4756, 0.4794, 0.4777, 0.4699], device='cuda:2')
epoch eval loss:
sst: 613.79, nino: 128.03, sc: 40.8624
eval score is not improved for 16 epoch

epoch: 26
batch training loss: 473.28, 25.40, score: 93.3511, ssr ratio: 0.0000
batch training loss: 521.30, 33.17, score: 54.3981, ssr ratio: 0.0000
batch training loss: 517.83, 51.73, score: 102.5089, ssr ratio: 0.0000
batch training loss: 441.22, 33.52, score: 104.5673, ssr ratio: 0.0000
batch training loss: 436.43, 23.24, score: 57.2691, ssr ratio: 0.0000
batch training loss: 541.49, 19.85, score: 94.7176, ssr ratio: 0.0000
batch training loss: 532.57, 32.19, score: 93.1837, ssr ratio: 0.0000
batch training loss: 472.93, 21.26, score: 90.4062, ssr ratio: 0.0000
batch training loss: 487.77, 43.18, score: 82.7094, ssr ratio: 0.0000
batch training loss: 496.07, 15.10, score: 95.7746, ssr ratio: 0.0000
batch training loss: 505.57, 35.47, score: 54.3483, ssr ratio: 0.0000
batch training loss: 501.32, 17.37, score: 106.6210, ssr ratio: 0.0000
batch training loss: 432.56, 25.82, score: 83.3813, ssr ratio: 0.0000
batch training loss: 515.07, 27.17, score: 93.4862, ssr ratio: 0.0000
tensor([0.9423, 0.9025, 0.8634, 0.8248, 0.7895, 0.7542, 0.7150, 0.6715, 0.6272,
        0.5841, 0.5519, 0.5373, 0.5346, 0.5311, 0.5219, 0.5014, 0.4714, 0.4407,
        0.4260, 0.4266, 0.4314, 0.4352, 0.4328, 0.4261], device='cuda:2')
epoch eval loss:
sst: 610.48, nino: 130.11, sc: 37.8009
eval score is not improved for 17 epoch

epoch: 27
batch training loss: 445.95, 36.79, score: 76.1851, ssr ratio: 0.0000
batch training loss: 453.69, 29.47, score: 104.6415, ssr ratio: 0.0000
batch training loss: 434.85, 27.14, score: 104.4642, ssr ratio: 0.0000
batch training loss: 433.50, 37.03, score: 16.7040, ssr ratio: 0.0000
batch training loss: 475.64, 32.05, score: 88.4964, ssr ratio: 0.0000
batch training loss: 492.32, 54.72, score: 102.3839, ssr ratio: 0.0000
batch training loss: 491.19, 26.52, score: 56.4779, ssr ratio: 0.0000
batch training loss: 477.76, 21.55, score: 100.6695, ssr ratio: 0.0000
batch training loss: 552.86, 40.13, score: 61.3650, ssr ratio: 0.0000
batch training loss: 436.55, 28.13, score: 105.0484, ssr ratio: 0.0000
batch training loss: 521.55, 32.02, score: 17.4124, ssr ratio: 0.0000
batch training loss: 475.21, 40.69, score: 86.9341, ssr ratio: 0.0000
batch training loss: 509.47, 30.59, score: 104.6220, ssr ratio: 0.0000
batch training loss: 566.46, 22.31, score: 79.4716, ssr ratio: 0.0000
tensor([0.9383, 0.8951, 0.8539, 0.8149, 0.7785, 0.7426, 0.7066, 0.6704, 0.6337,
        0.5968, 0.5694, 0.5581, 0.5563, 0.5517, 0.5406, 0.5204, 0.4903, 0.4572,
        0.4373, 0.4331, 0.4321, 0.4319, 0.4270, 0.4195], device='cuda:2')
epoch eval loss:
sst: 616.16, nino: 129.53, sc: 38.6018
eval score is not improved for 18 epoch

epoch: 28
batch training loss: 458.15, 21.31, score: 80.2566, ssr ratio: 0.0000
batch training loss: 503.43, 39.88, score: 101.9426, ssr ratio: 0.0000
batch training loss: 478.82, 37.99, score: 104.0697, ssr ratio: 0.0000
batch training loss: 571.63, 28.75, score: 64.9531, ssr ratio: 0.0000
batch training loss: 587.49, 38.55, score: 98.7099, ssr ratio: 0.0000
batch training loss: 518.32, 42.47, score: 87.2043, ssr ratio: 0.0000
batch training loss: 536.01, 20.54, score: 99.3542, ssr ratio: 0.0000
batch training loss: 493.12, 47.09, score: 103.1694, ssr ratio: 0.0000
batch training loss: 450.74, 22.97, score: 66.2938, ssr ratio: 0.0000
batch training loss: 479.26, 47.95, score: 85.7657, ssr ratio: 0.0000
batch training loss: 531.46, 28.19, score: 105.3820, ssr ratio: 0.0000
batch training loss: 479.17, 24.55, score: 106.1270, ssr ratio: 0.0000
batch training loss: 519.18, 45.34, score: 98.5478, ssr ratio: 0.0000
batch training loss: 531.42, 16.67, score: 106.6975, ssr ratio: 0.0000
tensor([0.9409, 0.9007, 0.8616, 0.8214, 0.7817, 0.7417, 0.7014, 0.6619, 0.6253,
        0.5893, 0.5611, 0.5471, 0.5470, 0.5486, 0.5419, 0.5203, 0.4853, 0.4454,
        0.4190, 0.4092, 0.4037, 0.3989, 0.3924, 0.3861], device='cuda:2')
epoch eval loss:
sst: 618.13, nino: 130.57, sc: 36.9094
eval score is not improved for 19 epoch

epoch: 29
batch training loss: 503.43, 26.93, score: 71.2596, ssr ratio: 0.0000
batch training loss: 459.00, 37.59, score: 87.2457, ssr ratio: 0.0000
batch training loss: 462.68, 50.03, score: 57.9982, ssr ratio: 0.0000
batch training loss: 496.35, 31.49, score: 104.9185, ssr ratio: 0.0000
batch training loss: 469.20, 48.66, score: 75.3241, ssr ratio: 0.0000
batch training loss: 538.50, 28.65, score: 94.5838, ssr ratio: 0.0000
batch training loss: 444.92, 28.44, score: 84.8292, ssr ratio: 0.0000
batch training loss: 437.32, 28.84, score: 87.8032, ssr ratio: 0.0000
batch training loss: 522.14, 20.73, score: 76.3368, ssr ratio: 0.0000
batch training loss: 448.47, 22.00, score: 105.1947, ssr ratio: 0.0000
batch training loss: 473.12, 20.20, score: 88.9639, ssr ratio: 0.0000
batch training loss: 465.08, 43.15, score: 104.1713, ssr ratio: 0.0000
batch training loss: 486.12, 22.95, score: 105.9055, ssr ratio: 0.0000
batch training loss: 427.68, 19.61, score: 89.1334, ssr ratio: 0.0000
tensor([0.9403, 0.8991, 0.8603, 0.8238, 0.7896, 0.7540, 0.7147, 0.6727, 0.6306,
        0.5895, 0.5579, 0.5437, 0.5455, 0.5523, 0.5501, 0.5299, 0.4964, 0.4626,
        0.4428, 0.4392, 0.4382, 0.4364, 0.4284, 0.4181], device='cuda:2')
epoch eval loss:
sst: 617.50, nino: 129.11, sc: 38.9461
eval score is not improved for 20 epoch
early stopping reached, best score is 48.545952

----- training finished -----

processing test set
(395, 38, 24, 48, 1, 4)
(395, 38, 24, 48, 4)
(395, 38, 3)
predData.shape= (395, 38, 2, 24, 48)
{'sst': (395, 38, 24, 48, 6), 'nino target': (395, 38, 3)}
loading test dataloader
Traceback (most recent call last):
  File "trainer.py", line 264, in <module>
    trainer.network.load_state_dict(chk['net'])
  File "/home/ruichuang/anaconda3/envs/AGCRN_env/lib/python3.8/site-packages/torch/nn/modules/module.py", line 1604, in load_state_dict
    raise RuntimeError('Error(s) in loading state_dict for {}:\n\t{}'.format(
RuntimeError: Error(s) in loading state_dict for SAConvLSTM:
	size mismatch for layers.0.conv.weight: copying a param with shape torch.Size([256, 72, 3, 3]) from checkpoint, the shape in current model is torch.Size([512, 136, 3, 3]).
	size mismatch for layers.0.conv.bias: copying a param with shape torch.Size([256]) from checkpoint, the shape in current model is torch.Size([512]).
	size mismatch for layers.0.sa.conv_h.weight: copying a param with shape torch.Size([384, 64, 1, 1]) from checkpoint, the shape in current model is torch.Size([48, 128, 1, 1]).
	size mismatch for layers.0.sa.conv_h.bias: copying a param with shape torch.Size([384]) from checkpoint, the shape in current model is torch.Size([48]).
	size mismatch for layers.0.sa.conv_m.weight: copying a param with shape torch.Size([256, 64, 1, 1]) from checkpoint, the shape in current model is torch.Size([32, 128, 1, 1]).
	size mismatch for layers.0.sa.conv_m.bias: copying a param with shape torch.Size([256]) from checkpoint, the shape in current model is torch.Size([32]).
	size mismatch for layers.0.sa.conv_z.weight: copying a param with shape torch.Size([128, 256, 1, 1]) from checkpoint, the shape in current model is torch.Size([16, 32, 1, 1]).
	size mismatch for layers.0.sa.conv_z.bias: copying a param with shape torch.Size([128]) from checkpoint, the shape in current model is torch.Size([16]).
	size mismatch for layers.0.sa.conv_output.weight: copying a param with shape torch.Size([192, 192, 3, 3]) from checkpoint, the shape in current model is torch.Size([384, 144, 3, 3]).
	size mismatch for layers.0.sa.conv_output.bias: copying a param with shape torch.Size([192]) from checkpoint, the shape in current model is torch.Size([384]).
	size mismatch for layers.1.conv.weight: copying a param with shape torch.Size([256, 128, 3, 3]) from checkpoint, the shape in current model is torch.Size([512, 256, 3, 3]).
	size mismatch for layers.1.conv.bias: copying a param with shape torch.Size([256]) from checkpoint, the shape in current model is torch.Size([512]).
	size mismatch for layers.1.sa.conv_h.weight: copying a param with shape torch.Size([384, 64, 1, 1]) from checkpoint, the shape in current model is torch.Size([48, 128, 1, 1]).
	size mismatch for layers.1.sa.conv_h.bias: copying a param with shape torch.Size([384]) from checkpoint, the shape in current model is torch.Size([48]).
	size mismatch for layers.1.sa.conv_m.weight: copying a param with shape torch.Size([256, 64, 1, 1]) from checkpoint, the shape in current model is torch.Size([32, 128, 1, 1]).
	size mismatch for layers.1.sa.conv_m.bias: copying a param with shape torch.Size([256]) from checkpoint, the shape in current model is torch.Size([32]).
	size mismatch for layers.1.sa.conv_z.weight: copying a param with shape torch.Size([128, 256, 1, 1]) from checkpoint, the shape in current model is torch.Size([16, 32, 1, 1]).
	size mismatch for layers.1.sa.conv_z.bias: copying a param with shape torch.Size([128]) from checkpoint, the shape in current model is torch.Size([16]).
	size mismatch for layers.1.sa.conv_output.weight: copying a param with shape torch.Size([192, 192, 3, 3]) from checkpoint, the shape in current model is torch.Size([384, 144, 3, 3]).
	size mismatch for layers.1.sa.conv_output.bias: copying a param with shape torch.Size([192]) from checkpoint, the shape in current model is torch.Size([384]).
	size mismatch for layers.2.conv.weight: copying a param with shape torch.Size([256, 128, 3, 3]) from checkpoint, the shape in current model is torch.Size([512, 256, 3, 3]).
	size mismatch for layers.2.conv.bias: copying a param with shape torch.Size([256]) from checkpoint, the shape in current model is torch.Size([512]).
	size mismatch for layers.2.sa.conv_h.weight: copying a param with shape torch.Size([384, 64, 1, 1]) from checkpoint, the shape in current model is torch.Size([48, 128, 1, 1]).
	size mismatch for layers.2.sa.conv_h.bias: copying a param with shape torch.Size([384]) from checkpoint, the shape in current model is torch.Size([48]).
	size mismatch for layers.2.sa.conv_m.weight: copying a param with shape torch.Size([256, 64, 1, 1]) from checkpoint, the shape in current model is torch.Size([32, 128, 1, 1]).
	size mismatch for layers.2.sa.conv_m.bias: copying a param with shape torch.Size([256]) from checkpoint, the shape in current model is torch.Size([32]).
	size mismatch for layers.2.sa.conv_z.weight: copying a param with shape torch.Size([128, 256, 1, 1]) from checkpoint, the shape in current model is torch.Size([16, 32, 1, 1]).
	size mismatch for layers.2.sa.conv_z.bias: copying a param with shape torch.Size([128]) from checkpoint, the shape in current model is torch.Size([16]).
	size mismatch for layers.2.sa.conv_output.weight: copying a param with shape torch.Size([192, 192, 3, 3]) from checkpoint, the shape in current model is torch.Size([384, 144, 3, 3]).
	size mismatch for layers.2.sa.conv_output.bias: copying a param with shape torch.Size([192]) from checkpoint, the shape in current model is torch.Size([384]).
	size mismatch for layers.3.conv.weight: copying a param with shape torch.Size([256, 128, 3, 3]) from checkpoint, the shape in current model is torch.Size([512, 256, 3, 3]).
	size mismatch for layers.3.conv.bias: copying a param with shape torch.Size([256]) from checkpoint, the shape in current model is torch.Size([512]).
	size mismatch for layers.3.sa.conv_h.weight: copying a param with shape torch.Size([384, 64, 1, 1]) from checkpoint, the shape in current model is torch.Size([48, 128, 1, 1]).
	size mismatch for layers.3.sa.conv_h.bias: copying a param with shape torch.Size([384]) from checkpoint, the shape in current model is torch.Size([48]).
	size mismatch for layers.3.sa.conv_m.weight: copying a param with shape torch.Size([256, 64, 1, 1]) from checkpoint, the shape in current model is torch.Size([32, 128, 1, 1]).
	size mismatch for layers.3.sa.conv_m.bias: copying a param with shape torch.Size([256]) from checkpoint, the shape in current model is torch.Size([32]).
	size mismatch for layers.3.sa.conv_z.weight: copying a param with shape torch.Size([128, 256, 1, 1]) from checkpoint, the shape in current model is torch.Size([16, 32, 1, 1]).
	size mismatch for layers.3.sa.conv_z.bias: copying a param with shape torch.Size([128]) from checkpoint, the shape in current model is torch.Size([16]).
	size mismatch for layers.3.sa.conv_output.weight: copying a param with shape torch.Size([192, 192, 3, 3]) from checkpoint, the shape in current model is torch.Size([384, 144, 3, 3]).
	size mismatch for layers.3.sa.conv_output.bias: copying a param with shape torch.Size([192]) from checkpoint, the shape in current model is torch.Size([384]).
	size mismatch for conv_output.weight: copying a param with shape torch.Size([2, 64, 1, 1]) from checkpoint, the shape in current model is torch.Size([2, 128, 1, 1]).
