nohup: 忽略输入
{'n_cpu': 0, 'device': device(type='cuda', index=4), 'batch_size_test': 40, 'batch_size': 2, 'lr': 0.001, 'weight_decay': 0, 'display_interval': 250, 'num_epochs': 50, 'early_stopping': True, 'patience': 20, 'gradient_clipping': True, 'clipping_threshold': 1.0, 'input_dim': 8, 'output_dim': 2, 'input_length': 12, 'output_length': 24, 'input_gap': 1, 'pred_shift': 24, 'model_i': 0, 'kernel_size': (3, 3), 'bias': True, 'hidden_dim_1': (128, 128, 128, 128), 'd_attn_1': 128, 'ssr_decay_rate': 8e-05, 'hidden_dim_2': (32, 32, 32, 32), 'd_attn_2': 16, 'hidden_dim_3': (32, 32, 32, 32), 'd_attn_3': 16, 'hidden_dim_4': (32, 32, 32, 32), 'd_attn_4': 16, 'hidden_dim_5': (32, 32, 32, 32), 'd_attn_5': 16, 'use_hc': 1, 'time': 'hybrid', 'save_last': 0}

reading data
(1692, 24, 48, 21, 4) (432, 24, 48, 1, 4)
(1692, 21, 3) (432, 1, 3)
processing training set
(331, 38, 24, 48, 21, 4)
(6951, 38, 24, 48, 4)
(6951, 38, 3)
predData.shape= (6951, 38, 2, 24, 48)
{'sst': (6951, 38, 24, 48, 6), 'nino target': (6951, 38, 3)}
processing eval set
(395, 38, 24, 48, 1, 4)
(395, 38, 24, 48, 4)
(395, 38, 3)
predData.shape= (395, 38, 2, 24, 48)
{'sst': (395, 38, 24, 48, 6), 'nino target': (395, 38, 3)}
Total params num: 8188674
*****************Finish Parameter****************
loading train dataloader
loading eval dataloader

epoch: 1
batch training loss: 731.68, 107.42, score: -16.0821, ssr ratio: 0.9999
batch training loss: 812.63, 184.73, score: -50.8353, ssr ratio: 0.9799
batch training loss: 667.93, 104.49, score: -15.0336, ssr ratio: 0.9599
batch training loss: 772.17, 100.17, score: -31.1948, ssr ratio: 0.9399
batch training loss: 807.64, 106.74, score: -10.1160, ssr ratio: 0.9199
batch training loss: 775.37, 201.13, score: -23.2441, ssr ratio: 0.8999
batch training loss: 826.51, 114.05, score: -10.7510, ssr ratio: 0.8799
batch training loss: 752.09, 48.60, score: -9.3885, ssr ratio: 0.8599
batch training loss: 913.42, 60.36, score: -14.9090, ssr ratio: 0.8399
batch training loss: 990.68, 168.53, score: -12.8734, ssr ratio: 0.8199
batch training loss: 845.26, 72.06, score: -10.3592, ssr ratio: 0.7999
batch training loss: 757.87, 149.25, score: -18.1906, ssr ratio: 0.7799
batch training loss: 649.82, 101.68, score: -13.4661, ssr ratio: 0.7599
batch training loss: 739.71, 71.13, score: -9.6316, ssr ratio: 0.7399
tensor([ 1.4589e-09,  1.0583e-09,  1.4525e-09,  3.2985e-09, -1.1875e-09,
         1.7152e-09,  6.3330e-09, -4.4864e-09, -1.9795e-09, -2.3760e-09,
         6.6032e-10, -1.3214e-09, -1.0576e-09, -2.7771e-09, -2.1163e-09,
        -3.9691e-09,  2.6470e-10, -1.7212e-09, -6.2247e-09, -4.5039e-09,
         1.0600e-09,  4.7723e-09,  4.1119e-09,  1.0617e-09], device='cuda:4')
epoch eval loss:
sst: 662.61, nino: 150.77, sc: -22.1523
eval score is improved from -inf to -22.15229, saving model

epoch: 2
batch training loss: 859.00, 94.27, score: -14.0214, ssr ratio: 0.7218
batch training loss: 737.66, 77.64, score: -10.4955, ssr ratio: 0.7018
batch training loss: 738.11, 148.01, score: -18.3329, ssr ratio: 0.6818
batch training loss: 758.97, 90.19, score: -13.4283, ssr ratio: 0.6618
batch training loss: 948.07, 173.38, score: -24.3618, ssr ratio: 0.6418
batch training loss: 798.66, 140.00, score: -17.8215, ssr ratio: 0.6218
batch training loss: 788.00, 120.52, score: -18.7091, ssr ratio: 0.6018
batch training loss: 784.43, 116.27, score: -16.8921, ssr ratio: 0.5818
batch training loss: 858.99, 113.06, score: -20.7328, ssr ratio: 0.5618
batch training loss: 716.95, 60.73, score: -12.6776, ssr ratio: 0.5418
batch training loss: 770.13, 99.89, score: -14.4049, ssr ratio: 0.5218
batch training loss: 807.99, 92.62, score: -16.3081, ssr ratio: 0.5018
batch training loss: 821.67, 88.59, score: -13.2833, ssr ratio: 0.4818
