nohup: 忽略输入
{'n_cpu': 0, 'device': device(type='cuda', index=3), 'batch_size_test': 40, 'batch_size': 2, 'lr': 0.001, 'weight_decay': 0, 'display_interval': 250, 'num_epochs': 50, 'early_stopping': True, 'patience': 20, 'gradient_clipping': True, 'clipping_threshold': 1.0, 'input_dim': 8, 'output_dim': 2, 'input_length': 12, 'output_length': 24, 'input_gap': 1, 'pred_shift': 24, 'model_i': 0, 'kernel_size': (3, 3), 'bias': True, 'hidden_dim_1': (32, 32, 32, 32), 'd_attn_1': 32, 'ssr_decay_rate': 8e-05, 'hidden_dim_2': (32, 32, 32, 32), 'd_attn_2': 16, 'hidden_dim_3': (32, 32, 32, 32), 'd_attn_3': 16, 'hidden_dim_4': (32, 32, 32, 32), 'd_attn_4': 16, 'hidden_dim_5': (32, 32, 32, 32), 'd_attn_5': 16, 'use_hc': 1, 'time': 'hybrid', 'save_last': 0}

reading data
(1692, 24, 48, 21, 4) (432, 24, 48, 1, 4)
(1692, 21, 3) (432, 1, 3)
processing training set
(331, 38, 24, 48, 21, 4)
(6951, 38, 24, 48, 4)
(6951, 38, 3)
predData.shape= (6951, 38, 2, 24, 48)
{'sst': (6951, 38, 24, 48, 6), 'nino target': (6951, 38, 3)}
processing eval set
(395, 38, 24, 48, 1, 4)
(395, 38, 24, 48, 4)
(395, 38, 3)
predData.shape= (395, 38, 2, 24, 48)
{'sst': (395, 38, 24, 48, 6), 'nino target': (395, 38, 3)}
Total params num: 537282
*****************Finish Parameter****************
loading train dataloader
loading eval dataloader

epoch: 1
batch training loss: 742.66, 108.74, score: -27.9657, ssr ratio: 0.9999
batch training loss: 496.70, 74.19, score: 90.5383, ssr ratio: 0.9799
batch training loss: 415.71, 20.82, score: 105.5879, ssr ratio: 0.9599
batch training loss: 413.34, 28.15, score: 49.9306, ssr ratio: 0.9399
batch training loss: 412.67, 26.78, score: 94.0813, ssr ratio: 0.9199
batch training loss: 371.45, 22.94, score: 102.5769, ssr ratio: 0.8999
batch training loss: 401.06, 20.40, score: 84.3839, ssr ratio: 0.8799
batch training loss: 363.98, 18.74, score: 96.5247, ssr ratio: 0.8599
batch training loss: 467.17, 17.33, score: 85.6086, ssr ratio: 0.8399
batch training loss: 461.98, 33.70, score: 103.9495, ssr ratio: 0.8199
batch training loss: 463.82, 21.78, score: 65.0346, ssr ratio: 0.7999
batch training loss: 373.58, 26.51, score: 106.2951, ssr ratio: 0.7799
batch training loss: 348.21, 18.73, score: 106.4361, ssr ratio: 0.7599
batch training loss: 438.34, 20.20, score: 68.3261, ssr ratio: 0.7399
tensor([0.9358, 0.8865, 0.8402, 0.7988, 0.7629, 0.7295, 0.6995, 0.6727, 0.6482,
        0.6233, 0.6023, 0.5882, 0.5819, 0.5785, 0.5723, 0.5577, 0.5308, 0.4975,
        0.4697, 0.4517, 0.4369, 0.4256, 0.4175, 0.4117], device='cuda:3')
epoch eval loss:
sst: 680.93, nino: 163.64, sc: 37.1324
eval score is improved from -inf to 37.13237, saving model

epoch: 2
batch training loss: 404.06, 19.55, score: 100.8114, ssr ratio: 0.7218
batch training loss: 440.37, 23.13, score: 93.2835, ssr ratio: 0.7018
batch training loss: 361.83, 32.09, score: 88.3108, ssr ratio: 0.6818
batch training loss: 492.55, 23.11, score: 100.3499, ssr ratio: 0.6618
batch training loss: 456.34, 23.20, score: 105.6395, ssr ratio: 0.6418
batch training loss: 409.64, 26.57, score: 99.2768, ssr ratio: 0.6218
batch training loss: 465.68, 24.68, score: 100.1606, ssr ratio: 0.6018
batch training loss: 404.73, 25.22, score: 104.8291, ssr ratio: 0.5818
batch training loss: 466.07, 25.75, score: 92.9115, ssr ratio: 0.5618
batch training loss: 402.89, 20.17, score: 73.7435, ssr ratio: 0.5418
batch training loss: 451.61, 28.03, score: 104.2991, ssr ratio: 0.5218
batch training loss: 412.75, 24.93, score: 104.2094, ssr ratio: 0.5018
batch training loss: 439.10, 22.00, score: 94.6125, ssr ratio: 0.4818
batch training loss: 501.27, 36.39, score: 87.6129, ssr ratio: 0.4618
tensor([0.9359, 0.8885, 0.8446, 0.8042, 0.7669, 0.7297, 0.6956, 0.6664, 0.6423,
        0.6206, 0.6044, 0.5963, 0.5972, 0.5999, 0.5960, 0.5809, 0.5552, 0.5256,
        0.5051, 0.4982, 0.4958, 0.4960, 0.4981, 0.5009], device='cuda:3')
epoch eval loss:
sst: 597.28, nino: 128.51, sc: 44.3349
eval score is improved from 37.13237 to 44.33491, saving model

epoch: 3
batch training loss: 496.29, 32.50, score: 29.5752, ssr ratio: 0.4438
batch training loss: 475.59, 31.04, score: 99.4351, ssr ratio: 0.4238
batch training loss: 406.02, 51.69, score: 47.7482, ssr ratio: 0.4038
batch training loss: 401.46, 32.90, score: 104.7713, ssr ratio: 0.3838
batch training loss: 477.84, 40.16, score: 91.8266, ssr ratio: 0.3638
batch training loss: 512.58, 37.87, score: 103.5491, ssr ratio: 0.3438
batch training loss: 431.51, 29.66, score: 104.7843, ssr ratio: 0.3238
batch training loss: 496.46, 32.16, score: 85.6781, ssr ratio: 0.3038
batch training loss: 410.66, 24.53, score: 105.3572, ssr ratio: 0.2838
batch training loss: 507.29, 25.07, score: 85.9705, ssr ratio: 0.2638
batch training loss: 438.41, 43.80, score: 102.2312, ssr ratio: 0.2438
batch training loss: 504.25, 35.04, score: 100.6163, ssr ratio: 0.2238
batch training loss: 452.12, 37.10, score: 85.5708, ssr ratio: 0.2038
batch training loss: 491.26, 34.53, score: 104.6009, ssr ratio: 0.1838
tensor([0.9356, 0.8879, 0.8432, 0.8029, 0.7662, 0.7296, 0.6968, 0.6693, 0.6461,
        0.6249, 0.6101, 0.6041, 0.6070, 0.6112, 0.6100, 0.5963, 0.5691, 0.5367,
        0.5146, 0.5063, 0.5027, 0.5025, 0.5046, 0.5068], device='cuda:3')
epoch eval loss:
sst: 588.85, nino: 124.39, sc: 45.4724
eval score is improved from 44.33491 to 45.47243, saving model

epoch: 4
batch training loss: 496.24, 38.52, score: 104.0088, ssr ratio: 0.1657
batch training loss: 452.29, 37.01, score: 93.6788, ssr ratio: 0.1457
batch training loss: 424.13, 28.55, score: 105.4113, ssr ratio: 0.1257
batch training loss: 570.91, 39.51, score: 70.2512, ssr ratio: 0.1057
batch training loss: 560.19, 50.51, score: 76.0341, ssr ratio: 0.0857
batch training loss: 581.03, 45.27, score: 43.9869, ssr ratio: 0.0657
batch training loss: 539.35, 23.76, score: 94.7447, ssr ratio: 0.0457
batch training loss: 534.44, 38.67, score: 86.7809, ssr ratio: 0.0257
batch training loss: 547.57, 44.94, score: 103.0795, ssr ratio: 0.0057
batch training loss: 626.19, 68.98, score: 79.6649, ssr ratio: 0.0000
batch training loss: 631.04, 92.11, score: 29.9842, ssr ratio: 0.0000
batch training loss: 524.81, 46.31, score: 103.5367, ssr ratio: 0.0000
batch training loss: 524.94, 40.88, score: 99.9355, ssr ratio: 0.0000
batch training loss: 565.58, 43.44, score: 69.3064, ssr ratio: 0.0000
tensor([0.9409, 0.8967, 0.8552, 0.8173, 0.7818, 0.7458, 0.7131, 0.6848, 0.6604,
        0.6383, 0.6228, 0.6166, 0.6195, 0.6232, 0.6208, 0.6047, 0.5762, 0.5436,
        0.5222, 0.5142, 0.5108, 0.5107, 0.5127, 0.5147], device='cuda:3')
epoch eval loss:
sst: 593.80, nino: 123.34, sc: 46.9240
eval score is improved from 45.47243 to 46.92403, saving model

epoch: 5
batch training loss: 520.86, 34.10, score: 92.4526, ssr ratio: 0.0000
batch training loss: 590.48, 48.77, score: 37.4428, ssr ratio: 0.0000
batch training loss: 534.91, 55.69, score: 99.7737, ssr ratio: 0.0000
batch training loss: 562.91, 66.73, score: 39.2029, ssr ratio: 0.0000
batch training loss: 541.49, 45.94, score: 97.6085, ssr ratio: 0.0000
batch training loss: 562.22, 46.41, score: 99.4781, ssr ratio: 0.0000
batch training loss: 509.62, 25.82, score: 103.0480, ssr ratio: 0.0000
batch training loss: 546.83, 61.89, score: 19.1498, ssr ratio: 0.0000
batch training loss: 668.89, 113.22, score: -16.3425, ssr ratio: 0.0000
batch training loss: 533.21, 37.17, score: 103.3007, ssr ratio: 0.0000
batch training loss: 495.50, 37.08, score: 103.5192, ssr ratio: 0.0000
batch training loss: 502.64, 61.01, score: 101.1162, ssr ratio: 0.0000
batch training loss: 479.21, 44.14, score: 27.9740, ssr ratio: 0.0000
batch training loss: 642.56, 49.13, score: 83.4861, ssr ratio: 0.0000
tensor([0.9297, 0.8816, 0.8383, 0.7980, 0.7605, 0.7244, 0.6945, 0.6702, 0.6492,
        0.6291, 0.6145, 0.6089, 0.6122, 0.6162, 0.6143, 0.5982, 0.5701, 0.5379,
        0.5172, 0.5097, 0.5064, 0.5064, 0.5085, 0.5112], device='cuda:3')
epoch eval loss:
sst: 594.71, nino: 123.31, sc: 46.0787
Epoch 00005: reducing learning rate of group 0 to 3.0000e-04.
eval score is not improved for 1 epoch

epoch: 6
batch training loss: 546.06, 57.32, score: 40.2807, ssr ratio: 0.0000
batch training loss: 602.59, 45.17, score: 103.1680, ssr ratio: 0.0000
batch training loss: 569.34, 23.90, score: 95.0868, ssr ratio: 0.0000
batch training loss: 545.01, 74.12, score: 101.0152, ssr ratio: 0.0000
batch training loss: 525.35, 43.17, score: 75.5912, ssr ratio: 0.0000
batch training loss: 543.21, 33.10, score: 39.0316, ssr ratio: 0.0000
batch training loss: 558.52, 32.68, score: 104.1254, ssr ratio: 0.0000
batch training loss: 608.11, 47.06, score: 94.9108, ssr ratio: 0.0000
batch training loss: 462.40, 35.88, score: 104.2793, ssr ratio: 0.0000
batch training loss: 548.55, 74.55, score: 96.7559, ssr ratio: 0.0000
batch training loss: 515.61, 52.11, score: 39.7065, ssr ratio: 0.0000
batch training loss: 606.66, 58.25, score: 50.8394, ssr ratio: 0.0000
batch training loss: 549.89, 41.38, score: 100.8415, ssr ratio: 0.0000
batch training loss: 550.46, 43.47, score: 50.2850, ssr ratio: 0.0000
tensor([0.9315, 0.8829, 0.8388, 0.7986, 0.7610, 0.7245, 0.6932, 0.6677, 0.6458,
        0.6249, 0.6099, 0.6040, 0.6075, 0.6127, 0.6119, 0.5972, 0.5692, 0.5366,
        0.5146, 0.5070, 0.5039, 0.5037, 0.5054, 0.5074], device='cuda:3')
epoch eval loss:
sst: 591.78, nino: 124.28, sc: 45.6201
Epoch 00006: reducing learning rate of group 0 to 1.0000e-04.
eval score is not improved for 2 epoch

epoch: 7
batch training loss: 480.20, 37.31, score: 88.5587, ssr ratio: 0.0000
batch training loss: 503.66, 42.10, score: 22.3384, ssr ratio: 0.0000
batch training loss: 511.06, 28.56, score: 60.3029, ssr ratio: 0.0000
batch training loss: 529.90, 39.75, score: 47.0825, ssr ratio: 0.0000
batch training loss: 579.41, 43.91, score: 103.3179, ssr ratio: 0.0000
batch training loss: 582.40, 54.42, score: 41.1553, ssr ratio: 0.0000
batch training loss: 557.96, 26.76, score: 105.2526, ssr ratio: 0.0000
batch training loss: 555.87, 55.03, score: 100.4047, ssr ratio: 0.0000
batch training loss: 584.32, 71.80, score: 54.9698, ssr ratio: 0.0000
batch training loss: 504.82, 46.97, score: 102.2160, ssr ratio: 0.0000
batch training loss: 593.75, 52.47, score: 47.2773, ssr ratio: 0.0000
batch training loss: 565.85, 40.24, score: 103.4953, ssr ratio: 0.0000
batch training loss: 508.73, 51.14, score: 85.2702, ssr ratio: 0.0000
batch training loss: 603.08, 26.65, score: 98.8162, ssr ratio: 0.0000
tensor([0.9368, 0.8902, 0.8471, 0.8072, 0.7699, 0.7334, 0.7015, 0.6748, 0.6519,
        0.6303, 0.6149, 0.6090, 0.6125, 0.6178, 0.6168, 0.6018, 0.5731, 0.5401,
        0.5181, 0.5105, 0.5075, 0.5074, 0.5094, 0.5115], device='cuda:3')
epoch eval loss:
sst: 592.42, nino: 123.60, sc: 46.2865
eval score is not improved for 3 epoch

epoch: 8
batch training loss: 561.17, 61.57, score: 70.8391, ssr ratio: 0.0000
batch training loss: 645.06, 51.42, score: 76.2274, ssr ratio: 0.0000
batch training loss: 616.43, 58.89, score: 61.6121, ssr ratio: 0.0000
batch training loss: 539.43, 26.23, score: 90.1034, ssr ratio: 0.0000
batch training loss: 535.42, 27.28, score: -37.4579, ssr ratio: 0.0000
batch training loss: 465.84, 37.88, score: 102.3873, ssr ratio: 0.0000
batch training loss: 575.58, 73.93, score: 47.9395, ssr ratio: 0.0000
batch training loss: 598.12, 78.38, score: 17.3065, ssr ratio: 0.0000
batch training loss: 564.54, 50.59, score: 73.7707, ssr ratio: 0.0000
batch training loss: 599.87, 48.83, score: 68.3245, ssr ratio: 0.0000
batch training loss: 531.49, 21.45, score: 105.8327, ssr ratio: 0.0000
batch training loss: 576.99, 43.12, score: -8.6605, ssr ratio: 0.0000
batch training loss: 459.47, 31.62, score: 99.6999, ssr ratio: 0.0000
batch training loss: 522.15, 50.95, score: 102.4239, ssr ratio: 0.0000
tensor([0.9359, 0.8894, 0.8466, 0.8069, 0.7693, 0.7324, 0.7002, 0.6735, 0.6507,
        0.6291, 0.6137, 0.6080, 0.6119, 0.6177, 0.6170, 0.6023, 0.5739, 0.5409,
        0.5190, 0.5117, 0.5090, 0.5094, 0.5118, 0.5141], device='cuda:3')
epoch eval loss:
sst: 592.04, nino: 123.12, sc: 46.3739
eval score is not improved for 4 epoch

epoch: 9
batch training loss: 598.81, 67.07, score: 82.1451, ssr ratio: 0.0000
batch training loss: 487.72, 36.36, score: 104.9952, ssr ratio: 0.0000
batch training loss: 536.67, 38.09, score: 103.9936, ssr ratio: 0.0000
batch training loss: 610.34, 64.03, score: -20.1258, ssr ratio: 0.0000
batch training loss: 581.42, 47.28, score: 73.6254, ssr ratio: 0.0000
batch training loss: 535.17, 15.29, score: 83.5971, ssr ratio: 0.0000
batch training loss: 525.67, 45.71, score: 98.0908, ssr ratio: 0.0000
batch training loss: 633.01, 55.96, score: 49.8408, ssr ratio: 0.0000
batch training loss: 594.09, 67.59, score: 64.0728, ssr ratio: 0.0000
batch training loss: 554.84, 64.86, score: 101.2737, ssr ratio: 0.0000
batch training loss: 470.07, 34.65, score: 57.6534, ssr ratio: 0.0000
batch training loss: 554.09, 38.93, score: 103.5600, ssr ratio: 0.0000
batch training loss: 574.01, 54.43, score: 101.3879, ssr ratio: 0.0000
batch training loss: 564.83, 54.83, score: 21.0936, ssr ratio: 0.0000
tensor([0.9378, 0.8928, 0.8514, 0.8128, 0.7759, 0.7388, 0.7056, 0.6774, 0.6530,
        0.6304, 0.6143, 0.6079, 0.6113, 0.6168, 0.6160, 0.6010, 0.5722, 0.5388,
        0.5164, 0.5088, 0.5061, 0.5063, 0.5086, 0.5110], device='cuda:3')
epoch eval loss:
sst: 592.02, nino: 123.50, sc: 46.2487
eval score is not improved for 5 epoch

epoch: 10
batch training loss: 529.52, 52.14, score: 100.7659, ssr ratio: 0.0000
batch training loss: 585.99, 56.04, score: 80.5858, ssr ratio: 0.0000
batch training loss: 528.96, 47.48, score: 36.1580, ssr ratio: 0.0000
batch training loss: 610.61, 56.46, score: 101.1081, ssr ratio: 0.0000
batch training loss: 493.48, 22.44, score: 95.1961, ssr ratio: 0.0000
batch training loss: 559.35, 60.00, score: 101.8758, ssr ratio: 0.0000
batch training loss: 538.11, 32.35, score: 104.9696, ssr ratio: 0.0000
batch training loss: 489.93, 27.79, score: 57.7153, ssr ratio: 0.0000
batch training loss: 510.48, 36.13, score: 104.2764, ssr ratio: 0.0000
batch training loss: 580.22, 80.13, score: 74.8301, ssr ratio: 0.0000
batch training loss: 532.63, 56.62, score: 102.2457, ssr ratio: 0.0000
batch training loss: 564.99, 76.45, score: 66.4641, ssr ratio: 0.0000
batch training loss: 505.06, 59.31, score: -41.6553, ssr ratio: 0.0000
batch training loss: 590.25, 82.96, score: 49.4471, ssr ratio: 0.0000
tensor([0.9348, 0.8884, 0.8458, 0.8066, 0.7697, 0.7334, 0.7016, 0.6747, 0.6511,
        0.6284, 0.6117, 0.6048, 0.6076, 0.6129, 0.6125, 0.5985, 0.5708, 0.5381,
        0.5160, 0.5085, 0.5058, 0.5059, 0.5076, 0.5095], device='cuda:3')
epoch eval loss:
sst: 591.14, nino: 123.86, sc: 45.9593
eval score is not improved for 6 epoch

epoch: 11
batch training loss: 511.39, 31.91, score: 87.1035, ssr ratio: 0.0000
batch training loss: 577.50, 90.32, score: 96.3231, ssr ratio: 0.0000
batch training loss: 506.82, 93.10, score: 28.1682, ssr ratio: 0.0000
batch training loss: 530.80, 37.51, score: 103.4098, ssr ratio: 0.0000
batch training loss: 580.53, 37.76, score: 92.2501, ssr ratio: 0.0000
batch training loss: 563.02, 42.45, score: 36.9356, ssr ratio: 0.0000
batch training loss: 519.61, 30.43, score: 103.9021, ssr ratio: 0.0000
batch training loss: 494.77, 76.27, score: 100.3770, ssr ratio: 0.0000
batch training loss: 561.85, 32.89, score: 85.6290, ssr ratio: 0.0000
batch training loss: 531.57, 47.05, score: 102.2601, ssr ratio: 0.0000
batch training loss: 503.18, 58.22, score: 102.2974, ssr ratio: 0.0000
batch training loss: 513.42, 75.19, score: 100.5510, ssr ratio: 0.0000
batch training loss: 590.20, 65.53, score: 25.1208, ssr ratio: 0.0000
batch training loss: 534.91, 55.89, score: 13.4913, ssr ratio: 0.0000
tensor([0.9372, 0.8918, 0.8508, 0.8126, 0.7759, 0.7386, 0.7049, 0.6760, 0.6514,
        0.6289, 0.6126, 0.6060, 0.6098, 0.6166, 0.6176, 0.6049, 0.5779, 0.5456,
        0.5228, 0.5140, 0.5100, 0.5089, 0.5100, 0.5116], device='cuda:3')
epoch eval loss:
sst: 591.50, nino: 123.22, sc: 46.4566
eval score is not improved for 7 epoch

epoch: 12
batch training loss: 628.90, 46.26, score: 80.4545, ssr ratio: 0.0000
batch training loss: 547.20, 40.36, score: 103.5395, ssr ratio: 0.0000
batch training loss: 630.25, 47.50, score: 102.8160, ssr ratio: 0.0000
batch training loss: 564.52, 52.17, score: 56.4204, ssr ratio: 0.0000
batch training loss: 533.77, 51.21, score: 75.4832, ssr ratio: 0.0000
batch training loss: 462.58, 28.74, score: 40.4350, ssr ratio: 0.0000
batch training loss: 603.08, 40.31, score: 101.9416, ssr ratio: 0.0000
batch training loss: 568.34, 79.32, score: -10.7194, ssr ratio: 0.0000
batch training loss: 594.13, 100.05, score: 84.7667, ssr ratio: 0.0000
batch training loss: 520.82, 63.66, score: -28.3401, ssr ratio: 0.0000
batch training loss: 507.73, 37.34, score: 89.2716, ssr ratio: 0.0000
batch training loss: 484.07, 40.59, score: 81.1317, ssr ratio: 0.0000
batch training loss: 612.56, 73.07, score: 78.8332, ssr ratio: 0.0000
batch training loss: 552.36, 44.42, score: 103.5915, ssr ratio: 0.0000
tensor([0.9341, 0.8875, 0.8450, 0.8057, 0.7683, 0.7314, 0.6988, 0.6712, 0.6475,
        0.6250, 0.6083, 0.6013, 0.6045, 0.6102, 0.6098, 0.5958, 0.5678, 0.5349,
        0.5124, 0.5049, 0.5021, 0.5020, 0.5039, 0.5057], device='cuda:3')
epoch eval loss:
sst: 591.23, nino: 123.90, sc: 45.5708
eval score is not improved for 8 epoch

epoch: 13
batch training loss: 558.32, 40.65, score: 92.8527, ssr ratio: 0.0000
batch training loss: 632.87, 32.93, score: 104.6404, ssr ratio: 0.0000
batch training loss: 562.13, 42.82, score: -17.2911, ssr ratio: 0.0000
batch training loss: 557.73, 72.19, score: 14.2849, ssr ratio: 0.0000
batch training loss: 594.29, 50.03, score: 53.3855, ssr ratio: 0.0000
batch training loss: 633.88, 43.00, score: 48.0547, ssr ratio: 0.0000
batch training loss: 517.38, 133.83, score: 84.9103, ssr ratio: 0.0000
batch training loss: 534.90, 48.30, score: -18.3610, ssr ratio: 0.0000
batch training loss: 550.57, 39.33, score: 89.1276, ssr ratio: 0.0000
batch training loss: 563.15, 65.12, score: 84.5172, ssr ratio: 0.0000
batch training loss: 522.50, 32.03, score: 70.5481, ssr ratio: 0.0000
batch training loss: 619.18, 41.04, score: 54.0215, ssr ratio: 0.0000
batch training loss: 532.77, 43.80, score: 31.2712, ssr ratio: 0.0000
batch training loss: 590.40, 66.52, score: -9.1905, ssr ratio: 0.0000
tensor([0.9341, 0.8883, 0.8468, 0.8078, 0.7703, 0.7326, 0.6991, 0.6709, 0.6470,
        0.6246, 0.6081, 0.6008, 0.6034, 0.6084, 0.6075, 0.5938, 0.5671, 0.5357,
        0.5147, 0.5083, 0.5066, 0.5072, 0.5093, 0.5111], device='cuda:3')
epoch eval loss:
sst: 591.03, nino: 124.03, sc: 45.7511
eval score is not improved for 9 epoch

epoch: 14
batch training loss: 496.39, 65.68, score: 98.1758, ssr ratio: 0.0000
batch training loss: 553.87, 81.70, score: 98.2007, ssr ratio: 0.0000
batch training loss: 588.41, 49.33, score: 21.1325, ssr ratio: 0.0000
batch training loss: 486.46, 65.86, score: 61.6362, ssr ratio: 0.0000
batch training loss: 593.18, 56.80, score: 85.1691, ssr ratio: 0.0000
batch training loss: 522.22, 49.05, score: 74.0994, ssr ratio: 0.0000
batch training loss: 558.20, 37.55, score: 101.0976, ssr ratio: 0.0000
batch training loss: 621.18, 57.31, score: 96.3840, ssr ratio: 0.0000
batch training loss: 550.26, 22.40, score: 94.6064, ssr ratio: 0.0000
batch training loss: 529.39, 40.09, score: 86.6837, ssr ratio: 0.0000
batch training loss: 526.24, 25.15, score: 52.8521, ssr ratio: 0.0000
batch training loss: 486.48, 47.56, score: 102.4503, ssr ratio: 0.0000
batch training loss: 552.58, 31.03, score: 104.1727, ssr ratio: 0.0000
batch training loss: 530.09, 73.39, score: 30.0846, ssr ratio: 0.0000
tensor([0.9351, 0.8890, 0.8470, 0.8082, 0.7709, 0.7333, 0.6997, 0.6708, 0.6460,
        0.6233, 0.6075, 0.6017, 0.6058, 0.6115, 0.6111, 0.5970, 0.5693, 0.5369,
        0.5152, 0.5079, 0.5055, 0.5058, 0.5080, 0.5100], device='cuda:3')
epoch eval loss:
sst: 591.17, nino: 124.31, sc: 45.7411
eval score is not improved for 10 epoch

epoch: 15
batch training loss: 556.37, 33.82, score: 99.1372, ssr ratio: 0.0000
batch training loss: 491.89, 46.27, score: 103.7622, ssr ratio: 0.0000
batch training loss: 571.88, 99.47, score: -21.3104, ssr ratio: 0.0000
batch training loss: 561.55, 40.88, score: 20.5079, ssr ratio: 0.0000
batch training loss: 563.17, 55.57, score: -61.1957, ssr ratio: 0.0000
batch training loss: 506.82, 41.73, score: 68.2764, ssr ratio: 0.0000
batch training loss: 655.46, 48.48, score: 64.2033, ssr ratio: 0.0000
batch training loss: 581.95, 26.02, score: 104.5968, ssr ratio: 0.0000
batch training loss: 604.97, 71.61, score: 39.6526, ssr ratio: 0.0000
batch training loss: 552.02, 82.05, score: 87.6237, ssr ratio: 0.0000
batch training loss: 551.59, 74.92, score: 68.3255, ssr ratio: 0.0000
batch training loss: 478.66, 42.67, score: 96.6008, ssr ratio: 0.0000
batch training loss: 555.98, 37.59, score: 25.8035, ssr ratio: 0.0000
batch training loss: 498.84, 56.30, score: 56.4277, ssr ratio: 0.0000
tensor([0.9366, 0.8909, 0.8491, 0.8097, 0.7713, 0.7328, 0.6988, 0.6701, 0.6450,
        0.6210, 0.6038, 0.5976, 0.6027, 0.6104, 0.6116, 0.5983, 0.5706, 0.5377,
        0.5155, 0.5083, 0.5064, 0.5072, 0.5100, 0.5123], device='cuda:3')
epoch eval loss:
sst: 592.51, nino: 123.69, sc: 45.9146
eval score is not improved for 11 epoch

epoch: 16
batch training loss: 491.83, 29.70, score: 92.9089, ssr ratio: 0.0000
batch training loss: 550.22, 45.83, score: 68.1340, ssr ratio: 0.0000
batch training loss: 498.71, 61.47, score: 58.8836, ssr ratio: 0.0000
batch training loss: 526.76, 68.12, score: 48.9996, ssr ratio: 0.0000
batch training loss: 523.61, 71.55, score: 85.6545, ssr ratio: 0.0000
batch training loss: 519.98, 43.03, score: 85.4781, ssr ratio: 0.0000
batch training loss: 576.59, 59.75, score: -14.0766, ssr ratio: 0.0000
batch training loss: 493.55, 35.91, score: 87.1793, ssr ratio: 0.0000
batch training loss: 526.47, 52.68, score: 99.0697, ssr ratio: 0.0000
batch training loss: 542.29, 19.56, score: 68.4577, ssr ratio: 0.0000
batch training loss: 531.30, 35.13, score: 71.7863, ssr ratio: 0.0000
batch training loss: 619.48, 38.55, score: 65.8768, ssr ratio: 0.0000
batch training loss: 596.65, 54.77, score: 63.8656, ssr ratio: 0.0000
batch training loss: 526.99, 40.22, score: 89.6363, ssr ratio: 0.0000
tensor([0.9366, 0.8914, 0.8504, 0.8124, 0.7761, 0.7398, 0.7071, 0.6789, 0.6539,
        0.6301, 0.6128, 0.6056, 0.6086, 0.6136, 0.6126, 0.5980, 0.5697, 0.5367,
        0.5147, 0.5074, 0.5050, 0.5053, 0.5073, 0.5093], device='cuda:3')
epoch eval loss:
sst: 591.08, nino: 124.01, sc: 45.9799
eval score is not improved for 12 epoch

epoch: 17
batch training loss: 517.51, 30.33, score: 103.3055, ssr ratio: 0.0000
batch training loss: 610.59, 56.41, score: 19.4744, ssr ratio: 0.0000
batch training loss: 596.36, 59.35, score: 33.4033, ssr ratio: 0.0000
batch training loss: 633.03, 55.82, score: 72.3369, ssr ratio: 0.0000
batch training loss: 511.18, 66.12, score: 12.5993, ssr ratio: 0.0000
batch training loss: 504.52, 54.78, score: 102.8572, ssr ratio: 0.0000
batch training loss: 532.19, 65.81, score: 65.2297, ssr ratio: 0.0000
batch training loss: 616.08, 64.50, score: 89.9975, ssr ratio: 0.0000
batch training loss: 532.39, 63.05, score: -4.7738, ssr ratio: 0.0000
batch training loss: 487.23, 41.96, score: 102.8545, ssr ratio: 0.0000
batch training loss: 554.09, 49.68, score: 102.6960, ssr ratio: 0.0000
batch training loss: 684.60, 179.63, score: -87.7056, ssr ratio: 0.0000
batch training loss: 494.52, 29.74, score: 53.3447, ssr ratio: 0.0000
batch training loss: 574.19, 37.06, score: 103.9452, ssr ratio: 0.0000
tensor([0.9386, 0.8941, 0.8533, 0.8152, 0.7781, 0.7407, 0.7069, 0.6780, 0.6532,
        0.6302, 0.6137, 0.6073, 0.6112, 0.6169, 0.6163, 0.6021, 0.5743, 0.5420,
        0.5205, 0.5134, 0.5110, 0.5114, 0.5138, 0.5160], device='cuda:3')
epoch eval loss:
sst: 592.01, nino: 123.38, sc: 46.5493
eval score is not improved for 13 epoch

epoch: 18
batch training loss: 533.54, 40.30, score: 54.2769, ssr ratio: 0.0000
batch training loss: 587.81, 41.82, score: 70.1712, ssr ratio: 0.0000
batch training loss: 559.34, 25.24, score: 86.8978, ssr ratio: 0.0000
batch training loss: 514.42, 57.55, score: -96.7211, ssr ratio: 0.0000
batch training loss: 541.81, 58.73, score: 62.3413, ssr ratio: 0.0000
batch training loss: 525.04, 50.41, score: 92.1958, ssr ratio: 0.0000
batch training loss: 500.04, 66.09, score: 6.1495, ssr ratio: 0.0000
batch training loss: 529.42, 36.20, score: 98.5092, ssr ratio: 0.0000
batch training loss: 565.74, 40.50, score: 91.2156, ssr ratio: 0.0000
batch training loss: 604.18, 54.36, score: 86.7403, ssr ratio: 0.0000
batch training loss: 570.32, 45.39, score: 103.2066, ssr ratio: 0.0000
batch training loss: 554.63, 61.83, score: 84.3581, ssr ratio: 0.0000
batch training loss: 570.89, 44.27, score: 103.5312, ssr ratio: 0.0000
batch training loss: 521.75, 45.24, score: 103.9434, ssr ratio: 0.0000
tensor([0.9376, 0.8933, 0.8526, 0.8145, 0.7782, 0.7421, 0.7097, 0.6815, 0.6562,
        0.6319, 0.6144, 0.6072, 0.6105, 0.6162, 0.6163, 0.6023, 0.5737, 0.5395,
        0.5156, 0.5065, 0.5030, 0.5030, 0.5053, 0.5077], device='cuda:3')
epoch eval loss:
sst: 591.64, nino: 124.19, sc: 46.1221
eval score is not improved for 14 epoch

epoch: 19
batch training loss: 521.57, 50.45, score: 82.0129, ssr ratio: 0.0000
batch training loss: 490.02, 55.97, score: 91.6645, ssr ratio: 0.0000
batch training loss: 530.30, 52.94, score: 65.1385, ssr ratio: 0.0000
batch training loss: 587.85, 100.30, score: 96.2350, ssr ratio: 0.0000
batch training loss: 480.98, 55.28, score: 46.1411, ssr ratio: 0.0000
batch training loss: 625.79, 34.48, score: 91.5186, ssr ratio: 0.0000
batch training loss: 566.88, 79.43, score: 53.1536, ssr ratio: 0.0000
batch training loss: 592.25, 50.95, score: 77.0456, ssr ratio: 0.0000
batch training loss: 540.29, 73.73, score: 29.5838, ssr ratio: 0.0000
batch training loss: 515.63, 53.30, score: 43.2945, ssr ratio: 0.0000
batch training loss: 556.88, 44.21, score: 102.7252, ssr ratio: 0.0000
batch training loss: 465.05, 55.84, score: 100.0189, ssr ratio: 0.0000
batch training loss: 613.53, 36.44, score: 104.0216, ssr ratio: 0.0000
batch training loss: 530.07, 43.34, score: 83.4328, ssr ratio: 0.0000
tensor([0.9377, 0.8935, 0.8531, 0.8155, 0.7799, 0.7446, 0.7125, 0.6841, 0.6584,
        0.6338, 0.6159, 0.6088, 0.6126, 0.6191, 0.6197, 0.6060, 0.5773, 0.5427,
        0.5185, 0.5094, 0.5060, 0.5058, 0.5076, 0.5089], device='cuda:3')
epoch eval loss:
sst: 591.23, nino: 123.84, sc: 46.4419
eval score is not improved for 15 epoch

epoch: 20
batch training loss: 568.32, 61.55, score: 61.8030, ssr ratio: 0.0000
batch training loss: 499.46, 55.18, score: -1.9842, ssr ratio: 0.0000
batch training loss: 630.58, 41.57, score: 103.0865, ssr ratio: 0.0000
batch training loss: 508.74, 52.29, score: 93.9835, ssr ratio: 0.0000
batch training loss: 509.94, 45.56, score: 96.6339, ssr ratio: 0.0000
batch training loss: 452.21, 29.82, score: 59.5316, ssr ratio: 0.0000
batch training loss: 500.29, 59.02, score: 91.4859, ssr ratio: 0.0000
batch training loss: 521.73, 77.70, score: 0.1296, ssr ratio: 0.0000
batch training loss: 515.59, 61.15, score: 17.5498, ssr ratio: 0.0000
batch training loss: 518.68, 47.78, score: 5.5439, ssr ratio: 0.0000
batch training loss: 558.29, 87.47, score: 84.5472, ssr ratio: 0.0000
batch training loss: 552.46, 44.08, score: 80.1166, ssr ratio: 0.0000
batch training loss: 539.20, 43.01, score: 75.1866, ssr ratio: 0.0000
batch training loss: 534.67, 37.93, score: 101.2472, ssr ratio: 0.0000
tensor([0.9392, 0.8957, 0.8561, 0.8194, 0.7842, 0.7491, 0.7169, 0.6885, 0.6629,
        0.6384, 0.6206, 0.6133, 0.6168, 0.6226, 0.6220, 0.6074, 0.5786, 0.5452,
        0.5225, 0.5151, 0.5131, 0.5143, 0.5172, 0.5196], device='cuda:3')
epoch eval loss:
sst: 591.31, nino: 122.65, sc: 47.1673
eval score is improved from 46.92403 to 47.16728, saving model

epoch: 21
batch training loss: 468.91, 46.05, score: 103.2785, ssr ratio: 0.0000
batch training loss: 539.40, 31.97, score: 92.3987, ssr ratio: 0.0000
batch training loss: 514.83, 66.95, score: -31.5397, ssr ratio: 0.0000
batch training loss: 487.34, 41.79, score: 98.2847, ssr ratio: 0.0000
batch training loss: 556.64, 120.66, score: 63.9924, ssr ratio: 0.0000
batch training loss: 506.18, 50.98, score: 90.2632, ssr ratio: 0.0000
batch training loss: 499.63, 46.62, score: 101.9540, ssr ratio: 0.0000
batch training loss: 558.11, 49.35, score: 90.9312, ssr ratio: 0.0000
batch training loss: 486.54, 37.87, score: 91.9602, ssr ratio: 0.0000
batch training loss: 562.28, 46.67, score: 19.3084, ssr ratio: 0.0000
batch training loss: 494.06, 57.62, score: 100.7154, ssr ratio: 0.0000
batch training loss: 577.35, 57.97, score: 3.9917, ssr ratio: 0.0000
batch training loss: 474.80, 39.95, score: 49.5643, ssr ratio: 0.0000
batch training loss: 547.02, 96.90, score: -4.0649, ssr ratio: 0.0000
tensor([0.9379, 0.8935, 0.8530, 0.8146, 0.7767, 0.7379, 0.7021, 0.6714, 0.6456,
        0.6224, 0.6062, 0.6002, 0.6048, 0.6114, 0.6109, 0.5962, 0.5678, 0.5355,
        0.5140, 0.5070, 0.5047, 0.5051, 0.5072, 0.5093], device='cuda:3')
epoch eval loss:
sst: 590.77, nino: 123.58, sc: 45.8315
eval score is not improved for 1 epoch

epoch: 22
batch training loss: 537.01, 42.68, score: 76.1819, ssr ratio: 0.0000
batch training loss: 514.70, 53.80, score: 90.9162, ssr ratio: 0.0000
batch training loss: 613.84, 100.19, score: -14.7165, ssr ratio: 0.0000
batch training loss: 579.92, 35.23, score: 100.4475, ssr ratio: 0.0000
batch training loss: 594.08, 75.64, score: 83.5480, ssr ratio: 0.0000
batch training loss: 536.84, 53.00, score: 101.6058, ssr ratio: 0.0000
batch training loss: 595.00, 54.37, score: 2.9231, ssr ratio: 0.0000
batch training loss: 611.20, 49.84, score: 78.1277, ssr ratio: 0.0000
batch training loss: 584.26, 131.88, score: -25.8022, ssr ratio: 0.0000
batch training loss: 620.57, 27.12, score: 98.1209, ssr ratio: 0.0000
batch training loss: 508.08, 29.76, score: 105.6419, ssr ratio: 0.0000
batch training loss: 609.76, 46.28, score: 9.9289, ssr ratio: 0.0000
batch training loss: 478.25, 60.05, score: 34.7492, ssr ratio: 0.0000
batch training loss: 528.98, 50.07, score: 48.6992, ssr ratio: 0.0000
tensor([0.9374, 0.8928, 0.8523, 0.8138, 0.7763, 0.7390, 0.7054, 0.6767, 0.6519,
        0.6286, 0.6116, 0.6044, 0.6078, 0.6140, 0.6144, 0.6009, 0.5732, 0.5406,
        0.5187, 0.5118, 0.5103, 0.5116, 0.5143, 0.5167], device='cuda:3')
epoch eval loss:
sst: 590.95, nino: 123.48, sc: 46.3697
eval score is not improved for 2 epoch

epoch: 23
batch training loss: 483.63, 58.86, score: 62.2269, ssr ratio: 0.0000
batch training loss: 521.10, 90.32, score: 74.0408, ssr ratio: 0.0000
batch training loss: 538.40, 44.37, score: 80.5976, ssr ratio: 0.0000
batch training loss: 563.42, 36.75, score: 68.8958, ssr ratio: 0.0000
batch training loss: 552.23, 39.63, score: 84.5778, ssr ratio: 0.0000
batch training loss: 521.29, 40.69, score: 93.1134, ssr ratio: 0.0000
batch training loss: 538.23, 53.65, score: 92.1143, ssr ratio: 0.0000
batch training loss: 592.54, 68.12, score: -29.4849, ssr ratio: 0.0000
batch training loss: 560.87, 63.45, score: 93.9253, ssr ratio: 0.0000
batch training loss: 499.11, 27.20, score: 16.0057, ssr ratio: 0.0000
batch training loss: 546.42, 40.81, score: 61.6584, ssr ratio: 0.0000
batch training loss: 622.36, 122.01, score: 46.8186, ssr ratio: 0.0000
batch training loss: 562.73, 99.46, score: 67.4999, ssr ratio: 0.0000
batch training loss: 524.61, 86.89, score: 86.9215, ssr ratio: 0.0000
tensor([0.9393, 0.8969, 0.8582, 0.8211, 0.7855, 0.7501, 0.7177, 0.6886, 0.6616,
        0.6358, 0.6174, 0.6098, 0.6129, 0.6181, 0.6175, 0.6030, 0.5745, 0.5416,
        0.5195, 0.5120, 0.5099, 0.5109, 0.5134, 0.5155], device='cuda:3')
epoch eval loss:
sst: 592.13, nino: 123.19, sc: 46.7917
eval score is not improved for 3 epoch

epoch: 24
batch training loss: 615.89, 66.14, score: 94.5205, ssr ratio: 0.0000
batch training loss: 658.61, 50.55, score: 35.3687, ssr ratio: 0.0000
batch training loss: 555.73, 59.25, score: 85.3740, ssr ratio: 0.0000
batch training loss: 588.29, 40.92, score: 40.8304, ssr ratio: 0.0000
batch training loss: 543.47, 49.04, score: 52.5952, ssr ratio: 0.0000
batch training loss: 565.45, 65.06, score: 101.1212, ssr ratio: 0.0000
batch training loss: 613.97, 51.99, score: 90.9013, ssr ratio: 0.0000
batch training loss: 633.43, 82.72, score: 77.8955, ssr ratio: 0.0000
batch training loss: 566.07, 38.04, score: 70.6094, ssr ratio: 0.0000
batch training loss: 504.01, 43.02, score: 102.7770, ssr ratio: 0.0000
batch training loss: 465.83, 35.59, score: 70.8153, ssr ratio: 0.0000
batch training loss: 533.43, 31.91, score: 104.0852, ssr ratio: 0.0000
batch training loss: 551.44, 30.04, score: 47.6714, ssr ratio: 0.0000
batch training loss: 587.77, 50.20, score: 91.4812, ssr ratio: 0.0000
tensor([0.9359, 0.8909, 0.8508, 0.8137, 0.7782, 0.7432, 0.7118, 0.6846, 0.6592,
        0.6339, 0.6147, 0.6065, 0.6094, 0.6145, 0.6142, 0.6007, 0.5733, 0.5409,
        0.5185, 0.5108, 0.5088, 0.5101, 0.5128, 0.5149], device='cuda:3')
epoch eval loss:
sst: 591.31, nino: 123.42, sc: 46.5201
eval score is not improved for 4 epoch

epoch: 25
batch training loss: 548.88, 34.91, score: 64.8463, ssr ratio: 0.0000
batch training loss: 540.64, 55.73, score: 64.5286, ssr ratio: 0.0000
batch training loss: 556.94, 75.48, score: 55.9177, ssr ratio: 0.0000
batch training loss: 557.25, 77.52, score: 89.5448, ssr ratio: 0.0000
batch training loss: 552.97, 26.22, score: 101.9940, ssr ratio: 0.0000
batch training loss: 568.55, 41.14, score: 46.4319, ssr ratio: 0.0000
batch training loss: 472.80, 40.37, score: 103.9074, ssr ratio: 0.0000
batch training loss: 561.53, 78.37, score: 87.4431, ssr ratio: 0.0000
batch training loss: 566.51, 55.47, score: 84.4932, ssr ratio: 0.0000
batch training loss: 538.50, 37.83, score: 100.8946, ssr ratio: 0.0000
batch training loss: 562.39, 54.50, score: 52.1741, ssr ratio: 0.0000
batch training loss: 539.83, 33.40, score: 103.2361, ssr ratio: 0.0000
batch training loss: 569.12, 69.96, score: 100.5463, ssr ratio: 0.0000
batch training loss: 605.59, 54.26, score: 102.6316, ssr ratio: 0.0000
tensor([0.9373, 0.8944, 0.8563, 0.8202, 0.7847, 0.7477, 0.7118, 0.6791, 0.6499,
        0.6237, 0.6059, 0.5996, 0.6042, 0.6112, 0.6122, 0.5996, 0.5729, 0.5411,
        0.5190, 0.5115, 0.5095, 0.5107, 0.5129, 0.5145], device='cuda:3')
epoch eval loss:
sst: 591.56, nino: 123.11, sc: 46.4003
eval score is not improved for 5 epoch

epoch: 26
batch training loss: 526.32, 42.48, score: 102.7244, ssr ratio: 0.0000
batch training loss: 577.22, 55.52, score: 45.7300, ssr ratio: 0.0000
batch training loss: 605.14, 111.37, score: -8.7646, ssr ratio: 0.0000
batch training loss: 476.17, 37.55, score: 103.8816, ssr ratio: 0.0000
batch training loss: 480.32, 61.31, score: 99.9788, ssr ratio: 0.0000
batch training loss: 617.01, 40.34, score: 98.6573, ssr ratio: 0.0000
batch training loss: 620.31, 37.79, score: 103.6693, ssr ratio: 0.0000
batch training loss: 516.73, 37.42, score: 42.8959, ssr ratio: 0.0000
batch training loss: 544.79, 73.97, score: 98.5038, ssr ratio: 0.0000
batch training loss: 558.86, 29.80, score: 92.7882, ssr ratio: 0.0000
batch training loss: 553.46, 32.87, score: 65.5275, ssr ratio: 0.0000
batch training loss: 574.00, 40.36, score: 102.3616, ssr ratio: 0.0000
batch training loss: 470.46, 45.66, score: 92.4087, ssr ratio: 0.0000
batch training loss: 566.23, 59.38, score: 88.9409, ssr ratio: 0.0000
tensor([0.9339, 0.8897, 0.8509, 0.8139, 0.7770, 0.7402, 0.7064, 0.6762, 0.6484,
        0.6220, 0.6030, 0.5951, 0.5981, 0.6033, 0.6024, 0.5873, 0.5580, 0.5244,
        0.5015, 0.4940, 0.4918, 0.4923, 0.4938, 0.4945], device='cuda:3')
epoch eval loss:
sst: 591.00, nino: 124.72, sc: 44.7125
eval score is not improved for 6 epoch

epoch: 27
batch training loss: 520.78, 63.86, score: 82.6964, ssr ratio: 0.0000
batch training loss: 495.89, 51.43, score: 88.5095, ssr ratio: 0.0000
batch training loss: 472.61, 29.49, score: 94.3817, ssr ratio: 0.0000
batch training loss: 467.62, 44.75, score: 19.4824, ssr ratio: 0.0000
batch training loss: 537.33, 64.02, score: 84.5996, ssr ratio: 0.0000
batch training loss: 549.32, 89.38, score: 97.1113, ssr ratio: 0.0000
batch training loss: 571.55, 51.95, score: 2.8940, ssr ratio: 0.0000
batch training loss: 522.49, 56.81, score: 84.1160, ssr ratio: 0.0000
batch training loss: 614.38, 92.71, score: 65.4544, ssr ratio: 0.0000
batch training loss: 487.93, 37.25, score: 81.1845, ssr ratio: 0.0000
batch training loss: 590.58, 65.88, score: -5.8923, ssr ratio: 0.0000
batch training loss: 546.88, 56.86, score: 61.7032, ssr ratio: 0.0000
batch training loss: 568.66, 70.19, score: 101.4257, ssr ratio: 0.0000
batch training loss: 638.14, 49.76, score: 2.7616, ssr ratio: 0.0000
tensor([0.9347, 0.8890, 0.8487, 0.8114, 0.7751, 0.7390, 0.7061, 0.6773, 0.6516,
        0.6270, 0.6082, 0.5995, 0.6021, 0.6081, 0.6085, 0.5952, 0.5677, 0.5357,
        0.5139, 0.5069, 0.5047, 0.5047, 0.5058, 0.5071], device='cuda:3')
epoch eval loss:
sst: 591.22, nino: 123.79, sc: 45.7631
eval score is not improved for 7 epoch

epoch: 28
batch training loss: 514.44, 24.93, score: 92.9768, ssr ratio: 0.0000
batch training loss: 557.47, 67.70, score: -23.1879, ssr ratio: 0.0000
batch training loss: 547.97, 55.04, score: 103.1350, ssr ratio: 0.0000
batch training loss: 628.88, 40.56, score: 28.7270, ssr ratio: 0.0000
batch training loss: 643.48, 119.76, score: -35.3080, ssr ratio: 0.0000
batch training loss: 564.74, 110.32, score: 63.0396, ssr ratio: 0.0000
batch training loss: 601.49, 50.81, score: 102.1251, ssr ratio: 0.0000
batch training loss: 574.60, 92.33, score: 86.3440, ssr ratio: 0.0000
batch training loss: 500.44, 65.53, score: 55.2432, ssr ratio: 0.0000
batch training loss: 526.65, 93.81, score: 81.7886, ssr ratio: 0.0000
batch training loss: 589.81, 52.57, score: 80.5218, ssr ratio: 0.0000
batch training loss: 533.49, 51.02, score: 96.3619, ssr ratio: 0.0000
batch training loss: 589.31, 68.25, score: 56.0296, ssr ratio: 0.0000
batch training loss: 604.88, 30.66, score: 92.1474, ssr ratio: 0.0000
tensor([0.9391, 0.8953, 0.8555, 0.8172, 0.7793, 0.7413, 0.7068, 0.6773, 0.6512,
        0.6267, 0.6090, 0.6019, 0.6059, 0.6117, 0.6112, 0.5974, 0.5703, 0.5389,
        0.5181, 0.5120, 0.5107, 0.5118, 0.5141, 0.5165], device='cuda:3')
epoch eval loss:
sst: 592.51, nino: 123.17, sc: 46.3618
eval score is not improved for 8 epoch

epoch: 29
batch training loss: 566.36, 58.45, score: 41.8349, ssr ratio: 0.0000
batch training loss: 505.98, 32.40, score: 86.5253, ssr ratio: 0.0000
batch training loss: 494.45, 63.22, score: 5.9741, ssr ratio: 0.0000
batch training loss: 549.80, 60.02, score: 42.6290, ssr ratio: 0.0000
batch training loss: 536.65, 83.51, score: 17.7377, ssr ratio: 0.0000
batch training loss: 599.96, 71.13, score: 39.9075, ssr ratio: 0.0000
batch training loss: 482.02, 37.83, score: 83.1215, ssr ratio: 0.0000
batch training loss: 531.63, 141.04, score: -91.1455, ssr ratio: 0.0000
batch training loss: 588.94, 33.97, score: 72.6802, ssr ratio: 0.0000
batch training loss: 489.93, 37.74, score: 101.6855, ssr ratio: 0.0000
batch training loss: 511.83, 37.66, score: 70.1392, ssr ratio: 0.0000
batch training loss: 518.26, 75.46, score: 73.8016, ssr ratio: 0.0000
batch training loss: 550.32, 61.15, score: 101.0186, ssr ratio: 0.0000
batch training loss: 480.07, 53.17, score: 96.6312, ssr ratio: 0.0000
tensor([0.9350, 0.8901, 0.8505, 0.8140, 0.7788, 0.7436, 0.7108, 0.6818, 0.6556,
        0.6306, 0.6122, 0.6041, 0.6068, 0.6116, 0.6103, 0.5951, 0.5662, 0.5333,
        0.5105, 0.5023, 0.4998, 0.5004, 0.5027, 0.5049], device='cuda:3')
epoch eval loss:
sst: 591.22, nino: 124.10, sc: 45.7115
eval score is not improved for 9 epoch

epoch: 30
batch training loss: 595.25, 44.31, score: 93.6805, ssr ratio: 0.0000
batch training loss: 531.29, 76.99, score: 84.3291, ssr ratio: 0.0000
batch training loss: 483.14, 59.03, score: 89.2859, ssr ratio: 0.0000
batch training loss: 553.27, 35.02, score: 104.1470, ssr ratio: 0.0000
batch training loss: 565.11, 57.23, score: 67.0343, ssr ratio: 0.0000
batch training loss: 614.97, 26.09, score: 83.2627, ssr ratio: 0.0000
batch training loss: 493.14, 43.20, score: 103.0975, ssr ratio: 0.0000
batch training loss: 507.25, 42.34, score: 4.9007, ssr ratio: 0.0000
batch training loss: 607.81, 72.72, score: 2.2792, ssr ratio: 0.0000
batch training loss: 553.71, 38.43, score: 23.1001, ssr ratio: 0.0000
batch training loss: 566.29, 55.01, score: 29.6859, ssr ratio: 0.0000
batch training loss: 581.47, 46.90, score: 102.9572, ssr ratio: 0.0000
batch training loss: 501.42, 25.62, score: 99.4493, ssr ratio: 0.0000
batch training loss: 591.99, 73.89, score: 34.1180, ssr ratio: 0.0000
tensor([0.9359, 0.8912, 0.8523, 0.8162, 0.7803, 0.7441, 0.7105, 0.6809, 0.6545,
        0.6297, 0.6116, 0.6043, 0.6079, 0.6135, 0.6126, 0.5981, 0.5696, 0.5369,
        0.5146, 0.5075, 0.5059, 0.5070, 0.5092, 0.5110], device='cuda:3')
epoch eval loss:
sst: 591.84, nino: 123.32, sc: 46.1737
eval score is not improved for 10 epoch

epoch: 31
batch training loss: 577.55, 54.29, score: -4.4361, ssr ratio: 0.0000
batch training loss: 606.67, 37.15, score: 96.5881, ssr ratio: 0.0000
batch training loss: 588.01, 71.21, score: 66.0556, ssr ratio: 0.0000
batch training loss: 585.09, 69.30, score: 57.2306, ssr ratio: 0.0000
batch training loss: 518.64, 62.60, score: 100.4172, ssr ratio: 0.0000
batch training loss: 584.48, 37.51, score: 97.3205, ssr ratio: 0.0000
batch training loss: 524.20, 70.93, score: 83.4625, ssr ratio: 0.0000
batch training loss: 625.28, 82.64, score: 65.2596, ssr ratio: 0.0000
batch training loss: 534.45, 31.69, score: 104.4893, ssr ratio: 0.0000
batch training loss: 497.12, 74.91, score: 100.5963, ssr ratio: 0.0000
batch training loss: 629.12, 38.33, score: 103.3226, ssr ratio: 0.0000
batch training loss: 533.01, 47.78, score: -11.2067, ssr ratio: 0.0000
batch training loss: 465.81, 56.37, score: 63.6111, ssr ratio: 0.0000
batch training loss: 550.45, 34.82, score: 100.1145, ssr ratio: 0.0000
tensor([0.9372, 0.8933, 0.8547, 0.8184, 0.7816, 0.7444, 0.7098, 0.6792, 0.6516,
        0.6257, 0.6071, 0.5998, 0.6043, 0.6114, 0.6122, 0.5988, 0.5706, 0.5379,
        0.5155, 0.5080, 0.5058, 0.5069, 0.5103, 0.5137], device='cuda:3')
epoch eval loss:
sst: 591.78, nino: 123.76, sc: 46.0634
eval score is not improved for 11 epoch

epoch: 32
batch training loss: 660.59, 38.78, score: 26.6052, ssr ratio: 0.0000
batch training loss: 560.74, 53.49, score: 97.7956, ssr ratio: 0.0000
batch training loss: 546.87, 48.90, score: 102.5430, ssr ratio: 0.0000
batch training loss: 553.72, 45.35, score: 97.5313, ssr ratio: 0.0000
batch training loss: 572.21, 54.53, score: 88.0830, ssr ratio: 0.0000
batch training loss: 549.39, 58.36, score: -37.2244, ssr ratio: 0.0000
batch training loss: 564.33, 39.51, score: 103.7755, ssr ratio: 0.0000
batch training loss: 516.79, 114.25, score: 90.2983, ssr ratio: 0.0000
batch training loss: 509.53, 52.41, score: 101.1449, ssr ratio: 0.0000
batch training loss: 568.43, 44.22, score: 35.9288, ssr ratio: 0.0000
batch training loss: 582.39, 38.00, score: 103.3969, ssr ratio: 0.0000
batch training loss: 572.09, 21.64, score: 106.1255, ssr ratio: 0.0000
batch training loss: 527.61, 32.47, score: 86.8276, ssr ratio: 0.0000
batch training loss: 484.78, 26.27, score: 51.0672, ssr ratio: 0.0000
tensor([0.9378, 0.8951, 0.8575, 0.8214, 0.7848, 0.7473, 0.7123, 0.6815, 0.6544,
        0.6293, 0.6106, 0.6020, 0.6043, 0.6088, 0.6071, 0.5917, 0.5629, 0.5304,
        0.5080, 0.5001, 0.4975, 0.4982, 0.5009, 0.5035], device='cuda:3')
epoch eval loss:
sst: 590.42, nino: 124.64, sc: 45.4421
eval score is not improved for 12 epoch

epoch: 33
batch training loss: 612.44, 63.90, score: 51.3349, ssr ratio: 0.0000
batch training loss: 613.44, 37.18, score: 93.4186, ssr ratio: 0.0000
batch training loss: 587.61, 43.91, score: 101.4209, ssr ratio: 0.0000
batch training loss: 522.81, 87.69, score: 64.8157, ssr ratio: 0.0000
batch training loss: 579.51, 39.71, score: 102.9370, ssr ratio: 0.0000
batch training loss: 482.65, 74.97, score: 75.0968, ssr ratio: 0.0000
batch training loss: 510.60, 50.46, score: 69.1652, ssr ratio: 0.0000
batch training loss: 481.87, 60.52, score: 70.4084, ssr ratio: 0.0000
batch training loss: 589.83, 71.56, score: -61.4397, ssr ratio: 0.0000
batch training loss: 490.41, 50.83, score: 51.2146, ssr ratio: 0.0000
batch training loss: 590.60, 49.61, score: 101.8158, ssr ratio: 0.0000
batch training loss: 515.08, 60.37, score: 34.7768, ssr ratio: 0.0000
batch training loss: 550.88, 38.99, score: 82.0770, ssr ratio: 0.0000
batch training loss: 534.17, 69.46, score: 29.4686, ssr ratio: 0.0000
tensor([0.9376, 0.8955, 0.8593, 0.8251, 0.7909, 0.7569, 0.7255, 0.6970, 0.6704,
        0.6441, 0.6231, 0.6127, 0.6137, 0.6181, 0.6172, 0.6036, 0.5758, 0.5428,
        0.5187, 0.5089, 0.5047, 0.5036, 0.5041, 0.5048], device='cuda:3')
epoch eval loss:
sst: 590.98, nino: 123.78, sc: 46.5767
eval score is not improved for 13 epoch

epoch: 34
batch training loss: 515.62, 46.56, score: 47.4821, ssr ratio: 0.0000
batch training loss: 546.48, 41.42, score: 88.1432, ssr ratio: 0.0000
batch training loss: 566.88, 35.26, score: 98.1621, ssr ratio: 0.0000
batch training loss: 523.24, 41.18, score: 103.2227, ssr ratio: 0.0000
batch training loss: 544.22, 67.95, score: 69.6086, ssr ratio: 0.0000
batch training loss: 646.64, 69.90, score: 87.2458, ssr ratio: 0.0000
batch training loss: 485.72, 29.31, score: 105.0388, ssr ratio: 0.0000
batch training loss: 562.14, 57.87, score: 95.1212, ssr ratio: 0.0000
batch training loss: 554.86, 61.83, score: -29.5275, ssr ratio: 0.0000
batch training loss: 582.59, 48.87, score: 102.6567, ssr ratio: 0.0000
batch training loss: 515.00, 51.48, score: 90.3408, ssr ratio: 0.0000
batch training loss: 515.33, 50.80, score: 35.7768, ssr ratio: 0.0000
batch training loss: 575.07, 41.85, score: 68.3842, ssr ratio: 0.0000
batch training loss: 485.85, 39.51, score: 104.4259, ssr ratio: 0.0000
tensor([0.9395, 0.8977, 0.8612, 0.8262, 0.7911, 0.7556, 0.7227, 0.6925, 0.6630,
        0.6334, 0.6115, 0.6025, 0.6053, 0.6104, 0.6108, 0.5984, 0.5719, 0.5397,
        0.5172, 0.5097, 0.5086, 0.5108, 0.5139, 0.5156], device='cuda:3')
epoch eval loss:
sst: 593.40, nino: 123.62, sc: 46.5641
eval score is not improved for 14 epoch

epoch: 35
batch training loss: 562.85, 95.24, score: 8.3712, ssr ratio: 0.0000
batch training loss: 543.64, 32.17, score: 92.4580, ssr ratio: 0.0000
batch training loss: 577.34, 74.40, score: 83.2899, ssr ratio: 0.0000
batch training loss: 572.98, 53.71, score: 47.1506, ssr ratio: 0.0000
batch training loss: 538.10, 48.76, score: 53.0296, ssr ratio: 0.0000
batch training loss: 568.32, 65.02, score: 100.6448, ssr ratio: 0.0000
batch training loss: 510.77, 58.95, score: 57.5190, ssr ratio: 0.0000
batch training loss: 554.94, 31.78, score: 77.9140, ssr ratio: 0.0000
batch training loss: 535.66, 52.77, score: 91.3009, ssr ratio: 0.0000
batch training loss: 617.16, 39.13, score: 89.5435, ssr ratio: 0.0000
batch training loss: 542.66, 59.59, score: 87.5507, ssr ratio: 0.0000
batch training loss: 558.31, 41.89, score: 103.1585, ssr ratio: 0.0000
batch training loss: 529.58, 39.44, score: 43.0166, ssr ratio: 0.0000
batch training loss: 543.28, 61.74, score: 90.4056, ssr ratio: 0.0000
tensor([0.9377, 0.8961, 0.8602, 0.8259, 0.7913, 0.7560, 0.7231, 0.6929, 0.6642,
        0.6365, 0.6170, 0.6093, 0.6122, 0.6162, 0.6140, 0.5985, 0.5695, 0.5368,
        0.5149, 0.5083, 0.5079, 0.5106, 0.5137, 0.5152], device='cuda:3')
epoch eval loss:
sst: 593.55, nino: 123.56, sc: 46.6135
eval score is not improved for 15 epoch

epoch: 36
batch training loss: 541.44, 59.47, score: 100.8216, ssr ratio: 0.0000
batch training loss: 534.00, 33.94, score: 99.6344, ssr ratio: 0.0000
batch training loss: 487.85, 32.51, score: 95.0919, ssr ratio: 0.0000
batch training loss: 568.90, 56.90, score: -44.9043, ssr ratio: 0.0000
batch training loss: 561.48, 81.52, score: -10.5683, ssr ratio: 0.0000
batch training loss: 563.15, 60.98, score: 84.4787, ssr ratio: 0.0000
batch training loss: 528.97, 34.36, score: 104.3205, ssr ratio: 0.0000
batch training loss: 596.38, 42.15, score: 48.1002, ssr ratio: 0.0000
batch training loss: 454.30, 43.57, score: 92.8495, ssr ratio: 0.0000
batch training loss: 540.74, 74.79, score: 78.3846, ssr ratio: 0.0000
batch training loss: 554.88, 36.04, score: 97.4464, ssr ratio: 0.0000
batch training loss: 537.11, 60.44, score: 87.6832, ssr ratio: 0.0000
batch training loss: 574.78, 98.16, score: 68.8553, ssr ratio: 0.0000
batch training loss: 590.47, 64.90, score: 66.0906, ssr ratio: 0.0000
tensor([0.9387, 0.8967, 0.8603, 0.8258, 0.7901, 0.7541, 0.7213, 0.6922, 0.6652,
        0.6391, 0.6205, 0.6142, 0.6191, 0.6255, 0.6251, 0.6111, 0.5838, 0.5518,
        0.5296, 0.5218, 0.5197, 0.5209, 0.5235, 0.5255], device='cuda:3')
epoch eval loss:
sst: 594.00, nino: 122.49, sc: 47.7884
eval score is improved from 47.16728 to 47.78841, saving model

epoch: 37
batch training loss: 518.32, 15.62, score: 106.3924, ssr ratio: 0.0000
batch training loss: 533.83, 52.28, score: 83.3790, ssr ratio: 0.0000
batch training loss: 522.09, 33.31, score: 96.6653, ssr ratio: 0.0000
batch training loss: 519.36, 46.55, score: 102.3862, ssr ratio: 0.0000
batch training loss: 605.32, 51.61, score: 39.5560, ssr ratio: 0.0000
batch training loss: 577.53, 33.71, score: 86.9710, ssr ratio: 0.0000
batch training loss: 594.37, 87.39, score: 65.9715, ssr ratio: 0.0000
batch training loss: 594.58, 87.55, score: -13.5366, ssr ratio: 0.0000
batch training loss: 514.73, 37.45, score: 87.6221, ssr ratio: 0.0000
batch training loss: 537.87, 44.67, score: 90.7943, ssr ratio: 0.0000
batch training loss: 551.69, 35.17, score: 27.8128, ssr ratio: 0.0000
batch training loss: 532.16, 56.24, score: 101.9269, ssr ratio: 0.0000
batch training loss: 480.01, 36.42, score: 67.9016, ssr ratio: 0.0000
batch training loss: 589.68, 46.56, score: 52.3212, ssr ratio: 0.0000
tensor([0.9380, 0.8973, 0.8629, 0.8304, 0.7961, 0.7605, 0.7260, 0.6940, 0.6642,
        0.6367, 0.6177, 0.6108, 0.6152, 0.6220, 0.6232, 0.6103, 0.5826, 0.5497,
        0.5273, 0.5205, 0.5203, 0.5235, 0.5271, 0.5291], device='cuda:3')
epoch eval loss:
sst: 593.15, nino: 122.43, sc: 47.7345
eval score is not improved for 1 epoch

epoch: 38
batch training loss: 527.47, 45.65, score: 98.1346, ssr ratio: 0.0000
batch training loss: 566.35, 67.49, score: 49.4202, ssr ratio: 0.0000
batch training loss: 553.63, 31.17, score: 77.1089, ssr ratio: 0.0000
batch training loss: 653.28, 116.58, score: 11.5153, ssr ratio: 0.0000
batch training loss: 614.96, 82.65, score: 49.2467, ssr ratio: 0.0000
batch training loss: 617.14, 43.77, score: 68.2014, ssr ratio: 0.0000
batch training loss: 536.47, 37.29, score: 103.1415, ssr ratio: 0.0000
batch training loss: 498.24, 69.14, score: 99.6022, ssr ratio: 0.0000
batch training loss: 513.31, 84.33, score: 81.7194, ssr ratio: 0.0000
batch training loss: 608.63, 52.85, score: 102.8264, ssr ratio: 0.0000
batch training loss: 650.32, 40.86, score: 85.2082, ssr ratio: 0.0000
batch training loss: 558.84, 36.06, score: 101.1238, ssr ratio: 0.0000
batch training loss: 537.68, 33.01, score: 30.6780, ssr ratio: 0.0000
batch training loss: 538.52, 51.62, score: 58.1701, ssr ratio: 0.0000
tensor([0.9347, 0.8902, 0.8514, 0.8147, 0.7770, 0.7386, 0.7026, 0.6695, 0.6383,
        0.6079, 0.5845, 0.5746, 0.5791, 0.5881, 0.5923, 0.5837, 0.5602, 0.5305,
        0.5093, 0.5019, 0.4995, 0.5001, 0.5019, 0.5032], device='cuda:3')
epoch eval loss:
sst: 592.97, nino: 124.69, sc: 44.6934
eval score is not improved for 2 epoch

epoch: 39
batch training loss: 629.07, 37.28, score: 70.6570, ssr ratio: 0.0000
batch training loss: 548.17, 44.56, score: 25.6833, ssr ratio: 0.0000
batch training loss: 632.06, 59.09, score: 14.0501, ssr ratio: 0.0000
batch training loss: 517.20, 50.77, score: 73.1261, ssr ratio: 0.0000
batch training loss: 498.09, 54.64, score: 58.0372, ssr ratio: 0.0000
batch training loss: 555.11, 45.46, score: 85.3615, ssr ratio: 0.0000
batch training loss: 497.64, 30.23, score: 104.0181, ssr ratio: 0.0000
batch training loss: 554.53, 61.97, score: 40.1877, ssr ratio: 0.0000
batch training loss: 537.42, 28.35, score: 104.9451, ssr ratio: 0.0000
batch training loss: 541.91, 103.37, score: -63.2274, ssr ratio: 0.0000
batch training loss: 603.30, 40.90, score: 102.5973, ssr ratio: 0.0000
batch training loss: 590.05, 48.59, score: 85.9253, ssr ratio: 0.0000
batch training loss: 551.14, 43.74, score: 97.7885, ssr ratio: 0.0000
batch training loss: 579.58, 36.20, score: 48.2748, ssr ratio: 0.0000
tensor([0.9386, 0.8966, 0.8609, 0.8277, 0.7919, 0.7542, 0.7178, 0.6841, 0.6522,
        0.6216, 0.5989, 0.5894, 0.5931, 0.6003, 0.6022, 0.5906, 0.5645, 0.5333,
        0.5115, 0.5038, 0.5016, 0.5026, 0.5048, 0.5064], device='cuda:3')
epoch eval loss:
sst: 593.17, nino: 124.10, sc: 45.5497
eval score is not improved for 3 epoch

epoch: 40
batch training loss: 625.08, 26.20, score: 94.6403, ssr ratio: 0.0000
batch training loss: 556.12, 45.50, score: 90.8552, ssr ratio: 0.0000
batch training loss: 525.52, 27.79, score: 70.8459, ssr ratio: 0.0000
batch training loss: 511.03, 51.65, score: -88.2481, ssr ratio: 0.0000
batch training loss: 612.06, 39.08, score: 80.9700, ssr ratio: 0.0000
batch training loss: 550.09, 43.41, score: 102.2223, ssr ratio: 0.0000
batch training loss: 535.36, 91.24, score: 25.0536, ssr ratio: 0.0000
batch training loss: 500.49, 51.49, score: 35.3115, ssr ratio: 0.0000
batch training loss: 528.46, 41.47, score: 103.1647, ssr ratio: 0.0000
batch training loss: 570.90, 48.65, score: -40.2296, ssr ratio: 0.0000
batch training loss: 627.74, 24.18, score: 22.3164, ssr ratio: 0.0000
batch training loss: 560.81, 37.36, score: 53.5458, ssr ratio: 0.0000
batch training loss: 534.08, 75.31, score: 89.6787, ssr ratio: 0.0000
batch training loss: 561.97, 32.10, score: 40.8664, ssr ratio: 0.0000
tensor([0.9360, 0.8928, 0.8554, 0.8203, 0.7841, 0.7477, 0.7149, 0.6862, 0.6596,
        0.6336, 0.6145, 0.6063, 0.6089, 0.6134, 0.6127, 0.5992, 0.5721, 0.5399,
        0.5178, 0.5110, 0.5113, 0.5152, 0.5200, 0.5232], device='cuda:3')
epoch eval loss:
sst: 592.68, nino: 123.84, sc: 46.6470
eval score is not improved for 4 epoch

epoch: 41
batch training loss: 484.80, 29.44, score: 90.1929, ssr ratio: 0.0000
batch training loss: 623.17, 58.93, score: 40.9231, ssr ratio: 0.0000
batch training loss: 498.84, 46.88, score: 35.0603, ssr ratio: 0.0000
batch training loss: 483.83, 34.97, score: 86.2525, ssr ratio: 0.0000
batch training loss: 562.63, 39.67, score: 103.4591, ssr ratio: 0.0000
batch training loss: 515.87, 43.30, score: 82.8398, ssr ratio: 0.0000
batch training loss: 482.35, 21.34, score: 99.6127, ssr ratio: 0.0000
batch training loss: 539.80, 46.68, score: 84.4370, ssr ratio: 0.0000
batch training loss: 572.42, 72.34, score: 33.8472, ssr ratio: 0.0000
batch training loss: 523.69, 34.47, score: 86.4213, ssr ratio: 0.0000
batch training loss: 478.94, 39.12, score: 84.7076, ssr ratio: 0.0000
batch training loss: 525.22, 56.59, score: 100.5255, ssr ratio: 0.0000
batch training loss: 481.89, 41.18, score: 68.7053, ssr ratio: 0.0000
batch training loss: 570.95, 38.32, score: 91.7909, ssr ratio: 0.0000
tensor([0.9407, 0.8986, 0.8615, 0.8271, 0.7915, 0.7547, 0.7204, 0.6902, 0.6630,
        0.6371, 0.6188, 0.6119, 0.6153, 0.6195, 0.6173, 0.6015, 0.5722, 0.5391,
        0.5170, 0.5107, 0.5113, 0.5152, 0.5198, 0.5226], device='cuda:3')
epoch eval loss:
sst: 592.75, nino: 123.33, sc: 46.9725
eval score is not improved for 5 epoch

epoch: 42
batch training loss: 579.63, 33.15, score: 104.6717, ssr ratio: 0.0000
batch training loss: 622.36, 57.61, score: 89.4208, ssr ratio: 0.0000
batch training loss: 626.29, 55.30, score: 83.4462, ssr ratio: 0.0000
batch training loss: 519.31, 34.11, score: 73.0630, ssr ratio: 0.0000
batch training loss: 544.62, 34.89, score: 103.5084, ssr ratio: 0.0000
batch training loss: 644.71, 46.40, score: 99.4974, ssr ratio: 0.0000
batch training loss: 566.13, 38.28, score: 87.4835, ssr ratio: 0.0000
batch training loss: 538.48, 29.65, score: 50.6165, ssr ratio: 0.0000
batch training loss: 602.30, 31.85, score: 35.9799, ssr ratio: 0.0000
batch training loss: 612.14, 41.52, score: 89.9457, ssr ratio: 0.0000
batch training loss: 505.49, 39.32, score: 17.2810, ssr ratio: 0.0000
batch training loss: 510.64, 23.84, score: 104.1163, ssr ratio: 0.0000
batch training loss: 555.94, 46.28, score: 19.6634, ssr ratio: 0.0000
batch training loss: 620.34, 90.63, score: 83.5639, ssr ratio: 0.0000
tensor([0.9351, 0.8913, 0.8543, 0.8192, 0.7807, 0.7402, 0.7026, 0.6702, 0.6424,
        0.6171, 0.5995, 0.5932, 0.5983, 0.6058, 0.6076, 0.5964, 0.5710, 0.5404,
        0.5182, 0.5099, 0.5071, 0.5080, 0.5094, 0.5090], device='cuda:3')
epoch eval loss:
sst: 592.22, nino: 123.74, sc: 45.8037
eval score is not improved for 6 epoch

epoch: 43
batch training loss: 522.52, 71.84, score: 98.8791, ssr ratio: 0.0000
batch training loss: 507.70, 50.71, score: 96.6980, ssr ratio: 0.0000
batch training loss: 579.63, 43.01, score: 64.7446, ssr ratio: 0.0000
batch training loss: 563.45, 89.18, score: 82.5378, ssr ratio: 0.0000
batch training loss: 597.76, 32.14, score: 47.0998, ssr ratio: 0.0000
batch training loss: 546.89, 31.58, score: 104.2631, ssr ratio: 0.0000
batch training loss: 493.42, 72.19, score: 100.0391, ssr ratio: 0.0000
batch training loss: 531.68, 31.66, score: 55.0498, ssr ratio: 0.0000
batch training loss: 509.45, 47.92, score: 82.3068, ssr ratio: 0.0000
batch training loss: 493.82, 47.49, score: -12.7515, ssr ratio: 0.0000
batch training loss: 568.67, 44.03, score: 91.7275, ssr ratio: 0.0000
batch training loss: 530.63, 34.54, score: 60.8623, ssr ratio: 0.0000
batch training loss: 583.84, 48.41, score: 75.9875, ssr ratio: 0.0000
batch training loss: 592.70, 72.10, score: 51.4850, ssr ratio: 0.0000
tensor([0.9391, 0.8976, 0.8617, 0.8286, 0.7943, 0.7588, 0.7254, 0.6949, 0.6659,
        0.6377, 0.6168, 0.6077, 0.6096, 0.6137, 0.6127, 0.5989, 0.5714, 0.5393,
        0.5170, 0.5096, 0.5086, 0.5110, 0.5144, 0.5166], device='cuda:3')
epoch eval loss:
sst: 593.55, nino: 123.56, sc: 46.7094
eval score is not improved for 7 epoch

epoch: 44
batch training loss: 542.57, 16.61, score: 89.7721, ssr ratio: 0.0000
batch training loss: 473.63, 37.13, score: 96.5435, ssr ratio: 0.0000
batch training loss: 552.26, 55.57, score: 100.8768, ssr ratio: 0.0000
batch training loss: 570.43, 44.76, score: -42.9523, ssr ratio: 0.0000
batch training loss: 477.13, 35.38, score: 58.0753, ssr ratio: 0.0000
batch training loss: 527.75, 39.69, score: 96.5301, ssr ratio: 0.0000
batch training loss: 595.21, 47.93, score: 101.1475, ssr ratio: 0.0000
batch training loss: 537.17, 38.57, score: 82.3182, ssr ratio: 0.0000
batch training loss: 534.47, 34.90, score: 70.5989, ssr ratio: 0.0000
batch training loss: 524.94, 65.01, score: 88.4388, ssr ratio: 0.0000
batch training loss: 516.46, 41.58, score: 70.3877, ssr ratio: 0.0000
batch training loss: 455.74, 34.37, score: 98.9811, ssr ratio: 0.0000
batch training loss: 554.76, 26.37, score: 104.5707, ssr ratio: 0.0000
batch training loss: 517.46, 58.75, score: 89.0689, ssr ratio: 0.0000
tensor([0.9400, 0.9000, 0.8656, 0.8321, 0.7951, 0.7554, 0.7170, 0.6824, 0.6512,
        0.6224, 0.6020, 0.5949, 0.6000, 0.6081, 0.6112, 0.6016, 0.5775, 0.5475,
        0.5260, 0.5175, 0.5144, 0.5148, 0.5164, 0.5168], device='cuda:3')
epoch eval loss:
sst: 593.86, nino: 123.42, sc: 46.6831
eval score is not improved for 8 epoch

epoch: 45
batch training loss: 608.09, 40.66, score: 91.2787, ssr ratio: 0.0000
batch training loss: 488.39, 25.57, score: 105.0353, ssr ratio: 0.0000
batch training loss: 513.44, 46.07, score: 12.9069, ssr ratio: 0.0000
batch training loss: 604.85, 35.29, score: 103.6640, ssr ratio: 0.0000
batch training loss: 554.94, 70.12, score: 96.7031, ssr ratio: 0.0000
batch training loss: 501.06, 59.83, score: -35.7448, ssr ratio: 0.0000
batch training loss: 590.57, 55.05, score: 95.4655, ssr ratio: 0.0000
batch training loss: 585.87, 42.84, score: 103.4059, ssr ratio: 0.0000
batch training loss: 565.85, 51.14, score: 41.6825, ssr ratio: 0.0000
batch training loss: 477.86, 51.01, score: 91.4929, ssr ratio: 0.0000
batch training loss: 584.54, 89.30, score: 5.7384, ssr ratio: 0.0000
batch training loss: 553.08, 39.41, score: 66.1547, ssr ratio: 0.0000
batch training loss: 498.05, 41.45, score: 91.8313, ssr ratio: 0.0000
batch training loss: 541.64, 52.63, score: 98.0624, ssr ratio: 0.0000
tensor([0.9394, 0.8986, 0.8632, 0.8296, 0.7935, 0.7556, 0.7196, 0.6868, 0.6564,
        0.6275, 0.6065, 0.5981, 0.6023, 0.6094, 0.6113, 0.6000, 0.5745, 0.5433,
        0.5211, 0.5134, 0.5128, 0.5169, 0.5223, 0.5257], device='cuda:3')
epoch eval loss:
sst: 594.22, nino: 123.37, sc: 46.8236
eval score is not improved for 9 epoch

epoch: 46
batch training loss: 574.54, 43.62, score: 102.1560, ssr ratio: 0.0000
batch training loss: 602.54, 30.23, score: 81.0757, ssr ratio: 0.0000
batch training loss: 504.90, 26.03, score: 67.0867, ssr ratio: 0.0000
batch training loss: 577.11, 54.40, score: 101.5623, ssr ratio: 0.0000
batch training loss: 591.07, 47.47, score: 103.4195, ssr ratio: 0.0000
batch training loss: 603.03, 40.22, score: 76.4427, ssr ratio: 0.0000
batch training loss: 560.89, 33.64, score: 104.0742, ssr ratio: 0.0000
batch training loss: 577.12, 44.74, score: 102.6274, ssr ratio: 0.0000
batch training loss: 471.82, 31.09, score: 91.4113, ssr ratio: 0.0000
batch training loss: 475.90, 43.31, score: 102.6929, ssr ratio: 0.0000
batch training loss: 559.16, 43.23, score: 101.8607, ssr ratio: 0.0000
batch training loss: 536.95, 47.00, score: 103.5587, ssr ratio: 0.0000
batch training loss: 573.27, 64.71, score: 95.0058, ssr ratio: 0.0000
batch training loss: 522.59, 48.09, score: 33.1390, ssr ratio: 0.0000
tensor([0.9356, 0.8934, 0.8583, 0.8253, 0.7900, 0.7529, 0.7177, 0.6856, 0.6559,
        0.6283, 0.6094, 0.6034, 0.6090, 0.6162, 0.6170, 0.6041, 0.5770, 0.5453,
        0.5232, 0.5148, 0.5117, 0.5123, 0.5139, 0.5140], device='cuda:3')
epoch eval loss:
sst: 593.06, nino: 123.43, sc: 46.7278
eval score is not improved for 10 epoch

epoch: 47
batch training loss: 540.38, 41.59, score: 86.9201, ssr ratio: 0.0000
batch training loss: 564.38, 48.85, score: 103.1131, ssr ratio: 0.0000
batch training loss: 567.49, 55.48, score: 82.2178, ssr ratio: 0.0000
batch training loss: 565.30, 55.44, score: 102.1869, ssr ratio: 0.0000
batch training loss: 499.24, 53.78, score: 100.9103, ssr ratio: 0.0000
batch training loss: 480.55, 53.52, score: 36.3232, ssr ratio: 0.0000
batch training loss: 569.10, 62.28, score: 67.7685, ssr ratio: 0.0000
batch training loss: 525.58, 38.09, score: -43.9526, ssr ratio: 0.0000
batch training loss: 545.17, 62.92, score: 79.6250, ssr ratio: 0.0000
batch training loss: 521.77, 47.63, score: 101.5637, ssr ratio: 0.0000
batch training loss: 523.01, 45.12, score: 96.4016, ssr ratio: 0.0000
batch training loss: 536.23, 75.77, score: 15.4807, ssr ratio: 0.0000
batch training loss: 639.03, 49.04, score: 96.6944, ssr ratio: 0.0000
batch training loss: 479.89, 54.55, score: 86.7827, ssr ratio: 0.0000
tensor([0.9412, 0.9019, 0.8692, 0.8380, 0.8026, 0.7627, 0.7230, 0.6863, 0.6528,
        0.6229, 0.6032, 0.5967, 0.6006, 0.6051, 0.6037, 0.5901, 0.5648, 0.5373,
        0.5212, 0.5195, 0.5227, 0.5287, 0.5341, 0.5367], device='cuda:3')
epoch eval loss:
sst: 592.91, nino: 122.83, sc: 47.0462
eval score is not improved for 11 epoch

epoch: 48
batch training loss: 539.24, 34.74, score: 71.3158, ssr ratio: 0.0000
batch training loss: 524.44, 25.34, score: 93.8720, ssr ratio: 0.0000
batch training loss: 465.13, 28.09, score: 99.8190, ssr ratio: 0.0000
batch training loss: 619.87, 53.67, score: 102.1469, ssr ratio: 0.0000
batch training loss: 482.77, 40.59, score: 32.7873, ssr ratio: 0.0000
batch training loss: 584.92, 46.08, score: 74.3773, ssr ratio: 0.0000
batch training loss: 551.24, 55.05, score: 24.2061, ssr ratio: 0.0000
batch training loss: 566.98, 36.22, score: 72.2426, ssr ratio: 0.0000
batch training loss: 581.42, 50.44, score: 68.3314, ssr ratio: 0.0000
batch training loss: 575.84, 55.62, score: 100.4255, ssr ratio: 0.0000
batch training loss: 577.00, 78.47, score: 79.1586, ssr ratio: 0.0000
batch training loss: 582.31, 45.10, score: 69.0081, ssr ratio: 0.0000
batch training loss: 540.80, 37.69, score: 104.2751, ssr ratio: 0.0000
batch training loss: 547.83, 55.85, score: -12.6851, ssr ratio: 0.0000
tensor([0.9382, 0.8966, 0.8620, 0.8308, 0.7967, 0.7599, 0.7233, 0.6874, 0.6516,
        0.6163, 0.5900, 0.5779, 0.5785, 0.5819, 0.5818, 0.5701, 0.5449, 0.5150,
        0.4957, 0.4917, 0.4935, 0.4987, 0.5038, 0.5049], device='cuda:3')
epoch eval loss:
sst: 594.46, nino: 124.71, sc: 44.5216
eval score is not improved for 12 epoch

epoch: 49
batch training loss: 570.32, 60.00, score: 84.9758, ssr ratio: 0.0000
batch training loss: 519.30, 57.74, score: 100.5741, ssr ratio: 0.0000
batch training loss: 565.32, 37.59, score: 10.3446, ssr ratio: 0.0000
batch training loss: 490.17, 28.64, score: 99.6164, ssr ratio: 0.0000
batch training loss: 542.68, 48.86, score: 69.9551, ssr ratio: 0.0000
batch training loss: 468.18, 49.81, score: 101.9823, ssr ratio: 0.0000
batch training loss: 569.39, 25.86, score: 85.8177, ssr ratio: 0.0000
batch training loss: 510.18, 63.18, score: 35.2821, ssr ratio: 0.0000
batch training loss: 576.03, 65.85, score: 100.1037, ssr ratio: 0.0000
batch training loss: 554.19, 53.69, score: 87.6167, ssr ratio: 0.0000
batch training loss: 517.69, 37.32, score: 103.9917, ssr ratio: 0.0000
batch training loss: 516.29, 94.16, score: 92.1745, ssr ratio: 0.0000
batch training loss: 541.77, 51.16, score: 102.6476, ssr ratio: 0.0000
batch training loss: 478.79, 29.53, score: -55.4059, ssr ratio: 0.0000
tensor([0.9390, 0.8971, 0.8611, 0.8283, 0.7929, 0.7556, 0.7202, 0.6882, 0.6586,
        0.6308, 0.6114, 0.6040, 0.6075, 0.6139, 0.6163, 0.6060, 0.5803, 0.5486,
        0.5251, 0.5143, 0.5092, 0.5088, 0.5106, 0.5100], device='cuda:3')
epoch eval loss:
sst: 592.68, nino: 123.87, sc: 46.6910
eval score is not improved for 13 epoch

epoch: 50
batch training loss: 625.64, 51.30, score: -6.7051, ssr ratio: 0.0000
batch training loss: 599.73, 57.21, score: 99.8997, ssr ratio: 0.0000
batch training loss: 505.63, 48.38, score: 83.4617, ssr ratio: 0.0000
batch training loss: 546.20, 55.07, score: 101.8711, ssr ratio: 0.0000
batch training loss: 584.64, 48.13, score: 76.0112, ssr ratio: 0.0000
batch training loss: 547.86, 47.47, score: 64.4404, ssr ratio: 0.0000
batch training loss: 599.60, 48.64, score: 97.3981, ssr ratio: 0.0000
batch training loss: 526.26, 57.73, score: 95.8836, ssr ratio: 0.0000
batch training loss: 567.51, 37.90, score: 39.8725, ssr ratio: 0.0000
batch training loss: 595.41, 28.82, score: 51.7593, ssr ratio: 0.0000
batch training loss: 486.32, 36.52, score: 104.1415, ssr ratio: 0.0000
batch training loss: 545.10, 29.85, score: 104.9578, ssr ratio: 0.0000
batch training loss: 558.77, 90.89, score: 80.3712, ssr ratio: 0.0000
batch training loss: 601.21, 39.19, score: 71.3489, ssr ratio: 0.0000
tensor([0.9394, 0.8985, 0.8630, 0.8289, 0.7925, 0.7543, 0.7193, 0.6878, 0.6575,
        0.6281, 0.6069, 0.5976, 0.5987, 0.6021, 0.6018, 0.5902, 0.5647, 0.5342,
        0.5141, 0.5090, 0.5103, 0.5152, 0.5197, 0.5197], device='cuda:3')
epoch eval loss:
sst: 595.41, nino: 124.54, sc: 46.2241
eval score is not improved for 14 epoch

----- training finished -----

processing test set
(395, 38, 24, 48, 1, 4)
(395, 38, 24, 48, 4)
(395, 38, 3)
predData.shape= (395, 38, 2, 24, 48)
{'sst': (395, 38, 24, 48, 6), 'nino target': (395, 38, 3)}
loading test dataloader
Traceback (most recent call last):
  File "trainer.py", line 264, in <module>
    trainer.network.load_state_dict(chk['net'])
  File "/home/ruichuang/anaconda3/envs/AGCRN_env/lib/python3.8/site-packages/torch/nn/modules/module.py", line 1604, in load_state_dict
    raise RuntimeError('Error(s) in loading state_dict for {}:\n\t{}'.format(
RuntimeError: Error(s) in loading state_dict for SAConvLSTM:
	size mismatch for layers.0.conv.weight: copying a param with shape torch.Size([256, 72, 3, 3]) from checkpoint, the shape in current model is torch.Size([128, 40, 3, 3]).
	size mismatch for layers.0.conv.bias: copying a param with shape torch.Size([256]) from checkpoint, the shape in current model is torch.Size([128]).
	size mismatch for layers.0.sa.conv_h.weight: copying a param with shape torch.Size([384, 64, 1, 1]) from checkpoint, the shape in current model is torch.Size([96, 32, 1, 1]).
	size mismatch for layers.0.sa.conv_h.bias: copying a param with shape torch.Size([384]) from checkpoint, the shape in current model is torch.Size([96]).
	size mismatch for layers.0.sa.conv_m.weight: copying a param with shape torch.Size([256, 64, 1, 1]) from checkpoint, the shape in current model is torch.Size([64, 32, 1, 1]).
	size mismatch for layers.0.sa.conv_m.bias: copying a param with shape torch.Size([256]) from checkpoint, the shape in current model is torch.Size([64]).
	size mismatch for layers.0.sa.conv_z.weight: copying a param with shape torch.Size([128, 256, 1, 1]) from checkpoint, the shape in current model is torch.Size([32, 64, 1, 1]).
	size mismatch for layers.0.sa.conv_z.bias: copying a param with shape torch.Size([128]) from checkpoint, the shape in current model is torch.Size([32]).
	size mismatch for layers.0.sa.conv_output.weight: copying a param with shape torch.Size([192, 192, 3, 3]) from checkpoint, the shape in current model is torch.Size([96, 64, 3, 3]).
	size mismatch for layers.0.sa.conv_output.bias: copying a param with shape torch.Size([192]) from checkpoint, the shape in current model is torch.Size([96]).
	size mismatch for layers.1.conv.weight: copying a param with shape torch.Size([256, 128, 3, 3]) from checkpoint, the shape in current model is torch.Size([128, 64, 3, 3]).
	size mismatch for layers.1.conv.bias: copying a param with shape torch.Size([256]) from checkpoint, the shape in current model is torch.Size([128]).
	size mismatch for layers.1.sa.conv_h.weight: copying a param with shape torch.Size([384, 64, 1, 1]) from checkpoint, the shape in current model is torch.Size([96, 32, 1, 1]).
	size mismatch for layers.1.sa.conv_h.bias: copying a param with shape torch.Size([384]) from checkpoint, the shape in current model is torch.Size([96]).
	size mismatch for layers.1.sa.conv_m.weight: copying a param with shape torch.Size([256, 64, 1, 1]) from checkpoint, the shape in current model is torch.Size([64, 32, 1, 1]).
	size mismatch for layers.1.sa.conv_m.bias: copying a param with shape torch.Size([256]) from checkpoint, the shape in current model is torch.Size([64]).
	size mismatch for layers.1.sa.conv_z.weight: copying a param with shape torch.Size([128, 256, 1, 1]) from checkpoint, the shape in current model is torch.Size([32, 64, 1, 1]).
	size mismatch for layers.1.sa.conv_z.bias: copying a param with shape torch.Size([128]) from checkpoint, the shape in current model is torch.Size([32]).
	size mismatch for layers.1.sa.conv_output.weight: copying a param with shape torch.Size([192, 192, 3, 3]) from checkpoint, the shape in current model is torch.Size([96, 64, 3, 3]).
	size mismatch for layers.1.sa.conv_output.bias: copying a param with shape torch.Size([192]) from checkpoint, the shape in current model is torch.Size([96]).
	size mismatch for layers.2.conv.weight: copying a param with shape torch.Size([256, 128, 3, 3]) from checkpoint, the shape in current model is torch.Size([128, 64, 3, 3]).
	size mismatch for layers.2.conv.bias: copying a param with shape torch.Size([256]) from checkpoint, the shape in current model is torch.Size([128]).
	size mismatch for layers.2.sa.conv_h.weight: copying a param with shape torch.Size([384, 64, 1, 1]) from checkpoint, the shape in current model is torch.Size([96, 32, 1, 1]).
	size mismatch for layers.2.sa.conv_h.bias: copying a param with shape torch.Size([384]) from checkpoint, the shape in current model is torch.Size([96]).
	size mismatch for layers.2.sa.conv_m.weight: copying a param with shape torch.Size([256, 64, 1, 1]) from checkpoint, the shape in current model is torch.Size([64, 32, 1, 1]).
	size mismatch for layers.2.sa.conv_m.bias: copying a param with shape torch.Size([256]) from checkpoint, the shape in current model is torch.Size([64]).
	size mismatch for layers.2.sa.conv_z.weight: copying a param with shape torch.Size([128, 256, 1, 1]) from checkpoint, the shape in current model is torch.Size([32, 64, 1, 1]).
	size mismatch for layers.2.sa.conv_z.bias: copying a param with shape torch.Size([128]) from checkpoint, the shape in current model is torch.Size([32]).
	size mismatch for layers.2.sa.conv_output.weight: copying a param with shape torch.Size([192, 192, 3, 3]) from checkpoint, the shape in current model is torch.Size([96, 64, 3, 3]).
	size mismatch for layers.2.sa.conv_output.bias: copying a param with shape torch.Size([192]) from checkpoint, the shape in current model is torch.Size([96]).
	size mismatch for layers.3.conv.weight: copying a param with shape torch.Size([256, 128, 3, 3]) from checkpoint, the shape in current model is torch.Size([128, 64, 3, 3]).
	size mismatch for layers.3.conv.bias: copying a param with shape torch.Size([256]) from checkpoint, the shape in current model is torch.Size([128]).
	size mismatch for layers.3.sa.conv_h.weight: copying a param with shape torch.Size([384, 64, 1, 1]) from checkpoint, the shape in current model is torch.Size([96, 32, 1, 1]).
	size mismatch for layers.3.sa.conv_h.bias: copying a param with shape torch.Size([384]) from checkpoint, the shape in current model is torch.Size([96]).
	size mismatch for layers.3.sa.conv_m.weight: copying a param with shape torch.Size([256, 64, 1, 1]) from checkpoint, the shape in current model is torch.Size([64, 32, 1, 1]).
	size mismatch for layers.3.sa.conv_m.bias: copying a param with shape torch.Size([256]) from checkpoint, the shape in current model is torch.Size([64]).
	size mismatch for layers.3.sa.conv_z.weight: copying a param with shape torch.Size([128, 256, 1, 1]) from checkpoint, the shape in current model is torch.Size([32, 64, 1, 1]).
	size mismatch for layers.3.sa.conv_z.bias: copying a param with shape torch.Size([128]) from checkpoint, the shape in current model is torch.Size([32]).
	size mismatch for layers.3.sa.conv_output.weight: copying a param with shape torch.Size([192, 192, 3, 3]) from checkpoint, the shape in current model is torch.Size([96, 64, 3, 3]).
	size mismatch for layers.3.sa.conv_output.bias: copying a param with shape torch.Size([192]) from checkpoint, the shape in current model is torch.Size([96]).
	size mismatch for conv_output.weight: copying a param with shape torch.Size([2, 64, 1, 1]) from checkpoint, the shape in current model is torch.Size([2, 32, 1, 1]).
