nohup: 忽略输入
{'n_cpu': 0, 'device': device(type='cuda', index=5), 'batch_size_test': 40, 'batch_size': 2, 'lr': 0.001, 'weight_decay': 0, 'display_interval': 250, 'num_epochs': 50, 'early_stopping': True, 'patience': 5, 'gradient_clipping': True, 'clipping_threshold': 1.0, 'input_dim': 8, 'output_dim': 2, 'input_length': 12, 'output_length': 24, 'input_gap': 1, 'pred_shift': 24, 'model_i': 0, 'kernel_size': (3, 3), 'bias': True, 'hidden_dim_1': (64, 64, 64, 64), 'd_attn_1': 32, 'ssr_decay_rate': 8e-05, 'hidden_dim_2': (32, 32, 32, 32), 'd_attn_2': 16, 'hidden_dim_3': (32, 32, 32, 32), 'd_attn_3': 16, 'hidden_dim_4': (32, 32, 32, 32), 'd_attn_4': 16, 'hidden_dim_5': (32, 32, 32, 32), 'd_attn_5': 16, 'use_hc': 1, 'time': 'hybrid', 'save_last': 0}

reading data
(1692, 24, 48, 21, 4) (432, 24, 48, 1, 4)
(1692, 21, 3) (432, 1, 3)
processing training set
(151, 38, 24, 48, 21, 4)
(3171, 38, 24, 48, 4)
(3171, 38, 3)
predData.shape= (3171, 38, 2, 24, 48)
{'sst': (3171, 38, 24, 48, 6), 'nino target': (3171, 38, 3)}
processing eval set
(395, 38, 24, 48, 1, 4)
(395, 38, 24, 48, 4)
(395, 38, 3)
predData.shape= (395, 38, 2, 24, 48)
{'sst': (395, 38, 24, 48, 6), 'nino target': (395, 38, 3)}
Total params num: 1784450
*****************Finish Parameter****************
loading train dataloader
loading eval dataloader

epoch: 1
batch training loss: 1002.64, 103.85, score: -27.6663, ssr ratio: 0.9999
batch training loss: 406.32, 22.11, score: 105.7368, ssr ratio: 0.9799
batch training loss: 499.03, 41.61, score: 96.2935, ssr ratio: 0.9599
batch training loss: 404.27, 22.88, score: 92.6735, ssr ratio: 0.9399
batch training loss: 467.45, 22.22, score: 106.0432, ssr ratio: 0.9199
batch training loss: 393.65, 26.20, score: 105.8051, ssr ratio: 0.8999
batch training loss: 398.73, 17.02, score: 106.1679, ssr ratio: 0.8799
tensor([0.9326, 0.8799, 0.8328, 0.7945, 0.7625, 0.7306, 0.7001, 0.6724, 0.6456,
        0.6190, 0.5994, 0.5923, 0.5969, 0.6063, 0.6126, 0.6098, 0.5933, 0.5660,
        0.5414, 0.5267, 0.5154, 0.5089, 0.5086, 0.5099], device='cuda:5')
epoch eval loss:
sst: 646.84, nino: 141.85, sc: 44.3215
eval score is improved from -inf to 44.32152, saving model

epoch: 2
batch training loss: 480.85, 20.75, score: 73.4571, ssr ratio: 0.8730
batch training loss: 398.73, 27.80, score: 89.2130, ssr ratio: 0.8530
batch training loss: 391.83, 11.36, score: 107.3328, ssr ratio: 0.8330
batch training loss: 420.19, 19.48, score: 77.6349, ssr ratio: 0.8130
batch training loss: 437.58, 53.01, score: 101.4077, ssr ratio: 0.7930
batch training loss: 441.49, 34.52, score: 70.6393, ssr ratio: 0.7730
batch training loss: 483.45, 20.23, score: 105.7951, ssr ratio: 0.7530
tensor([0.9332, 0.8812, 0.8332, 0.7946, 0.7652, 0.7395, 0.7157, 0.6934, 0.6713,
        0.6464, 0.6230, 0.6067, 0.6009, 0.6007, 0.5978, 0.5864, 0.5636, 0.5333,
        0.5073, 0.4927, 0.4824, 0.4759, 0.4736, 0.4740], device='cuda:5')
epoch eval loss:
sst: 601.62, nino: 124.73, sc: 44.5472
eval score is improved from 44.32152 to 44.54717, saving model

epoch: 3
batch training loss: 469.26, 20.74, score: 105.5842, ssr ratio: 0.7462
batch training loss: 415.04, 19.79, score: 91.8262, ssr ratio: 0.7262
batch training loss: 443.42, 23.36, score: 61.9902, ssr ratio: 0.7062
batch training loss: 430.56, 48.30, score: 102.1590, ssr ratio: 0.6862
batch training loss: 419.30, 18.75, score: 73.1919, ssr ratio: 0.6662
batch training loss: 396.40, 28.25, score: 104.7149, ssr ratio: 0.6462
batch training loss: 423.27, 27.47, score: 105.6767, ssr ratio: 0.6262
tensor([0.9393, 0.8954, 0.8578, 0.8277, 0.8027, 0.7778, 0.7537, 0.7309, 0.7089,
        0.6856, 0.6651, 0.6511, 0.6452, 0.6424, 0.6339, 0.6140, 0.5824, 0.5475,
        0.5209, 0.5081, 0.4999, 0.4939, 0.4911, 0.4910], device='cuda:5')
epoch eval loss:
sst: 616.10, nino: 122.13, sc: 48.0801
eval score is improved from 44.54717 to 48.08011, saving model

epoch: 4
batch training loss: 407.01, 16.10, score: 97.6196, ssr ratio: 0.6193
batch training loss: 429.58, 17.35, score: 98.6217, ssr ratio: 0.5993
batch training loss: 438.65, 23.99, score: 105.0573, ssr ratio: 0.5793
batch training loss: 418.70, 25.80, score: 94.7160, ssr ratio: 0.5593
batch training loss: 420.30, 31.17, score: 105.3182, ssr ratio: 0.5393
batch training loss: 408.43, 22.14, score: 105.4876, ssr ratio: 0.5193
batch training loss: 474.05, 33.82, score: 101.8060, ssr ratio: 0.4993
tensor([0.9403, 0.8947, 0.8541, 0.8202, 0.7929, 0.7685, 0.7469, 0.7268, 0.7067,
        0.6847, 0.6656, 0.6536, 0.6506, 0.6510, 0.6472, 0.6338, 0.6096, 0.5808,
        0.5595, 0.5507, 0.5458, 0.5439, 0.5460, 0.5492], device='cuda:5')
epoch eval loss:
sst: 597.60, nino: 119.54, sc: 51.0621
eval score is improved from 48.08011 to 51.06206, saving model

epoch: 5
batch training loss: 468.96, 29.09, score: 104.4165, ssr ratio: 0.4924
batch training loss: 453.57, 27.03, score: 105.1130, ssr ratio: 0.4724
batch training loss: 456.84, 34.01, score: 94.2199, ssr ratio: 0.4524
batch training loss: 453.58, 33.10, score: 82.4423, ssr ratio: 0.4324
batch training loss: 534.76, 29.01, score: 93.8829, ssr ratio: 0.4124
batch training loss: 500.75, 30.21, score: 91.3752, ssr ratio: 0.3924
batch training loss: 418.40, 43.08, score: 86.3057, ssr ratio: 0.3724
tensor([0.9432, 0.8978, 0.8582, 0.8272, 0.8030, 0.7806, 0.7589, 0.7367, 0.7127,
        0.6878, 0.6685, 0.6593, 0.6600, 0.6627, 0.6601, 0.6464, 0.6189, 0.5839,
        0.5561, 0.5413, 0.5311, 0.5262, 0.5275, 0.5303], device='cuda:5')
epoch eval loss:
sst: 588.08, nino: 120.99, sc: 50.6812
Epoch 00005: reducing learning rate of group 0 to 3.0000e-04.
eval score is not improved for 1 epoch

epoch: 6
batch training loss: 521.21, 30.80, score: 66.8603, ssr ratio: 0.3655
batch training loss: 463.74, 54.79, score: 102.7934, ssr ratio: 0.3455
batch training loss: 553.35, 30.22, score: 103.2836, ssr ratio: 0.3255
batch training loss: 473.58, 12.09, score: 97.1896, ssr ratio: 0.3055
batch training loss: 457.38, 30.57, score: 103.2640, ssr ratio: 0.2855
batch training loss: 502.13, 67.11, score: 83.7077, ssr ratio: 0.2655
batch training loss: 433.83, 38.93, score: 81.3018, ssr ratio: 0.2455
tensor([0.9430, 0.8994, 0.8589, 0.8232, 0.7911, 0.7601, 0.7323, 0.7077, 0.6840,
        0.6595, 0.6402, 0.6302, 0.6296, 0.6313, 0.6289, 0.6156, 0.5892, 0.5565,
        0.5312, 0.5192, 0.5125, 0.5101, 0.5118, 0.5151], device='cuda:5')
epoch eval loss:
sst: 587.51, nino: 121.63, sc: 48.1542
Epoch 00006: reducing learning rate of group 0 to 1.0000e-04.
eval score is not improved for 2 epoch

epoch: 7
batch training loss: 438.44, 57.94, score: 62.7071, ssr ratio: 0.2386
batch training loss: 412.15, 43.64, score: 103.8125, ssr ratio: 0.2186
batch training loss: 430.02, 32.84, score: 104.3179, ssr ratio: 0.1986
batch training loss: 520.72, 49.40, score: -10.5851, ssr ratio: 0.1786
batch training loss: 492.07, 26.36, score: 93.9633, ssr ratio: 0.1586
batch training loss: 508.66, 28.77, score: 88.8744, ssr ratio: 0.1386
batch training loss: 496.65, 25.23, score: 105.0945, ssr ratio: 0.1186
tensor([0.9453, 0.9035, 0.8669, 0.8353, 0.8050, 0.7722, 0.7402, 0.7105, 0.6817,
        0.6532, 0.6315, 0.6210, 0.6216, 0.6250, 0.6233, 0.6090, 0.5807, 0.5469,
        0.5221, 0.5117, 0.5062, 0.5048, 0.5071, 0.5108], device='cuda:5')
epoch eval loss:
sst: 587.07, nino: 122.50, sc: 47.4618
eval score is not improved for 3 epoch

epoch: 8
batch training loss: 497.06, 23.36, score: 105.5222, ssr ratio: 0.1118
batch training loss: 552.02, 44.48, score: 33.8513, ssr ratio: 0.0918
batch training loss: 567.45, 71.32, score: 74.8508, ssr ratio: 0.0718
batch training loss: 601.53, 56.75, score: 82.0794, ssr ratio: 0.0518
batch training loss: 467.03, 24.12, score: 41.0933, ssr ratio: 0.0318
batch training loss: 561.23, 54.19, score: 68.2325, ssr ratio: 0.0118
batch training loss: 523.36, 19.81, score: 88.1030, ssr ratio: 0.0000
tensor([0.9428, 0.8988, 0.8588, 0.8235, 0.7896, 0.7544, 0.7219, 0.6938, 0.6676,
        0.6416, 0.6221, 0.6133, 0.6151, 0.6194, 0.6179, 0.6036, 0.5753, 0.5415,
        0.5166, 0.5057, 0.4997, 0.4979, 0.5001, 0.5044], device='cuda:5')
epoch eval loss:
sst: 590.35, nino: 123.33, sc: 46.4933
eval score is not improved for 4 epoch

epoch: 9
batch training loss: 516.17, 92.91, score: 97.9857, ssr ratio: 0.0000
batch training loss: 549.44, 36.80, score: 91.0204, ssr ratio: 0.0000
batch training loss: 494.09, 38.84, score: 96.3488, ssr ratio: 0.0000
batch training loss: 560.54, 49.91, score: 102.3298, ssr ratio: 0.0000
batch training loss: 547.41, 49.71, score: 80.3287, ssr ratio: 0.0000
batch training loss: 523.94, 19.38, score: 98.0743, ssr ratio: 0.0000
batch training loss: 517.77, 52.59, score: 100.5236, ssr ratio: 0.0000
tensor([0.9424, 0.8968, 0.8551, 0.8181, 0.7826, 0.7460, 0.7127, 0.6842, 0.6576,
        0.6317, 0.6134, 0.6064, 0.6098, 0.6149, 0.6130, 0.5979, 0.5688, 0.5346,
        0.5101, 0.5011, 0.4970, 0.4968, 0.5004, 0.5056], device='cuda:5')
epoch eval loss:
sst: 591.33, nino: 124.61, sc: 45.7636
eval score is not improved for 5 epoch
early stopping reached, best score is 51.062062

----- training finished -----

processing test set
(395, 38, 24, 48, 1, 4)
(395, 38, 24, 48, 4)
(395, 38, 3)
predData.shape= (395, 38, 2, 24, 48)
{'sst': (395, 38, 24, 48, 6), 'nino target': (395, 38, 3)}
loading test dataloader
Traceback (most recent call last):
  File "trainer.py", line 264, in <module>
    trainer.network.load_state_dict(chk['net'])
  File "/home/ruichuang/anaconda3/envs/AGCRN_env/lib/python3.8/site-packages/torch/nn/modules/module.py", line 1604, in load_state_dict
    raise RuntimeError('Error(s) in loading state_dict for {}:\n\t{}'.format(
RuntimeError: Error(s) in loading state_dict for SAConvLSTM:
	size mismatch for layers.0.conv.weight: copying a param with shape torch.Size([512, 136, 3, 3]) from checkpoint, the shape in current model is torch.Size([256, 72, 3, 3]).
	size mismatch for layers.0.conv.bias: copying a param with shape torch.Size([512]) from checkpoint, the shape in current model is torch.Size([256]).
	size mismatch for layers.0.sa.conv_h.weight: copying a param with shape torch.Size([192, 128, 1, 1]) from checkpoint, the shape in current model is torch.Size([96, 64, 1, 1]).
	size mismatch for layers.0.sa.conv_h.bias: copying a param with shape torch.Size([192]) from checkpoint, the shape in current model is torch.Size([96]).
	size mismatch for layers.0.sa.conv_m.weight: copying a param with shape torch.Size([128, 128, 1, 1]) from checkpoint, the shape in current model is torch.Size([64, 64, 1, 1]).
	size mismatch for layers.0.sa.conv_m.bias: copying a param with shape torch.Size([128]) from checkpoint, the shape in current model is torch.Size([64]).
	size mismatch for layers.0.sa.conv_z.weight: copying a param with shape torch.Size([64, 128, 1, 1]) from checkpoint, the shape in current model is torch.Size([32, 64, 1, 1]).
	size mismatch for layers.0.sa.conv_z.bias: copying a param with shape torch.Size([64]) from checkpoint, the shape in current model is torch.Size([32]).
	size mismatch for layers.0.sa.conv_output.weight: copying a param with shape torch.Size([384, 192, 3, 3]) from checkpoint, the shape in current model is torch.Size([192, 96, 3, 3]).
	size mismatch for layers.0.sa.conv_output.bias: copying a param with shape torch.Size([384]) from checkpoint, the shape in current model is torch.Size([192]).
	size mismatch for layers.1.conv.weight: copying a param with shape torch.Size([512, 256, 3, 3]) from checkpoint, the shape in current model is torch.Size([256, 128, 3, 3]).
	size mismatch for layers.1.conv.bias: copying a param with shape torch.Size([512]) from checkpoint, the shape in current model is torch.Size([256]).
	size mismatch for layers.1.sa.conv_h.weight: copying a param with shape torch.Size([192, 128, 1, 1]) from checkpoint, the shape in current model is torch.Size([96, 64, 1, 1]).
	size mismatch for layers.1.sa.conv_h.bias: copying a param with shape torch.Size([192]) from checkpoint, the shape in current model is torch.Size([96]).
	size mismatch for layers.1.sa.conv_m.weight: copying a param with shape torch.Size([128, 128, 1, 1]) from checkpoint, the shape in current model is torch.Size([64, 64, 1, 1]).
	size mismatch for layers.1.sa.conv_m.bias: copying a param with shape torch.Size([128]) from checkpoint, the shape in current model is torch.Size([64]).
	size mismatch for layers.1.sa.conv_z.weight: copying a param with shape torch.Size([64, 128, 1, 1]) from checkpoint, the shape in current model is torch.Size([32, 64, 1, 1]).
	size mismatch for layers.1.sa.conv_z.bias: copying a param with shape torch.Size([64]) from checkpoint, the shape in current model is torch.Size([32]).
	size mismatch for layers.1.sa.conv_output.weight: copying a param with shape torch.Size([384, 192, 3, 3]) from checkpoint, the shape in current model is torch.Size([192, 96, 3, 3]).
	size mismatch for layers.1.sa.conv_output.bias: copying a param with shape torch.Size([384]) from checkpoint, the shape in current model is torch.Size([192]).
	size mismatch for layers.2.conv.weight: copying a param with shape torch.Size([512, 256, 3, 3]) from checkpoint, the shape in current model is torch.Size([256, 128, 3, 3]).
	size mismatch for layers.2.conv.bias: copying a param with shape torch.Size([512]) from checkpoint, the shape in current model is torch.Size([256]).
	size mismatch for layers.2.sa.conv_h.weight: copying a param with shape torch.Size([192, 128, 1, 1]) from checkpoint, the shape in current model is torch.Size([96, 64, 1, 1]).
	size mismatch for layers.2.sa.conv_h.bias: copying a param with shape torch.Size([192]) from checkpoint, the shape in current model is torch.Size([96]).
	size mismatch for layers.2.sa.conv_m.weight: copying a param with shape torch.Size([128, 128, 1, 1]) from checkpoint, the shape in current model is torch.Size([64, 64, 1, 1]).
	size mismatch for layers.2.sa.conv_m.bias: copying a param with shape torch.Size([128]) from checkpoint, the shape in current model is torch.Size([64]).
	size mismatch for layers.2.sa.conv_z.weight: copying a param with shape torch.Size([64, 128, 1, 1]) from checkpoint, the shape in current model is torch.Size([32, 64, 1, 1]).
	size mismatch for layers.2.sa.conv_z.bias: copying a param with shape torch.Size([64]) from checkpoint, the shape in current model is torch.Size([32]).
	size mismatch for layers.2.sa.conv_output.weight: copying a param with shape torch.Size([384, 192, 3, 3]) from checkpoint, the shape in current model is torch.Size([192, 96, 3, 3]).
	size mismatch for layers.2.sa.conv_output.bias: copying a param with shape torch.Size([384]) from checkpoint, the shape in current model is torch.Size([192]).
	size mismatch for layers.3.conv.weight: copying a param with shape torch.Size([512, 256, 3, 3]) from checkpoint, the shape in current model is torch.Size([256, 128, 3, 3]).
	size mismatch for layers.3.conv.bias: copying a param with shape torch.Size([512]) from checkpoint, the shape in current model is torch.Size([256]).
	size mismatch for layers.3.sa.conv_h.weight: copying a param with shape torch.Size([192, 128, 1, 1]) from checkpoint, the shape in current model is torch.Size([96, 64, 1, 1]).
	size mismatch for layers.3.sa.conv_h.bias: copying a param with shape torch.Size([192]) from checkpoint, the shape in current model is torch.Size([96]).
	size mismatch for layers.3.sa.conv_m.weight: copying a param with shape torch.Size([128, 128, 1, 1]) from checkpoint, the shape in current model is torch.Size([64, 64, 1, 1]).
	size mismatch for layers.3.sa.conv_m.bias: copying a param with shape torch.Size([128]) from checkpoint, the shape in current model is torch.Size([64]).
	size mismatch for layers.3.sa.conv_z.weight: copying a param with shape torch.Size([64, 128, 1, 1]) from checkpoint, the shape in current model is torch.Size([32, 64, 1, 1]).
	size mismatch for layers.3.sa.conv_z.bias: copying a param with shape torch.Size([64]) from checkpoint, the shape in current model is torch.Size([32]).
	size mismatch for layers.3.sa.conv_output.weight: copying a param with shape torch.Size([384, 192, 3, 3]) from checkpoint, the shape in current model is torch.Size([192, 96, 3, 3]).
	size mismatch for layers.3.sa.conv_output.bias: copying a param with shape torch.Size([384]) from checkpoint, the shape in current model is torch.Size([192]).
	size mismatch for conv_output.weight: copying a param with shape torch.Size([2, 128, 1, 1]) from checkpoint, the shape in current model is torch.Size([2, 64, 1, 1]).
