nohup: 忽略输入
{'n_cpu': 0, 'device': device(type='cuda', index=4), 'batch_size_test': 40, 'batch_size': 2, 'lr': 0.001, 'weight_decay': 0, 'display_interval': 250, 'num_epochs': 50, 'early_stopping': True, 'patience': 5, 'gradient_clipping': True, 'clipping_threshold': 1.0, 'input_dim': 8, 'output_dim': 2, 'input_length': 12, 'output_length': 24, 'input_gap': 1, 'pred_shift': 24, 'model_i': 0, 'kernel_size': (3, 3), 'bias': True, 'hidden_dim_1': (128, 128, 128, 128), 'd_attn_1': 32, 'ssr_decay_rate': 8e-05, 'hidden_dim_2': (32, 32, 32, 32), 'd_attn_2': 16, 'hidden_dim_3': (32, 32, 32, 32), 'd_attn_3': 16, 'hidden_dim_4': (32, 32, 32, 32), 'd_attn_4': 16, 'hidden_dim_5': (32, 32, 32, 32), 'd_attn_5': 16, 'use_hc': 1, 'time': 'hybrid', 'save_last': 0}

reading data
(1692, 24, 48, 21, 4) (432, 24, 48, 1, 4)
(1692, 21, 3) (432, 1, 3)
processing training set
(151, 38, 24, 48, 21, 4)
(3171, 38, 24, 48, 4)
(3171, 38, 3)
predData.shape= (3171, 38, 2, 24, 48)
{'sst': (3171, 38, 24, 48, 6), 'nino target': (3171, 38, 3)}
processing eval set
(395, 38, 24, 48, 1, 4)
(395, 38, 24, 48, 4)
(395, 38, 3)
predData.shape= (395, 38, 2, 24, 48)
{'sst': (395, 38, 24, 48, 6), 'nino target': (395, 38, 3)}
Total params num: 6490626
*****************Finish Parameter****************
loading train dataloader
loading eval dataloader

epoch: 1
batch training loss: 994.81, 101.10, score: -14.7151, ssr ratio: 0.9999
batch training loss: 386.74, 20.37, score: 95.7099, ssr ratio: 0.9799
batch training loss: 490.79, 46.54, score: 95.7168, ssr ratio: 0.9599
batch training loss: 399.55, 21.50, score: 92.9532, ssr ratio: 0.9399
batch training loss: 462.84, 18.99, score: 106.5155, ssr ratio: 0.9199
batch training loss: 397.99, 24.23, score: 105.9524, ssr ratio: 0.8999
batch training loss: 397.30, 16.66, score: 106.1897, ssr ratio: 0.8799
tensor([0.9372, 0.8876, 0.8429, 0.8064, 0.7753, 0.7425, 0.7102, 0.6813, 0.6552,
        0.6306, 0.6134, 0.6075, 0.6118, 0.6198, 0.6248, 0.6203, 0.6017, 0.5719,
        0.5450, 0.5295, 0.5189, 0.5138, 0.5153, 0.5192], device='cuda:4')
epoch eval loss:
sst: 617.44, nino: 131.11, sc: 46.4211
eval score is improved from -inf to 46.42106, saving model

epoch: 2
batch training loss: 476.88, 19.57, score: 73.6196, ssr ratio: 0.8730
batch training loss: 397.88, 29.98, score: 88.6786, ssr ratio: 0.8530
batch training loss: 389.18, 11.75, score: 107.4103, ssr ratio: 0.8330
batch training loss: 415.61, 18.25, score: 83.6128, ssr ratio: 0.8130
batch training loss: 433.66, 45.02, score: 102.4164, ssr ratio: 0.7930
batch training loss: 438.53, 34.87, score: 71.0201, ssr ratio: 0.7730
batch training loss: 483.19, 22.55, score: 105.4940, ssr ratio: 0.7530
tensor([0.9350, 0.8845, 0.8395, 0.8053, 0.7811, 0.7584, 0.7342, 0.7083, 0.6803,
        0.6504, 0.6261, 0.6147, 0.6166, 0.6235, 0.6268, 0.6195, 0.5977, 0.5655,
        0.5377, 0.5214, 0.5091, 0.5018, 0.5000, 0.4986], device='cuda:4')
epoch eval loss:
sst: 604.56, nino: 123.76, sc: 47.0499
eval score is improved from 46.42106 to 47.04985, saving model

epoch: 3
batch training loss: 461.09, 20.08, score: 105.6159, ssr ratio: 0.7462
batch training loss: 410.14, 21.37, score: 86.8419, ssr ratio: 0.7262
batch training loss: 437.73, 17.72, score: 62.7145, ssr ratio: 0.7062
batch training loss: 429.60, 58.47, score: 100.4215, ssr ratio: 0.6862
batch training loss: 412.08, 20.21, score: 73.0121, ssr ratio: 0.6662
batch training loss: 396.84, 27.40, score: 105.0955, ssr ratio: 0.6462
batch training loss: 418.19, 27.45, score: 105.7129, ssr ratio: 0.6262
tensor([0.9365, 0.8868, 0.8441, 0.8116, 0.7861, 0.7612, 0.7379, 0.7173, 0.6975,
        0.6744, 0.6534, 0.6405, 0.6385, 0.6416, 0.6401, 0.6268, 0.6013, 0.5706,
        0.5470, 0.5364, 0.5306, 0.5276, 0.5279, 0.5295], device='cuda:4')
epoch eval loss:
sst: 604.26, nino: 120.60, sc: 49.6480
eval score is improved from 47.04985 to 49.64796, saving model

epoch: 4
batch training loss: 403.36, 12.27, score: 98.0357, ssr ratio: 0.6193
batch training loss: 424.84, 15.26, score: 99.0519, ssr ratio: 0.5993
batch training loss: 433.89, 22.23, score: 105.3107, ssr ratio: 0.5793
batch training loss: 413.13, 25.45, score: 94.8749, ssr ratio: 0.5593
batch training loss: 416.73, 35.33, score: 104.8173, ssr ratio: 0.5393
batch training loss: 403.72, 19.55, score: 105.8994, ssr ratio: 0.5193
batch training loss: 468.75, 33.90, score: 101.6694, ssr ratio: 0.4993
tensor([0.9450, 0.9028, 0.8652, 0.8352, 0.8100, 0.7842, 0.7564, 0.7267, 0.6958,
        0.6655, 0.6436, 0.6346, 0.6380, 0.6454, 0.6489, 0.6419, 0.6217, 0.5938,
        0.5726, 0.5631, 0.5553, 0.5496, 0.5491, 0.5502], device='cuda:4')
epoch eval loss:
sst: 593.72, nino: 119.26, sc: 51.4162
eval score is improved from 49.64796 to 51.41620, saving model

epoch: 5
batch training loss: 460.97, 29.51, score: 104.3475, ssr ratio: 0.4924
batch training loss: 447.62, 27.84, score: 104.9096, ssr ratio: 0.4724
batch training loss: 450.14, 33.14, score: 94.2113, ssr ratio: 0.4524
batch training loss: 449.56, 24.64, score: 83.6794, ssr ratio: 0.4324
batch training loss: 524.12, 24.76, score: 93.9729, ssr ratio: 0.4124
batch training loss: 501.52, 27.54, score: 91.9992, ssr ratio: 0.3924
batch training loss: 411.46, 41.48, score: 103.0573, ssr ratio: 0.3724
tensor([0.9461, 0.9031, 0.8625, 0.8278, 0.7995, 0.7740, 0.7506, 0.7289, 0.7075,
        0.6850, 0.6677, 0.6607, 0.6634, 0.6676, 0.6660, 0.6542, 0.6291, 0.5959,
        0.5679, 0.5523, 0.5403, 0.5324, 0.5295, 0.5287], device='cuda:4')
epoch eval loss:
sst: 585.49, nino: 120.47, sc: 51.2998
Epoch 00005: reducing learning rate of group 0 to 3.0000e-04.
eval score is not improved for 1 epoch

epoch: 6
batch training loss: 516.13, 26.62, score: 78.2765, ssr ratio: 0.3655
batch training loss: 458.61, 56.13, score: 102.8753, ssr ratio: 0.3455
batch training loss: 546.15, 29.17, score: 92.3834, ssr ratio: 0.3255
batch training loss: 466.78, 12.64, score: 97.2467, ssr ratio: 0.3055
batch training loss: 449.57, 28.64, score: 104.7229, ssr ratio: 0.2855
batch training loss: 493.30, 72.10, score: 99.3372, ssr ratio: 0.2655
batch training loss: 429.14, 34.81, score: 81.7828, ssr ratio: 0.2455
tensor([0.9444, 0.9030, 0.8653, 0.8337, 0.8057, 0.7781, 0.7514, 0.7259, 0.6999,
        0.6731, 0.6530, 0.6441, 0.6450, 0.6471, 0.6438, 0.6298, 0.6030, 0.5702,
        0.5452, 0.5341, 0.5279, 0.5257, 0.5276, 0.5316], device='cuda:4')
epoch eval loss:
sst: 587.48, nino: 119.56, sc: 50.0980
Epoch 00006: reducing learning rate of group 0 to 1.0000e-04.
eval score is not improved for 2 epoch

epoch: 7
batch training loss: 432.37, 59.74, score: 45.7616, ssr ratio: 0.2386
batch training loss: 403.38, 37.77, score: 104.4087, ssr ratio: 0.2186
batch training loss: 425.26, 34.49, score: 104.0119, ssr ratio: 0.1986
batch training loss: 508.44, 51.59, score: -10.5125, ssr ratio: 0.1786
batch training loss: 483.84, 25.20, score: 83.2229, ssr ratio: 0.1586
batch training loss: 497.59, 29.23, score: 83.9341, ssr ratio: 0.1386
batch training loss: 491.32, 27.38, score: 104.9497, ssr ratio: 0.1186
tensor([0.9470, 0.9068, 0.8717, 0.8429, 0.8159, 0.7864, 0.7563, 0.7275, 0.6990,
        0.6704, 0.6496, 0.6412, 0.6440, 0.6480, 0.6454, 0.6302, 0.6011, 0.5663,
        0.5402, 0.5285, 0.5214, 0.5185, 0.5199, 0.5229], device='cuda:4')
epoch eval loss:
sst: 585.82, nino: 120.75, sc: 49.5719
eval score is not improved for 3 epoch

epoch: 8
batch training loss: 488.08, 23.07, score: 105.4333, ssr ratio: 0.1118
batch training loss: 540.61, 44.96, score: 31.6088, ssr ratio: 0.0918
batch training loss: 559.75, 67.62, score: 75.4578, ssr ratio: 0.0718
batch training loss: 593.29, 55.15, score: 83.1330, ssr ratio: 0.0518
batch training loss: 460.38, 22.02, score: 68.1103, ssr ratio: 0.0318
batch training loss: 552.92, 51.05, score: 68.7493, ssr ratio: 0.0118
batch training loss: 518.68, 19.53, score: 88.4115, ssr ratio: 0.0000
tensor([0.9438, 0.9003, 0.8608, 0.8276, 0.7962, 0.7634, 0.7325, 0.7055, 0.6800,
        0.6544, 0.6362, 0.6301, 0.6340, 0.6381, 0.6347, 0.6188, 0.5891, 0.5539,
        0.5279, 0.5164, 0.5094, 0.5071, 0.5090, 0.5127], device='cuda:4')
epoch eval loss:
sst: 589.27, nino: 122.37, sc: 47.9461
eval score is not improved for 4 epoch

epoch: 9
batch training loss: 508.13, 90.09, score: 98.5345, ssr ratio: 0.0000
batch training loss: 546.17, 40.78, score: 79.7362, ssr ratio: 0.0000
batch training loss: 487.33, 35.59, score: 96.7922, ssr ratio: 0.0000
batch training loss: 553.00, 47.95, score: 102.9148, ssr ratio: 0.0000
batch training loss: 537.54, 47.23, score: 80.5996, ssr ratio: 0.0000
batch training loss: 519.23, 22.71, score: 97.4819, ssr ratio: 0.0000
batch training loss: 513.60, 51.37, score: 100.4792, ssr ratio: 0.0000
tensor([0.9435, 0.8999, 0.8595, 0.8245, 0.7904, 0.7548, 0.7217, 0.6931, 0.6669,
        0.6420, 0.6253, 0.6202, 0.6243, 0.6277, 0.6222, 0.6041, 0.5730, 0.5374,
        0.5108, 0.4991, 0.4925, 0.4907, 0.4925, 0.4959], device='cuda:4')
epoch eval loss:
sst: 590.88, nino: 124.68, sc: 46.0594
eval score is not improved for 5 epoch
early stopping reached, best score is 51.416196

----- training finished -----

processing test set
(395, 38, 24, 48, 1, 4)
(395, 38, 24, 48, 4)
(395, 38, 3)
predData.shape= (395, 38, 2, 24, 48)
{'sst': (395, 38, 24, 48, 6), 'nino target': (395, 38, 3)}
loading test dataloader
Traceback (most recent call last):
  File "trainer.py", line 264, in <module>
    trainer.network.load_state_dict(chk['net'])
  File "/home/ruichuang/anaconda3/envs/AGCRN_env/lib/python3.8/site-packages/torch/nn/modules/module.py", line 1604, in load_state_dict
    raise RuntimeError('Error(s) in loading state_dict for {}:\n\t{}'.format(
RuntimeError: Error(s) in loading state_dict for SAConvLSTM:
	size mismatch for layers.0.sa.conv_h.weight: copying a param with shape torch.Size([192, 128, 1, 1]) from checkpoint, the shape in current model is torch.Size([96, 128, 1, 1]).
	size mismatch for layers.0.sa.conv_h.bias: copying a param with shape torch.Size([192]) from checkpoint, the shape in current model is torch.Size([96]).
	size mismatch for layers.0.sa.conv_m.weight: copying a param with shape torch.Size([128, 128, 1, 1]) from checkpoint, the shape in current model is torch.Size([64, 128, 1, 1]).
	size mismatch for layers.0.sa.conv_m.bias: copying a param with shape torch.Size([128]) from checkpoint, the shape in current model is torch.Size([64]).
	size mismatch for layers.0.sa.conv_z.weight: copying a param with shape torch.Size([64, 128, 1, 1]) from checkpoint, the shape in current model is torch.Size([32, 64, 1, 1]).
	size mismatch for layers.0.sa.conv_z.bias: copying a param with shape torch.Size([64]) from checkpoint, the shape in current model is torch.Size([32]).
	size mismatch for layers.0.sa.conv_output.weight: copying a param with shape torch.Size([384, 192, 3, 3]) from checkpoint, the shape in current model is torch.Size([384, 160, 3, 3]).
	size mismatch for layers.1.sa.conv_h.weight: copying a param with shape torch.Size([192, 128, 1, 1]) from checkpoint, the shape in current model is torch.Size([96, 128, 1, 1]).
	size mismatch for layers.1.sa.conv_h.bias: copying a param with shape torch.Size([192]) from checkpoint, the shape in current model is torch.Size([96]).
	size mismatch for layers.1.sa.conv_m.weight: copying a param with shape torch.Size([128, 128, 1, 1]) from checkpoint, the shape in current model is torch.Size([64, 128, 1, 1]).
	size mismatch for layers.1.sa.conv_m.bias: copying a param with shape torch.Size([128]) from checkpoint, the shape in current model is torch.Size([64]).
	size mismatch for layers.1.sa.conv_z.weight: copying a param with shape torch.Size([64, 128, 1, 1]) from checkpoint, the shape in current model is torch.Size([32, 64, 1, 1]).
	size mismatch for layers.1.sa.conv_z.bias: copying a param with shape torch.Size([64]) from checkpoint, the shape in current model is torch.Size([32]).
	size mismatch for layers.1.sa.conv_output.weight: copying a param with shape torch.Size([384, 192, 3, 3]) from checkpoint, the shape in current model is torch.Size([384, 160, 3, 3]).
	size mismatch for layers.2.sa.conv_h.weight: copying a param with shape torch.Size([192, 128, 1, 1]) from checkpoint, the shape in current model is torch.Size([96, 128, 1, 1]).
	size mismatch for layers.2.sa.conv_h.bias: copying a param with shape torch.Size([192]) from checkpoint, the shape in current model is torch.Size([96]).
	size mismatch for layers.2.sa.conv_m.weight: copying a param with shape torch.Size([128, 128, 1, 1]) from checkpoint, the shape in current model is torch.Size([64, 128, 1, 1]).
	size mismatch for layers.2.sa.conv_m.bias: copying a param with shape torch.Size([128]) from checkpoint, the shape in current model is torch.Size([64]).
	size mismatch for layers.2.sa.conv_z.weight: copying a param with shape torch.Size([64, 128, 1, 1]) from checkpoint, the shape in current model is torch.Size([32, 64, 1, 1]).
	size mismatch for layers.2.sa.conv_z.bias: copying a param with shape torch.Size([64]) from checkpoint, the shape in current model is torch.Size([32]).
	size mismatch for layers.2.sa.conv_output.weight: copying a param with shape torch.Size([384, 192, 3, 3]) from checkpoint, the shape in current model is torch.Size([384, 160, 3, 3]).
	size mismatch for layers.3.sa.conv_h.weight: copying a param with shape torch.Size([192, 128, 1, 1]) from checkpoint, the shape in current model is torch.Size([96, 128, 1, 1]).
	size mismatch for layers.3.sa.conv_h.bias: copying a param with shape torch.Size([192]) from checkpoint, the shape in current model is torch.Size([96]).
	size mismatch for layers.3.sa.conv_m.weight: copying a param with shape torch.Size([128, 128, 1, 1]) from checkpoint, the shape in current model is torch.Size([64, 128, 1, 1]).
	size mismatch for layers.3.sa.conv_m.bias: copying a param with shape torch.Size([128]) from checkpoint, the shape in current model is torch.Size([64]).
	size mismatch for layers.3.sa.conv_z.weight: copying a param with shape torch.Size([64, 128, 1, 1]) from checkpoint, the shape in current model is torch.Size([32, 64, 1, 1]).
	size mismatch for layers.3.sa.conv_z.bias: copying a param with shape torch.Size([64]) from checkpoint, the shape in current model is torch.Size([32]).
	size mismatch for layers.3.sa.conv_output.weight: copying a param with shape torch.Size([384, 192, 3, 3]) from checkpoint, the shape in current model is torch.Size([384, 160, 3, 3]).
