nohup: 忽略输入
{'n_cpu': 0, 'device': device(type='cuda', index=1), 'batch_size_test': 40, 'batch_size': 2, 'lr': 0.001, 'weight_decay': 0, 'display_interval': 250, 'num_epochs': 50, 'early_stopping': True, 'patience': 20, 'gradient_clipping': True, 'clipping_threshold': 1.0, 'input_dim': 8, 'output_dim': 2, 'input_length': 12, 'output_length': 24, 'input_gap': 1, 'pred_shift': 24, 'model_i': 0, 'kernel_size': (3, 3), 'bias': True, 'hidden_dim_1': (128, 128, 128, 128), 'd_attn_1': 128, 'ssr_decay_rate': 8e-05, 'hidden_dim_2': (32, 32, 32, 32), 'd_attn_2': 16, 'hidden_dim_3': (32, 32, 32, 32), 'd_attn_3': 16, 'hidden_dim_4': (32, 32, 32, 32), 'd_attn_4': 16, 'hidden_dim_5': (32, 32, 32, 32), 'd_attn_5': 16, 'use_hc': 1, 'time': 'hybrid', 'save_last': 0}

reading data
(1692, 24, 48, 21, 4) (432, 24, 48, 1, 4)
(1692, 21, 3) (432, 1, 3)
processing training set
(237, 38, 24, 48, 21, 4)
(4977, 38, 24, 48, 4)
(4977, 38, 3)
predData.shape= (4977, 38, 2, 24, 48)
{'sst': (4977, 38, 24, 48, 6), 'nino target': (4977, 38, 3)}
processing eval set
(395, 38, 24, 48, 1, 4)
(395, 38, 24, 48, 4)
(395, 38, 3)
predData.shape= (395, 38, 2, 24, 48)
{'sst': (395, 38, 24, 48, 6), 'nino target': (395, 38, 3)}
Total params num: 8188674
*****************Finish Parameter****************
loading train dataloader
loading eval dataloader

epoch: 1
batch training loss: 1031.53, 172.98, score: -3.6562, ssr ratio: 0.9999
batch training loss: 470.28, 23.39, score: 105.3533, ssr ratio: 0.9799
batch training loss: 387.83, 19.16, score: 101.2268, ssr ratio: 0.9599
batch training loss: 457.49, 27.17, score: 84.3583, ssr ratio: 0.9399
batch training loss: 384.84, 8.88, score: 101.6487, ssr ratio: 0.9199
batch training loss: 398.62, 25.48, score: 105.3968, ssr ratio: 0.8999
batch training loss: 392.99, 13.52, score: 106.5698, ssr ratio: 0.8799
batch training loss: 382.19, 26.51, score: 105.0129, ssr ratio: 0.8599
batch training loss: 447.15, 10.00, score: 102.2561, ssr ratio: 0.8399
batch training loss: 511.04, 10.43, score: 107.2907, ssr ratio: 0.8199
tensor([0.9221, 0.8612, 0.8096, 0.7709, 0.7437, 0.7214, 0.7020, 0.6816, 0.6580,
        0.6307, 0.6045, 0.5858, 0.5741, 0.5635, 0.5478, 0.5232, 0.4899, 0.4484,
        0.4132, 0.3976, 0.4003, 0.4119, 0.4209, 0.4238], device='cuda:1')
epoch eval loss:
sst: 633.80, nino: 157.98, sc: 35.5604
eval score is improved from -inf to 35.56039, saving model

epoch: 2
batch training loss: 408.38, 17.77, score: 106.0096, ssr ratio: 0.8008
batch training loss: 398.95, 18.57, score: 93.6901, ssr ratio: 0.7808
batch training loss: 506.92, 12.05, score: 84.0513, ssr ratio: 0.7608
batch training loss: 362.85, 13.19, score: 91.0947, ssr ratio: 0.7408
batch training loss: 861.27, 192.64, score: -27.3600, ssr ratio: 0.7208
batch training loss: 821.47, 123.45, score: -16.9401, ssr ratio: 0.7008
batch training loss: 682.76, 134.13, score: -17.9475, ssr ratio: 0.6808
batch training loss: 767.93, 57.72, score: -9.8224, ssr ratio: 0.6608
batch training loss: 652.22, 82.55, score: -13.6411, ssr ratio: 0.6408
batch training loss: 835.08, 153.93, score: -21.0554, ssr ratio: 0.6208
tensor([0., 0., 0., 0., 0., 0., 0., 0., 0., 0., 0., 0., 0., 0., 0., 0., 0., 0., 0., 0., 0., 0., 0., 0.],
       device='cuda:1')
epoch eval loss:
sst: 662.75, nino: 150.86, sc: -22.1696
Epoch 00002: reducing learning rate of group 0 to 3.0000e-04.
eval score is not improved for 1 epoch

epoch: 3
batch training loss: 767.31, 76.63, score: -13.1615, ssr ratio: 0.6017
batch training loss: 736.02, 126.22, score: -17.2272, ssr ratio: 0.5817
batch training loss: 726.13, 112.91, score: -16.1890, ssr ratio: 0.5617
batch training loss: 725.35, 104.40, score: -15.0812, ssr ratio: 0.5417
batch training loss: 812.36, 144.91, score: -17.7178, ssr ratio: 0.5217
batch training loss: 871.85, 170.45, score: -24.0038, ssr ratio: 0.5017
batch training loss: 741.39, 206.53, score: -25.9319, ssr ratio: 0.4817
batch training loss: 830.08, 57.06, score: -9.7786, ssr ratio: 0.4617
batch training loss: 877.39, 154.97, score: -24.0978, ssr ratio: 0.4417
batch training loss: 766.84, 103.66, score: -18.6516, ssr ratio: 0.4217
tensor([0., 0., 0., 0., 0., 0., 0., 0., 0., 0., 0., 0., 0., 0., 0., 0., 0., 0., 0., 0., 0., 0., 0., 0.],
       device='cuda:1')
epoch eval loss:
sst: 664.16, nino: 150.90, sc: -22.1641
Epoch 00003: reducing learning rate of group 0 to 1.0000e-04.
eval score is not improved for 2 epoch

epoch: 4
batch training loss: 928.38, 171.84, score: -18.5041, ssr ratio: 0.4026
batch training loss: 667.71, 105.04, score: -14.5290, ssr ratio: 0.3826
batch training loss: 737.56, 119.78, score: -14.8513, ssr ratio: 0.3626
batch training loss: 797.98, 107.47, score: -15.3017, ssr ratio: 0.3426
batch training loss: 683.01, 105.95, score: -15.7206, ssr ratio: 0.3226
batch training loss: 791.17, 155.43, score: -19.2565, ssr ratio: 0.3026
batch training loss: 869.04, 243.35, score: -27.7241, ssr ratio: 0.2826
batch training loss: 729.67, 168.34, score: -22.0259, ssr ratio: 0.2626
batch training loss: 711.04, 48.33, score: -7.8888, ssr ratio: 0.2426
batch training loss: 710.24, 137.91, score: -18.1171, ssr ratio: 0.2226
tensor([0., 0., 0., 0., 0., 0., 0., 0., 0., 0., 0., 0., 0., 0., 0., 0., 0., 0., 0., 0., 0., 0., 0., 0.],
       device='cuda:1')
epoch eval loss:
sst: 662.73, nino: 150.78, sc: -22.1511
eval score is not improved for 3 epoch

epoch: 5
batch training loss: 817.19, 121.32, score: -17.7230, ssr ratio: 0.2034
batch training loss: 762.60, 82.06, score: -12.6465, ssr ratio: 0.1834
batch training loss: 743.48, 104.77, score: -14.7251, ssr ratio: 0.1634
batch training loss: 802.24, 118.22, score: -19.5188, ssr ratio: 0.1434
batch training loss: 827.77, 148.36, score: -24.3753, ssr ratio: 0.1234
batch training loss: 700.16, 46.34, score: -6.3643, ssr ratio: 0.1034
batch training loss: 908.70, 217.21, score: -33.9038, ssr ratio: 0.0834
batch training loss: 783.40, 87.45, score: -15.1438, ssr ratio: 0.0634
batch training loss: 668.84, 92.96, score: -14.5295, ssr ratio: 0.0434
batch training loss: 834.95, 85.04, score: -12.1600, ssr ratio: 0.0234
tensor([-1.4589e-09, -1.0583e-09, -1.4525e-09, -3.2985e-09,  1.1875e-09,
        -1.7152e-09, -6.3330e-09,  4.4864e-09,  1.9795e-09,  2.3760e-09,
        -6.6032e-10,  1.3214e-09,  1.0576e-09,  2.7771e-09,  2.1163e-09,
         3.9691e-09, -2.6470e-10,  1.7212e-09,  6.2247e-09,  4.5039e-09,
        -1.0600e-09, -4.7723e-09, -4.1119e-09, -1.0617e-09], device='cuda:1')
epoch eval loss:
sst: 662.68, nino: 150.77, sc: -22.1515
eval score is not improved for 4 epoch

epoch: 6
batch training loss: 840.04, 158.51, score: -16.3250, ssr ratio: 0.0043
batch training loss: 872.30, 187.03, score: -29.0125, ssr ratio: 0.0000
batch training loss: 846.10, 142.07, score: -20.2009, ssr ratio: 0.0000
batch training loss: 757.31, 111.81, score: -14.2039, ssr ratio: 0.0000
batch training loss: 748.54, 145.52, score: -18.9247, ssr ratio: 0.0000
batch training loss: 836.44, 93.24, score: -15.2480, ssr ratio: 0.0000
batch training loss: 793.21, 121.97, score: -18.4201, ssr ratio: 0.0000
batch training loss: 660.88, 80.74, score: -10.3300, ssr ratio: 0.0000
batch training loss: 925.28, 150.30, score: -23.9544, ssr ratio: 0.0000
batch training loss: 630.10, 44.42, score: -7.3716, ssr ratio: 0.0000
tensor([-2.0802e-09, -1.5074e-09, -2.0672e-09, -4.6927e-09,  1.6894e-09,
        -2.4401e-09, -9.0097e-09,  6.3829e-09,  2.8164e-09,  3.3809e-09,
        -9.3979e-10,  1.8811e-09,  1.5058e-09,  3.9547e-09,  3.0141e-09,
         5.6533e-09, -3.7709e-10,  2.4523e-09,  8.8700e-09,  6.4184e-09,
        -1.5108e-09, -6.8031e-09, -5.8631e-09, -1.5142e-09], device='cuda:1')
epoch eval loss:
sst: 663.15, nino: 150.81, sc: -22.1534
eval score is not improved for 5 epoch

epoch: 7
batch training loss: 836.56, 115.47, score: -22.0179, ssr ratio: 0.0000
batch training loss: 653.28, 112.91, score: -15.0707, ssr ratio: 0.0000
batch training loss: 849.80, 66.88, score: -10.3121, ssr ratio: 0.0000
batch training loss: 834.72, 218.39, score: -29.4612, ssr ratio: 0.0000
batch training loss: 799.58, 114.77, score: -16.0169, ssr ratio: 0.0000
batch training loss: 883.95, 128.48, score: -19.5968, ssr ratio: 0.0000
batch training loss: 814.17, 106.32, score: -15.3774, ssr ratio: 0.0000
batch training loss: 737.15, 95.34, score: -12.9369, ssr ratio: 0.0000
batch training loss: 977.24, 132.75, score: -17.7745, ssr ratio: 0.0000
batch training loss: 763.56, 89.81, score: -15.0600, ssr ratio: 0.0000
tensor([ 9.1337e-10,  6.6321e-10,  9.1085e-10,  2.0691e-09, -7.4486e-10,
         1.0759e-09,  3.9725e-09, -2.8141e-09, -1.2416e-09, -1.4901e-09,
         4.1405e-10, -8.2839e-10, -6.6291e-10, -1.7405e-09, -1.3263e-09,
        -2.4871e-09,  1.6585e-10, -1.0783e-09, -3.8991e-09, -2.8210e-09,
         6.6387e-10,  2.9883e-09,  2.5742e-09,  6.6451e-10], device='cuda:1')
epoch eval loss:
sst: 662.65, nino: 150.77, sc: -22.1522
eval score is not improved for 6 epoch

epoch: 8
batch training loss: 822.50, 77.83, score: -11.7356, ssr ratio: 0.0000
batch training loss: 968.03, 135.71, score: -21.3681, ssr ratio: 0.0000
batch training loss: 892.17, 120.30, score: -16.3417, ssr ratio: 0.0000
batch training loss: 819.10, 96.76, score: -16.3568, ssr ratio: 0.0000
batch training loss: 799.84, 104.32, score: -13.7604, ssr ratio: 0.0000
batch training loss: 762.59, 153.92, score: -20.7506, ssr ratio: 0.0000
batch training loss: 677.00, 52.29, score: -7.7655, ssr ratio: 0.0000
batch training loss: 917.84, 195.61, score: -28.7832, ssr ratio: 0.0000
batch training loss: 701.24, 89.76, score: -14.4986, ssr ratio: 0.0000
batch training loss: 823.56, 84.06, score: -14.2831, ssr ratio: 0.0000
tensor([-2.0802e-09, -1.5074e-09, -2.0672e-09, -4.6927e-09,  1.6894e-09,
        -2.4401e-09, -9.0097e-09,  6.3829e-09,  2.8164e-09,  3.3809e-09,
        -9.3979e-10,  1.8811e-09,  1.5058e-09,  3.9547e-09,  3.0141e-09,
         5.6533e-09, -3.7709e-10,  2.4523e-09,  8.8700e-09,  6.4184e-09,
        -1.5108e-09, -6.8031e-09, -5.8631e-09, -1.5142e-09], device='cuda:1')
epoch eval loss:
sst: 663.14, nino: 150.81, sc: -22.1534
eval score is not improved for 7 epoch

epoch: 9
batch training loss: 771.77, 93.25, score: -13.8101, ssr ratio: 0.0000
batch training loss: 914.82, 116.96, score: -14.2726, ssr ratio: 0.0000
batch training loss: 876.34, 107.65, score: -15.5624, ssr ratio: 0.0000
batch training loss: 825.04, 71.61, score: -12.8437, ssr ratio: 0.0000
batch training loss: 652.44, 140.56, score: -17.3134, ssr ratio: 0.0000
batch training loss: 815.80, 199.48, score: -25.5371, ssr ratio: 0.0000
batch training loss: 912.10, 122.27, score: -17.3305, ssr ratio: 0.0000
batch training loss: 823.16, 193.38, score: -24.5662, ssr ratio: 0.0000
batch training loss: 924.02, 139.94, score: -15.7112, ssr ratio: 0.0000
batch training loss: 955.13, 123.01, score: -24.0730, ssr ratio: 0.0000
tensor([ 9.1337e-10,  6.6321e-10,  9.1085e-10,  2.0691e-09, -7.4486e-10,
         1.0759e-09,  3.9725e-09, -2.8141e-09, -1.2416e-09, -1.4901e-09,
         4.1405e-10, -8.2839e-10, -6.6291e-10, -1.7405e-09, -1.3263e-09,
        -2.4871e-09,  1.6585e-10, -1.0783e-09, -3.8991e-09, -2.8210e-09,
         6.6387e-10,  2.9883e-09,  2.5742e-09,  6.6451e-10], device='cuda:1')
epoch eval loss:
sst: 662.61, nino: 150.77, sc: -22.1521
eval score is not improved for 8 epoch

epoch: 10
batch training loss: 896.69, 86.08, score: -12.5315, ssr ratio: 0.0000
batch training loss: 887.59, 65.18, score: -11.5865, ssr ratio: 0.0000
batch training loss: 864.35, 77.54, score: -14.0343, ssr ratio: 0.0000
batch training loss: 743.46, 60.75, score: -11.4992, ssr ratio: 0.0000
batch training loss: 799.09, 113.47, score: -18.8727, ssr ratio: 0.0000
batch training loss: 758.37, 77.12, score: -11.5475, ssr ratio: 0.0000
batch training loss: 781.57, 97.18, score: -14.8779, ssr ratio: 0.0000
batch training loss: 788.03, 92.53, score: -15.4554, ssr ratio: 0.0000
batch training loss: 781.78, 118.81, score: -13.3767, ssr ratio: 0.0000
batch training loss: 990.77, 168.31, score: -24.1798, ssr ratio: 0.0000
tensor([0., 0., 0., 0., 0., 0., 0., 0., 0., 0., 0., 0., 0., 0., 0., 0., 0., 0., 0., 0., 0., 0., 0., 0.],
       device='cuda:1')
epoch eval loss:
sst: 662.53, nino: 150.79, sc: -22.1559
eval score is not improved for 9 epoch

epoch: 11
batch training loss: 700.01, 31.55, score: -5.7636, ssr ratio: 0.0000
batch training loss: 973.31, 133.29, score: -20.0867, ssr ratio: 0.0000
batch training loss: 765.24, 140.95, score: -16.9074, ssr ratio: 0.0000
batch training loss: 782.51, 65.52, score: -12.5466, ssr ratio: 0.0000
batch training loss: 840.08, 60.71, score: -10.6157, ssr ratio: 0.0000
batch training loss: 781.78, 120.02, score: -16.6749, ssr ratio: 0.0000
batch training loss: 792.54, 130.20, score: -18.6137, ssr ratio: 0.0000
batch training loss: 802.46, 158.48, score: -20.1318, ssr ratio: 0.0000
batch training loss: 766.66, 94.52, score: -15.2579, ssr ratio: 0.0000
batch training loss: 645.63, 81.42, score: -12.0786, ssr ratio: 0.0000
tensor([-1.4589e-09, -1.0583e-09, -1.4525e-09, -3.2985e-09,  1.1875e-09,
        -1.7152e-09, -6.3330e-09,  4.4864e-09,  1.9795e-09,  2.3760e-09,
        -6.6032e-10,  1.3214e-09,  1.0576e-09,  2.7771e-09,  2.1163e-09,
         3.9691e-09, -2.6470e-10,  1.7212e-09,  6.2247e-09,  4.5039e-09,
        -1.0600e-09, -4.7723e-09, -4.1119e-09, -1.0617e-09], device='cuda:1')
epoch eval loss:
sst: 662.87, nino: 150.78, sc: -22.1514
eval score is not improved for 10 epoch

epoch: 12
batch training loss: 753.28, 42.81, score: -6.3227, ssr ratio: 0.0000
batch training loss: 933.84, 161.12, score: -23.7363, ssr ratio: 0.0000
batch training loss: 925.11, 86.43, score: -16.2077, ssr ratio: 0.0000
batch training loss: 809.11, 74.13, score: -13.1386, ssr ratio: 0.0000
batch training loss: 752.09, 116.27, score: -15.3352, ssr ratio: 0.0000
batch training loss: 838.96, 204.62, score: -27.4924, ssr ratio: 0.0000
batch training loss: 865.97, 104.06, score: -20.0610, ssr ratio: 0.0000
batch training loss: 636.74, 53.68, score: -6.7757, ssr ratio: 0.0000
batch training loss: 810.58, 124.46, score: -16.9775, ssr ratio: 0.0000
batch training loss: 756.70, 215.23, score: -24.7218, ssr ratio: 0.0000
tensor([0., 0., 0., 0., 0., 0., 0., 0., 0., 0., 0., 0., 0., 0., 0., 0., 0., 0., 0., 0., 0., 0., 0., 0.],
       device='cuda:1')
epoch eval loss:
sst: 662.77, nino: 150.78, sc: -22.1511
eval score is not improved for 11 epoch

epoch: 13
batch training loss: 794.03, 145.42, score: -20.1713, ssr ratio: 0.0000
batch training loss: 752.22, 65.73, score: -12.0285, ssr ratio: 0.0000
batch training loss: 717.05, 85.09, score: -16.0899, ssr ratio: 0.0000
batch training loss: 769.34, 129.62, score: -16.2797, ssr ratio: 0.0000
batch training loss: 749.65, 61.82, score: -13.7815, ssr ratio: 0.0000
batch training loss: 776.87, 82.33, score: -12.1365, ssr ratio: 0.0000
batch training loss: 684.64, 78.90, score: -12.2703, ssr ratio: 0.0000
batch training loss: 828.83, 103.86, score: -13.8923, ssr ratio: 0.0000
batch training loss: 936.08, 140.22, score: -22.8848, ssr ratio: 0.0000
batch training loss: 1014.75, 147.50, score: -22.4190, ssr ratio: 0.0000
tensor([0., 0., 0., 0., 0., 0., 0., 0., 0., 0., 0., 0., 0., 0., 0., 0., 0., 0., 0., 0., 0., 0., 0., 0.],
       device='cuda:1')
epoch eval loss:
sst: 662.54, nino: 150.78, sc: -22.1547
eval score is not improved for 12 epoch

epoch: 14
batch training loss: 939.29, 134.01, score: -18.6761, ssr ratio: 0.0000
batch training loss: 1008.85, 239.06, score: -30.9681, ssr ratio: 0.0000
batch training loss: 685.45, 70.87, score: -7.1912, ssr ratio: 0.0000
batch training loss: 795.38, 182.96, score: -28.7461, ssr ratio: 0.0000
batch training loss: 890.66, 86.80, score: -16.0758, ssr ratio: 0.0000
batch training loss: 835.65, 112.72, score: -17.8190, ssr ratio: 0.0000
batch training loss: 785.78, 104.16, score: -15.7816, ssr ratio: 0.0000
batch training loss: 836.03, 142.39, score: -24.2178, ssr ratio: 0.0000
batch training loss: 677.67, 131.19, score: -19.0026, ssr ratio: 0.0000
batch training loss: 727.58, 51.08, score: -7.6199, ssr ratio: 0.0000
tensor([0., 0., 0., 0., 0., 0., 0., 0., 0., 0., 0., 0., 0., 0., 0., 0., 0., 0., 0., 0., 0., 0., 0., 0.],
       device='cuda:1')
epoch eval loss:
sst: 662.73, nino: 150.77, sc: -22.1512
eval score is not improved for 13 epoch

epoch: 15
batch training loss: 828.19, 146.89, score: -19.7909, ssr ratio: 0.0000
batch training loss: 767.56, 90.45, score: -15.8123, ssr ratio: 0.0000
batch training loss: 774.27, 126.33, score: -17.0933, ssr ratio: 0.0000
batch training loss: 797.78, 75.93, score: -12.1737, ssr ratio: 0.0000
batch training loss: 743.71, 88.40, score: -18.6985, ssr ratio: 0.0000
batch training loss: 800.10, 60.51, score: -10.4727, ssr ratio: 0.0000
batch training loss: 907.46, 148.38, score: -21.4144, ssr ratio: 0.0000
batch training loss: 842.68, 130.19, score: -16.3256, ssr ratio: 0.0000
batch training loss: 796.33, 114.37, score: -18.6614, ssr ratio: 0.0000
batch training loss: 940.18, 142.50, score: -19.7397, ssr ratio: 0.0000
tensor([ 2.4179e-02,  2.0708e-02,  1.8474e-02,  1.5942e-02,  1.0346e-02,
         6.0478e-03,  4.7412e-03,  2.8691e-03,  1.9316e-03,  2.1665e-03,
         2.1621e-03,  1.1236e-03,  1.0106e-03,  1.0563e-03,  1.0979e-03,
         8.6530e-04,  7.3675e-04,  5.7770e-04,  4.1957e-04,  2.9676e-04,
        -1.0600e-09, -4.7723e-09, -4.1119e-09, -1.0617e-09], device='cuda:1')
epoch eval loss:
sst: 662.79, nino: 150.78, sc: -21.9780
eval score is not improved for 14 epoch

epoch: 16
batch training loss: 668.32, 122.99, score: -17.3546, ssr ratio: 0.0000
batch training loss: 847.65, 104.22, score: -13.6354, ssr ratio: 0.0000
batch training loss: 729.37, 113.09, score: -16.1330, ssr ratio: 0.0000
batch training loss: 875.90, 101.87, score: -13.8846, ssr ratio: 0.0000
batch training loss: 826.90, 57.20, score: -8.2509, ssr ratio: 0.0000
batch training loss: 745.99, 150.57, score: -21.9740, ssr ratio: 0.0000
batch training loss: 795.27, 85.43, score: -12.2223, ssr ratio: 0.0000
batch training loss: 803.83, 77.58, score: -12.2633, ssr ratio: 0.0000
batch training loss: 712.28, 144.40, score: -18.7594, ssr ratio: 0.0000
batch training loss: 1025.66, 101.86, score: -18.4963, ssr ratio: 0.0000
tensor([-3.0564e-09, -2.2110e-09, -3.0283e-09, -6.8708e-09,  2.4735e-09,
        -3.5725e-09, -1.3191e-08,  9.3462e-09,  4.1243e-09,  4.9516e-09,
        -1.3768e-09,  2.7569e-09,  2.2076e-09,  5.7990e-09,  4.4205e-09,
         8.2923e-09, -5.5326e-10,  3.5989e-09,  1.3020e-08,  9.4224e-09,
        -2.2184e-09, -9.9921e-09, -8.6148e-09, -2.2255e-09], device='cuda:1')
epoch eval loss:
sst: 672.46, nino: 152.10, sc: -22.3647
eval score is not improved for 15 epoch

epoch: 17
batch training loss: 810.09, 122.98, score: -19.0489, ssr ratio: 0.0000
batch training loss: 860.66, 108.98, score: -13.5908, ssr ratio: 0.0000
batch training loss: 727.98, 93.99, score: -12.3178, ssr ratio: 0.0000
batch training loss: 817.40, 118.18, score: -17.5621, ssr ratio: 0.0000
batch training loss: 818.26, 96.32, score: -15.4886, ssr ratio: 0.0000
batch training loss: 665.96, 59.16, score: -10.9588, ssr ratio: 0.0000
batch training loss: 871.16, 105.08, score: -18.6098, ssr ratio: 0.0000
batch training loss: 725.12, 96.89, score: -14.0189, ssr ratio: 0.0000
batch training loss: 701.78, 111.60, score: -16.7335, ssr ratio: 0.0000
batch training loss: 894.05, 150.86, score: -26.3279, ssr ratio: 0.0000
tensor([ 0.0161,  0.0194,  0.0186,  0.0140,  0.0052, -0.0058, -0.0167, -0.0272,
        -0.0390, -0.0504, -0.0611, -0.0690, -0.0712, -0.0660, -0.0549, -0.0402,
        -0.0234, -0.0058,  0.0092,  0.0188,  0.0235,  0.0226,  0.0188,  0.0113],
       device='cuda:1')
epoch eval loss:
sst: 662.79, nino: 150.78, sc: -23.5744
eval score is not improved for 16 epoch

epoch: 18
batch training loss: 788.60, 82.99, score: -10.1775, ssr ratio: 0.0000
batch training loss: 794.68, 195.85, score: -23.9790, ssr ratio: 0.0000
batch training loss: 795.69, 122.57, score: -21.3261, ssr ratio: 0.0000
batch training loss: 958.93, 68.09, score: -11.1166, ssr ratio: 0.0000
batch training loss: 839.52, 72.55, score: -42.2799, ssr ratio: 0.0000
batch training loss: 748.48, 62.05, score: -9.4013, ssr ratio: 0.0000
batch training loss: 762.57, 93.95, score: -102.7664, ssr ratio: 0.0000
batch training loss: 767.61, 34.63, score: -4.9322, ssr ratio: 0.0000
batch training loss: 863.26, 208.25, score: 36.0260, ssr ratio: 0.0000
batch training loss: 778.11, 85.76, score: -40.3942, ssr ratio: 0.0000
tensor([ 0.1175,  0.0956,  0.0730,  0.0495,  0.0243, -0.0015, -0.0267, -0.0504,
        -0.0707, -0.0874, -0.1017, -0.1167, -0.1329, -0.1442, -0.1471, -0.1398,
        -0.1226, -0.0964, -0.0647, -0.0333, -0.0054,  0.0183,  0.0348,  0.0417],
       device='cuda:1')
epoch eval loss:
sst: 658.43, nino: 152.10, sc: -27.9316
eval score is not improved for 17 epoch

epoch: 19
batch training loss: 770.42, 174.45, score: -130.1903, ssr ratio: 0.0000
batch training loss: 761.88, 121.47, score: 82.8892, ssr ratio: 0.0000
batch training loss: 946.53, 255.07, score: -83.3132, ssr ratio: 0.0000
batch training loss: 792.14, 130.94, score: -39.8741, ssr ratio: 0.0000
batch training loss: 753.15, 76.38, score: -47.9398, ssr ratio: 0.0000
batch training loss: 891.76, 102.44, score: 0.2446, ssr ratio: 0.0000
batch training loss: 831.15, 96.64, score: -28.1488, ssr ratio: 0.0000
batch training loss: 786.91, 130.33, score: -4.3095, ssr ratio: 0.0000
batch training loss: 793.79, 113.59, score: -61.1277, ssr ratio: 0.0000
batch training loss: 818.09, 129.62, score: -49.3832, ssr ratio: 0.0000
tensor([0.8760, 0.8464, 0.8150, 0.7820, 0.7531, 0.7277, 0.7077, 0.6894, 0.6670,
        0.6412, 0.6188, 0.6060, 0.6008, 0.5974, 0.5908, 0.5742, 0.5476, 0.5208,
        0.5068, 0.5037, 0.5024, 0.4982, 0.4951, 0.4907], device='cuda:1')
epoch eval loss:
sst: 628.99, nino: 127.98, sc: 43.8250
eval score is improved from 35.56039 to 43.82499, saving model

epoch: 20
batch training loss: 700.99, 102.62, score: 94.3904, ssr ratio: 0.0000
batch training loss: 660.94, 41.06, score: 49.8976, ssr ratio: 0.0000
batch training loss: 656.74, 59.32, score: 90.0770, ssr ratio: 0.0000
batch training loss: 653.74, 75.83, score: 52.4508, ssr ratio: 0.0000
batch training loss: 620.52, 59.01, score: 92.7954, ssr ratio: 0.0000
batch training loss: 657.33, 73.44, score: 71.1963, ssr ratio: 0.0000
batch training loss: 661.37, 33.62, score: 99.8179, ssr ratio: 0.0000
batch training loss: 632.88, 39.32, score: 77.2382, ssr ratio: 0.0000
batch training loss: 522.83, 24.81, score: 105.5175, ssr ratio: 0.0000
batch training loss: 676.08, 51.00, score: 58.5911, ssr ratio: 0.0000
tensor([0.9341, 0.8957, 0.8569, 0.8206, 0.7869, 0.7521, 0.7183, 0.6899, 0.6655,
        0.6444, 0.6303, 0.6247, 0.6278, 0.6309, 0.6274, 0.6098, 0.5801, 0.5471,
        0.5249, 0.5156, 0.5128, 0.5131, 0.5165, 0.5200], device='cuda:1')
epoch eval loss:
sst: 612.03, nino: 122.31, sc: 47.5901
eval score is improved from 43.82499 to 47.59012, saving model

epoch: 21
batch training loss: 653.68, 30.63, score: 60.3822, ssr ratio: 0.0000
batch training loss: 671.17, 22.76, score: 88.6144, ssr ratio: 0.0000
batch training loss: 575.19, 61.92, score: 92.8292, ssr ratio: 0.0000
batch training loss: 643.82, 64.67, score: 93.4514, ssr ratio: 0.0000
batch training loss: 557.59, 39.83, score: 92.6990, ssr ratio: 0.0000
batch training loss: 637.82, 42.28, score: 103.3689, ssr ratio: 0.0000
batch training loss: 715.79, 59.21, score: 101.4434, ssr ratio: 0.0000
batch training loss: 648.82, 34.62, score: 104.4288, ssr ratio: 0.0000
batch training loss: 586.28, 26.92, score: 103.9064, ssr ratio: 0.0000
batch training loss: 499.60, 44.17, score: 100.0928, ssr ratio: 0.0000
tensor([0.9314, 0.8843, 0.8402, 0.7994, 0.7627, 0.7284, 0.6990, 0.6758, 0.6557,
        0.6366, 0.6207, 0.6127, 0.6140, 0.6164, 0.6137, 0.5981, 0.5703, 0.5376,
        0.5155, 0.5067, 0.5026, 0.5015, 0.5023, 0.5032], device='cuda:1')
epoch eval loss:
sst: 598.63, nino: 124.31, sc: 45.8672
eval score is not improved for 1 epoch

epoch: 22
batch training loss: 550.34, 38.03, score: 103.7779, ssr ratio: 0.0000
batch training loss: 591.67, 43.58, score: 89.9738, ssr ratio: 0.0000
batch training loss: 618.56, 42.33, score: 92.0081, ssr ratio: 0.0000
batch training loss: 611.21, 114.57, score: 77.0153, ssr ratio: 0.0000
batch training loss: 526.17, 49.14, score: 60.6169, ssr ratio: 0.0000
batch training loss: 536.34, 45.33, score: 70.8538, ssr ratio: 0.0000
batch training loss: 564.86, 66.50, score: 71.1447, ssr ratio: 0.0000
batch training loss: 605.99, 73.22, score: 3.2293, ssr ratio: 0.0000
batch training loss: 570.94, 32.69, score: 105.0508, ssr ratio: 0.0000
batch training loss: 600.23, 52.83, score: 101.6736, ssr ratio: 0.0000
tensor([0.9290, 0.8824, 0.8398, 0.7998, 0.7626, 0.7265, 0.6945, 0.6680, 0.6457,
        0.6261, 0.6115, 0.6047, 0.6070, 0.6115, 0.6105, 0.5960, 0.5680, 0.5356,
        0.5134, 0.5052, 0.5021, 0.5021, 0.5040, 0.5064], device='cuda:1')
epoch eval loss:
sst: 596.03, nino: 123.94, sc: 45.6170
eval score is not improved for 2 epoch

epoch: 23
batch training loss: 597.34, 46.39, score: 14.2337, ssr ratio: 0.0000
batch training loss: 624.99, 51.76, score: 102.6672, ssr ratio: 0.0000
batch training loss: 490.56, 29.12, score: 105.0384, ssr ratio: 0.0000
batch training loss: 526.60, 51.17, score: 101.4348, ssr ratio: 0.0000
batch training loss: 533.15, 56.15, score: 68.4058, ssr ratio: 0.0000
batch training loss: 577.93, 81.04, score: 89.7632, ssr ratio: 0.0000
batch training loss: 642.91, 34.72, score: 93.6107, ssr ratio: 0.0000
batch training loss: 530.97, 69.99, score: 83.8134, ssr ratio: 0.0000
batch training loss: 597.50, 59.42, score: 94.6696, ssr ratio: 0.0000
batch training loss: 583.85, 46.87, score: 53.6645, ssr ratio: 0.0000
tensor([0.9307, 0.8845, 0.8423, 0.8024, 0.7650, 0.7288, 0.6967, 0.6701, 0.6480,
        0.6280, 0.6136, 0.6072, 0.6089, 0.6122, 0.6104, 0.5956, 0.5673, 0.5347,
        0.5119, 0.5026, 0.4987, 0.4981, 0.4992, 0.5009], device='cuda:1')
epoch eval loss:
sst: 595.20, nino: 123.51, sc: 45.5758
eval score is not improved for 3 epoch

epoch: 24
batch training loss: 547.56, 77.62, score: 80.0882, ssr ratio: 0.0000
batch training loss: 527.38, 32.66, score: 82.1179, ssr ratio: 0.0000
batch training loss: 601.16, 47.76, score: -5.9170, ssr ratio: 0.0000
batch training loss: 568.87, 31.86, score: 85.6885, ssr ratio: 0.0000
batch training loss: 503.99, 35.41, score: 56.4263, ssr ratio: 0.0000
batch training loss: 515.98, 66.23, score: 62.4531, ssr ratio: 0.0000
batch training loss: 500.37, 43.81, score: 85.7507, ssr ratio: 0.0000
batch training loss: 608.59, 72.06, score: 97.6443, ssr ratio: 0.0000
batch training loss: 531.56, 38.01, score: 75.2704, ssr ratio: 0.0000
batch training loss: 495.24, 34.57, score: 64.3601, ssr ratio: 0.0000
tensor([0.9328, 0.8867, 0.8441, 0.8048, 0.7682, 0.7327, 0.7016, 0.6758, 0.6540,
        0.6342, 0.6201, 0.6143, 0.6168, 0.6197, 0.6168, 0.6007, 0.5723, 0.5398,
        0.5181, 0.5098, 0.5067, 0.5067, 0.5080, 0.5097], device='cuda:1')
epoch eval loss:
sst: 594.90, nino: 123.21, sc: 46.3325
eval score is not improved for 4 epoch

epoch: 25
batch training loss: 490.71, 36.06, score: 81.8373, ssr ratio: 0.0000
